00000 3F842116
00004 3FA9DC8F
00008 3FEFC367
0000C 3FF589B9
00010 3FCE8E8C
00014 3FA1B9E5
00018 3FB727E6
0001C 3FED037F
00020 3FAC7433
00024 3F94DCD2
00028 3FD6B670
0002C 3FDA0308
00030 3FECCEA3
00034 3FA9BD47
00038 3F8914D9
0003C 3FF1EECC
00040 3FCAB0B3
00044 3FBE74EA
00048 3F903E9A
0004C 3FB28130
00050 3FF51C22
00054 3FBC5550
00058 3FAB6587
0005C 3F8790F4
00060 3F9834A9
00064 3FCB2245
00068 3F95A05A
0006C 3FCFE542
00070 3F9671B6
00074 3FE85F6E
00078 3F92142E
0007C 3F880D50
00080 00000000
00084 00000000
00088 00000000
0008C 00000000
00090 00000000
00094 00000000
00098 00000000
0009C 00000000
000A0 00000000
000A4 00000000
000A8 00000000
000AC 00000000
000B0 00000000
000B4 00000000
000B8 00000000
000BC 00000000
000C0 00000000
000C4 00000000
000C8 00000000
000CC 00000000
000D0 00000000
000D4 00000000
000D8 00000000
000DC 00000000
000E0 00000000
000E4 00000000
000E8 00000000
000EC 00000000
000F0 00000000
000F4 00000000
000F8 00000000
000FC 00000000
00100 00000000
00104 00000000
00108 00000000
0010C 00000000
00110 00000000
00114 00000000
00118 00000000
0011C 00000000
00120 00000000
00124 00000000
00128 00000000
0012C 00000000
00130 00000000
00134 00000000
00138 00000000
0013C 00000000
00140 00000000
00144 00000000
00148 00000000
0014C 00000000
00150 00000000
00154 00000000
00158 00000000
0015C 00000000
00160 00000000
00164 00000000
00168 00000000
0016C 00000000
00170 00000000
00174 00000000
00178 00000000
0017C 00000000
00180 00000000
00184 00000000
00188 00000000
0018C 00000000
00190 00000000
00194 00000000
00198 00000000
0019C 00000000
001A0 00000000
001A4 00000000
001A8 00000000
001AC 00000000
001B0 00000000
001B4 00000000
001B8 00000000
001BC 00000000
001C0 00000000
001C4 00000000
001C8 00000000
001CC 00000000
001D0 00000000
001D4 00000000
001D8 00000000
001DC 00000000
001E0 00000000
001E4 00000000
001E8 00000000
001EC 00000000
001F0 00000000
001F4 00000000
001F8 00000000
001FC 00000000
00200 00000000
00204 00000000
00208 00000000
0020C 00000000
00210 00000000
00214 00000000
00218 00000000
0021C 00000000
00220 00000000
00224 00000000
00228 00000000
0022C 00000000
00230 00000000
00234 00000000
00238 00000000
0023C 00000000
00240 00000000
00244 00000000
00248 00000000
0024C 00000000
00250 00000000
00254 00000000
00258 00000000
0025C 00000000
00260 00000000
00264 00000000
00268 00000000
0026C 00000000
00270 00000000
00274 00000000
00278 00000000
0027C 00000000
00280 00000000
00284 00000000
00288 00000000
0028C 00000000
00290 00000000
00294 00000000
00298 00000000
0029C 00000000
002A0 00000000
002A4 00000000
002A8 00000000
002AC 00000000
002B0 00000000
002B4 00000000
002B8 00000000
002BC 00000000
002C0 00000000
002C4 00000000
002C8 00000000
002CC 00000000
002D0 00000000
002D4 00000000
002D8 00000000
002DC 00000000
002E0 00000000
002E4 00000000
002E8 00000000
002EC 00000000
002F0 00000000
002F4 00000000
002F8 00000000
002FC 00000000
00300 00000000
00304 00000000
00308 00000000
0030C 00000000
00310 00000000
00314 00000000
00318 00000000
0031C 00000000
00320 00000000
00324 00000000
00328 00000000
0032C 00000000
00330 00000000
00334 00000000
00338 00000000
0033C 00000000
00340 00000000
00344 00000000
00348 00000000
0034C 00000000
00350 00000000
00354 00000000
00358 00000000
0035C 00000000
00360 00000000
00364 00000000
00368 00000000
0036C 00000000
00370 00000000
00374 00000000
00378 00000000
0037C 00000000
00380 00000000
00384 00000000
00388 00000000
0038C 00000000
00390 00000000
00394 00000000
00398 00000000
0039C 00000000
003A0 00000000
003A4 00000000
003A8 00000000
003AC 00000000
003B0 00000000
003B4 00000000
003B8 00000000
003BC 00000000
003C0 00000000
003C4 00000000
003C8 00000000
003CC 00000000
003D0 00000000
003D4 00000000
003D8 00000000
003DC 00000000
003E0 00000000
003E4 00000000
003E8 00000000
003EC 00000000
003F0 00000000
003F4 00000000
003F8 00000000
003FC 00000000
00400 00000000
00404 00000000
00408 00000000
0040C 00000000
00410 00000000
00414 00000000
00418 00000000
0041C 00000000
00420 00000000
00424 00000000
00428 00000000
0042C 00000000
00430 00000000
00434 00000000
00438 00000000
0043C 00000000
00440 00000000
00444 00000000
00448 00000000
0044C 00000000
00450 00000000
00454 00000000
00458 00000000
0045C 00000000
00460 00000000
00464 00000000
00468 00000000
0046C 00000000
00470 00000000
00474 00000000
00478 00000000
0047C 00000000
00480 00000000
00484 00000000
00488 00000000
0048C 00000000
00490 00000000
00494 00000000
00498 00000000
0049C 00000000
004A0 00000000
004A4 00000000
004A8 00000000
004AC 00000000
004B0 00000000
004B4 00000000
004B8 00000000
004BC 00000000
004C0 00000000
004C4 00000000
004C8 00000000
004CC 00000000
004D0 00000000
004D4 00000000
004D8 00000000
004DC 00000000
004E0 00000000
004E4 00000000
004E8 00000000
004EC 00000000
004F0 00000000
004F4 00000000
004F8 00000000
004FC 00000000
00500 00000000
00504 00000000
00508 00000000
0050C 00000000
00510 00000000
00514 00000000
00518 00000000
0051C 00000000
00520 00000000
00524 00000000
00528 00000000
0052C 00000000
00530 00000000
00534 00000000
00538 00000000
0053C 00000000
00540 00000000
00544 00000000
00548 00000000
0054C 00000000
00550 00000000
00554 00000000
00558 00000000
0055C 00000000
00560 00000000
00564 00000000
00568 00000000
0056C 00000000
00570 00000000
00574 00000000
00578 00000000
0057C 00000000
00580 00000000
00584 00000000
00588 00000000
0058C 00000000
00590 00000000
00594 00000000
00598 00000000
0059C 00000000
005A0 00000000
005A4 00000000
005A8 00000000
005AC 00000000
005B0 00000000
005B4 00000000
005B8 00000000
005BC 00000000
005C0 00000000
005C4 00000000
005C8 00000000
005CC 00000000
005D0 00000000
005D4 00000000
005D8 00000000
005DC 00000000
005E0 00000000
005E4 00000000
005E8 00000000
005EC 00000000
005F0 00000000
005F4 00000000
005F8 00000000
005FC 00000000
00600 00000000
00604 00000000
00608 00000000
0060C 00000000
00610 00000000
00614 00000000
00618 00000000
0061C 00000000
00620 00000000
00624 00000000
00628 00000000
0062C 00000000
00630 00000000
00634 00000000
00638 00000000
0063C 00000000
00640 00000000
00644 00000000
00648 00000000
0064C 00000000
00650 00000000
00654 00000000
00658 00000000
0065C 00000000
00660 00000000
00664 00000000
00668 00000000
0066C 00000000
00670 00000000
00674 00000000
00678 00000000
0067C 00000000
00680 00000000
00684 00000000
00688 00000000
0068C 00000000
00690 00000000
00694 00000000
00698 00000000
0069C 00000000
006A0 00000000
006A4 00000000
006A8 00000000
006AC 00000000
006B0 00000000
006B4 00000000
006B8 00000000
006BC 00000000
006C0 00000000
006C4 00000000
006C8 00000000
006CC 00000000
006D0 00000000
006D4 00000000
006D8 00000000
006DC 00000000
006E0 00000000
006E4 00000000
006E8 00000000
006EC 00000000
006F0 00000000
006F4 00000000
006F8 00000000
006FC 00000000
00700 00000000
00704 00000000
00708 00000000
0070C 00000000
00710 00000000
00714 00000000
00718 00000000
0071C 00000000
00720 00000000
00724 00000000
00728 00000000
0072C 00000000
00730 00000000
00734 00000000
00738 00000000
0073C 00000000
00740 00000000
00744 00000000
00748 00000000
0074C 00000000
00750 00000000
00754 00000000
00758 00000000
0075C 00000000
00760 00000000
00764 00000000
00768 00000000
0076C 00000000
00770 00000000
00774 00000000
00778 00000000
0077C 00000000
00780 00000000
00784 00000000
00788 00000000
0078C 00000000
00790 00000000
00794 00000000
00798 00000000
0079C 00000000
007A0 00000000
007A4 00000000
007A8 00000000
007AC 00000000
007B0 00000000
007B4 00000000
007B8 00000000
007BC 00000000
007C0 00000000
007C4 00000000
007C8 00000000
007CC 00000000
007D0 00000000
007D4 00000000
007D8 00000000
007DC 00000000
007E0 00000000
007E4 00000000
007E8 00000000
007EC 00000000
007F0 00000000
007F4 00000000
007F8 00000000
007FC 00000000
00800 00000000
00804 00000000
00808 00000000
0080C 00000000
00810 00000000
00814 00000000
00818 00000000
0081C 00000000
00820 00000000
00824 00000000
00828 00000000
0082C 00000000
00830 00000000
00834 00000000
00838 00000000
0083C 00000000
00840 00000000
00844 00000000
00848 00000000
0084C 00000000
00850 00000000
00854 00000000
00858 00000000
0085C 00000000
00860 00000000
00864 00000000
00868 00000000
0086C 00000000
00870 00000000
00874 00000000
00878 00000000
0087C 00000000
00880 00000000
00884 00000000
00888 00000000
0088C 00000000
00890 00000000
00894 00000000
00898 00000000
0089C 00000000
008A0 00000000
008A4 00000000
008A8 00000000
008AC 00000000
008B0 00000000
008B4 00000000
008B8 00000000
008BC 00000000
008C0 00000000
008C4 00000000
008C8 00000000
008CC 00000000
008D0 00000000
008D4 00000000
008D8 00000000
008DC 00000000
008E0 00000000
008E4 00000000
008E8 00000000
008EC 00000000
008F0 00000000
008F4 00000000
008F8 00000000
008FC 00000000
00900 00000000
00904 00000000
00908 00000000
0090C 00000000
00910 00000000
00914 00000000
00918 00000000
0091C 00000000
00920 00000000
00924 00000000
00928 00000000
0092C 00000000
00930 00000000
00934 00000000
00938 00000000
0093C 00000000
00940 00000000
00944 00000000
00948 00000000
0094C 00000000
00950 00000000
00954 00000000
00958 00000000
0095C 00000000
00960 00000000
00964 00000000
00968 00000000
0096C 00000000
00970 00000000
00974 00000000
00978 00000000
0097C 00000000
00980 00000000
00984 00000000
00988 00000000
0098C 00000000
00990 00000000
00994 00000000
00998 00000000
0099C 00000000
009A0 00000000
009A4 00000000
009A8 00000000
009AC 00000000
009B0 00000000
009B4 00000000
009B8 00000000
009BC 00000000
009C0 00000000
009C4 00000000
009C8 00000000
009CC 00000000
009D0 00000000
009D4 00000000
009D8 00000000
009DC 00000000
009E0 00000000
009E4 00000000
009E8 00000000
009EC 00000000
009F0 00000000
009F4 00000000
009F8 00000000
009FC 00000000
00A00 00000000
00A04 00000000
00A08 00000000
00A0C 00000000
00A10 00000000
00A14 00000000
00A18 00000000
00A1C 00000000
00A20 00000000
00A24 00000000
00A28 00000000
00A2C 00000000
00A30 00000000
00A34 00000000
00A38 00000000
00A3C 00000000
00A40 00000000
00A44 00000000
00A48 00000000
00A4C 00000000
00A50 00000000
00A54 00000000
00A58 00000000
00A5C 00000000
00A60 00000000
00A64 00000000
00A68 00000000
00A6C 00000000
00A70 00000000
00A74 00000000
00A78 00000000
00A7C 00000000
00A80 00000000
00A84 00000000
00A88 00000000
00A8C 00000000
00A90 00000000
00A94 00000000
00A98 00000000
00A9C 00000000
00AA0 00000000
00AA4 00000000
00AA8 00000000
00AAC 00000000
00AB0 00000000
00AB4 00000000
00AB8 00000000
00ABC 00000000
00AC0 00000000
00AC4 00000000
00AC8 00000000
00ACC 00000000
00AD0 00000000
00AD4 00000000
00AD8 00000000
00ADC 00000000
00AE0 00000000
00AE4 00000000
00AE8 00000000
00AEC 00000000
00AF0 00000000
00AF4 00000000
00AF8 00000000
00AFC 00000000
00B00 00000000
00B04 00000000
00B08 00000000
00B0C 00000000
00B10 00000000
00B14 00000000
00B18 00000000
00B1C 00000000
00B20 00000000
00B24 00000000
00B28 00000000
00B2C 00000000
00B30 00000000
00B34 00000000
00B38 00000000
00B3C 00000000
00B40 00000000
00B44 00000000
00B48 00000000
00B4C 00000000
00B50 00000000
00B54 00000000
00B58 00000000
00B5C 00000000
00B60 00000000
00B64 00000000
00B68 00000000
00B6C 00000000
00B70 00000000
00B74 00000000
00B78 00000000
00B7C 00000000
00B80 00000000
00B84 00000000
00B88 00000000
00B8C 00000000
00B90 00000000
00B94 00000000
00B98 00000000
00B9C 00000000
00BA0 00000000
00BA4 00000000
00BA8 00000000
00BAC 00000000
00BB0 00000000
00BB4 00000000
00BB8 00000000
00BBC 00000000
00BC0 00000000
00BC4 00000000
00BC8 00000000
00BCC 00000000
00BD0 00000000
00BD4 00000000
00BD8 00000000
00BDC 00000000
00BE0 00000000
00BE4 00000000
00BE8 00000000
00BEC 00000000
00BF0 00000000
00BF4 00000000
00BF8 00000000
00BFC 00000000
00C00 00000000
00C04 00000000
00C08 00000000
00C0C 00000000
00C10 00000000
00C14 00000000
00C18 00000000
00C1C 00000000
00C20 00000000
00C24 00000000
00C28 00000000
00C2C 00000000
00C30 00000000
00C34 00000000
00C38 00000000
00C3C 00000000
00C40 00000000
00C44 00000000
00C48 00000000
00C4C 00000000
00C50 00000000
00C54 00000000
00C58 00000000
00C5C 00000000
00C60 00000000
00C64 00000000
00C68 00000000
00C6C 00000000
00C70 00000000
00C74 00000000
00C78 00000000
00C7C 00000000
00C80 00000000
00C84 00000000
00C88 00000000
00C8C 00000000
00C90 00000000
00C94 00000000
00C98 00000000
00C9C 00000000
00CA0 00000000
00CA4 00000000
00CA8 00000000
00CAC 00000000
00CB0 00000000
00CB4 00000000
00CB8 00000000
00CBC 00000000
00CC0 00000000
00CC4 00000000
00CC8 00000000
00CCC 00000000
00CD0 00000000
00CD4 00000000
00CD8 00000000
00CDC 00000000
00CE0 00000000
00CE4 00000000
00CE8 00000000
00CEC 00000000
00CF0 00000000
00CF4 00000000
00CF8 00000000
00CFC 00000000
00D00 00000000
00D04 00000000
00D08 00000000
00D0C 00000000
00D10 00000000
00D14 00000000
00D18 00000000
00D1C 00000000
00D20 00000000
00D24 00000000
00D28 00000000
00D2C 00000000
00D30 00000000
00D34 00000000
00D38 00000000
00D3C 00000000
00D40 00000000
00D44 00000000
00D48 00000000
00D4C 00000000
00D50 00000000
00D54 00000000
00D58 00000000
00D5C 00000000
00D60 00000000
00D64 00000000
00D68 00000000
00D6C 00000000
00D70 00000000
00D74 00000000
00D78 00000000
00D7C 00000000
00D80 00000000
00D84 00000000
00D88 00000000
00D8C 00000000
00D90 00000000
00D94 00000000
00D98 00000000
00D9C 00000000
00DA0 00000000
00DA4 00000000
00DA8 00000000
00DAC 00000000
00DB0 00000000
00DB4 00000000
00DB8 00000000
00DBC 00000000
00DC0 00000000
00DC4 00000000
00DC8 00000000
00DCC 00000000
00DD0 00000000
00DD4 00000000
00DD8 00000000
00DDC 00000000
00DE0 00000000
00DE4 00000000
00DE8 00000000
00DEC 00000000
00DF0 00000000
00DF4 00000000
00DF8 00000000
00DFC 00000000
00E00 00000000
00E04 00000000
00E08 00000000
00E0C 00000000
00E10 00000000
00E14 00000000
00E18 00000000
00E1C 00000000
00E20 00000000
00E24 00000000
00E28 00000000
00E2C 00000000
00E30 00000000
00E34 00000000
00E38 00000000
00E3C 00000000
00E40 00000000
00E44 00000000
00E48 00000000
00E4C 00000000
00E50 00000000
00E54 00000000
00E58 00000000
00E5C 00000000
00E60 00000000
00E64 00000000
00E68 00000000
00E6C 00000000
00E70 00000000
00E74 00000000
00E78 00000000
00E7C 00000000
00E80 00000000
00E84 00000000
00E88 00000000
00E8C 00000000
00E90 00000000
00E94 00000000
00E98 00000000
00E9C 00000000
00EA0 00000000
00EA4 00000000
00EA8 00000000
00EAC 00000000
00EB0 00000000
00EB4 00000000
00EB8 00000000
00EBC 00000000
00EC0 00000000
00EC4 00000000
00EC8 00000000
00ECC 00000000
00ED0 00000000
00ED4 00000000
00ED8 00000000
00EDC 00000000
00EE0 00000000
00EE4 00000000
00EE8 00000000
00EEC 00000000
00EF0 00000000
00EF4 00000000
00EF8 00000000
00EFC 00000000
00F00 00000000
00F04 00000000
00F08 00000000
00F0C 00000000
00F10 00000000
00F14 00000000
00F18 00000000
00F1C 00000000
00F20 00000000
00F24 00000000
00F28 00000000
00F2C 00000000
00F30 00000000
00F34 00000000
00F38 00000000
00F3C 00000000
00F40 00000000
00F44 00000000
00F48 00000000
00F4C 00000000
00F50 00000000
00F54 00000000
00F58 00000000
00F5C 00000000
00F60 00000000
00F64 00000000
00F68 00000000
00F6C 00000000
00F70 00000000
00F74 00000000
00F78 00000000
00F7C 00000000
00F80 00000000
00F84 00000000
00F88 00000000
00F8C 00000000
00F90 00000000
00F94 00000000
00F98 00000000
00F9C 00000000
00FA0 00000000
00FA4 00000000
00FA8 00000000
00FAC 00000000
00FB0 00000000
00FB4 00000000
00FB8 00000000
00FBC 00000000
00FC0 00000000
00FC4 00000000
00FC8 00000000
00FCC 00000000
00FD0 00000000
00FD4 00000000
00FD8 00000000
00FDC 00000000
00FE0 00000000
00FE4 00000000
00FE8 00000000
00FEC 00000000
00FF0 00000000
00FF4 00000000
00FF8 00000000
00FFC 00000000
01000 3D3BB0E0
01004 3ED102E8
01008 3F67CCE0
0100C 3F7096D8
01010 3F30BD8E
01014 3EACC189
01018 3F0454EE
0101C 3F6389D5
01020 3EDC3196
01024 3E5F0DEE
01028 3F3F0AD8
0102C 3F44AD7D
01030 3F633775
01034 3ED07A30
01038 3DCA7F98
0103C 3F6B20C9
01040 3F29C2C8
01044 3F12C4FC
01048 3E30848C
0104C 3EF5AA60
01050 3F6FF1A4
01054 3F0EA11E
01058 3ED7A630
0105C 3DA9AEA8
01060 3E7FE27E
01064 3F2A9167
01068 3E66A092
0106C 3F332104
01070 3E6EAD64
01074 3F5C3C7A
01078 3E4331F4
0107C 3DB44C18
01080 FF800000
01084 FF800000
01088 FF800000
0108C FF800000
01090 FF800000
01094 FF800000
01098 FF800000
0109C FF800000
010A0 FF800000
010A4 FF800000
010A8 FF800000
010AC FF800000
010B0 FF800000
010B4 FF800000
010B8 FF800000
010BC FF800000
010C0 FF800000
010C4 FF800000
010C8 FF800000
010CC FF800000
010D0 FF800000
010D4 FF800000
010D8 FF800000
010DC FF800000
010E0 FF800000
010E4 FF800000
010E8 FF800000
010EC FF800000
010F0 FF800000
010F4 FF800000
010F8 FF800000
010FC FF800000
01100 FF800000
01104 FF800000
01108 FF800000
0110C FF800000
01110 FF800000
01114 FF800000
01118 FF800000
0111C FF800000
01120 FF800000
01124 FF800000
01128 FF800000
0112C FF800000
01130 FF800000
01134 FF800000
01138 FF800000
0113C FF800000
01140 FF800000
01144 FF800000
01148 FF800000
0114C FF800000
01150 FF800000
01154 FF800000
01158 FF800000
0115C FF800000
01160 FF800000
01164 FF800000
01168 FF800000
0116C FF800000
01170 FF800000
01174 FF800000
01178 FF800000
0117C FF800000
01180 FF800000
01184 FF800000
01188 FF800000
0118C FF800000
01190 FF800000
01194 FF800000
01198 FF800000
0119C FF800000
011A0 FF800000
011A4 FF800000
011A8 FF800000
011AC FF800000
011B0 FF800000
011B4 FF800000
011B8 FF800000
011BC FF800000
011C0 FF800000
011C4 FF800000
011C8 FF800000
011CC FF800000
011D0 FF800000
011D4 FF800000
011D8 FF800000
011DC FF800000
011E0 FF800000
011E4 FF800000
011E8 FF800000
011EC FF800000
011F0 FF800000
011F4 FF800000
011F8 FF800000
011FC FF800000
01200 FF800000
01204 FF800000
01208 FF800000
0120C FF800000
01210 FF800000
01214 FF800000
01218 FF800000
0121C FF800000
01220 FF800000
01224 FF800000
01228 FF800000
0122C FF800000
01230 FF800000
01234 FF800000
01238 FF800000
0123C FF800000
01240 FF800000
01244 FF800000
01248 FF800000
0124C FF800000
01250 FF800000
01254 FF800000
01258 FF800000
0125C FF800000
01260 FF800000
01264 FF800000
01268 FF800000
0126C FF800000
01270 FF800000
01274 FF800000
01278 FF800000
0127C FF800000
01280 FF800000
01284 FF800000
01288 FF800000
0128C FF800000
01290 FF800000
01294 FF800000
01298 FF800000
0129C FF800000
012A0 FF800000
012A4 FF800000
012A8 FF800000
012AC FF800000
012B0 FF800000
012B4 FF800000
012B8 FF800000
012BC FF800000
012C0 FF800000
012C4 FF800000
012C8 FF800000
012CC FF800000
012D0 FF800000
012D4 FF800000
012D8 FF800000
012DC FF800000
012E0 FF800000
012E4 FF800000
012E8 FF800000
012EC FF800000
012F0 FF800000
012F4 FF800000
012F8 FF800000
012FC FF800000
01300 FF800000
01304 FF800000
01308 FF800000
0130C FF800000
01310 FF800000
01314 FF800000
01318 FF800000
0131C FF800000
01320 FF800000
01324 FF800000
01328 FF800000
0132C FF800000
01330 FF800000
01334 FF800000
01338 FF800000
0133C FF800000
01340 FF800000
01344 FF800000
01348 FF800000
0134C FF800000
01350 FF800000
01354 FF800000
01358 FF800000
0135C FF800000
01360 FF800000
01364 FF800000
01368 FF800000
0136C FF800000
01370 FF800000
01374 FF800000
01378 FF800000
0137C FF800000
01380 FF800000
01384 FF800000
01388 FF800000
0138C FF800000
01390 FF800000
01394 FF800000
01398 FF800000
0139C FF800000
013A0 FF800000
013A4 FF800000
013A8 FF800000
013AC FF800000
013B0 FF800000
013B4 FF800000
013B8 FF800000
013BC FF800000
013C0 FF800000
013C4 FF800000
013C8 FF800000
013CC FF800000
013D0 FF800000
013D4 FF800000
013D8 FF800000
013DC FF800000
013E0 FF800000
013E4 FF800000
013E8 FF800000
013EC FF800000
013F0 FF800000
013F4 FF800000
013F8 FF800000
013FC FF800000
01400 FF800000
01404 FF800000
01408 FF800000
0140C FF800000
01410 FF800000
01414 FF800000
01418 FF800000
0141C FF800000
01420 FF800000
01424 FF800000
01428 FF800000
0142C FF800000
01430 FF800000
01434 FF800000
01438 FF800000
0143C FF800000
01440 FF800000
01444 FF800000
01448 FF800000
0144C FF800000
01450 FF800000
01454 FF800000
01458 FF800000
0145C FF800000
01460 FF800000
01464 FF800000
01468 FF800000
0146C FF800000
01470 FF800000
01474 FF800000
01478 FF800000
0147C FF800000
01480 FF800000
01484 FF800000
01488 FF800000
0148C FF800000
01490 FF800000
01494 FF800000
01498 FF800000
0149C FF800000
014A0 FF800000
014A4 FF800000
014A8 FF800000
014AC FF800000
014B0 FF800000
014B4 FF800000
014B8 FF800000
014BC FF800000
014C0 FF800000
014C4 FF800000
014C8 FF800000
014CC FF800000
014D0 FF800000
014D4 FF800000
014D8 FF800000
014DC FF800000
014E0 FF800000
014E4 FF800000
014E8 FF800000
014EC FF800000
014F0 FF800000
014F4 FF800000
014F8 FF800000
014FC FF800000
01500 FF800000
01504 FF800000
01508 FF800000
0150C FF800000
01510 FF800000
01514 FF800000
01518 FF800000
0151C FF800000
01520 FF800000
01524 FF800000
01528 FF800000
0152C FF800000
01530 FF800000
01534 FF800000
01538 FF800000
0153C FF800000
01540 FF800000
01544 FF800000
01548 FF800000
0154C FF800000
01550 FF800000
01554 FF800000
01558 FF800000
0155C FF800000
01560 FF800000
01564 FF800000
01568 FF800000
0156C FF800000
01570 FF800000
01574 FF800000
01578 FF800000
0157C FF800000
01580 FF800000
01584 FF800000
01588 FF800000
0158C FF800000
01590 FF800000
01594 FF800000
01598 FF800000
0159C FF800000
015A0 FF800000
015A4 FF800000
015A8 FF800000
015AC FF800000
015B0 FF800000
015B4 FF800000
015B8 FF800000
015BC FF800000
015C0 FF800000
015C4 FF800000
015C8 FF800000
015CC FF800000
015D0 FF800000
015D4 FF800000
015D8 FF800000
015DC FF800000
015E0 FF800000
015E4 FF800000
015E8 FF800000
015EC FF800000
015F0 FF800000
015F4 FF800000
015F8 FF800000
015FC FF800000
01600 FF800000
01604 FF800000
01608 FF800000
0160C FF800000
01610 FF800000
01614 FF800000
01618 FF800000
0161C FF800000
01620 FF800000
01624 FF800000
01628 FF800000
0162C FF800000
01630 FF800000
01634 FF800000
01638 FF800000
0163C FF800000
01640 FF800000
01644 FF800000
01648 FF800000
0164C FF800000
01650 FF800000
01654 FF800000
01658 FF800000
0165C FF800000
01660 FF800000
01664 FF800000
01668 FF800000
0166C FF800000
01670 FF800000
01674 FF800000
01678 FF800000
0167C FF800000
01680 FF800000
01684 FF800000
01688 FF800000
0168C FF800000
01690 FF800000
01694 FF800000
01698 FF800000
0169C FF800000
016A0 FF800000
016A4 FF800000
016A8 FF800000
016AC FF800000
016B0 FF800000
016B4 FF800000
016B8 FF800000
016BC FF800000
016C0 FF800000
016C4 FF800000
016C8 FF800000
016CC FF800000
016D0 FF800000
016D4 FF800000
016D8 FF800000
016DC FF800000
016E0 FF800000
016E4 FF800000
016E8 FF800000
016EC FF800000
016F0 FF800000
016F4 FF800000
016F8 FF800000
016FC FF800000
01700 FF800000
01704 FF800000
01708 FF800000
0170C FF800000
01710 FF800000
01714 FF800000
01718 FF800000
0171C FF800000
01720 FF800000
01724 FF800000
01728 FF800000
0172C FF800000
01730 FF800000
01734 FF800000
01738 FF800000
0173C FF800000
01740 FF800000
01744 FF800000
01748 FF800000
0174C FF800000
01750 FF800000
01754 FF800000
01758 FF800000
0175C FF800000
01760 FF800000
01764 FF800000
01768 FF800000
0176C FF800000
01770 FF800000
01774 FF800000
01778 FF800000
0177C FF800000
01780 FF800000
01784 FF800000
01788 FF800000
0178C FF800000
01790 FF800000
01794 FF800000
01798 FF800000
0179C FF800000
017A0 FF800000
017A4 FF800000
017A8 FF800000
017AC FF800000
017B0 FF800000
017B4 FF800000
017B8 FF800000
017BC FF800000
017C0 FF800000
017C4 FF800000
017C8 FF800000
017CC FF800000
017D0 FF800000
017D4 FF800000
017D8 FF800000
017DC FF800000
017E0 FF800000
017E4 FF800000
017E8 FF800000
017EC FF800000
017F0 FF800000
017F4 FF800000
017F8 FF800000
017FC FF800000
01800 FF800000
01804 FF800000
01808 FF800000
0180C FF800000
01810 FF800000
01814 FF800000
01818 FF800000
0181C FF800000
01820 FF800000
01824 FF800000
01828 FF800000
0182C FF800000
01830 FF800000
01834 FF800000
01838 FF800000
0183C FF800000
01840 FF800000
01844 FF800000
01848 FF800000
0184C FF800000
01850 FF800000
01854 FF800000
01858 FF800000
0185C FF800000
01860 FF800000
01864 FF800000
01868 FF800000
0186C FF800000
01870 FF800000
01874 FF800000
01878 FF800000
0187C FF800000
01880 FF800000
01884 FF800000
01888 FF800000
0188C FF800000
01890 FF800000
01894 FF800000
01898 FF800000
0189C FF800000
018A0 FF800000
018A4 FF800000
018A8 FF800000
018AC FF800000
018B0 FF800000
018B4 FF800000
018B8 FF800000
018BC FF800000
018C0 FF800000
018C4 FF800000
018C8 FF800000
018CC FF800000
018D0 FF800000
018D4 FF800000
018D8 FF800000
018DC FF800000
018E0 FF800000
018E4 FF800000
018E8 FF800000
018EC FF800000
018F0 FF800000
018F4 FF800000
018F8 FF800000
018FC FF800000
01900 FF800000
01904 FF800000
01908 FF800000
0190C FF800000
01910 FF800000
01914 FF800000
01918 FF800000
0191C FF800000
01920 FF800000
01924 FF800000
01928 FF800000
0192C FF800000
01930 FF800000
01934 FF800000
01938 FF800000
0193C FF800000
01940 FF800000
01944 FF800000
01948 FF800000
0194C FF800000
01950 FF800000
01954 FF800000
01958 FF800000
0195C FF800000
01960 FF800000
01964 FF800000
01968 FF800000
0196C FF800000
01970 FF800000
01974 FF800000
01978 FF800000
0197C FF800000
01980 FF800000
01984 FF800000
01988 FF800000
0198C FF800000
01990 FF800000
01994 FF800000
01998 FF800000
0199C FF800000
019A0 FF800000
019A4 FF800000
019A8 FF800000
019AC FF800000
019B0 FF800000
019B4 FF800000
019B8 FF800000
019BC FF800000
019C0 FF800000
019C4 FF800000
019C8 FF800000
019CC FF800000
019D0 FF800000
019D4 FF800000
019D8 FF800000
019DC FF800000
019E0 FF800000
019E4 FF800000
019E8 FF800000
019EC FF800000
019F0 FF800000
019F4 FF800000
019F8 FF800000
019FC FF800000
01A00 FF800000
01A04 FF800000
01A08 FF800000
01A0C FF800000
01A10 FF800000
01A14 FF800000
01A18 FF800000
01A1C FF800000
01A20 FF800000
01A24 FF800000
01A28 FF800000
01A2C FF800000
01A30 FF800000
01A34 FF800000
01A38 FF800000
01A3C FF800000
01A40 FF800000
01A44 FF800000
01A48 FF800000
01A4C FF800000
01A50 FF800000
01A54 FF800000
01A58 FF800000
01A5C FF800000
01A60 FF800000
01A64 FF800000
01A68 FF800000
01A6C FF800000
01A70 FF800000
01A74 FF800000
01A78 FF800000
01A7C FF800000
01A80 FF800000
01A84 FF800000
01A88 FF800000
01A8C FF800000
01A90 FF800000
01A94 FF800000
01A98 FF800000
01A9C FF800000
01AA0 FF800000
01AA4 FF800000
01AA8 FF800000
01AAC FF800000
01AB0 FF800000
01AB4 FF800000
01AB8 FF800000
01ABC FF800000
01AC0 FF800000
01AC4 FF800000
01AC8 FF800000
01ACC FF800000
01AD0 FF800000
01AD4 FF800000
01AD8 FF800000
01ADC FF800000
01AE0 FF800000
01AE4 FF800000
01AE8 FF800000
01AEC FF800000
01AF0 FF800000
01AF4 FF800000
01AF8 FF800000
01AFC FF800000
01B00 FF800000
01B04 FF800000
01B08 FF800000
01B0C FF800000
01B10 FF800000
01B14 FF800000
01B18 FF800000
01B1C FF800000
01B20 FF800000
01B24 FF800000
01B28 FF800000
01B2C FF800000
01B30 FF800000
01B34 FF800000
01B38 FF800000
01B3C FF800000
01B40 FF800000
01B44 FF800000
01B48 FF800000
01B4C FF800000
01B50 FF800000
01B54 FF800000
01B58 FF800000
01B5C FF800000
01B60 FF800000
01B64 FF800000
01B68 FF800000
01B6C FF800000
01B70 FF800000
01B74 FF800000
01B78 FF800000
01B7C FF800000
01B80 FF800000
01B84 FF800000
01B88 FF800000
01B8C FF800000
01B90 FF800000
01B94 FF800000
01B98 FF800000
01B9C FF800000
01BA0 FF800000
01BA4 FF800000
01BA8 FF800000
01BAC FF800000
01BB0 FF800000
01BB4 FF800000
01BB8 FF800000
01BBC FF800000
01BC0 FF800000
01BC4 FF800000
01BC8 FF800000
01BCC FF800000
01BD0 FF800000
01BD4 FF800000
01BD8 FF800000
01BDC FF800000
01BE0 FF800000
01BE4 FF800000
01BE8 FF800000
01BEC FF800000
01BF0 FF800000
01BF4 FF800000
01BF8 FF800000
01BFC FF800000
01C00 FF800000
01C04 FF800000
01C08 FF800000
01C0C FF800000
01C10 FF800000
01C14 FF800000
01C18 FF800000
01C1C FF800000
01C20 FF800000
01C24 FF800000
01C28 FF800000
01C2C FF800000
01C30 FF800000
01C34 FF800000
01C38 FF800000
01C3C FF800000
01C40 FF800000
01C44 FF800000
01C48 FF800000
01C4C FF800000
01C50 FF800000
01C54 FF800000
01C58 FF800000
01C5C FF800000
01C60 FF800000
01C64 FF800000
01C68 FF800000
01C6C FF800000
01C70 FF800000
01C74 FF800000
01C78 FF800000
01C7C FF800000
01C80 FF800000
01C84 FF800000
01C88 FF800000
01C8C FF800000
01C90 FF800000
01C94 FF800000
01C98 FF800000
01C9C FF800000
01CA0 FF800000
01CA4 FF800000
01CA8 FF800000
01CAC FF800000
01CB0 FF800000
01CB4 FF800000
01CB8 FF800000
01CBC FF800000
01CC0 FF800000
01CC4 FF800000
01CC8 FF800000
01CCC FF800000
01CD0 FF800000
01CD4 FF800000
01CD8 FF800000
01CDC FF800000
01CE0 FF800000
01CE4 FF800000
01CE8 FF800000
01CEC FF800000
01CF0 FF800000
01CF4 FF800000
01CF8 FF800000
01CFC FF800000
01D00 FF800000
01D04 FF800000
01D08 FF800000
01D0C FF800000
01D10 FF800000
01D14 FF800000
01D18 FF800000
01D1C FF800000
01D20 FF800000
01D24 FF800000
01D28 FF800000
01D2C FF800000
01D30 FF800000
01D34 FF800000
01D38 FF800000
01D3C FF800000
01D40 FF800000
01D44 FF800000
01D48 FF800000
01D4C FF800000
01D50 FF800000
01D54 FF800000
01D58 FF800000
01D5C FF800000
01D60 FF800000
01D64 FF800000
01D68 FF800000
01D6C FF800000
01D70 FF800000
01D74 FF800000
01D78 FF800000
01D7C FF800000
01D80 FF800000
01D84 FF800000
01D88 FF800000
01D8C FF800000
01D90 FF800000
01D94 FF800000
01D98 FF800000
01D9C FF800000
01DA0 FF800000
01DA4 FF800000
01DA8 FF800000
01DAC FF800000
01DB0 FF800000
01DB4 FF800000
01DB8 FF800000
01DBC FF800000
01DC0 FF800000
01DC4 FF800000
01DC8 FF800000
01DCC FF800000
01DD0 FF800000
01DD4 FF800000
01DD8 FF800000
01DDC FF800000
01DE0 FF800000
01DE4 FF800000
01DE8 FF800000
01DEC FF800000
01DF0 FF800000
01DF4 FF800000
01DF8 FF800000
01DFC FF800000
01E00 FF800000
01E04 FF800000
01E08 FF800000
01E0C FF800000
01E10 FF800000
01E14 FF800000
01E18 FF800000
01E1C FF800000
01E20 FF800000
01E24 FF800000
01E28 FF800000
01E2C FF800000
01E30 FF800000
01E34 FF800000
01E38 FF800000
01E3C FF800000
01E40 FF800000
01E44 FF800000
01E48 FF800000
01E4C FF800000
01E50 FF800000
01E54 FF800000
01E58 FF800000
01E5C FF800000
01E60 FF800000
01E64 FF800000
01E68 FF800000
01E6C FF800000
01E70 FF800000
01E74 FF800000
01E78 FF800000
01E7C FF800000
01E80 FF800000
01E84 FF800000
01E88 FF800000
01E8C FF800000
01E90 FF800000
01E94 FF800000
01E98 FF800000
01E9C FF800000
01EA0 FF800000
01EA4 FF800000
01EA8 FF800000
01EAC FF800000
01EB0 FF800000
01EB4 FF800000
01EB8 FF800000
01EBC FF800000
01EC0 FF800000
01EC4 FF800000
01EC8 FF800000
01ECC FF800000
01ED0 FF800000
01ED4 FF800000
01ED8 FF800000
01EDC FF800000
01EE0 FF800000
01EE4 FF800000
01EE8 FF800000
01EEC FF800000
01EF0 FF800000
01EF4 FF800000
01EF8 FF800000
01EFC FF800000
01F00 FF800000
01F04 FF800000
01F08 FF800000
01F0C FF800000
01F10 FF800000
01F14 FF800000
01F18 FF800000
01F1C FF800000
01F20 FF800000
01F24 FF800000
01F28 FF800000
01F2C FF800000
01F30 FF800000
01F34 FF800000
01F38 FF800000
01F3C FF800000
01F40 FF800000
01F44 FF800000
01F48 FF800000
01F4C FF800000
01F50 FF800000
01F54 FF800000
01F58 FF800000
01F5C FF800000
01F60 FF800000
01F64 FF800000
01F68 FF800000
01F6C FF800000
01F70 FF800000
01F74 FF800000
01F78 FF800000
01F7C FF800000
01F80 FF800000
01F84 FF800000
01F88 FF800000
01F8C FF800000
01F90 FF800000
01F94 FF800000
01F98 FF800000
01F9C FF800000
01FA0 FF800000
01FA4 FF800000
01FA8 FF800000
01FAC FF800000
01FB0 FF800000
01FB4 FF800000
01FB8 FF800000
01FBC FF800000
01FC0 FF800000
01FC4 FF800000
01FC8 FF800000
01FCC FF800000
01FD0 FF800000
01FD4 FF800000
01FD8 FF800000
01FDC FF800000
01FE0 FF800000
01FE4 FF800000
01FE8 FF800000
01FEC FF800000
01FF0 FF800000
01FF4 FF800000
01FF8 FF800000
01FFC FF800000
02000 00000000
02004 00000000
02008 00000000
0200C 00000000
02010 00000000
02014 00000000
02018 00000000
0201C 00000000
02020 00000000
02024 00000000
02028 00000000
0202C 00000000
02030 00000000
02034 00000000
02038 00000000
0203C 00000000
02040 00000000
02044 00000000
02048 00000000
0204C 00000000
02050 00000000
02054 00000000
02058 00000000
0205C 00000000
02060 00000000
02064 00000000
02068 00000000
0206C 00000000
02070 00000000
02074 00000000
02078 00000000
0207C 00000000
02080 00000000
02084 00000000
02088 00000000
0208C 00000000
02090 00000000
02094 00000000
02098 00000000
0209C 00000000
020A0 00000000
020A4 00000000
020A8 00000000
020AC 00000000
020B0 00000000
020B4 00000000
020B8 00000000
020BC 00000000
020C0 00000000
020C4 00000000
020C8 00000000
020CC 00000000
020D0 00000000
020D4 00000000
020D8 00000000
020DC 00000000
020E0 00000000
020E4 00000000
020E8 00000000
020EC 00000000
020F0 00000000
020F4 00000000
020F8 00000000
020FC 00000000
02100 00000000
02104 00000000
02108 00000000
0210C 00000000
02110 00000000
02114 00000000
02118 00000000
0211C 00000000
02120 00000000
02124 00000000
02128 00000000
0212C 00000000
02130 00000000
02134 00000000
02138 00000000
0213C 00000000
02140 00000000
02144 00000000
02148 00000000
0214C 00000000
02150 00000000
02154 00000000
02158 00000000
0215C 00000000
02160 00000000
02164 00000000
02168 00000000
0216C 00000000
02170 00000000
02174 00000000
02178 00000000
0217C 00000000
02180 00000000
02184 00000000
02188 00000000
0218C 00000000
02190 00000000
02194 00000000
02198 00000000
0219C 00000000
021A0 00000000
021A4 00000000
021A8 00000000
021AC 00000000
021B0 00000000
021B4 00000000
021B8 00000000
021BC 00000000
021C0 00000000
021C4 00000000
021C8 00000000
021CC 00000000
021D0 00000000
021D4 00000000
021D8 00000000
021DC 00000000
021E0 00000000
021E4 00000000
021E8 00000000
021EC 00000000
021F0 00000000
021F4 00000000
021F8 00000000
021FC 00000000
02200 00000000
02204 00000000
02208 00000000
0220C 00000000
02210 00000000
02214 00000000
02218 00000000
0221C 00000000
02220 00000000
02224 00000000
02228 00000000
0222C 00000000
02230 00000000
02234 00000000
02238 00000000
0223C 00000000
02240 00000000
02244 00000000
02248 00000000
0224C 00000000
02250 00000000
02254 00000000
02258 00000000
0225C 00000000
02260 00000000
02264 00000000
02268 00000000
0226C 00000000
02270 00000000
02274 00000000
02278 00000000
0227C 00000000
02280 00000000
02284 00000000
02288 00000000
0228C 00000000
02290 00000000
02294 00000000
02298 00000000
0229C 00000000
022A0 00000000
022A4 00000000
022A8 00000000
022AC 00000000
022B0 00000000
022B4 00000000
022B8 00000000
022BC 00000000
022C0 00000000
022C4 00000000
022C8 00000000
022CC 00000000
022D0 00000000
022D4 00000000
022D8 00000000
022DC 00000000
022E0 00000000
022E4 00000000
022E8 00000000
022EC 00000000
022F0 00000000
022F4 00000000
022F8 00000000
022FC 00000000
02300 00000000
02304 00000000
02308 00000000
0230C 00000000
02310 00000000
02314 00000000
02318 00000000
0231C 00000000
02320 00000000
02324 00000000
02328 00000000
0232C 00000000
02330 00000000
02334 00000000
02338 00000000
0233C 00000000
02340 00000000
02344 00000000
02348 00000000
0234C 00000000
02350 00000000
02354 00000000
02358 00000000
0235C 00000000
02360 00000000
02364 00000000
02368 00000000
0236C 00000000
02370 00000000
02374 00000000
02378 00000000
0237C 00000000
02380 00000000
02384 00000000
02388 00000000
0238C 00000000
02390 00000000
02394 00000000
02398 00000000
0239C 00000000
023A0 00000000
023A4 00000000
023A8 00000000
023AC 00000000
023B0 00000000
023B4 00000000
023B8 00000000
023BC 00000000
023C0 00000000
023C4 00000000
023C8 00000000
023CC 00000000
023D0 00000000
023D4 00000000
023D8 00000000
023DC 00000000
023E0 00000000
023E4 00000000
023E8 00000000
023EC 00000000
023F0 00000000
023F4 00000000
023F8 00000000
023FC 00000000
02400 00000000
02404 00000000
02408 00000000
0240C 00000000
02410 00000000
02414 00000000
02418 00000000
0241C 00000000
02420 00000000
02424 00000000
02428 00000000
0242C 00000000
02430 00000000
02434 00000000
02438 00000000
0243C 00000000
02440 00000000
02444 00000000
02448 00000000
0244C 00000000
02450 00000000
02454 00000000
02458 00000000
0245C 00000000
02460 00000000
02464 00000000
02468 00000000
0246C 00000000
02470 00000000
02474 00000000
02478 00000000
0247C 00000000
02480 00000000
02484 00000000
02488 00000000
0248C 00000000
02490 00000000
02494 00000000
02498 00000000
0249C 00000000
024A0 00000000
024A4 00000000
024A8 00000000
024AC 00000000
024B0 00000000
024B4 00000000
024B8 00000000
024BC 00000000
024C0 00000000
024C4 00000000
024C8 00000000
024CC 00000000
024D0 00000000
024D4 00000000
024D8 00000000
024DC 00000000
024E0 00000000
024E4 00000000
024E8 00000000
024EC 00000000
024F0 00000000
024F4 00000000
024F8 00000000
024FC 00000000
02500 00000000
02504 00000000
02508 00000000
0250C 00000000
02510 00000000
02514 00000000
02518 00000000
0251C 00000000
02520 00000000
02524 00000000
02528 00000000
0252C 00000000
02530 00000000
02534 00000000
02538 00000000
0253C 00000000
02540 00000000
02544 00000000
02548 00000000
0254C 00000000
02550 00000000
02554 00000000
02558 00000000
0255C 00000000
02560 00000000
02564 00000000
02568 00000000
0256C 00000000
02570 00000000
02574 00000000
02578 00000000
0257C 00000000
02580 00000000
02584 00000000
02588 00000000
0258C 00000000
02590 00000000
02594 00000000
02598 00000000
0259C 00000000
025A0 00000000
025A4 00000000
025A8 00000000
025AC 00000000
025B0 00000000
025B4 00000000
025B8 00000000
025BC 00000000
025C0 00000000
025C4 00000000
025C8 00000000
025CC 00000000
025D0 00000000
025D4 00000000
025D8 00000000
025DC 00000000
025E0 00000000
025E4 00000000
025E8 00000000
025EC 00000000
025F0 00000000
025F4 00000000
025F8 00000000
025FC 00000000
02600 00000000
02604 00000000
02608 00000000
0260C 00000000
02610 00000000
02614 00000000
02618 00000000
0261C 00000000
02620 00000000
02624 00000000
02628 00000000
0262C 00000000
02630 00000000
02634 00000000
02638 00000000
0263C 00000000
02640 00000000
02644 00000000
02648 00000000
0264C 00000000
02650 00000000
02654 00000000
02658 00000000
0265C 00000000
02660 00000000
02664 00000000
02668 00000000
0266C 00000000
02670 00000000
02674 00000000
02678 00000000
0267C 00000000
02680 00000000
02684 00000000
02688 00000000
0268C 00000000
02690 00000000
02694 00000000
02698 00000000
0269C 00000000
026A0 00000000
026A4 00000000
026A8 00000000
026AC 00000000
026B0 00000000
026B4 00000000
026B8 00000000
026BC 00000000
026C0 00000000
026C4 00000000
026C8 00000000
026CC 00000000
026D0 00000000
026D4 00000000
026D8 00000000
026DC 00000000
026E0 00000000
026E4 00000000
026E8 00000000
026EC 00000000
026F0 00000000
026F4 00000000
026F8 00000000
026FC 00000000
02700 00000000
02704 00000000
02708 00000000
0270C 00000000
02710 00000000
02714 00000000
02718 00000000
0271C 00000000
02720 00000000
02724 00000000
02728 00000000
0272C 00000000
02730 00000000
02734 00000000
02738 00000000
0273C 00000000
02740 00000000
02744 00000000
02748 00000000
0274C 00000000
02750 00000000
02754 00000000
02758 00000000
0275C 00000000
02760 00000000
02764 00000000
02768 00000000
0276C 00000000
02770 00000000
02774 00000000
02778 00000000
0277C 00000000
02780 00000000
02784 00000000
02788 00000000
0278C 00000000
02790 00000000
02794 00000000
02798 00000000
0279C 00000000
027A0 00000000
027A4 00000000
027A8 00000000
027AC 00000000
027B0 00000000
027B4 00000000
027B8 00000000
027BC 00000000
027C0 00000000
027C4 00000000
027C8 00000000
027CC 00000000
027D0 00000000
027D4 00000000
027D8 00000000
027DC 00000000
027E0 00000000
027E4 00000000
027E8 00000000
027EC 00000000
027F0 00000000
027F4 00000000
027F8 00000000
027FC 00000000
02800 00000000
02804 00000000
02808 00000000
0280C 00000000
02810 00000000
02814 00000000
02818 00000000
0281C 00000000
02820 00000000
02824 00000000
02828 00000000
0282C 00000000
02830 00000000
02834 00000000
02838 00000000
0283C 00000000
02840 00000000
02844 00000000
02848 00000000
0284C 00000000
02850 00000000
02854 00000000
02858 00000000
0285C 00000000
02860 00000000
02864 00000000
02868 00000000
0286C 00000000
02870 00000000
02874 00000000
02878 00000000
0287C 00000000
02880 00000000
02884 00000000
02888 00000000
0288C 00000000
02890 00000000
02894 00000000
02898 00000000
0289C 00000000
028A0 00000000
028A4 00000000
028A8 00000000
028AC 00000000
028B0 00000000
028B4 00000000
028B8 00000000
028BC 00000000
028C0 00000000
028C4 00000000
028C8 00000000
028CC 00000000
028D0 00000000
028D4 00000000
028D8 00000000
028DC 00000000
028E0 00000000
028E4 00000000
028E8 00000000
028EC 00000000
028F0 00000000
028F4 00000000
028F8 00000000
028FC 00000000
02900 00000000
02904 00000000
02908 00000000
0290C 00000000
02910 00000000
02914 00000000
02918 00000000
0291C 00000000
02920 00000000
02924 00000000
02928 00000000
0292C 00000000
02930 00000000
02934 00000000
02938 00000000
0293C 00000000
02940 00000000
02944 00000000
02948 00000000
0294C 00000000
02950 00000000
02954 00000000
02958 00000000
0295C 00000000
02960 00000000
02964 00000000
02968 00000000
0296C 00000000
02970 00000000
02974 00000000
02978 00000000
0297C 00000000
02980 00000000
02984 00000000
02988 00000000
0298C 00000000
02990 00000000
02994 00000000
02998 00000000
0299C 00000000
029A0 00000000
029A4 00000000
029A8 00000000
029AC 00000000
029B0 00000000
029B4 00000000
029B8 00000000
029BC 00000000
029C0 00000000
029C4 00000000
029C8 00000000
029CC 00000000
029D0 00000000
029D4 00000000
029D8 00000000
029DC 00000000
029E0 00000000
029E4 00000000
029E8 00000000
029EC 00000000
029F0 00000000
029F4 00000000
029F8 00000000
029FC 00000000
02A00 00000000
02A04 00000000
02A08 00000000
02A0C 00000000
02A10 00000000
02A14 00000000
02A18 00000000
02A1C 00000000
02A20 00000000
02A24 00000000
02A28 00000000
02A2C 00000000
02A30 00000000
02A34 00000000
02A38 00000000
02A3C 00000000
02A40 00000000
02A44 00000000
02A48 00000000
02A4C 00000000
02A50 00000000
02A54 00000000
02A58 00000000
02A5C 00000000
02A60 00000000
02A64 00000000
02A68 00000000
02A6C 00000000
02A70 00000000
02A74 00000000
02A78 00000000
02A7C 00000000
02A80 00000000
02A84 00000000
02A88 00000000
02A8C 00000000
02A90 00000000
02A94 00000000
02A98 00000000
02A9C 00000000
02AA0 00000000
02AA4 00000000
02AA8 00000000
02AAC 00000000
02AB0 00000000
02AB4 00000000
02AB8 00000000
02ABC 00000000
02AC0 00000000
02AC4 00000000
02AC8 00000000
02ACC 00000000
02AD0 00000000
02AD4 00000000
02AD8 00000000
02ADC 00000000
02AE0 00000000
02AE4 00000000
02AE8 00000000
02AEC 00000000
02AF0 00000000
02AF4 00000000
02AF8 00000000
02AFC 00000000
02B00 00000000
02B04 00000000
02B08 00000000
02B0C 00000000
02B10 00000000
02B14 00000000
02B18 00000000
02B1C 00000000
02B20 00000000
02B24 00000000
02B28 00000000
02B2C 00000000
02B30 00000000
02B34 00000000
02B38 00000000
02B3C 00000000
02B40 00000000
02B44 00000000
02B48 00000000
02B4C 00000000
02B50 00000000
02B54 00000000
02B58 00000000
02B5C 00000000
02B60 00000000
02B64 00000000
02B68 00000000
02B6C 00000000
02B70 00000000
02B74 00000000
02B78 00000000
02B7C 00000000
02B80 00000000
02B84 00000000
02B88 00000000
02B8C 00000000
02B90 00000000
02B94 00000000
02B98 00000000
02B9C 00000000
02BA0 00000000
02BA4 00000000
02BA8 00000000
02BAC 00000000
02BB0 00000000
02BB4 00000000
02BB8 00000000
02BBC 00000000
02BC0 00000000
02BC4 00000000
02BC8 00000000
02BCC 00000000
02BD0 00000000
02BD4 00000000
02BD8 00000000
02BDC 00000000
02BE0 00000000
02BE4 00000000
02BE8 00000000
02BEC 00000000
02BF0 00000000
02BF4 00000000
02BF8 00000000
02BFC 00000000
02C00 00000000
02C04 00000000
02C08 00000000
02C0C 00000000
02C10 00000000
02C14 00000000
02C18 00000000
02C1C 00000000
02C20 00000000
02C24 00000000
02C28 00000000
02C2C 00000000
02C30 00000000
02C34 00000000
02C38 00000000
02C3C 00000000
02C40 00000000
02C44 00000000
02C48 00000000
02C4C 00000000
02C50 00000000
02C54 00000000
02C58 00000000
02C5C 00000000
02C60 00000000
02C64 00000000
02C68 00000000
02C6C 00000000
02C70 00000000
02C74 00000000
02C78 00000000
02C7C 00000000
02C80 00000000
02C84 00000000
02C88 00000000
02C8C 00000000
02C90 00000000
02C94 00000000
02C98 00000000
02C9C 00000000
02CA0 00000000
02CA4 00000000
02CA8 00000000
02CAC 00000000
02CB0 00000000
02CB4 00000000
02CB8 00000000
02CBC 00000000
02CC0 00000000
02CC4 00000000
02CC8 00000000
02CCC 00000000
02CD0 00000000
02CD4 00000000
02CD8 00000000
02CDC 00000000
02CE0 00000000
02CE4 00000000
02CE8 00000000
02CEC 00000000
02CF0 00000000
02CF4 00000000
02CF8 00000000
02CFC 00000000
02D00 00000000
02D04 00000000
02D08 00000000
02D0C 00000000
02D10 00000000
02D14 00000000
02D18 00000000
02D1C 00000000
02D20 00000000
02D24 00000000
02D28 00000000
02D2C 00000000
02D30 00000000
02D34 00000000
02D38 00000000
02D3C 00000000
02D40 00000000
02D44 00000000
02D48 00000000
02D4C 00000000
02D50 00000000
02D54 00000000
02D58 00000000
02D5C 00000000
02D60 00000000
02D64 00000000
02D68 00000000
02D6C 00000000
02D70 00000000
02D74 00000000
02D78 00000000
02D7C 00000000
02D80 00000000
02D84 00000000
02D88 00000000
02D8C 00000000
02D90 00000000
02D94 00000000
02D98 00000000
02D9C 00000000
02DA0 00000000
02DA4 00000000
02DA8 00000000
02DAC 00000000
02DB0 00000000
02DB4 00000000
02DB8 00000000
02DBC 00000000
02DC0 00000000
02DC4 00000000
02DC8 00000000
02DCC 00000000
02DD0 00000000
02DD4 00000000
02DD8 00000000
02DDC 00000000
02DE0 00000000
02DE4 00000000
02DE8 00000000
02DEC 00000000
02DF0 00000000
02DF4 00000000
02DF8 00000000
02DFC 00000000
02E00 00000000
02E04 00000000
02E08 00000000
02E0C 00000000
02E10 00000000
02E14 00000000
02E18 00000000
02E1C 00000000
02E20 00000000
02E24 00000000
02E28 00000000
02E2C 00000000
02E30 00000000
02E34 00000000
02E38 00000000
02E3C 00000000
02E40 00000000
02E44 00000000
02E48 00000000
02E4C 00000000
02E50 00000000
02E54 00000000
02E58 00000000
02E5C 00000000
02E60 00000000
02E64 00000000
02E68 00000000
02E6C 00000000
02E70 00000000
02E74 00000000
02E78 00000000
02E7C 00000000
02E80 00000000
02E84 00000000
02E88 00000000
02E8C 00000000
02E90 00000000
02E94 00000000
02E98 00000000
02E9C 00000000
02EA0 00000000
02EA4 00000000
02EA8 00000000
02EAC 00000000
02EB0 00000000
02EB4 00000000
02EB8 00000000
02EBC 00000000
02EC0 00000000
02EC4 00000000
02EC8 00000000
02ECC 00000000
02ED0 00000000
02ED4 00000000
02ED8 00000000
02EDC 00000000
02EE0 00000000
