00000 C17B538F
00004 C17B538F
00008 C17A583B
0000C C17A583B
00010 C1795CE8
00014 C1795CE8
00018 C1786194
0001C C1786194
00020 C1776641
00024 C1776641
00028 C1766AED
0002C C1766AED
00030 C1756F9A
00034 C1756F9A
00038 C1747446
0003C C1747446
00040 C17378F2
00044 C17378F2
00048 C1727D9F
0004C C1727D9F
00050 C171824B
00054 C171824B
00058 C17086F8
0005C C17086F8
00060 C16F8BA4
00064 C16F8BA4
00068 C16E9051
0006C C16E9051
00070 C16D94FD
00074 C16D94FD
00078 C16C99AA
0007C C16C99AA
00080 C16B9E56
00084 C16B9E56
00088 C16AA302
0008C C16AA302
00090 C169A7AF
00094 C169A7AF
00098 C168AC5B
0009C C168AC5B
000A0 C167B108
000A4 C167B108
000A8 C166B5B4
000AC C166B5B4
000B0 C165BA61
000B4 C165BA61
000B8 C164BF0D
000BC C164BF0D
000C0 C163C3BA
000C4 C163C3BA
000C8 C162C866
000CC C162C866
000D0 C161CD12
000D4 C161CD12
000D8 C160D1BF
000DC C160D1BF
000E0 C15FD66B
000E4 C15FD66B
000E8 C15EDB18
000EC C15EDB18
000F0 C15DDFC4
000F4 C15DDFC4
000F8 C15CE471
000FC C15CE471
00100 C15BE91D
00104 C15BE91D
00108 C15AEDCA
0010C C15AEDCA
00110 C159F276
00114 C159F276
00118 C158F722
0011C C158F722
00120 C157FBCF
00124 C157FBCF
00128 C157007B
0012C C157007B
00130 C1560528
00134 C1560528
00138 C15509D4
0013C C15509D4
00140 C1540E81
00144 C1540E81
00148 C153132D
0014C C153132D
00150 C15217D9
00154 C15217D9
00158 C1511C86
0015C C1511C86
00160 C1502132
00164 C1502132
00168 C14F25DF
0016C C14F25DF
00170 C14E2A8B
00174 C14E2A8B
00178 C14D2F38
0017C C14D2F38
00180 C14C33E4
00184 C14C33E4
00188 C14B3891
0018C C14B3891
00190 C14A3D3D
00194 C14A3D3D
00198 C14941E9
0019C C14941E9
001A0 C1484696
001A4 C1484696
001A8 C1474B42
001AC C1474B42
001B0 C1464FEF
001B4 C1464FEF
001B8 C145549B
001BC C145549B
001C0 C1445948
001C4 C1445948
001C8 C1435DF4
001CC C1435DF4
001D0 C14262A1
001D4 C14262A1
001D8 C141674D
001DC C141674D
001E0 C1406BF9
001E4 C1406BF9
001E8 C13F70A6
001EC C13F70A6
001F0 C13E7552
001F4 C13E7552
001F8 C13D79FF
001FC C13D79FF
00200 C13C7EAB
00204 C13C7EAB
00208 C13B8358
0020C C13B8358
00210 C13A8804
00214 C13A8804
00218 C1398CB1
0021C C1398CB1
00220 C138915D
00224 C138915D
00228 C1379609
0022C C1379609
00230 C1369AB6
00234 C1369AB6
00238 C1359F62
0023C C1359F62
00240 C134A40F
00244 C134A40F
00248 C133A8BB
0024C C133A8BB
00250 C132AD68
00254 C132AD68
00258 C131B214
0025C C131B214
00260 C130B6C1
00264 C130B6C1
00268 C12FBB6D
0026C C12FBB6D
00270 C12EC019
00274 C12EC019
00278 C12DC4C6
0027C C12DC4C6
00280 C12CC972
00284 C12CC972
00288 C12BCE1F
0028C C12BCE1F
00290 C12AD2CB
00294 C12AD2CB
00298 C129D778
0029C C129D778
002A0 C128DC24
002A4 C128DC24
002A8 C127E0D0
002AC C127E0D0
002B0 C126E57D
002B4 C126E57D
002B8 C125EA29
002BC C125EA29
002C0 C124EED6
002C4 C124EED6
002C8 C123F382
002CC C123F382
002D0 C122F82F
002D4 C122F82F
002D8 C121FCDB
002DC C121FCDB
002E0 C1210188
002E4 C1210188
002E8 C1200634
002EC C1200634
002F0 C11F0AE0
002F4 C11F0AE0
002F8 C11E0F8D
002FC C11E0F8D
00300 C11D1439
00304 C11D1439
00308 C11C18E6
0030C C11C18E6
00310 C11B1D92
00314 C11B1D92
00318 C11A223F
0031C C11A223F
00320 C11926EB
00324 C11926EB
00328 C1182B98
0032C C1182B98
00330 C1173044
00334 C1173044
00338 C11634F0
0033C C11634F0
00340 C115399D
00344 C115399D
00348 C1143E49
0034C C1143E49
00350 C11342F6
00354 C11342F6
00358 C11247A2
0035C C11247A2
00360 C1114C4F
00364 C1114C4F
00368 C11050FB
0036C C11050FB
00370 C10F55A8
00374 C10F55A8
00378 C10E5A54
0037C C10E5A54
00380 C10D5F00
00384 C10D5F00
00388 C10C63AD
0038C C10C63AD
00390 C10B6859
00394 C10B6859
00398 C10A6D06
0039C C10A6D06
003A0 C10971B2
003A4 C10971B2
003A8 C108765F
003AC C108765F
003B0 C1077B0B
003B4 C1077B0B
003B8 C1067FB8
003BC C1067FB8
003C0 C1058464
003C4 C1058464
003C8 C1048910
003CC C1048910
003D0 C1038DBD
003D4 C1038DBD
003D8 C1029269
003DC C1029269
003E0 C1019716
003E4 C1019716
003E8 C1009BC2
003EC C1009BC2
003F0 C0FF40DD
003F4 C0FF40DD
003F8 C0FD4A36
003FC C0FD4A36
00400 C0FB538F
00404 C0FB538F
00408 C0F95CE8
0040C C0F95CE8
00410 C0F76641
00414 C0F76641
00418 C0F56F9A
0041C C0F56F9A
00420 C0F378F2
00424 C0F378F2
00428 C0F1824B
0042C C0F1824B
00430 C0EF8BA4
00434 C0EF8BA4
00438 C0ED94FD
0043C C0ED94FD
00440 C0EB9E56
00444 C0EB9E56
00448 C0E9A7AF
0044C C0E9A7AF
00450 C0E7B108
00454 C0E7B108
00458 C0E5BA61
0045C C0E5BA61
00460 C0E3C3BA
00464 C0E3C3BA
00468 C0E1CD12
0046C C0E1CD12
00470 C0DFD66B
00474 C0DFD66B
00478 C0DDDFC4
0047C C0DDDFC4
00480 C0DBE91D
00484 C0DBE91D
00488 C0D9F276
0048C C0D9F276
00490 C0D7FBCF
00494 C0D7FBCF
00498 C0D60528
0049C C0D60528
004A0 C0D40E81
004A4 C0D40E81
004A8 C0D217D9
004AC C0D217D9
004B0 C0D02132
004B4 C0D02132
004B8 C0CE2A8B
004BC C0CE2A8B
004C0 C0CC33E4
004C4 C0CC33E4
004C8 C0CA3D3D
004CC C0CA3D3D
004D0 C0C84696
004D4 C0C84696
004D8 C0C64FEF
004DC C0C64FEF
004E0 C0C45948
004E4 C0C45948
004E8 C0C262A1
004EC C0C262A1
004F0 C0C06BF9
004F4 C0C06BF9
004F8 C0BE7552
004FC C0BE7552
00500 C0BC7EAB
00504 C0BC7EAB
00508 C0BA8804
0050C C0BA8804
00510 C0B8915D
00514 C0B8915D
00518 C0B69AB6
0051C C0B69AB6
00520 C0B4A40F
00524 C0B4A40F
00528 C0B2AD68
0052C C0B2AD68
00530 C0B0B6C1
00534 C0B0B6C1
00538 C0AEC019
0053C C0AEC019
00540 C0ACC972
00544 C0ACC972
00548 C0AAD2CB
0054C C0AAD2CB
00550 C0A8DC24
00554 C0A8DC24
00558 C0A6E57D
0055C C0A6E57D
00560 C0A4EED6
00564 C0A4EED6
00568 C0A2F82F
0056C C0A2F82F
00570 C0A10188
00574 C0A10188
00578 C09F0AE0
0057C C09F0AE0
00580 C09D1439
00584 C09D1439
00588 C09B1D92
0058C C09B1D92
00590 C09926EB
00594 C09926EB
00598 C0973044
0059C C0973044
005A0 C095399D
005A4 C095399D
005A8 C09342F6
005AC C09342F6
005B0 C0914C4F
005B4 C0914C4F
005B8 C08F55A8
005BC C08F55A8
005C0 C08D5F00
005C4 C08D5F00
005C8 C08B6859
005CC C08B6859
005D0 C08971B2
005D4 C08971B2
005D8 C0877B0B
005DC C0877B0B
005E0 C0858464
005E4 C0858464
005E8 C0838DBD
005EC C0838DBD
005F0 C0819716
005F4 C0819716
005F8 C07F40DD
005FC C07F40DD
00600 C07B538F
00604 C07B538F
00608 C0776641
0060C C0776641
00610 C07378F2
00614 C07378F2
00618 C06F8BA4
0061C C06F8BA4
00620 C06B9E56
00624 C06B9E56
00628 C067B108
0062C C067B108
00630 C063C3BA
00634 C063C3BA
00638 C05FD66B
0063C C05FD66B
00640 C05BE91D
00644 C05BE91D
00648 C057FBCF
0064C C057FBCF
00650 C0540E81
00654 C0540E81
00658 C0502132
0065C C0502132
00660 C04C33E4
00664 C04C33E4
00668 C0484696
0066C C0484696
00670 C0445948
00674 C0445948
00678 C0406BF9
0067C C0406BF9
00680 C03C7EAB
00684 C03C7EAB
00688 C038915D
0068C C038915D
00690 C034A40F
00694 C034A40F
00698 C030B6C1
0069C C030B6C1
006A0 C02CC972
006A4 C02CC972
006A8 C028DC24
006AC C028DC24
006B0 C024EED6
006B4 C024EED6
006B8 C0210188
006BC C0210188
006C0 C01D1439
006C4 C01D1439
006C8 C01926EB
006CC C01926EB
006D0 C015399D
006D4 C015399D
006D8 C0114C4F
006DC C0114C4F
006E0 C00D5F00
006E4 C00D5F00
006E8 C00971B2
006EC C00971B2
006F0 C0058464
006F4 C0058464
006F8 C0019716
006FC C0019716
00700 BFFB538F
00704 BFFB538F
00708 BFF378F2
0070C BFF378F2
00710 BFEB9E56
00714 BFEB9E56
00718 BFE3C3BA
0071C BFE3C3BA
00720 BFDBE91D
00724 BFDBE91D
00728 BFD40E81
0072C BFD40E81
00730 BFCC33E4
00734 BFCC33E4
00738 BFC45948
0073C BFC45948
00740 BFBC7EAB
00744 BFBC7EAB
00748 BFB4A40F
0074C BFB4A40F
00750 BFACC972
00754 BFACC972
00758 BFA4EED6
0075C BFA4EED6
00760 BF9D1439
00764 BF9D1439
00768 BF95399D
0076C BF95399D
00770 BF8D5F00
00774 BF8D5F00
00778 BF858464
0077C BF858464
00780 BF7B538F
00784 BF7B538F
00788 BF6B9E56
0078C BF6B9E56
00790 BF5BE91D
00794 BF5BE91D
00798 BF4C33E4
0079C BF4C33E4
007A0 BF3C7EAB
007A4 BF3C7EAB
007A8 BF2CC972
007AC BF2CC972
007B0 BF1D1439
007B4 BF1D1439
007B8 BF0D5F00
007BC BF0D5F00
007C0 BEFB538F
007C4 BEFB538F
007C8 BEDBE91D
007CC BEDBE91D
007D0 BEBC7EAB
007D4 BEBC7EAB
007D8 BE9D1439
007DC BE9D1439
007E0 BE7B538F
007E4 BE7B538F
007E8 BE3C7EAB
007EC BE3C7EAB
007F0 BDFB538F
007F4 BDFB538F
007F8 BD7B538F
007FC BD7B538F
00800 A90F7000
00804 A90F7000
00808 3D7B538F
0080C 3D7B538F
00810 3DFB538F
00814 3DFB538F
00818 3E3C7EAB
0081C 3E3C7EAB
00820 3E7B538F
00824 3E7B538F
00828 3E9D1439
0082C 3E9D1439
00830 3EBC7EAB
00834 3EBC7EAB
00838 3EDBE91D
0083C 3EDBE91D
00840 3EFB538F
00844 3EFB538F
00848 3F0D5F00
0084C 3F0D5F00
00850 3F1D1439
00854 3F1D1439
00858 3F2CC972
0085C 3F2CC972
00860 3F3C7EAB
00864 3F3C7EAB
00868 3F4C33E4
0086C 3F4C33E4
00870 3F5BE91D
00874 3F5BE91D
00878 3F6B9E56
0087C 3F6B9E56
00880 3F7B538F
00884 3F7B538F
00888 3F858464
0088C 3F858464
00890 3F8D5F00
00894 3F8D5F00
00898 3F95399D
0089C 3F95399D
008A0 3F9D1439
008A4 3F9D1439
008A8 3FA4EED6
008AC 3FA4EED6
008B0 3FACC972
008B4 3FACC972
008B8 3FB4A40F
008BC 3FB4A40F
008C0 3FBC7EAB
008C4 3FBC7EAB
008C8 3FC45948
008CC 3FC45948
008D0 3FCC33E4
008D4 3FCC33E4
008D8 3FD40E81
008DC 3FD40E81
008E0 3FDBE91D
008E4 3FDBE91D
008E8 3FE3C3BA
008EC 3FE3C3BA
008F0 3FEB9E56
008F4 3FEB9E56
008F8 3FF378F2
008FC 3FF378F2
00900 3FFB538F
00904 3FFB538F
00908 40019716
0090C 40019716
00910 40058464
00914 40058464
00918 400971B2
0091C 400971B2
00920 400D5F00
00924 400D5F00
00928 40114C4F
0092C 40114C4F
00930 4015399D
00934 4015399D
00938 401926EB
0093C 401926EB
00940 401D1439
00944 401D1439
00948 40210188
0094C 40210188
00950 4024EED6
00954 4024EED6
00958 4028DC24
0095C 4028DC24
00960 402CC972
00964 402CC972
00968 4030B6C1
0096C 4030B6C1
00970 4034A40F
00974 4034A40F
00978 4038915D
0097C 4038915D
00980 403C7EAB
00984 403C7EAB
00988 40406BF9
0098C 40406BF9
00990 40445948
00994 40445948
00998 40484696
0099C 40484696
009A0 404C33E4
009A4 404C33E4
009A8 40502132
009AC 40502132
009B0 40540E81
009B4 40540E81
009B8 4057FBCF
009BC 4057FBCF
009C0 405BE91D
009C4 405BE91D
009C8 405FD66B
009CC 405FD66B
009D0 4063C3BA
009D4 4063C3BA
009D8 4067B108
009DC 4067B108
009E0 406B9E56
009E4 406B9E56
009E8 406F8BA4
009EC 406F8BA4
009F0 407378F2
009F4 407378F2
009F8 40776641
009FC 40776641
00A00 407B538F
00A04 407B538F
00A08 407F40DD
00A0C 407F40DD
00A10 40819716
00A14 40819716
00A18 40838DBD
00A1C 40838DBD
00A20 40858464
00A24 40858464
00A28 40877B0B
00A2C 40877B0B
00A30 408971B2
00A34 408971B2
00A38 408B6859
00A3C 408B6859
00A40 408D5F00
00A44 408D5F00
00A48 408F55A8
00A4C 408F55A8
00A50 40914C4F
00A54 40914C4F
00A58 409342F6
00A5C 409342F6
00A60 4095399D
00A64 4095399D
00A68 40973044
00A6C 40973044
00A70 409926EB
00A74 409926EB
00A78 409B1D92
00A7C 409B1D92
00A80 409D1439
00A84 409D1439
00A88 409F0AE0
00A8C 409F0AE0
00A90 40A10188
00A94 40A10188
00A98 40A2F82F
00A9C 40A2F82F
00AA0 40A4EED6
00AA4 40A4EED6
00AA8 40A6E57D
00AAC 40A6E57D
00AB0 40A8DC24
00AB4 40A8DC24
00AB8 40AAD2CB
00ABC 40AAD2CB
00AC0 40ACC972
00AC4 40ACC972
00AC8 40AEC019
00ACC 40AEC019
00AD0 40B0B6C1
00AD4 40B0B6C1
00AD8 40B2AD68
00ADC 40B2AD68
00AE0 40B4A40F
00AE4 40B4A40F
00AE8 40B69AB6
00AEC 40B69AB6
00AF0 40B8915D
00AF4 40B8915D
00AF8 40BA8804
00AFC 40BA8804
00B00 40BC7EAB
00B04 40BC7EAB
00B08 40BE7552
00B0C 40BE7552
00B10 40C06BF9
00B14 40C06BF9
00B18 40C262A1
00B1C 40C262A1
00B20 40C45948
00B24 40C45948
00B28 40C64FEF
00B2C 40C64FEF
00B30 40C84696
00B34 40C84696
00B38 40CA3D3D
00B3C 40CA3D3D
00B40 40CC33E4
00B44 40CC33E4
00B48 40CE2A8B
00B4C 40CE2A8B
00B50 40D02132
00B54 40D02132
00B58 40D217D9
00B5C 40D217D9
00B60 40D40E81
00B64 40D40E81
00B68 40D60528
00B6C 40D60528
00B70 40D7FBCF
00B74 40D7FBCF
00B78 40D9F276
00B7C 40D9F276
00B80 40DBE91D
00B84 40DBE91D
00B88 40DDDFC4
00B8C 40DDDFC4
00B90 40DFD66B
00B94 40DFD66B
00B98 40E1CD12
00B9C 40E1CD12
00BA0 40E3C3BA
00BA4 40E3C3BA
00BA8 40E5BA61
00BAC 40E5BA61
00BB0 40E7B108
00BB4 40E7B108
00BB8 40E9A7AF
00BBC 40E9A7AF
00BC0 40EB9E56
00BC4 40EB9E56
00BC8 40ED94FD
00BCC 40ED94FD
00BD0 40EF8BA4
00BD4 40EF8BA4
00BD8 40F1824B
00BDC 40F1824B
00BE0 40F378F2
00BE4 40F378F2
00BE8 40F56F9A
00BEC 40F56F9A
00BF0 40F76641
00BF4 40F76641
00BF8 40F95CE8
00BFC 40F95CE8
00C00 40FB538F
00C04 40FB538F
00C08 40FD4A36
00C0C 40FD4A36
00C10 40FF40DD
00C14 40FF40DD
00C18 41009BC2
00C1C 41009BC2
00C20 41019716
00C24 41019716
00C28 41029269
00C2C 41029269
00C30 41038DBD
00C34 41038DBD
00C38 41048910
00C3C 41048910
00C40 41058464
00C44 41058464
00C48 41067FB8
00C4C 41067FB8
00C50 41077B0B
00C54 41077B0B
00C58 4108765F
00C5C 4108765F
00C60 410971B2
00C64 410971B2
00C68 410A6D06
00C6C 410A6D06
00C70 410B6859
00C74 410B6859
00C78 410C63AD
00C7C 410C63AD
00C80 410D5F00
00C84 410D5F00
00C88 410E5A54
00C8C 410E5A54
00C90 410F55A8
00C94 410F55A8
00C98 411050FB
00C9C 411050FB
00CA0 41114C4F
00CA4 41114C4F
00CA8 411247A2
00CAC 411247A2
00CB0 411342F6
00CB4 411342F6
00CB8 41143E49
00CBC 41143E49
00CC0 4115399D
00CC4 4115399D
00CC8 411634F0
00CCC 411634F0
00CD0 41173044
00CD4 41173044
00CD8 41182B98
00CDC 41182B98
00CE0 411926EB
00CE4 411926EB
00CE8 411A223F
00CEC 411A223F
00CF0 411B1D92
00CF4 411B1D92
00CF8 411C18E6
00CFC 411C18E6
00D00 411D1439
00D04 411D1439
00D08 411E0F8D
00D0C 411E0F8D
00D10 411F0AE0
00D14 411F0AE0
00D18 41200634
00D1C 41200634
00D20 41210188
00D24 41210188
00D28 4121FCDB
00D2C 4121FCDB
00D30 4122F82F
00D34 4122F82F
00D38 4123F382
00D3C 4123F382
00D40 4124EED6
00D44 4124EED6
00D48 4125EA29
00D4C 4125EA29
00D50 4126E57D
00D54 4126E57D
00D58 4127E0D0
00D5C 4127E0D0
00D60 4128DC24
00D64 4128DC24
00D68 4129D778
00D6C 4129D778
00D70 412AD2CB
00D74 412AD2CB
00D78 412BCE1F
00D7C 412BCE1F
00D80 412CC972
00D84 412CC972
00D88 412DC4C6
00D8C 412DC4C6
00D90 412EC019
00D94 412EC019
00D98 412FBB6D
00D9C 412FBB6D
00DA0 4130B6C1
00DA4 4130B6C1
00DA8 4131B214
00DAC 4131B214
00DB0 4132AD68
00DB4 4132AD68
00DB8 4133A8BB
00DBC 4133A8BB
00DC0 4134A40F
00DC4 4134A40F
00DC8 41359F62
00DCC 41359F62
00DD0 41369AB6
00DD4 41369AB6
00DD8 41379609
00DDC 41379609
00DE0 4138915D
00DE4 4138915D
00DE8 41398CB1
00DEC 41398CB1
00DF0 413A8804
00DF4 413A8804
00DF8 413B8358
00DFC 413B8358
00E00 413C7EAB
00E04 413C7EAB
00E08 413D79FF
00E0C 413D79FF
00E10 413E7552
00E14 413E7552
00E18 413F70A6
00E1C 413F70A6
00E20 41406BF9
00E24 41406BF9
00E28 4141674D
00E2C 4141674D
00E30 414262A1
00E34 414262A1
00E38 41435DF4
00E3C 41435DF4
00E40 41445948
00E44 41445948
00E48 4145549B
00E4C 4145549B
00E50 41464FEF
00E54 41464FEF
00E58 41474B42
00E5C 41474B42
00E60 41484696
00E64 41484696
00E68 414941E9
00E6C 414941E9
00E70 414A3D3D
00E74 414A3D3D
00E78 414B3891
00E7C 414B3891
00E80 414C33E4
00E84 414C33E4
00E88 414D2F38
00E8C 414D2F38
00E90 414E2A8B
00E94 414E2A8B
00E98 414F25DF
00E9C 414F25DF
00EA0 41502132
00EA4 41502132
00EA8 41511C86
00EAC 41511C86
00EB0 415217D9
00EB4 415217D9
00EB8 4153132D
00EBC 4153132D
00EC0 41540E81
00EC4 41540E81
00EC8 415509D4
00ECC 415509D4
00ED0 41560528
00ED4 41560528
00ED8 4157007B
00EDC 4157007B
00EE0 4157FBCF
00EE4 4157FBCF
00EE8 4158F722
00EEC 4158F722
00EF0 4159F276
00EF4 4159F276
00EF8 415AEDCA
00EFC 415AEDCA
00F00 415BE91D
00F04 415BE91D
00F08 415CE471
00F0C 415CE471
00F10 415DDFC4
00F14 415DDFC4
00F18 415EDB18
00F1C 415EDB18
00F20 415FD66B
00F24 415FD66B
00F28 4160D1BF
00F2C 4160D1BF
00F30 4161CD12
00F34 4161CD12
00F38 4162C866
00F3C 4162C866
00F40 4163C3BA
00F44 4163C3BA
00F48 4164BF0D
00F4C 4164BF0D
00F50 4165BA61
00F54 4165BA61
00F58 4166B5B4
00F5C 4166B5B4
00F60 4167B108
00F64 4167B108
00F68 4168AC5B
00F6C 4168AC5B
00F70 4169A7AF
00F74 4169A7AF
00F78 416AA302
00F7C 416AA302
00F80 416B9E56
00F84 416B9E56
00F88 416C99AA
00F8C 416C99AA
00F90 416D94FD
00F94 416D94FD
00F98 416E9051
00F9C 416E9051
00FA0 416F8BA4
00FA4 416F8BA4
00FA8 417086F8
00FAC 417086F8
00FB0 4171824B
00FB4 4171824B
00FB8 41727D9F
00FBC 41727D9F
00FC0 417378F2
00FC4 417378F2
00FC8 41747446
00FCC 41747446
00FD0 41756F9A
00FD4 41756F9A
00FD8 41766AED
00FDC 41766AED
00FE0 41776641
00FE4 41776641
00FE8 41786194
00FEC 41786194
00FF0 41795CE8
00FF4 41795CE8
00FF8 417A583B
00FFC 417A583B
01000 FFFFFFFF
01004 FFFFFFFF
01008 FFFFFFFF
0100C FFFFFFFF
01010 FFFFFFFF
01014 FFFFFFFF
01018 FFFFFFFF
0101C FFFFFFFF
01020 FFFFFFFF
01024 FFFFFFFF
01028 FFFFFFFF
0102C FFFFFFFF
01030 FFFFFFFF
01034 FFFFFFFF
01038 FFFFFFFF
0103C FFFFFFFF
01040 FFFFFFFF
01044 FFFFFFFF
01048 FFFFFFFF
0104C FFFFFFFF
01050 FFFFFFFF
01054 FFFFFFFF
01058 FFFFFFFF
0105C FFFFFFFF
01060 FFFFFFFF
01064 FFFFFFFF
01068 FFFFFFFF
0106C FFFFFFFF
01070 FFFFFFFF
01074 FFFFFFFF
01078 FFFFFFFF
0107C FFFFFFFF
01080 FFFFFFFF
01084 FFFFFFFF
01088 FFFFFFFF
0108C FFFFFFFF
01090 FFFFFFFF
01094 FFFFFFFF
01098 FFFFFFFF
0109C FFFFFFFF
010A0 FFFFFFFF
010A4 FFFFFFFF
010A8 FFFFFFFF
010AC FFFFFFFF
010B0 FFFFFFFF
010B4 FFFFFFFF
010B8 FFFFFFFF
010BC FFFFFFFF
010C0 FFFFFFFF
010C4 FFFFFFFF
010C8 FFFFFFFF
010CC FFFFFFFF
010D0 FFFFFFFF
010D4 FFFFFFFF
010D8 FFFFFFFF
010DC FFFFFFFF
010E0 FFFFFFFF
010E4 FFFFFFFF
010E8 FFFFFFFF
010EC FFFFFFFF
010F0 FFFFFFFF
010F4 FFFFFFFF
010F8 FFFFFFFF
010FC FFFFFFFF
01100 FFFFFFFF
01104 FFFFFFFF
01108 FFFFFFFF
0110C FFFFFFFF
01110 FFFFFFFF
01114 FFFFFFFF
01118 FFFFFFFF
0111C FFFFFFFF
01120 FFFFFFFF
01124 FFFFFFFF
01128 FFFFFFFF
0112C FFFFFFFF
01130 FFFFFFFF
01134 FFFFFFFF
01138 FFFFFFFF
0113C FFFFFFFF
01140 FFFFFFFF
01144 FFFFFFFF
01148 FFFFFFFF
0114C FFFFFFFF
01150 FFFFFFFF
01154 FFFFFFFF
01158 FFFFFFFF
0115C FFFFFFFF
01160 FFFFFFFF
01164 FFFFFFFF
01168 FFFFFFFF
0116C FFFFFFFF
01170 FFFFFFFF
01174 FFFFFFFF
01178 FFFFFFFF
0117C FFFFFFFF
01180 FFFFFFFF
01184 FFFFFFFF
01188 FFFFFFFF
0118C FFFFFFFF
01190 FFFFFFFF
01194 FFFFFFFF
01198 FFFFFFFF
0119C FFFFFFFF
011A0 FFFFFFFF
011A4 FFFFFFFF
011A8 FFFFFFFF
011AC FFFFFFFF
011B0 FFFFFFFF
011B4 FFFFFFFF
011B8 FFFFFFFF
011BC FFFFFFFF
011C0 FFFFFFFF
011C4 FFFFFFFF
011C8 FFFFFFFF
011CC FFFFFFFF
011D0 FFFFFFFF
011D4 FFFFFFFF
011D8 FFFFFFFF
011DC FFFFFFFF
011E0 FFFFFFFF
011E4 FFFFFFFF
011E8 FFFFFFFF
011EC FFFFFFFF
011F0 FFFFFFFF
011F4 FFFFFFFF
011F8 FFFFFFFF
011FC FFFFFFFF
01200 FFFFFFFF
01204 FFFFFFFF
01208 FFFFFFFF
0120C FFFFFFFF
01210 FFFFFFFF
01214 FFFFFFFF
01218 FFFFFFFF
0121C FFFFFFFF
01220 FFFFFFFF
01224 FFFFFFFF
01228 FFFFFFFF
0122C FFFFFFFF
01230 FFFFFFFF
01234 FFFFFFFF
01238 FFFFFFFF
0123C FFFFFFFF
01240 FFFFFFFF
01244 FFFFFFFF
01248 FFFFFFFF
0124C FFFFFFFF
01250 FFFFFFFF
01254 FFFFFFFF
01258 FFFFFFFF
0125C FFFFFFFF
01260 FFFFFFFF
01264 FFFFFFFF
01268 FFFFFFFF
0126C FFFFFFFF
01270 FFFFFFFF
01274 FFFFFFFF
01278 FFFFFFFF
0127C FFFFFFFF
01280 FFFFFFFF
01284 FFFFFFFF
01288 FFFFFFFF
0128C FFFFFFFF
01290 FFFFFFFF
01294 FFFFFFFF
01298 FFFFFFFF
0129C FFFFFFFF
012A0 FFFFFFFF
012A4 FFFFFFFF
012A8 FFFFFFFF
012AC FFFFFFFF
012B0 FFFFFFFF
012B4 FFFFFFFF
012B8 FFFFFFFF
012BC FFFFFFFF
012C0 FFFFFFFF
012C4 FFFFFFFF
012C8 FFFFFFFF
012CC FFFFFFFF
012D0 FFFFFFFF
012D4 FFFFFFFF
012D8 FFFFFFFF
012DC FFFFFFFF
012E0 FFFFFFFF
012E4 FFFFFFFF
012E8 FFFFFFFF
012EC FFFFFFFF
012F0 FFFFFFFF
012F4 FFFFFFFF
012F8 FFFFFFFF
012FC FFFFFFFF
01300 FFFFFFFF
01304 FFFFFFFF
01308 FFFFFFFF
0130C FFFFFFFF
01310 FFFFFFFF
01314 FFFFFFFF
01318 FFFFFFFF
0131C FFFFFFFF
01320 FFFFFFFF
01324 FFFFFFFF
01328 FFFFFFFF
0132C FFFFFFFF
01330 FFFFFFFF
01334 FFFFFFFF
01338 FFFFFFFF
0133C FFFFFFFF
01340 FFFFFFFF
01344 FFFFFFFF
01348 FFFFFFFF
0134C FFFFFFFF
01350 FFFFFFFF
01354 FFFFFFFF
01358 FFFFFFFF
0135C FFFFFFFF
01360 FFFFFFFF
01364 FFFFFFFF
01368 FFFFFFFF
0136C FFFFFFFF
01370 FFFFFFFF
01374 FFFFFFFF
01378 FFFFFFFF
0137C FFFFFFFF
01380 FFFFFFFF
01384 FFFFFFFF
01388 FFFFFFFF
0138C FFFFFFFF
01390 FFFFFFFF
01394 FFFFFFFF
01398 FFFFFFFF
0139C FFFFFFFF
013A0 FFFFFFFF
013A4 FFFFFFFF
013A8 FFFFFFFF
013AC FFFFFFFF
013B0 FFFFFFFF
013B4 FFFFFFFF
013B8 FFFFFFFF
013BC FFFFFFFF
013C0 FFFFFFFF
013C4 FFFFFFFF
013C8 FFFFFFFF
013CC FFFFFFFF
013D0 FFFFFFFF
013D4 FFFFFFFF
013D8 FFFFFFFF
013DC FFFFFFFF
013E0 FFFFFFFF
013E4 FFFFFFFF
013E8 FFFFFFFF
013EC FFFFFFFF
013F0 FFFFFFFF
013F4 FFFFFFFF
013F8 FFFFFFFF
013FC FFFFFFFF
01400 FFFFFFFF
01404 FFFFFFFF
01408 FFFFFFFF
0140C FFFFFFFF
01410 FFFFFFFF
01414 FFFFFFFF
01418 FFFFFFFF
0141C FFFFFFFF
01420 FFFFFFFF
01424 FFFFFFFF
01428 FFFFFFFF
0142C FFFFFFFF
01430 FFFFFFFF
01434 FFFFFFFF
01438 FFFFFFFF
0143C FFFFFFFF
01440 FFFFFFFF
01444 FFFFFFFF
01448 FFFFFFFF
0144C FFFFFFFF
01450 FFFFFFFF
01454 FFFFFFFF
01458 FFFFFFFF
0145C FFFFFFFF
01460 FFFFFFFF
01464 FFFFFFFF
01468 FFFFFFFF
0146C FFFFFFFF
01470 FFFFFFFF
01474 FFFFFFFF
01478 FFFFFFFF
0147C FFFFFFFF
01480 FFFFFFFF
01484 FFFFFFFF
01488 FFFFFFFF
0148C FFFFFFFF
01490 FFFFFFFF
01494 FFFFFFFF
01498 FFFFFFFF
0149C FFFFFFFF
014A0 FFFFFFFF
014A4 FFFFFFFF
014A8 FFFFFFFF
014AC FFFFFFFF
014B0 FFFFFFFF
014B4 FFFFFFFF
014B8 FFFFFFFF
014BC FFFFFFFF
014C0 FFFFFFFF
014C4 FFFFFFFF
014C8 FFFFFFFF
014CC FFFFFFFF
014D0 FFFFFFFF
014D4 FFFFFFFF
014D8 FFFFFFFF
014DC FFFFFFFF
014E0 FFFFFFFF
014E4 FFFFFFFF
014E8 FFFFFFFF
014EC FFFFFFFF
014F0 FFFFFFFF
014F4 FFFFFFFF
014F8 FFFFFFFF
014FC FFFFFFFF
01500 FFFFFFFF
01504 FFFFFFFF
01508 FFFFFFFF
0150C FFFFFFFF
01510 FFFFFFFF
01514 FFFFFFFF
01518 FFFFFFFF
0151C FFFFFFFF
01520 FFFFFFFF
01524 FFFFFFFF
01528 FFFFFFFF
0152C FFFFFFFF
01530 FFFFFFFF
01534 FFFFFFFF
01538 FFFFFFFF
0153C FFFFFFFF
01540 FFFFFFFF
01544 FFFFFFFF
01548 FFFFFFFF
0154C FFFFFFFF
01550 FFFFFFFF
01554 FFFFFFFF
01558 FFFFFFFF
0155C FFFFFFFF
01560 FFFFFFFF
01564 FFFFFFFF
01568 FFFFFFFF
0156C FFFFFFFF
01570 FFFFFFFF
01574 FFFFFFFF
01578 FFFFFFFF
0157C FFFFFFFF
01580 FFFFFFFF
01584 FFFFFFFF
01588 FFFFFFFF
0158C FFFFFFFF
01590 FFFFFFFF
01594 FFFFFFFF
01598 FFFFFFFF
0159C FFFFFFFF
015A0 FFFFFFFF
015A4 FFFFFFFF
015A8 FFFFFFFF
015AC FFFFFFFF
015B0 FFFFFFFF
015B4 FFFFFFFF
015B8 FFFFFFFF
015BC FFFFFFFF
015C0 FFFFFFFF
015C4 FFFFFFFF
015C8 FFFFFFFF
015CC FFFFFFFF
015D0 FFFFFFFF
015D4 FFFFFFFF
015D8 FFFFFFFF
015DC FFFFFFFF
015E0 FFFFFFFF
015E4 FFFFFFFF
015E8 FFFFFFFF
015EC FFFFFFFF
015F0 FFFFFFFF
015F4 FFFFFFFF
015F8 FFFFFFFF
015FC FFFFFFFF
01600 FFFFFFFF
01604 FFFFFFFF
01608 FFFFFFFF
0160C FFFFFFFF
01610 FFFFFFFF
01614 FFFFFFFF
01618 FFFFFFFF
0161C FFFFFFFF
01620 FFFFFFFF
01624 FFFFFFFF
01628 FFFFFFFF
0162C FFFFFFFF
01630 FFFFFFFF
01634 FFFFFFFF
01638 FFFFFFFF
0163C FFFFFFFF
01640 FFFFFFFF
01644 FFFFFFFF
01648 FFFFFFFF
0164C FFFFFFFF
01650 FFFFFFFF
01654 FFFFFFFF
01658 FFFFFFFF
0165C FFFFFFFF
01660 FFFFFFFF
01664 FFFFFFFF
01668 FFFFFFFF
0166C FFFFFFFF
01670 FFFFFFFF
01674 FFFFFFFF
01678 FFFFFFFF
0167C FFFFFFFF
01680 FFFFFFFF
01684 FFFFFFFF
01688 FFFFFFFF
0168C FFFFFFFF
01690 FFFFFFFF
01694 FFFFFFFF
01698 FFFFFFFF
0169C FFFFFFFF
016A0 FFFFFFFF
016A4 FFFFFFFF
016A8 FFFFFFFF
016AC FFFFFFFF
016B0 FFFFFFFF
016B4 FFFFFFFF
016B8 FFFFFFFF
016BC FFFFFFFF
016C0 FFFFFFFF
016C4 FFFFFFFF
016C8 FFFFFFFF
016CC FFFFFFFF
016D0 FFFFFFFF
016D4 FFFFFFFF
016D8 FFFFFFFF
016DC FFFFFFFF
016E0 FFFFFFFF
016E4 FFFFFFFF
016E8 FFFFFFFF
016EC FFFFFFFF
016F0 FFFFFFFF
016F4 FFFFFFFF
016F8 FFFFFFFF
016FC FFFFFFFF
01700 FFFFFFFF
01704 FFFFFFFF
01708 FFFFFFFF
0170C FFFFFFFF
01710 FFFFFFFF
01714 FFFFFFFF
01718 FFFFFFFF
0171C FFFFFFFF
01720 FFFFFFFF
01724 FFFFFFFF
01728 FFFFFFFF
0172C FFFFFFFF
01730 FFFFFFFF
01734 FFFFFFFF
01738 FFFFFFFF
0173C FFFFFFFF
01740 FFFFFFFF
01744 FFFFFFFF
01748 FFFFFFFF
0174C FFFFFFFF
01750 FFFFFFFF
01754 FFFFFFFF
01758 FFFFFFFF
0175C FFFFFFFF
01760 FFFFFFFF
01764 FFFFFFFF
01768 FFFFFFFF
0176C FFFFFFFF
01770 FFFFFFFF
01774 FFFFFFFF
01778 FFFFFFFF
0177C FFFFFFFF
01780 FFFFFFFF
01784 FFFFFFFF
01788 FFFFFFFF
0178C FFFFFFFF
01790 FFFFFFFF
01794 FFFFFFFF
01798 FFFFFFFF
0179C FFFFFFFF
017A0 FFFFFFFF
017A4 FFFFFFFF
017A8 FFFFFFFF
017AC FFFFFFFF
017B0 FFFFFFFF
017B4 FFFFFFFF
017B8 FFFFFFFF
017BC FFFFFFFF
017C0 FFFFFFFF
017C4 FFFFFFFF
017C8 FFFFFFFF
017CC FFFFFFFF
017D0 FFFFFFFF
017D4 FFFFFFFF
017D8 FFFFFFFF
017DC FFFFFFFF
017E0 FFFFFFFF
017E4 FFFFFFFF
017E8 FFFFFFFF
017EC FFFFFFFF
017F0 FFFFFFFF
017F4 FFFFFFFF
017F8 FFFFFFFF
017FC FFFFFFFF
01800 FFFFFFFF
01804 FFFFFFFF
01808 4080F7EC
0180C 4080F7EC
01810 40369EDF
01814 40369EDF
01818 4015032C
0181C 4015032C
01820 4000F7EC
01824 4000F7EC
01828 3FE712C0
0182C 3FE712C0
01830 3FD2AFAC
01834 3FD2AFAC
01838 3FC30566
0183C 3FC30566
01840 3FB69EDF
01844 3FB69EDF
01848 3FAC1310
0184C 3FAC1310
01850 3FA322C2
01854 3FA322C2
01858 3F9B8B2B
0185C 3F9B8B2B
01860 3F95032C
01864 3F95032C
01868 3F8F4735
0186C 3F8F4735
01870 3F8A194B
01874 3F8A194B
01878 3F854104
0187C 3F854104
01880 3F80F7EC
01884 3F80F7EC
01888 3F7A6FE2
0188C 3F7A6FE2
01890 3F738A5A
01894 3F738A5A
01898 3F6D185B
0189C 3F6D185B
018A0 3F6712C0
018A4 3F6712C0
018A8 3F617294
018AC 3F617294
018B0 3F5C310E
018B4 3F5C310E
018B8 3F574791
018BC 3F574791
018C0 3F52AFAC
018C4 3F52AFAC
018C8 3F4E631C
018CC 3F4E631C
018D0 3F4A5BCC
018D4 3F4A5BCC
018D8 3F4693CD
018DC 3F4693CD
018E0 3F430566
018E4 3F430566
018E8 3F3FAB00
018EC 3F3FAB00
018F0 3F3C7F3C
018F4 3F3C7F3C
018F8 3F397CE0
018FC 3F397CE0
01900 3F369EDF
01904 3F369EDF
01908 3F33D8A7
0190C 3F33D8A7
01910 3F3124DE
01914 3F3124DE
01918 3F2E8E1A
0191C 3F2E8E1A
01920 3F2C1310
01924 3F2C1310
01928 3F29B276
0192C 3F29B276
01930 3F276B08
01934 3F276B08
01938 3F253B88
0193C 3F253B88
01940 3F2322C2
01944 3F2322C2
01948 3F211F7E
0194C 3F211F7E
01950 3F1F3092
01954 3F1F3092
01958 3F1D54D8
0195C 3F1D54D8
01960 3F1B8B2B
01964 3F1B8B2B
01968 3F19D271
0196C 3F19D271
01970 3F182992
01974 3F182992
01978 3F168F80
0197C 3F168F80
01980 3F15032C
01984 3F15032C
01988 3F138392
0198C 3F138392
01990 3F120FB0
01994 3F120FB0
01998 3F10A68E
0199C 3F10A68E
019A0 3F0F4735
019A4 3F0F4735
019A8 3F0DF0B5
019AC 3F0DF0B5
019B0 3F0CA226
019B4 3F0CA226
019B8 3F0B5AA2
019BC 3F0B5AA2
019C0 3F0A194B
019C4 3F0A194B
019C8 3F08DD46
019CC 3F08DD46
019D0 3F07A5C2
019D4 3F07A5C2
019D8 3F0671EF
019DC 3F0671EF
019E0 3F054104
019E4 3F054104
019E8 3F0417CC
019EC 3F0417CC
019F0 3F030757
019F4 3F030757
019F8 3F01FCCA
019FC 3F01FCCA
01A00 3F00F7EC
01A04 3F00F7EC
01A08 3EFFF10B
01A0C 3EFFF10B
01A10 3EFE103F
01A14 3EFE103F
01A18 3EFC3C2C
01A1C 3EFC3C2C
01A20 3EFA6FE2
01A24 3EFA6FE2
01A28 3EF8AB44
01A2C 3EF8AB44
01A30 3EF6EE38
01A34 3EF6EE38
01A38 3EF5389F
01A3C 3EF5389F
01A40 3EF38A5A
01A44 3EF38A5A
01A48 3EF1E34D
01A4C 3EF1E34D
01A50 3EF0435C
01A54 3EF0435C
01A58 3EEEAA6A
01A5C 3EEEAA6A
01A60 3EED185B
01A64 3EED185B
01A68 3EEB8D10
01A6C 3EEB8D10
01A70 3EEA0870
01A74 3EEA0870
01A78 3EE88A5E
01A7C 3EE88A5E
01A80 3EE712C0
01A84 3EE712C0
01A88 3EE5A177
01A8C 3EE5A177
01A90 3EE43669
01A94 3EE43669
01A98 3EE2D17D
01A9C 3EE2D17D
01AA0 3EE17294
01AA4 3EE17294
01AA8 3EE01996
01AAC 3EE01996
01AB0 3EDEC668
01AB4 3EDEC668
01AB8 3EDD78EC
01ABC 3EDD78EC
01AC0 3EDC310E
01AC4 3EDC310E
01AC8 3EDAEEAF
01ACC 3EDAEEAF
01AD0 3ED9B1B6
01AD4 3ED9B1B6
01AD8 3ED87A0A
01ADC 3ED87A0A
01AE0 3ED74791
01AE4 3ED74791
01AE8 3ED61A32
01AEC 3ED61A32
01AF0 3ED4F1D2
01AF4 3ED4F1D2
01AF8 3ED3CE58
01AFC 3ED3CE58
01B00 3ED2AFAC
01B04 3ED2AFAC
01B08 3ED195B6
01B0C 3ED195B6
01B10 3ED0805C
01B14 3ED0805C
01B18 3ECF6F86
01B1C 3ECF6F86
01B20 3ECE631C
01B24 3ECE631C
01B28 3ECD5B07
01B2C 3ECD5B07
01B30 3ECC572C
01B34 3ECC572C
01B38 3ECB5776
01B3C 3ECB5776
01B40 3ECA5BCC
01B44 3ECA5BCC
01B48 3EC96416
01B4C 3EC96416
01B50 3EC8703E
01B54 3EC8703E
01B58 3EC7802E
01B5C 3EC7802E
01B60 3EC693CD
01B64 3EC693CD
01B68 3EC5AB06
01B6C 3EC5AB06
01B70 3EC4C5C1
01B74 3EC4C5C1
01B78 3EC3E3E8
01B7C 3EC3E3E8
01B80 3EC30566
01B84 3EC30566
01B88 3EC22A24
01B8C 3EC22A24
01B90 3EC1520A
01B94 3EC1520A
01B98 3EC07D06
01B9C 3EC07D06
01BA0 3EBFAB00
01BA4 3EBFAB00
01BA8 3EBEDBE5
01BAC 3EBEDBE5
01BB0 3EBE0F9F
01BB4 3EBE0F9F
01BB8 3EBD4618
01BBC 3EBD4618
01BC0 3EBC7F3C
01BC4 3EBC7F3C
01BC8 3EBBBAF8
01BCC 3EBBBAF8
01BD0 3EBAF934
01BD4 3EBAF934
01BD8 3EBA39DC
01BDC 3EBA39DC
01BE0 3EB97CE0
01BE4 3EB97CE0
01BE8 3EB8C227
01BEC 3EB8C227
01BF0 3EB809A3
01BF4 3EB809A3
01BF8 3EB7533C
01BFC 3EB7533C
01C00 3EB69EDF
01C04 3EB69EDF
01C08 3EB5EC7A
01C0C 3EB5EC7A
01C10 3EB53BFA
01C14 3EB53BFA
01C18 3EB48A4A
01C1C 3EB48A4A
01C20 3EB3D8A7
01C24 3EB3D8A7
01C28 3EB328EA
01C2C 3EB328EA
01C30 3EB27B0D
01C34 3EB27B0D
01C38 3EB1CF0A
01C3C 3EB1CF0A
01C40 3EB124DE
01C44 3EB124DE
01C48 3EB07C80
01C4C 3EB07C80
01C50 3EAFD5EF
01C54 3EAFD5EF
01C58 3EAF3124
01C5C 3EAF3124
01C60 3EAE8E1A
01C64 3EAE8E1A
01C68 3EADECCB
01C6C 3EADECCB
01C70 3EAD4D32
01C74 3EAD4D32
01C78 3EACAF4C
01C7C 3EACAF4C
01C80 3EAC1310
01C84 3EAC1310
01C88 3EAB787C
01C8C 3EAB787C
01C90 3EAADF88
01C94 3EAADF88
01C98 3EAA4832
01C9C 3EAA4832
01CA0 3EA9B276
01CA4 3EA9B276
01CA8 3EA91E4A
01CAC 3EA91E4A
01CB0 3EA88BAD
01CB4 3EA88BAD
01CB8 3EA7FA98
01CBC 3EA7FA98
01CC0 3EA76B08
01CC4 3EA76B08
01CC8 3EA6DCF6
01CCC 3EA6DCF6
01CD0 3EA6505E
01CD4 3EA6505E
01CD8 3EA5C53A
01CDC 3EA5C53A
01CE0 3EA53B88
01CE4 3EA53B88
01CE8 3EA4B342
01CEC 3EA4B342
01CF0 3EA42C62
01CF4 3EA42C62
01CF8 3EA3A6E2
01CFC 3EA3A6E2
01D00 3EA322C2
01D04 3EA322C2
01D08 3EA29FF8
01D0C 3EA29FF8
01D10 3EA21E82
01D14 3EA21E82
01D18 3EA19E5B
01D1C 3EA19E5B
01D20 3EA11F7E
01D24 3EA11F7E
01D28 3EA0A1E6
01D2C 3EA0A1E6
01D30 3EA02590
01D34 3EA02590
01D38 3E9FAA75
01D3C 3E9FAA75
01D40 3E9F3092
01D44 3E9F3092
01D48 3E9EB7E3
01D4C 3E9EB7E3
01D50 3E9E4061
01D54 3E9E4061
01D58 3E9DCA0A
01D5C 3E9DCA0A
01D60 3E9D54D8
01D64 3E9D54D8
01D68 3E9CE0C6
01D6C 3E9CE0C6
01D70 3E9C6DD0
01D74 3E9C6DD0
01D78 3E9BFBF4
01D7C 3E9BFBF4
01D80 3E9B8B2B
01D84 3E9B8B2B
01D88 3E9B1B70
01D8C 3E9B1B70
01D90 3E9AACC2
01D94 3E9AACC2
01D98 3E9A3F18
01D9C 3E9A3F18
01DA0 3E99D271
01DA4 3E99D271
01DA8 3E9966C8
01DAC 3E9966C8
01DB0 3E98FC18
01DB4 3E98FC18
01DB8 3E98925C
01DBC 3E98925C
01DC0 3E982992
01DC4 3E982992
01DC8 3E97C1B6
01DCC 3E97C1B6
01DD0 3E975AC0
01DD4 3E975AC0
01DD8 3E96F4B0
01DDC 3E96F4B0
01DE0 3E968F80
01DE4 3E968F80
01DE8 3E962B2A
01DEC 3E962B2A
01DF0 3E95C7AE
01DF4 3E95C7AE
01DF8 3E956505
01DFC 3E956505
01E00 3E95032C
01E04 3E95032C
01E08 3E94A21D
01E0C 3E94A21D
01E10 3E9441D8
01E14 3E9441D8
01E18 3E93E254
01E1C 3E93E254
01E20 3E938392
01E24 3E938392
01E28 3E93258A
01E2C 3E93258A
01E30 3E92C83A
01E34 3E92C83A
01E38 3E926B9D
01E3C 3E926B9D
01E40 3E920FB0
01E44 3E920FB0
01E48 3E91B46F
01E4C 3E91B46F
01E50 3E9159D6
01E54 3E9159D6
01E58 3E90FFE2
01E5C 3E90FFE2
01E60 3E90A68E
01E64 3E90A68E
01E68 3E904DD6
01E6C 3E904DD6
01E70 3E8FF5B7
01E74 3E8FF5B7
01E78 3E8F9E2E
01E7C 3E8F9E2E
01E80 3E8F4735
01E84 3E8F4735
01E88 3E8EF0CA
01E8C 3E8EF0CA
01E90 3E8E9AE8
01E94 3E8E9AE8
01E98 3E8E458E
01E9C 3E8E458E
01EA0 3E8DF0B5
01EA4 3E8DF0B5
01EA8 3E8D9C5C
01EAC 3E8D9C5C
01EB0 3E8D487E
01EB4 3E8D487E
01EB8 3E8CF518
01EBC 3E8CF518
01EC0 3E8CA226
01EC4 3E8CA226
01EC8 3E8C4FA6
01ECC 3E8C4FA6
01ED0 3E8BFD91
01ED4 3E8BFD91
01ED8 3E8BABE6
01EDC 3E8BABE6
01EE0 3E8B5AA2
01EE4 3E8B5AA2
01EE8 3E8B09C0
01EEC 3E8B09C0
01EF0 3E8AB93E
01EF4 3E8AB93E
01EF8 3E8A6918
01EFC 3E8A6918
01F00 3E8A194B
01F04 3E8A194B
01F08 3E89C9D2
01F0C 3E89C9D2
01F10 3E897AAC
01F14 3E897AAC
01F18 3E892BD4
01F1C 3E892BD4
01F20 3E88DD46
01F24 3E88DD46
01F28 3E888F02
01F2C 3E888F02
01F30 3E884102
01F34 3E884102
01F38 3E87F342
01F3C 3E87F342
01F40 3E87A5C2
01F44 3E87A5C2
01F48 3E87587D
01F4C 3E87587D
01F50 3E870B6F
01F54 3E870B6F
01F58 3E86BE97
01F5C 3E86BE97
01F60 3E8671EF
01F64 3E8671EF
01F68 3E862576
01F6C 3E862576
01F70 3E85D929
01F74 3E85D929
01F78 3E858D04
01F7C 3E858D04
01F80 3E854104
01F84 3E854104
01F88 3E84F527
01F8C 3E84F527
01F90 3E84A96A
01F94 3E84A96A
01F98 3E845DC9
01F9C 3E845DC9
01FA0 3E8417CC
01FA4 3E8417CC
01FA8 3E83D31D
01FAC 3E83D31D
01FB0 3E838ED0
01FB4 3E838ED0
01FB8 3E834AE4
01FBC 3E834AE4
01FC0 3E830757
01FC4 3E830757
01FC8 3E82C428
01FCC 3E82C428
01FD0 3E828157
01FD4 3E828157
01FD8 3E823EE3
01FDC 3E823EE3
01FE0 3E81FCCA
01FE4 3E81FCCA
01FE8 3E81BB0D
01FEC 3E81BB0D
01FF0 3E8179A8
01FF4 3E8179A8
01FF8 3E81389E
01FFC 3E81389E
02000 00000000
02004 00000000
02008 00000000
0200C 00000000
02010 00000000
02014 00000000
02018 00000000
0201C 00000000
02020 00000000
02024 00000000
02028 00000000
0202C 00000000
02030 00000000
02034 00000000
02038 00000000
0203C 00000000
02040 00000000
02044 00000000
02048 00000000
0204C 00000000
02050 00000000
02054 00000000
02058 00000000
0205C 00000000
02060 00000000
02064 00000000
02068 00000000
0206C 00000000
02070 00000000
02074 00000000
02078 00000000
0207C 00000000
02080 00000000
02084 00000000
02088 00000000
0208C 00000000
02090 00000000
02094 00000000
02098 00000000
0209C 00000000
020A0 00000000
020A4 00000000
020A8 00000000
020AC 00000000
020B0 00000000
020B4 00000000
020B8 00000000
020BC 00000000
020C0 00000000
020C4 00000000
020C8 00000000
020CC 00000000
020D0 00000000
020D4 00000000
020D8 00000000
020DC 00000000
020E0 00000000
020E4 00000000
020E8 00000000
020EC 00000000
020F0 00000000
020F4 00000000
020F8 00000000
020FC 00000000
02100 00000000
02104 00000000
02108 00000000
0210C 00000000
02110 00000000
02114 00000000
02118 00000000
0211C 00000000
02120 00000000
02124 00000000
02128 00000000
0212C 00000000
02130 00000000
02134 00000000
02138 00000000
0213C 00000000
02140 00000000
02144 00000000
02148 00000000
0214C 00000000
02150 00000000
02154 00000000
02158 00000000
0215C 00000000
02160 00000000
02164 00000000
02168 00000000
0216C 00000000
02170 00000000
02174 00000000
02178 00000000
0217C 00000000
02180 00000000
02184 00000000
02188 00000000
0218C 00000000
02190 00000000
02194 00000000
02198 00000000
0219C 00000000
021A0 00000000
021A4 00000000
021A8 00000000
021AC 00000000
021B0 00000000
021B4 00000000
021B8 00000000
021BC 00000000
021C0 00000000
021C4 00000000
021C8 00000000
021CC 00000000
021D0 00000000
021D4 00000000
021D8 00000000
021DC 00000000
021E0 00000000
021E4 00000000
021E8 00000000
021EC 00000000
021F0 00000000
021F4 00000000
021F8 00000000
021FC 00000000
02200 00000000
02204 00000000
02208 00000000
0220C 00000000
02210 00000000
02214 00000000
02218 00000000
0221C 00000000
02220 00000000
02224 00000000
02228 00000000
0222C 00000000
02230 00000000
02234 00000000
02238 00000000
0223C 00000000
02240 00000000
02244 00000000
02248 00000000
0224C 00000000
02250 00000000
02254 00000000
02258 00000000
0225C 00000000
02260 00000000
02264 00000000
02268 00000000
0226C 00000000
02270 00000000
02274 00000000
02278 00000000
0227C 00000000
02280 00000000
02284 00000000
02288 00000000
0228C 00000000
02290 00000000
02294 00000000
02298 00000000
0229C 00000000
022A0 00000000
022A4 00000000
022A8 00000000
022AC 00000000
022B0 00000000
022B4 00000000
022B8 00000000
022BC 00000000
022C0 00000000
022C4 00000000
022C8 00000000
022CC 00000000
022D0 00000000
022D4 00000000
022D8 00000000
022DC 00000000
022E0 00000000
022E4 00000000
022E8 00000000
022EC 00000000
022F0 00000000
022F4 00000000
022F8 00000000
022FC 00000000
02300 00000000
02304 00000000
02308 00000000
0230C 00000000
02310 00000000
02314 00000000
02318 00000000
0231C 00000000
02320 00000000
02324 00000000
02328 00000000
0232C 00000000
02330 00000000
02334 00000000
02338 00000000
0233C 00000000
02340 00000000
02344 00000000
02348 00000000
0234C 00000000
02350 00000000
02354 00000000
02358 00000000
0235C 00000000
02360 00000000
02364 00000000
02368 00000000
0236C 00000000
02370 00000000
02374 00000000
02378 00000000
0237C 00000000
02380 00000000
02384 00000000
02388 00000000
0238C 00000000
02390 00000000
02394 00000000
02398 00000000
0239C 00000000
023A0 00000000
023A4 00000000
023A8 00000000
023AC 00000000
023B0 00000000
023B4 00000000
023B8 00000000
023BC 00000000
023C0 00000000
023C4 00000000
023C8 00000000
023CC 00000000
023D0 00000000
023D4 00000000
023D8 00000000
023DC 00000000
023E0 00000000
023E4 00000000
023E8 00000000
023EC 00000000
023F0 00000000
023F4 00000000
023F8 00000000
023FC 00000000
02400 00000000
02404 00000000
02408 00000000
0240C 00000000
02410 00000000
02414 00000000
02418 00000000
0241C 00000000
02420 00000000
02424 00000000
02428 00000000
0242C 00000000
02430 00000000
02434 00000000
02438 00000000
0243C 00000000
02440 00000000
02444 00000000
02448 00000000
0244C 00000000
02450 00000000
02454 00000000
02458 00000000
0245C 00000000
02460 00000000
02464 00000000
02468 00000000
0246C 00000000
02470 00000000
02474 00000000
02478 00000000
0247C 00000000
02480 00000000
02484 00000000
02488 00000000
0248C 00000000
02490 00000000
02494 00000000
02498 00000000
0249C 00000000
024A0 00000000
024A4 00000000
024A8 00000000
024AC 00000000
024B0 00000000
024B4 00000000
024B8 00000000
024BC 00000000
024C0 00000000
024C4 00000000
024C8 00000000
024CC 00000000
024D0 00000000
024D4 00000000
024D8 00000000
024DC 00000000
024E0 00000000
024E4 00000000
024E8 00000000
024EC 00000000
024F0 00000000
024F4 00000000
024F8 00000000
024FC 00000000
02500 00000000
02504 00000000
02508 00000000
0250C 00000000
02510 00000000
02514 00000000
02518 00000000
0251C 00000000
02520 00000000
02524 00000000
02528 00000000
0252C 00000000
02530 00000000
02534 00000000
02538 00000000
0253C 00000000
02540 00000000
02544 00000000
02548 00000000
0254C 00000000
02550 00000000
02554 00000000
02558 00000000
0255C 00000000
02560 00000000
02564 00000000
02568 00000000
0256C 00000000
02570 00000000
02574 00000000
02578 00000000
0257C 00000000
02580 00000000
02584 00000000
02588 00000000
0258C 00000000
02590 00000000
02594 00000000
02598 00000000
0259C 00000000
025A0 00000000
025A4 00000000
025A8 00000000
025AC 00000000
025B0 00000000
025B4 00000000
025B8 00000000
025BC 00000000
025C0 00000000
025C4 00000000
025C8 00000000
025CC 00000000
025D0 00000000
025D4 00000000
025D8 00000000
025DC 00000000
025E0 00000000
025E4 00000000
025E8 00000000
025EC 00000000
025F0 00000000
025F4 00000000
025F8 00000000
025FC 00000000
02600 00000000
02604 00000000
02608 00000000
0260C 00000000
02610 00000000
02614 00000000
02618 00000000
0261C 00000000
02620 00000000
02624 00000000
02628 00000000
0262C 00000000
02630 00000000
02634 00000000
02638 00000000
0263C 00000000
02640 00000000
02644 00000000
02648 00000000
0264C 00000000
02650 00000000
02654 00000000
02658 00000000
0265C 00000000
02660 00000000
02664 00000000
02668 00000000
0266C 00000000
02670 00000000
02674 00000000
02678 00000000
0267C 00000000
02680 00000000
02684 00000000
02688 00000000
0268C 00000000
02690 00000000
02694 00000000
02698 00000000
0269C 00000000
026A0 00000000
026A4 00000000
026A8 00000000
026AC 00000000
026B0 00000000
026B4 00000000
026B8 00000000
026BC 00000000
026C0 00000000
026C4 00000000
026C8 00000000
026CC 00000000
026D0 00000000
026D4 00000000
026D8 00000000
026DC 00000000
026E0 00000000
026E4 00000000
026E8 00000000
026EC 00000000
026F0 00000000
026F4 00000000
026F8 00000000
026FC 00000000
02700 00000000
02704 00000000
02708 00000000
0270C 00000000
02710 00000000
02714 00000000
02718 00000000
0271C 00000000
02720 00000000
02724 00000000
02728 00000000
0272C 00000000
02730 00000000
02734 00000000
02738 00000000
0273C 00000000
02740 00000000
02744 00000000
02748 00000000
0274C 00000000
02750 00000000
02754 00000000
02758 00000000
0275C 00000000
02760 00000000
02764 00000000
02768 00000000
0276C 00000000
02770 00000000
02774 00000000
02778 00000000
0277C 00000000
02780 00000000
02784 00000000
02788 00000000
0278C 00000000
02790 00000000
02794 00000000
02798 00000000
0279C 00000000
027A0 00000000
027A4 00000000
027A8 00000000
027AC 00000000
027B0 00000000
027B4 00000000
027B8 00000000
027BC 00000000
027C0 00000000
027C4 00000000
027C8 00000000
027CC 00000000
027D0 00000000
027D4 00000000
027D8 00000000
027DC 00000000
027E0 00000000
027E4 00000000
027E8 00000000
027EC 00000000
027F0 00000000
027F4 00000000
027F8 00000000
027FC 00000000
02800 00000000
02804 00000000
02808 00000000
0280C 00000000
02810 00000000
02814 00000000
02818 00000000
0281C 00000000
02820 00000000
02824 00000000
02828 00000000
0282C 00000000
02830 00000000
02834 00000000
02838 00000000
0283C 00000000
02840 00000000
02844 00000000
02848 00000000
0284C 00000000
02850 00000000
02854 00000000
02858 00000000
0285C 00000000
02860 00000000
02864 00000000
02868 00000000
0286C 00000000
02870 00000000
02874 00000000
02878 00000000
0287C 00000000
02880 00000000
02884 00000000
02888 00000000
0288C 00000000
02890 00000000
02894 00000000
02898 00000000
0289C 00000000
028A0 00000000
028A4 00000000
028A8 00000000
028AC 00000000
028B0 00000000
028B4 00000000
028B8 00000000
028BC 00000000
028C0 00000000
028C4 00000000
028C8 00000000
028CC 00000000
028D0 00000000
028D4 00000000
028D8 00000000
028DC 00000000
028E0 00000000
028E4 00000000
028E8 00000000
028EC 00000000
028F0 00000000
028F4 00000000
028F8 00000000
028FC 00000000
02900 00000000
02904 00000000
02908 00000000
0290C 00000000
02910 00000000
02914 00000000
02918 00000000
0291C 00000000
02920 00000000
02924 00000000
02928 00000000
0292C 00000000
02930 00000000
02934 00000000
02938 00000000
0293C 00000000
02940 00000000
02944 00000000
02948 00000000
0294C 00000000
02950 00000000
02954 00000000
02958 00000000
0295C 00000000
02960 00000000
02964 00000000
02968 00000000
0296C 00000000
02970 00000000
02974 00000000
02978 00000000
0297C 00000000
02980 00000000
02984 00000000
02988 00000000
0298C 00000000
02990 00000000
02994 00000000
02998 00000000
0299C 00000000
029A0 00000000
029A4 00000000
029A8 00000000
029AC 00000000
029B0 00000000
029B4 00000000
029B8 00000000
029BC 00000000
029C0 00000000
029C4 00000000
029C8 00000000
029CC 00000000
029D0 00000000
029D4 00000000
029D8 00000000
029DC 00000000
029E0 00000000
029E4 00000000
029E8 00000000
029EC 00000000
029F0 00000000
029F4 00000000
029F8 00000000
029FC 00000000
02A00 00000000
02A04 00000000
02A08 00000000
02A0C 00000000
02A10 00000000
02A14 00000000
02A18 00000000
02A1C 00000000
02A20 00000000
02A24 00000000
02A28 00000000
02A2C 00000000
02A30 00000000
02A34 00000000
02A38 00000000
02A3C 00000000
02A40 00000000
02A44 00000000
02A48 00000000
02A4C 00000000
02A50 00000000
02A54 00000000
02A58 00000000
02A5C 00000000
02A60 00000000
02A64 00000000
02A68 00000000
02A6C 00000000
02A70 00000000
02A74 00000000
02A78 00000000
02A7C 00000000
02A80 00000000
02A84 00000000
02A88 00000000
02A8C 00000000
02A90 00000000
02A94 00000000
02A98 00000000
02A9C 00000000
02AA0 00000000
02AA4 00000000
02AA8 00000000
02AAC 00000000
02AB0 00000000
02AB4 00000000
02AB8 00000000
02ABC 00000000
02AC0 00000000
02AC4 00000000
02AC8 00000000
02ACC 00000000
02AD0 00000000
02AD4 00000000
02AD8 00000000
02ADC 00000000
02AE0 00000000
02AE4 00000000
02AE8 00000000
02AEC 00000000
02AF0 00000000
02AF4 00000000
02AF8 00000000
02AFC 00000000
02B00 00000000
02B04 00000000
02B08 00000000
02B0C 00000000
02B10 00000000
02B14 00000000
02B18 00000000
02B1C 00000000
02B20 00000000
02B24 00000000
02B28 00000000
02B2C 00000000
02B30 00000000
02B34 00000000
02B38 00000000
02B3C 00000000
02B40 00000000
02B44 00000000
02B48 00000000
02B4C 00000000
02B50 00000000
02B54 00000000
02B58 00000000
02B5C 00000000
02B60 00000000
02B64 00000000
02B68 00000000
02B6C 00000000
02B70 00000000
02B74 00000000
02B78 00000000
02B7C 00000000
02B80 00000000
02B84 00000000
02B88 00000000
02B8C 00000000
02B90 00000000
02B94 00000000
02B98 00000000
02B9C 00000000
02BA0 00000000
02BA4 00000000
02BA8 00000000
02BAC 00000000
02BB0 00000000
02BB4 00000000
02BB8 00000000
02BBC 00000000
02BC0 00000000
02BC4 00000000
02BC8 00000000
02BCC 00000000
02BD0 00000000
02BD4 00000000
02BD8 00000000
02BDC 00000000
02BE0 00000000
02BE4 00000000
02BE8 00000000
02BEC 00000000
02BF0 00000000
02BF4 00000000
02BF8 00000000
02BFC 00000000
02C00 00000000
02C04 00000000
02C08 00000000
02C0C 00000000
02C10 00000000
02C14 00000000
02C18 00000000
02C1C 00000000
02C20 00000000
02C24 00000000
02C28 00000000
02C2C 00000000
02C30 00000000
02C34 00000000
02C38 00000000
02C3C 00000000
02C40 00000000
02C44 00000000
02C48 00000000
02C4C 00000000
02C50 00000000
02C54 00000000
02C58 00000000
02C5C 00000000
02C60 00000000
02C64 00000000
02C68 00000000
02C6C 00000000
02C70 00000000
02C74 00000000
02C78 00000000
02C7C 00000000
02C80 00000000
02C84 00000000
02C88 00000000
02C8C 00000000
02C90 00000000
02C94 00000000
02C98 00000000
02C9C 00000000
02CA0 00000000
02CA4 00000000
02CA8 00000000
02CAC 00000000
02CB0 00000000
02CB4 00000000
02CB8 00000000
02CBC 00000000
02CC0 00000000
02CC4 00000000
02CC8 00000000
02CCC 00000000
02CD0 00000000
02CD4 00000000
02CD8 00000000
02CDC 00000000
02CE0 00000000
02CE4 00000000
02CE8 00000000
02CEC 00000000
02CF0 00000000
02CF4 00000000
02CF8 00000000
02CFC 00000000
02D00 00000000
02D04 00000000
02D08 00000000
02D0C 00000000
02D10 00000000
02D14 00000000
02D18 00000000
02D1C 00000000
02D20 00000000
02D24 00000000
02D28 00000000
02D2C 00000000
02D30 00000000
02D34 00000000
02D38 00000000
02D3C 00000000
02D40 00000000
02D44 00000000
02D48 00000000
02D4C 00000000
02D50 00000000
02D54 00000000
02D58 00000000
02D5C 00000000
02D60 00000000
02D64 00000000
02D68 00000000
02D6C 00000000
02D70 00000000
02D74 00000000
02D78 00000000
02D7C 00000000
02D80 00000000
02D84 00000000
02D88 00000000
02D8C 00000000
02D90 00000000
02D94 00000000
02D98 00000000
02D9C 00000000
02DA0 00000000
02DA4 00000000
02DA8 00000000
02DAC 00000000
02DB0 00000000
02DB4 00000000
02DB8 00000000
02DBC 00000000
02DC0 00000000
02DC4 00000000
02DC8 00000000
02DCC 00000000
02DD0 00000000
02DD4 00000000
02DD8 00000000
02DDC 00000000
02DE0 00000000
02DE4 00000000
02DE8 00000000
02DEC 00000000
02DF0 00000000
02DF4 00000000
02DF8 00000000
02DFC 00000000
02E00 00000000
02E04 00000000
02E08 00000000
02E0C 00000000
02E10 00000000
02E14 00000000
02E18 00000000
02E1C 00000000
02E20 00000000
02E24 00000000
02E28 00000000
02E2C 00000000
02E30 00000000
02E34 00000000
02E38 00000000
02E3C 00000000
02E40 00000000
02E44 00000000
02E48 00000000
02E4C 00000000
02E50 00000000
02E54 00000000
02E58 00000000
02E5C 00000000
02E60 00000000
02E64 00000000
02E68 00000000
02E6C 00000000
02E70 00000000
02E74 00000000
02E78 00000000
02E7C 00000000
02E80 00000000
02E84 00000000
02E88 00000000
02E8C 00000000
02E90 00000000
02E94 00000000
02E98 00000000
02E9C 00000000
02EA0 00000000
02EA4 00000000
02EA8 00000000
02EAC 00000000
02EB0 00000000
02EB4 00000000
02EB8 00000000
02EBC 00000000
02EC0 00000000
02EC4 00000000
02EC8 00000000
02ECC 00000000
02ED0 00000000
02ED4 00000000
02ED8 00000000
02EDC 00000000
02EE0 00000000
