00000 41146484
00004 3F01D466
00008 402B078F
0000C 40B493BF
00010 411EA278
00014 4098D7D0
00018 40C26D05
0001C 41008A42
00020 4112D0E0
00024 41116C1F
00028 40B47E71
0002C 40ED88F8
00030 41102300
00034 403C3242
00038 40FC7B44
0003C 40215DF1
00040 40F4E391
00044 3F1F8F4B
00048 4105C4DE
0004C 3FE525C8
00050 4006267A
00054 40C182BD
00058 3F1B6686
0005C 3FC331B6
00060 401A47B1
00064 400A97CB
00068 4114E0D9
0006C 3EAA324E
00070 411AB398
00074 40EEAB59
00078 407CB9A6
0007C 41063592
00080 3F342B5D
00084 40841D33
00088 41114F10
0008C 3F9BAAD8
00090 40C14B0B
00094 40974A19
00098 3F081BF4
0009C 3F29FAD7
000A0 3FBD9D5B
000A4 40AB380F
000A8 41114E42
000AC 40915CF9
000B0 3EB95146
000B4 401CF59F
000B8 40CF91C9
000BC 40F229EB
000C0 4080EEEE
000C4 4056DE32
000C8 411C336D
000CC 3E4C1948
000D0 40851D2A
000D4 3FA3B388
000D8 40B50614
000DC 40A78554
000E0 410EF54C
000E4 40B52ECD
000E8 3F2DD065
000EC 40E8068D
000F0 3F27B5CF
000F4 3FDBCE76
000F8 40C1B610
000FC 40FA6C6F
00100 40098A65
00104 403383DE
00108 3F0A56CF
0010C 4083E325
00110 4118F94C
00114 3FDEDDAD
00118 410F2444
0011C 4002D4BD
00120 3E1D357A
00124 40FE3FA6
00128 403792D7
0012C 3EDB48F4
00130 40872E5C
00134 40641A27
00138 402B774D
0013C 40B98640
00140 3DDF9B53
00144 40808BB1
00148 40895B2C
0014C 406D1280
00150 40688BC6
00154 405538DD
00158 3FACB982
0015C 409B95EF
00160 410B3DF7
00164 40C0238B
00168 4107863A
0016C 409A85A5
00170 40E117FB
00174 40EFA99B
00178 4105AEAD
0017C 40584821
00180 411131E6
00184 3F302627
00188 40DE22FB
0018C 3E832F82
00190 40E803CF
00194 40511464
00198 400AEEA1
0019C 3F5D5E9E
001A0 3F8F55A9
001A4 4024BDCA
001A8 40985C6E
001AC 406B2691
001B0 411A9D87
001B4 40B31F6A
001B8 40B6D6B1
001BC 40C48B78
001C0 411B437C
001C4 3E7EAC86
001C8 3F879B9E
001CC 40E5B71F
001D0 3E3E5D72
001D4 41004A01
001D8 410EBC25
001DC 3E58342B
001E0 40C828F1
001E4 401C43ED
001E8 40D9EA57
001EC 3FA64D05
001F0 40967B5B
001F4 4028C26A
001F8 408DBA52
001FC 41094CDF
00200 404822AC
00204 40B15779
00208 406474FD
0020C 40E313AE
00210 3ED779C5
00214 41000166
00218 4103E3AE
0021C 40706840
00220 4066A5A8
00224 404E066C
00228 40085B93
0022C 410E899F
00230 410CFA59
00234 3F822BBA
00238 411C5358
0023C 40358B7D
00240 4103C11B
00244 3F593327
00248 3F5123F4
0024C 3ECB62AD
00250 40BA8A05
00254 41149DE2
00258 40751DF4
0025C 40016EB3
00260 3F7ADC17
00264 40EA7BA5
00268 4053A233
0026C 40C13D23
00270 411BE77E
00274 4111956D
00278 40F49335
0027C 403962DD
00280 40A8A56F
00284 4098C66C
00288 40276CD6
0028C 409AE010
00290 402290E4
00294 40A97B53
00298 407B31EB
0029C 409A9532
002A0 41099FC9
002A4 405127FC
002A8 40D978F6
002AC 3E030BCE
002B0 4049BC5A
002B4 401A0321
002B8 41185C1C
002BC 409F8C8E
002C0 3F9BF8D2
002C4 40EF360F
002C8 40F0579D
002CC 40C3309C
002D0 4103BB9B
002D4 4066BD40
002D8 3E4F4984
002DC 3FE30793
002E0 41111A89
002E4 411E0D9C
002E8 40680229
002EC 41097846
002F0 40B4EF43
002F4 40EB8939
002F8 40DB9BAF
002FC 409A4612
00300 410A931E
00304 40C8D635
00308 3FC0E2A7
0030C 40C1D78D
00310 405B5B67
00314 40D81C2B
00318 4116D45D
0031C 3F729DE2
00320 41045E6E
00324 40B599B1
00328 407B3188
0032C 410E0BFC
00330 409C15C5
00334 40B357CC
00338 40A32BB1
0033C 3FABF758
00340 3FA65C2B
00344 408AE7D8
00348 4093A26A
0034C 4105D00F
00350 3F2528BE
00354 3ECD41FD
00358 40C41E61
0035C 408295C7
00360 4086EA98
00364 40CEEABC
00368 40A0992D
0036C 408411D8
00370 411C0DA1
00374 40D7BA81
00378 3FB139FB
0037C 40F9189C
00380 4042CDA3
00384 40821A15
00388 40778EC6
0038C 3FE61541
00390 41100D3D
00394 409E8B52
00398 3F16B32B
0039C 409A5E0F
003A0 40399DE7
003A4 4110161C
003A8 40FFA764
003AC 3FDD70C8
003B0 40BB53BE
003B4 3FFECF3C
003B8 41108296
003BC 40A85E32
003C0 40FB28BB
003C4 40F8981C
003C8 3FA08AA5
003CC 402FC1E5
003D0 410F0BD5
003D4 40960E68
003D8 4102641F
003DC 40B1A006
003E0 4072BF53
003E4 40844D67
003E8 3F656A07
003EC 40B775B5
003F0 40BF968E
003F4 411DF74C
003F8 40AD86CD
003FC 40907AD8
00400 4070C567
00404 40C65813
00408 4090046F
0040C 401543AD
00410 40B0DA6B
00414 4095C12B
00418 40BC98EB
0041C 4014CE92
00420 411B98B4
00424 40CC1C92
00428 4096F32B
0042C 40FADF80
00430 411F0692
00434 3E6781D9
00438 40A7A496
0043C 40E3B3D4
00440 4095BA7E
00444 4046A0AB
00448 400ABCC4
0044C 4111667E
00450 40B45060
00454 411D2C41
00458 40B828B5
0045C 410E1744
00460 40E6FDD6
00464 410D8F18
00468 409EEE33
0046C 410E258C
00470 410AF8A4
00474 4096F5F3
00478 40FDE6A8
0047C 401B2285
00480 400AD390
00484 40DE5C84
00488 3EA35F3F
0048C 40844CE3
00490 41080600
00494 40E5C6FE
00498 411820F8
0049C 40EACED6
004A0 4056652B
004A4 410456A2
004A8 40DE6E0F
004AC 3FF417C9
004B0 4103CD6B
004B4 41049ED0
004B8 410BEF43
004BC 4102C703
004C0 40CD7436
004C4 4021DC62
004C8 40AEE407
004CC 3ECAC376
004D0 3F83BEF0
004D4 40FBAD4E
004D8 41158B1B
004DC 3FC98565
004E0 411DEC04
004E4 40FD59F2
004E8 3FE288E5
004EC 410EA976
004F0 40D0DBF6
004F4 3F1C79A4
004F8 4082B438
004FC 411ADA47
00500 40E93A16
00504 409238CF
00508 402DAEC6
0050C 40310E52
00510 40D78BC6
00514 3FD631BE
00518 3F47B062
0051C 40661539
00520 410E6BED
00524 40BDBB6D
00528 410B277E
0052C 400DFB1C
00530 3FCE24AB
00534 3FA61004
00538 3FF9E531
0053C 3FDA06C1
00540 411A83E1
00544 4027DCBD
00548 3FBA8A37
0054C 410128BA
00550 3EBB980E
00554 3DA9AE04
00558 40D6D7BC
0055C 3EA52B92
00560 40081B7E
00564 403E5B87
00568 401E90DC
0056C 4042A3D1
00570 411AAB9A
00574 404ADD13
00578 3F012589
0057C 411D9FB0
00580 409E53BB
00584 40000045
00588 4043A631
0058C 409FED7D
00590 40008BA1
00594 40D5F855
00598 3E249BC9
0059C 4114D5F5
005A0 3FA8A5DC
005A4 4089DA00
005A8 400A1FC6
005AC 40589823
005B0 4108ED2F
005B4 411FD648
005B8 406BCFE5
005BC 40AC37CA
005C0 3FD4B343
005C4 40B21025
005C8 404C4CAE
005CC 40E58039
005D0 41007712
005D4 4110DE92
005D8 40CA1171
005DC 40E1E600
005E0 40BD4943
005E4 411BB9C3
005E8 4008EFFB
005EC 3FA77290
005F0 40814468
005F4 4030B5D4
005F8 3FFEB6A6
005FC 40510C5D
00600 408D6053
00604 40831B86
00608 40CD7BE2
0060C 41046325
00610 40E8C226
00614 3FE514A1
00618 4115A798
0061C 40FB1C83
00620 40798613
00624 3FA33769
00628 40CD436A
0062C 40895895
00630 40C3296B
00634 411E80B4
00638 400D1AA9
0063C 4008C70A
00640 40E9D2DB
00644 3EB4ED63
00648 40480E26
0064C 411DB777
00650 400C866C
00654 402816D4
00658 3E4D4981
0065C 3FBD282B
00660 402123ED
00664 40EA72EB
00668 3F23B81F
0066C 40A5A16B
00670 41104859
00674 410C4168
00678 3F6F3C12
0067C 4098E792
00680 40ACF0C8
00684 410A6658
00688 3E8EB2CE
0068C 3F3DDB69
00690 3E4B9241
00694 406CFAFD
00698 40839B22
0069C 40A422AC
006A0 40C007FE
006A4 3FC97A40
006A8 40B44889
006AC 40CEF9DD
006B0 40F58FC1
006B4 40F921AE
006B8 411CD547
006BC 409DB03E
006C0 3D09E566
006C4 40F86C75
006C8 40FCC24C
006CC 40CF51FF
006D0 409FFA4C
006D4 4102DA2E
006D8 4108A1BD
006DC 3F963D2F
006E0 3FE17DAB
006E4 403CFD6F
006E8 4091A19E
006EC 40F60785
006F0 3F9CECA6
006F4 3F2F0BA3
006F8 4066ACE8
006FC 404D9FD5
00700 4057868E
00704 40737D6C
00708 4099A18F
0070C 408E46B6
00710 40FA9564
00714 410FB8A1
00718 40E2D0FE
0071C 409F5099
00720 405B7E94
00724 40A2EBDE
00728 4083DE42
0072C 40F6066D
00730 40EEACDF
00734 41111AFA
00738 4075AE9D
0073C 406C40D2
00740 3E894833
00744 4090F770
00748 4084AE6B
0074C 409AA5A6
00750 3FE386FD
00754 40B645C4
00758 4055EB90
0075C 40AAC2C7
00760 410A333F
00764 409029C0
00768 410FC58E
0076C 40ED5E6C
00770 40AB9923
00774 3F43A18B
00778 409C5E38
0077C 40987AAA
00780 40C5DF50
00784 40B87A38
00788 40588C00
0078C 3F3A1757
00790 408B0CF2
00794 408085D1
00798 3F8A902C
0079C 4106D7AA
007A0 41000139
007A4 41117AF0
007A8 41057A76
007AC 3F9F5DFB
007B0 410F31CE
007B4 408B7B6E
007B8 40D9D415
007BC 40FC5FCA
007C0 411BEECD
007C4 3F466C71
007C8 40A812A9
007CC 3FEBF91F
007D0 4016C03A
007D4 4064EF98
007D8 40EB1046
007DC 40A7EC2B
007E0 40A3B492
007E4 40564CF4
007E8 41133D13
007EC 40A5E169
007F0 40FE095F
007F4 4110B9D8
007F8 4060DE37
007FC 3D16088D
00800 3FF0787D
00804 4114D6C3
00808 40C95AA8
0080C 40C508E9
00810 406904FA
00814 40DE80C1
00818 4089CACA
0081C 41168B16
00820 40DAA607
00824 3F68569F
00828 3ED3343C
0082C 410D56A5
00830 407E081C
00834 3FFF78AD
00838 40A8B87D
0083C 3F92B797
00840 3EBE4C54
00844 3FAD18BE
00848 40680624
0084C 3FCBB3B1
00850 40D51319
00854 405AC06C
00858 40E98F19
0085C 40A91FA5
00860 402A8152
00864 40DC7A8C
00868 402CB22B
0086C 3F89E6AA
00870 4074E53B
00874 4002B50A
00878 40F70FB5
0087C 40958538
00880 40E13FEE
00884 3EB8C60D
00888 4108835E
0088C 410FB984
00890 3F2CCA87
00894 3F4C71E2
00898 40BC40D2
0089C 4103FC32
008A0 400B0B66
008A4 4034F81C
008A8 40CA369B
008AC 410A4845
008B0 40D00524
008B4 411A344E
008B8 40E9643A
008BC 40445D7E
008C0 40C0AE75
008C4 3FE8B8B4
008C8 3FFA15B2
008CC 4111CD82
008D0 3F05926D
008D4 40E7E136
008D8 406EE0B7
008DC 4107662E
008E0 3F3FA632
008E4 4007F61C
008E8 4083BE9B
008EC 40F00023
008F0 3FB82A73
008F4 3DF79E36
008F8 3FF1A851
008FC 3F9F8725
00900 3F9D0F7D
00904 40D5B8A1
00908 41188FA1
0090C 40E312A2
00910 3CEA42BB
00914 40432213
00918 4002AE3A
0091C 409FBFFB
00920 40C9DF32
00924 40DFA8CC
00928 401F6528
0092C 407FE006
00930 4088C944
00934 40465F50
00938 40E21824
0093C 4116656A
00940 4041726E
00944 409ECC2D
00948 3F636A3C
0094C 40999F0F
00950 40D3D234
00954 408306A8
00958 410DCFC9
0095C 40ED5F0B
00960 409434C8
00964 40839788
00968 4112B648
0096C 40E52EB3
00970 40A38265
00974 40B15FEF
00978 3F41BC3E
0097C 3F06F84D
00980 40C716E7
00984 40900179
00988 40963CDD
0098C 406563ED
00990 40ACBAA3
00994 40D321D0
00998 4016A5D9
0099C 3FB77EA2
009A0 40C53D95
009A4 4049855A
009A8 3EA074CA
009AC 410FF15E
009B0 400CFD56
009B4 3F970088
009B8 40E51860
009BC 3F1CA044
009C0 40FA9B38
009C4 40D9D58C
009C8 3F02EEC1
009CC 4077AD69
009D0 4052CB16
009D4 3FB1FC30
009D8 4024623C
009DC 3E4FD190
009E0 409DD003
009E4 3EB79E60
009E8 40F95981
009EC 4106D52C
009F0 40CBB17D
009F4 40DCF286
009F8 40A9C67E
009FC 41123473
00A00 40902EF1
00A04 40CA4C0E
00A08 40B6E82C
00A0C 3F8766F2
00A10 3F4BBCDA
00A14 3F907C03
00A18 40C6B9C0
00A1C 404F9A82
00A20 40F02EB6
00A24 40A656EB
00A28 40D82769
00A2C 409FFAEF
00A30 411AD5F8
00A34 40FC76F0
00A38 41003B63
00A3C 41046BF7
00A40 40D0429A
00A44 408DAEEB
00A48 4047C2BA
00A4C 3F2B92DC
00A50 3FD20EA8
00A54 406F35AF
00A58 40C93DF6
00A5C 401C9C99
00A60 41189875
00A64 40D8E3D3
00A68 411E4A59
00A6C 4112D981
00A70 40C1C5AA
00A74 40F94F9F
00A78 411159F7
00A7C 3EE04E58
00A80 410CB3F7
00A84 40E1D68C
00A88 40BEA1EE
00A8C 4040EC61
00A90 3EEC1539
00A94 40CCD759
00A98 40AD57E6
00A9C 40012817
00AA0 411B0099
00AA4 3F44C2AB
00AA8 4074B02E
00AAC 41091C25
00AB0 40F164E5
00AB4 410CB3B7
00AB8 40567526
00ABC 40B90494
00AC0 401D6A97
00AC4 40904C92
00AC8 40DA9B81
00ACC 41186525
00AD0 4102231D
00AD4 40FD8E4E
00AD8 40731493
00ADC 3FEFF478
00AE0 40F95BE0
00AE4 4091344C
00AE8 40B6E5F2
00AEC 3F736ED8
00AF0 400786BE
00AF4 40A8B2C7
00AF8 4052F001
00AFC 40AA97FD
00B00 411CDBBD
00B04 410FA572
00B08 4108EA34
00B0C 408BE24C
00B10 4113E8D3
00B14 40D65D95
00B18 4119B6FF
00B1C 40B07B70
00B20 408ABC10
00B24 410AED64
00B28 404435F7
00B2C 4103C422
00B30 40FE47D6
00B34 409DA6BB
00B38 4070E55D
00B3C 408BE7CA
00B40 41198751
00B44 41185ECB
00B48 410F7EB0
00B4C 40B614CE
00B50 40875D51
00B54 40B17072
00B58 404144E0
00B5C 40BF051E
00B60 40128507
00B64 4105A4BC
00B68 40FC65E3
00B6C 4110E08E
00B70 4117FB30
00B74 40865C7C
00B78 40665913
00B7C 3F85CF1B
00B80 3FE50D7D
00B84 3F3FD315
00B88 402928BA
00B8C 40D713B8
00B90 3FB0BB25
00B94 410BCC3A
00B98 411513D5
00B9C 401727FB
00BA0 406297DB
00BA4 410EBE88
00BA8 404C8EF1
00BAC 410B30D3
00BB0 40B60ECB
00BB4 40147366
00BB8 40C0EE11
00BBC 411D72A3
00BC0 40565DE6
00BC4 3ED1AC3B
00BC8 40DA185D
00BCC 3FF532CF
00BD0 4102E1E7
00BD4 40D7BA3C
00BD8 40FE8FD9
00BDC 40E7B609
00BE0 40DA29B5
00BE4 40BA6321
00BE8 4042907A
00BEC 40F8EAD6
00BF0 410A882E
00BF4 40E64933
00BF8 40E7F5AC
00BFC 4096D1D2
00C00 3F0C73A7
00C04 40E89B59
00C08 4113B766
00C0C 40FC814E
00C10 40821652
00C14 4001CC41
00C18 40AFCC61
00C1C 4060FD03
00C20 40A26BBA
00C24 40F583B1
00C28 4040BEBA
00C2C 40D2FF5A
00C30 41067778
00C34 40A79661
00C38 40F0DD32
00C3C 402780D0
00C40 4096599B
00C44 3EB11140
00C48 3E82A024
00C4C 40F24E4A
00C50 41063826
00C54 410630BC
00C58 40CD34BF
00C5C 40A1C24E
00C60 411EAB40
00C64 4032765D
00C68 40F3CD0B
00C6C 40BA5EB1
00C70 411EFF89
00C74 40A56633
00C78 406B2A6F
00C7C 41026B43
00C80 40FB8301
00C84 40A6E5E8
00C88 3FAC66A8
00C8C 40F5CE75
00C90 3FD8DE72
00C94 3F805A6A
00C98 3E2F0A4A
00C9C 41126A0C
00CA0 3FC589E4
00CA4 40507085
00CA8 405550B8
00CAC 407901A7
00CB0 3FCD76B9
00CB4 3FFB6542
00CB8 4031EE7E
00CBC 40EAD015
00CC0 40D90D13
00CC4 408DB4B0
00CC8 400F4CBC
00CCC 3E9F82AE
00CD0 40E44D83
00CD4 411C3A01
00CD8 40D56426
00CDC 41072252
00CE0 401F001C
00CE4 40B8FAB3
00CE8 407301A2
00CEC 40389FBF
00CF0 4033C720
00CF4 3FC32B96
00CF8 3E9500E9
00CFC 3F28BB86
00D00 40D05549
00D04 4033284B
00D08 411775A7
00D0C 3FFAE2A7
00D10 4118E041
00D14 40964636
00D18 4107157F
00D1C 3FCFFF81
00D20 3DE72763
00D24 40686543
00D28 41020D77
00D2C 4093E887
00D30 3F8B7F17
00D34 4027C29A
00D38 403AB6C2
00D3C 40492B89
00D40 3FDE0966
00D44 4055FE47
00D48 40902B63
00D4C 3F90F98D
00D50 3EC79182
00D54 41061578
00D58 40B676EA
00D5C 4007EFD1
00D60 3E43C08F
00D64 411D89A5
00D68 408AA8AB
00D6C 40EC29B9
00D70 3F363D15
00D74 4093D2AB
00D78 402D7A78
00D7C 4117C801
00D80 40F96A78
00D84 40908FA2
00D88 4115D918
00D8C 4094087A
00D90 40150AF5
00D94 3F84C89A
00D98 411ABC9C
00D9C 4101A4EB
00DA0 40B3FE4C
00DA4 41011F1B
00DA8 3FA61A72
00DAC 41198712
00DB0 40D8DFD1
00DB4 407F62AB
00DB8 40E9DBB8
00DBC 40B42474
00DC0 4038B3B3
00DC4 410458C0
00DC8 40F876D6
00DCC 3E2A3815
00DD0 400EE04E
00DD4 410FCE60
00DD8 40A1FCB0
00DDC 41018B04
00DE0 3F2D3869
00DE4 401879DA
00DE8 3FA60E0B
00DEC 3FF642A3
00DF0 40B498B0
00DF4 41115661
00DF8 3F9EAF5C
00DFC 40A44F1D
00E00 405D7C86
00E04 3FA87EC4
00E08 40A34D47
00E0C 408F5C89
00E10 40B23B03
00E14 40A64050
00E18 403B4194
00E1C 40B0357F
00E20 3FC64229
00E24 4106665C
00E28 407D65FD
00E2C 3F9F4BB5
00E30 4070ACAE
00E34 40CAEB0D
00E38 409890E7
00E3C 3F2ED586
00E40 4078B5C0
00E44 41172B95
00E48 4083831C
00E4C 411DD573
00E50 3F5C309F
00E54 40D7BD42
00E58 40CA7F74
00E5C 3FE2A35B
00E60 40C77F88
00E64 411BBBED
00E68 40495391
00E6C 4119205B
00E70 41002A41
00E74 40B834CF
00E78 40A73F58
00E7C 40909893
00E80 4062FB0A
00E84 40DBE990
00E88 40961570
00E8C 40FE94BD
00E90 403A82D7
00E94 404E4505
00E98 40A84FAC
00E9C 40ADF67C
00EA0 40ABB474
00EA4 40F521FF
00EA8 40E3C63F
00EAC 40E4D746
00EB0 40F1680B
00EB4 40BFCF77
00EB8 3F26C6E0
00EBC 40A67574
00EC0 3F849ADF
00EC4 411A9561
00EC8 40F889F2
00ECC 40D73E66
00ED0 40F7FBC3
00ED4 40B4CE73
00ED8 40B751C8
00EDC 3F7F97F2
00EE0 408EBA9D
00EE4 40802F51
00EE8 3FFD0C4D
00EEC 4109B33A
00EF0 40F57A02
00EF4 40268BAF
00EF8 40323125
00EFC 3FA64982
00F00 40E883BF
00F04 40105B10
00F08 3F904652
00F0C 3FB0A1BA
00F10 40C2484C
00F14 40F01E08
00F18 411627A9
00F1C 3FAC6A05
00F20 4093F6A9
00F24 408308A8
00F28 411304BE
00F2C 409E8F31
00F30 4083B586
00F34 40C1DFF7
00F38 3F068E2E
00F3C 4098F59A
00F40 4111D1C8
00F44 3F641266
00F48 410946A4
00F4C 3F96684A
00F50 41199F86
00F54 4017401D
00F58 40752501
00F5C 40BE8579
00F60 3F6F498B
00F64 404AFDE3
00F68 40C09CD1
00F6C 411A065C
00F70 3FF4D504
00F74 40C3D3CF
00F78 3FFFB3C6
00F7C 3FB5F269
00F80 40812A2F
00F84 3F3420C0
00F88 3F16BAEC
00F8C 4036BC2F
00F90 4006D012
00F94 409AA16F
00F98 410603B0
00F9C 40AE352D
00FA0 40A58D88
00FA4 40DA8D0E
00FA8 40848D5C
00FAC 408BD944
00FB0 3FAE8D6D
00FB4 405DAFAF
00FB8 4053ACA4
00FBC 41145316
00FC0 3EC382E1
00FC4 40E635BA
00FC8 40529926
00FCC 410C6661
00FD0 410ECA61
00FD4 3DF66C70
00FD8 4015A777
00FDC 411B5327
00FE0 40A1A3EA
00FE4 40A14368
00FE8 4106CE0C
00FEC 40E841CC
00FF0 40C6C0CC
00FF4 3F89E0BF
00FF8 40C46042
00FFC 40FCB13C
01000 4046E4A1
01004 3F6F7644
01008 3FBE9A41
0100C 40871978
01010 40163FFC
01014 40713C4E
01018 411620DD
0101C 409BB182
01020 4107E686
01024 3F97CD66
01028 3FBF76BF
0102C 3FE1A5C1
01030 40F99C6F
01034 410B64DA
01038 4001289A
0103C 4090C384
01040 3EA069C3
01044 410E2489
01048 40E6A694
0104C 40D3C4DB
01050 411E585E
01054 3FD030ED
01058 41179EB1
0105C 4111833D
01060 4087D6C1
01064 3FE2AB14
01068 408BD434
0106C 40402DFD
01070 3FED728E
01074 40450C21
01078 40C61DBD
0107C 3E56C3B3
01080 40C53C15
01084 3FC0D7E5
01088 3FCACDC1
0108C 3EA7B943
01090 40773803
01094 40A9356D
01098 410FAC11
0109C 4060E296
010A0 4112162A
010A4 40B53611
010A8 41118778
010AC 4108CB75
010B0 4082346A
010B4 40D2735C
010B8 3F8E1084
010BC 3EAADE9D
010C0 410BB7FB
010C4 41161A99
010C8 406AC730
010CC 40B5DAE8
010D0 4110EB3A
010D4 4098B3AD
010D8 40BA7042
010DC 40B73A03
010E0 4115A069
010E4 40D19238
010E8 41078DCD
010EC 410D4EF5
010F0 40A8C128
010F4 40C80638
010F8 41178DF5
010FC 407EAB01
01100 3FFF497F
01104 411AB9AD
01108 40DB199A
0110C 409F2FD9
01110 4112FB09
01114 3F056E84
01118 40FC6E52
0111C 400E4586
01120 3FB3C54F
01124 40157C1E
01128 4087CE5D
0112C 4118E8F2
01130 4005903C
01134 3EC049AD
01138 4068E4DA
0113C 4101E0E4
01140 408AF788
01144 408826ED
01148 3FA72231
0114C 41198EE7
01150 40CF4C59
01154 4118A3FC
01158 401BFBB8
0115C 404B3E92
01160 40D0BB8A
01164 40E7E825
01168 408388CB
0116C 401316CA
01170 407DE5FF
01174 3F992502
01178 4080BC86
0117C 40C4B337
01180 3E3F8364
01184 404A602A
01188 40A57573
0118C 3F17E593
01190 40DA7BD2
01194 3E9A8683
01198 40FEDC09
0119C 3FC6A56A
011A0 4108359B
011A4 40D9F6C0
011A8 40D5CDE3
011AC 40AE0E3F
011B0 3FA87FB0
011B4 3ED5E87C
011B8 3FB252FB
011BC 4014F8A2
011C0 4031DA63
011C4 40EF4031
011C8 40FE1E47
011CC 3D6FA4C1
011D0 40BE9B9D
011D4 40EE8D7B
011D8 40B3CC46
011DC 4088D189
011E0 40391492
011E4 40EB3193
011E8 40E9AE47
011EC 3F52D3BA
011F0 40DA1B89
011F4 411FFE0D
011F8 40C67110
011FC 40C48A5A
01200 40296A05
01204 40A2EA9E
01208 41107ED4
0120C 3FD3EB0E
01210 40720C15
01214 3FB868C8
01218 40D3B6C0
0121C 3F89ACE6
01220 40F1C001
01224 40EE7D29
01228 3E63D0DE
0122C 4092FDBD
01230 3FE9C6E1
01234 3F97CBF2
01238 3F288B33
0123C 4096F5FC
01240 40A48BBB
01244 4067B487
01248 4118783A
0124C 4108F4CB
01250 3FC44908
01254 4081528D
01258 4063D9DE
0125C 3FE55DC0
01260 40DE4192
01264 40B850EE
01268 410CF056
0126C 3FF51CA5
01270 3F67B093
01274 4089E180
01278 40CBD5B2
0127C 4080F387
01280 40B9CA0B
01284 40A25113
01288 40E30C71
0128C 40B06BBB
01290 40D8367B
01294 4073B88F
01298 3E81AF2B
0129C 40542E34
012A0 4034701C
012A4 411CBAC4
012A8 3FB039DA
012AC 41133336
012B0 406F0BBA
012B4 40A31F66
012B8 40DC6F5E
012BC 411725C4
012C0 4072EA61
012C4 3F7D24A6
012C8 4044258B
012CC 410EC3E5
012D0 41019E09
012D4 4052F15D
012D8 40F63B7B
012DC 40BB3257
012E0 40C2A830
012E4 40267F03
012E8 411EC755
012EC 41131F4A
012F0 40892BEA
012F4 40E572A1
012F8 40D1063D
012FC 4103F1DB
01300 3FDA5A25
01304 4061FA88
01308 40269800
0130C 3EAD739E
01310 40BEEEAB
01314 402E83CC
01318 4067D23A
0131C 4005C433
01320 4097D739
01324 3F2428A6
01328 40DA2472
0132C 40B07C00
01330 40AF6F99
01334 40CDCB9F
01338 40C8A8C2
0133C 409A969A
01340 40B7A5C9
01344 4034142B
01348 40C02CF6
0134C 410FA778
01350 41044118
01354 41041C58
01358 41045B78
0135C 40B43AFE
01360 3F94A3C6
01364 3F43ED8A
01368 402C9E12
0136C 408BDA4A
01370 40EF7A05
01374 40938887
01378 3F882ED5
0137C 3F92FE42
01380 409CB94B
01384 403E028B
01388 40C1DD6B
0138C 40552EE2
01390 3FC3BE0C
01394 40145905
01398 411BF4D6
0139C 411D068A
013A0 40CD8E2A
013A4 3EB2B992
013A8 410A3B02
013AC 40B49B80
013B0 404A6672
013B4 409895D3
013B8 40C87300
013BC 3F3449C8
013C0 3EA3BC71
013C4 4024850E
013C8 3FB22299
013CC 3F5DBD6A
013D0 3F9406E4
013D4 402A9E38
013D8 40D12A03
013DC 40D4551F
013E0 4106AE57
013E4 3F3C24FE
013E8 3F3370B4
013EC 40D91EA7
013F0 3F2FA65C
013F4 40DE4AAD
013F8 3FBC9A99
013FC 403228CF
01400 40DEF15A
01404 40D163B2
01408 40FD3353
0140C 409167CD
01410 401343D7
01414 3F95076B
01418 4103A235
0141C 3FF6449C
01420 4111A727
01424 4097442D
01428 3EFC33DD
0142C 40B965A0
01430 402794CA
01434 409B3D55
01438 40E0491C
0143C 4097F540
01440 40CBDB5A
01444 40CF5A8C
01448 40431A97
0144C 40FD0AE8
01450 40E0D697
01454 40A6EEA9
01458 40AC3886
0145C 40D5C99D
01460 3F0C2117
01464 40E992D3
01468 40FEAC1A
0146C 3E048A24
01470 40DB8E05
01474 4080DA07
01478 3F3A040A
0147C 3FD9FEA5
01480 403CEA6E
01484 3EE15944
01488 40AC8DA8
0148C 40DC2FBD
01490 4109D485
01494 40784DFC
01498 40583610
0149C 40A9E148
014A0 3FFAF959
014A4 408D9C2F
014A8 40A89862
014AC 4061CDA0
014B0 3F8FF8A1
014B4 40AEA52B
014B8 4095ECC4
014BC 4119CBB0
014C0 3F89F673
014C4 40EA50D4
014C8 40A9654B
014CC 40D2F707
014D0 4113912C
014D4 411BEAD2
014D8 41138EBA
014DC 40946E0B
014E0 40B90A55
014E4 410C00A6
014E8 3FF31AD6
014EC 410BA220
014F0 3F0CEB12
014F4 3D1CF2C8
014F8 409C4CFE
014FC 409DDA17
01500 411491BF
01504 3F8FCB65
01508 40396173
0150C 40A1FBD1
01510 4110CED3
01514 3FA0F341
01518 40235680
0151C 40A690BA
01520 401A1124
01524 410DC392
01528 400D3341
0152C 3FBB9BBC
01530 3FC79E5F
01534 41151712
01538 4039EABC
0153C 411269A5
01540 3FA855A3
01544 4103153F
01548 40E9B05E
0154C 40B4276F
01550 40C1DF84
01554 410D42E8
01558 3EFE950E
0155C 41077745
01560 3F3F5979
01564 4111200D
01568 404AA338
0156C 40B9EEFE
01570 3F9CEEE7
01574 40CC76C2
01578 403E19F4
0157C 411DCF71
01580 40EE0824
01584 40ABE5B4
01588 40182F12
0158C 4007412A
01590 411784D9
01594 3F80FE95
01598 40D9B9D4
0159C 40E4E644
015A0 40C618AA
015A4 40953FA9
015A8 408C5DB7
015AC 410DB647
015B0 3EA59394
015B4 40A9B7F5
015B8 3FA23B38
015BC 40A0C8E9
015C0 40855A6D
015C4 40CB0BB2
015C8 408CB0CB
015CC 4080EACE
015D0 3EABC6AB
015D4 40B9F563
015D8 400252FA
015DC 3F80F6E4
015E0 40F6A035
015E4 4113B4E4
015E8 40552E39
015EC 4110B344
015F0 4111C206
015F4 3FDB1FAC
015F8 40BBE0D1
015FC 411120DE
01600 400FA5F7
01604 404B1C43
01608 4027BEAC
0160C 410AA21C
01610 40B9B318
01614 40A8F8A2
01618 40D6442D
0161C 41011633
01620 3E22EBD5
01624 402243F9
01628 4089B61B
0162C 411876DD
01630 4117A19F
01634 40E3E1B7
01638 410A840B
0163C 40CE6536
01640 40345821
01644 4104ED57
01648 3FEC793D
0164C 40552111
01650 40A8A9C5
01654 40CBF6A2
01658 40DF6D1B
0165C 3CC6F566
01660 40B0F190
01664 400C8F41
01668 40F3060B
0166C 40B348B5
01670 4108E2AC
01674 40BA0F3C
01678 40629134
0167C 3FB341C5
01680 40EBEA95
01684 40E030CA
01688 40FB100C
0168C 411B2060
01690 40EC4F57
01694 40FA562E
01698 4041AE39
0169C 40AF210E
016A0 40B558F3
016A4 4024531E
016A8 3EE9E94F
016AC 3FFEADFD
016B0 40A665D6
016B4 404745B5
016B8 40C07079
016BC 3E29C165
016C0 4111408E
016C4 3F4AFAE3
016C8 40B3152C
016CC 3FC37BCD
016D0 40DB2D0F
016D4 40E215CB
016D8 3F9C866E
016DC 4095A8B5
016E0 40C679C4
016E4 40034095
016E8 408C2DA8
016EC 3F725699
016F0 410095FF
016F4 40DCE12A
016F8 40B2C5E8
016FC 40A80CB5
01700 40D93CE4
01704 40DC0A42
01708 40099729
0170C 408EA7A1
01710 3FD06306
01714 40FD061C
01718 4016D46A
0171C 3FD1FE86
01720 40944856
01724 410F083E
01728 411ADECA
0172C 41134FF2
01730 40DE1189
01734 41081158
01738 40D12F40
0173C 4090A4F0
01740 40ED6C12
01744 411C251F
01748 401371EC
0174C 3F82DAE0
01750 3FE7650A
01754 411F2ADF
01758 4061CBC6
0175C 40E20F87
01760 41022172
01764 400925F4
01768 4087DFC5
0176C 401CB584
01770 40E209A6
01774 4033A33F
01778 4034A46A
0177C 3F8B89A0
01780 40FC9594
01784 41167DFB
01788 402D0BBE
0178C 408A27BE
01790 41127E5A
01794 40B31579
01798 4009A16D
0179C 408EFAD2
017A0 3FDFB3B5
017A4 407ED31D
017A8 40BCB686
017AC 40ECC83A
017B0 40C6CC20
017B4 40B94239
017B8 40C16D1E
017BC 4006F934
017C0 40FF35E8
017C4 405477E0
017C8 40C9B6EA
017CC 41092A0C
017D0 40B91630
017D4 411CA2D6
017D8 410028FF
017DC 40908A9A
017E0 4117F677
017E4 3F0E8AB2
017E8 400CFDC0
017EC 40D56B45
017F0 410FDB31
017F4 4070BDA1
017F8 40599665
017FC 3F8A0143
01800 3EEB03C9
01804 40E3279A
01808 40A4F2E9
0180C 40C4C249
01810 4092AF93
01814 3F083777
01818 40F4071C
0181C 40A5A463
01820 40A625CC
01824 3FC3E762
01828 3E31D667
0182C 3EFD843E
01830 410EA557
01834 401E6ADB
01838 410BA346
0183C 403140BB
01840 404247DD
01844 40A846D0
01848 40526A2C
0184C 3FA4FA32
01850 40BA439E
01854 40A1A378
01858 4117FF5D
0185C 410EB7F5
01860 40544424
01864 406AFA11
01868 40F54E2B
0186C 403DE674
01870 40944DAA
01874 40CB9A72
01878 4093127C
0187C 40F59D2B
01880 4112E48D
01884 3F2199B4
01888 3C93F652
0188C 410759F1
01890 40C21AB8
01894 40C95BAB
01898 3FA0F2E8
0189C 4054FA2C
018A0 40F98F77
018A4 40DDA104
018A8 3F2AB472
018AC 40A9A440
018B0 40EFB943
018B4 407B4E52
018B8 3FDE5101
018BC 40F19BC7
018C0 400AF982
018C4 410E63CA
018C8 40F75989
018CC 4116932D
018D0 3FEC540B
018D4 4038C549
018D8 40313182
018DC 40ABBFE2
018E0 402DBC5E
018E4 41008ED4
018E8 3FE24921
018EC 40E280C3
018F0 3F29E279
018F4 40001072
018F8 3F549295
018FC 3EF3F520
01900 40FDD1D1
01904 3FD4A47E
01908 40938DD4
0190C 40DDDBD4
01910 40D9A566
01914 40F720B2
01918 4102493C
0191C 3FD489D7
01920 3F4C8DDA
01924 4011CBC8
01928 411B3DDC
0192C 3F9D7A4B
01930 4106205E
01934 40C11567
01938 40534B17
0193C 41172302
01940 40654F24
01944 409BE961
01948 40F92021
0194C 4090007F
01950 3E060CD3
01954 3F88C2E7
01958 3D4FAD25
0195C 3FE2EF5A
01960 41153912
01964 408FB984
01968 411322AC
0196C 40954833
01970 40F78235
01974 40B11377
01978 40B31AB2
0197C 40F21701
01980 3FFF7AEF
01984 40CAE440
01988 410D14B7
0198C 3FCC2EF7
01990 406FD6DE
01994 40EA55B1
01998 40688C55
0199C 3F308683
019A0 40ED3896
019A4 4034AAD8
019A8 409D50B9
019AC 4030A20D
019B0 40AF1D3C
019B4 40E561A6
019B8 40FBA3E0
019BC 40D43A67
019C0 4044C53F
019C4 41059B5B
019C8 41198714
019CC 3FB59C8C
019D0 40AF5E63
019D4 403C66A2
019D8 40D39443
019DC 3E2A7C0F
019E0 411A40EE
019E4 406AD5F7
019E8 3F5F047F
019EC 40ED1AE1
019F0 40C93E33
019F4 3DC33BE7
019F8 41104179
019FC 4092C383
01A00 40D2CC79
01A04 40908498
01A08 408FAA82
01A0C 3FE5BAB4
01A10 408A323E
01A14 4118AF6D
01A18 406772EB
01A1C 40B3A66A
01A20 3F7F7720
01A24 3E838C2B
01A28 408CBBC1
01A2C 40CB6237
01A30 3FF5237C
01A34 403F65C5
01A38 411FB994
01A3C 40FB7665
01A40 40D8C696
01A44 40ACE3CF
01A48 409D1C2A
01A4C 3FF27E9E
01A50 408B186B
01A54 40B82B85
01A58 409C799F
01A5C 40CB451B
01A60 3ED35A46
01A64 4119DD00
01A68 3E2EBE93
01A6C 40C8862C
01A70 3FA306C0
01A74 411A8721
01A78 41056F1D
01A7C 3FF210C9
01A80 409A8A17
01A84 4110E368
01A88 40A39EF1
01A8C 408AEABB
01A90 4110015F
01A94 410E7F7F
01A98 40DD2148
01A9C 40946838
01AA0 40F41D6A
01AA4 4101D440
01AA8 40B5E6CD
01AAC 40C1D5FB
01AB0 3FDF590A
01AB4 411C2802
01AB8 411F432E
01ABC 3FDCFDF2
01AC0 4085F321
01AC4 411EE7AA
01AC8 40F8C9E5
01ACC 403DA78C
01AD0 3FAB9D5A
01AD4 408D522B
01AD8 4032B289
01ADC 40F7A3B8
01AE0 3F7CA08E
01AE4 404907DE
01AE8 40D4E9A4
01AEC 40F2F40B
01AF0 40A68680
01AF4 4116F205
01AF8 4077E2D8
01AFC 402FB1E7
01B00 3F9E9270
01B04 40304EEA
01B08 40A5F661
01B0C 41067BD3
01B10 411512ED
01B14 3FF0175D
01B18 410BB585
01B1C 410706C0
01B20 404C135F
01B24 411E01DA
01B28 411553FB
01B2C 4105C5FF
01B30 400F7AB5
01B34 4081842B
01B38 40DD32FF
01B3C 4033217A
01B40 40D888D5
01B44 411F7261
01B48 40DE9181
01B4C 3FAEBF1E
01B50 40E8C946
01B54 3FA97177
01B58 40D48199
01B5C 40157C52
01B60 40A061DA
01B64 40E3791E
01B68 401FA2B4
01B6C 40D122D6
01B70 410E60AD
01B74 3EB5AB27
01B78 40340E3F
01B7C 3F8CC3E9
01B80 3E962EEC
01B84 3F6446FD
01B88 4012B6D9
01B8C 3ED036BB
01B90 4065C857
01B94 40B4C1DB
01B98 41131184
01B9C 4080020D
01BA0 40328D60
01BA4 408ACD65
01BA8 4075B513
01BAC 40EDA192
01BB0 409A4FEC
01BB4 40B492F3
01BB8 40C28893
01BBC 3FB8E9FA
01BC0 40358245
01BC4 40DDA27A
01BC8 3EB509AB
01BCC 40DA2732
01BD0 4119FCC2
01BD4 4058A934
01BD8 405E9874
01BDC 3FCCB250
01BE0 41105DD9
01BE4 40903916
01BE8 40363A08
01BEC 3FEA7157
01BF0 40B6E6D3
01BF4 4102F767
01BF8 41046F71
01BFC 41126870
01C00 3F2906D7
01C04 403FCB3B
01C08 40376AFA
01C0C 3EDB88BF
01C10 3E5532B0
01C14 40137EC4
01C18 401252C3
01C1C 4035581B
01C20 402760C4
01C24 40EA0AD0
01C28 3F2EEB30
01C2C 411A94D9
01C30 40589A56
01C34 4098BE0C
01C38 40BBD24B
01C3C 4119CEE5
01C40 409163E0
01C44 4117D842
01C48 3F9489D7
01C4C 40EE9904
01C50 40F64C61
01C54 407536BE
01C58 4094FE39
01C5C 409ECC6F
01C60 40B08DFF
01C64 40B1F120
01C68 3F5EFD03
01C6C 409AD29A
01C70 3E9D1110
01C74 40442EFA
01C78 403D59A5
01C7C 40DF67CF
01C80 3FBBD4A4
01C84 3C8662E5
01C88 3E785B2F
01C8C 40867BFA
01C90 3FF6D293
01C94 403FE767
01C98 40E4E0AF
01C9C 40D6EA82
01CA0 4101983F
01CA4 3F078ADB
01CA8 40E02F2F
01CAC 40AF4667
01CB0 40F056EA
01CB4 4075669E
01CB8 40B88083
01CBC 409F9BCF
01CC0 411BCF9C
01CC4 3E6AF0F2
01CC8 404AFD77
01CCC 3FFD2F07
01CD0 411A2C5E
01CD4 407189D8
01CD8 4115B136
01CDC 40C6ED2D
01CE0 408C4BB6
01CE4 410869F7
01CE8 40ED15D5
01CEC 40AC5988
01CF0 3F15D783
01CF4 401F4E38
01CF8 3F14A0C4
01CFC 40E54830
01D00 4061E2FD
01D04 406CBB66
01D08 40DE24FA
01D0C 406B8AFE
01D10 4059EDF2
01D14 40378A5E
01D18 409F80F1
01D1C 3FD65FE2
01D20 40CEF310
01D24 40F18009
01D28 4073C96E
01D2C 40B93E79
01D30 4115E4F0
01D34 4111664F
01D38 41057F2A
01D3C 3EB08DE4
01D40 40DE68B9
01D44 409977DE
01D48 407B9523
01D4C 4094AB21
01D50 4058D9E7
01D54 4026503D
01D58 41154F7F
01D5C 40C3A769
01D60 3FACFFEF
01D64 3F445D38
01D68 4019886F
01D6C 3FA3FA67
01D70 403E8242
01D74 3E56D9A8
01D78 410776B0
01D7C 411C73C5
01D80 409C68FF
01D84 4086A110
01D88 403ED23C
01D8C 3F32BB2A
01D90 409D273E
01D94 3EDAA470
01D98 40E1F274
01D9C 40CFB490
01DA0 4104903E
01DA4 403C5DDC
01DA8 40AD265A
01DAC 4087FAC2
01DB0 40BB6527
01DB4 411EE9FB
01DB8 3FE4992A
01DBC 3F12C8DC
01DC0 402883BB
01DC4 40E89C8A
01DC8 3EB7A33D
01DCC 40C059B5
01DD0 40C205C1
01DD4 40C7DB99
01DD8 3FA08E42
01DDC 403103DD
01DE0 40DE11CE
01DE4 40995813
01DE8 3EA991E4
01DEC 3ED9AF93
01DF0 3FBFD9C3
01DF4 40EF1AE4
01DF8 3F4532ED
01DFC 40BA3250
01E00 3FEA7318
01E04 408C9A3E
01E08 40A03178
01E0C 3EAC33E2
01E10 40FB1BE5
01E14 40B88461
01E18 3FAECA5D
01E1C 403C3C93
01E20 3D89D044
01E24 40018D13
01E28 40569AF8
01E2C 411AAAE7
01E30 4045095E
01E34 40175D65
01E38 3D9C8463
01E3C 40A8ED14
01E40 40FF29AB
01E44 40AA5BC5
01E48 403E6809
01E4C 40D9D421
01E50 40A22889
01E54 4115E008
01E58 3FB144F9
01E5C 41005C0D
01E60 4105E646
01E64 401D58E4
01E68 3FD11CCD
01E6C 410C5C56
01E70 3F016F06
01E74 40417B04
01E78 4097925B
01E7C 4080FCC7
01E80 40D116CE
01E84 40FAD5C9
01E88 40C7484A
01E8C 402E85CD
01E90 4107C80E
01E94 40EB6A00
01E98 404F9432
01E9C 409A4D9B
01EA0 410D4FDB
01EA4 40B21C67
01EA8 40E258DB
01EAC 4028A1B7
01EB0 40DEE994
01EB4 40F45FDA
01EB8 40D3C064
01EBC 4102A6F1
01EC0 405E4C0D
01EC4 3F55F51D
01EC8 41180206
01ECC 41113E0E
01ED0 40E26450
01ED4 40415C4B
01ED8 40A75C65
01EDC 40860AFE
01EE0 40C6230F
01EE4 40A2C927
01EE8 41118DDD
01EEC 40455357
01EF0 3FBE7E16
01EF4 4098FB0E
01EF8 40DDDD75
01EFC 3F75BE56
01F00 404E3320
01F04 40982041
01F08 3E1C2C7C
01F0C 40D467EF
01F10 40817EF5
01F14 409832FE
01F18 4113DD94
01F1C 4080FAB5
01F20 40ABB203
01F24 41002CC6
01F28 410E3C4D
01F2C 40F5A708
01F30 4087BD6D
01F34 40C1B90C
01F38 40CAC4C7
01F3C 40A519F7
01F40 40B3DA40
01F44 40848027
01F48 40DCA601
01F4C 41009161
01F50 40CD730C
01F54 411FDDA9
01F58 411A1454
01F5C 404C2D23
01F60 3FBC7C8B
01F64 4105EF04
01F68 404A6060
01F6C 3FA60B45
01F70 3FDB02BB
01F74 4091EBC4
01F78 40E8C46E
01F7C 4119F30F
01F80 40AF5451
01F84 400AD4B3
01F88 410DB3B1
01F8C 40C85EC0
01F90 40EDB828
01F94 401281B4
01F98 4112618A
01F9C 409BD2BA
01FA0 40EF1AE6
01FA4 40150404
01FA8 41007A04
01FAC 3F83DF8C
01FB0 40427F38
01FB4 3FC0312F
01FB8 40F03260
01FBC 40C130AE
01FC0 40B8104E
01FC4 408D3E5A
01FC8 4061815D
01FCC 40E85640
01FD0 411AAB44
01FD4 40ECD409
01FD8 3DA6272E
01FDC 3DB1A369
01FE0 40538AD0
01FE4 40C25E37
01FE8 408B9C2F
01FEC 40EB32DA
01FF0 40E6A365
01FF4 4006E709
01FF8 40580381
01FFC 4091149E
02000 41461DAC
02004 3FB8A555
02008 40852A58
0200C 411DD69C
02010 41443277
02014 4108BAFC
02018 41775760
0201C 414E6303
02020 418D5BB3
02024 412465CC
02028 40E45C21
0202C 4112F934
02030 4186789C
02034 413A716A
02038 411E87C8
0203C 40E1727C
02040 40FEEA2D
02044 41181D7E
02048 41791828
0204C 41068726
02050 413FE1FC
02054 40F58EF8
02058 41215519
0205C 4129E974
02060 40D4FA9A
02064 407BED55
02068 415ACAF3
0206C 40557447
02070 413861EA
02074 412898B5
02078 41223D48
0207C 410990A1
02080 40DBC180
02084 40B4532C
02088 412AA8C8
0208C 3FC59929
02090 411E7386
02094 41203FC3
02098 41182DD0
0209C 4085B0A6
020A0 4129C9D5
020A4 41303710
020A8 41916ADD
020AC 415179F2
020B0 408DC97E
020B4 41107716
020B8 40F315EA
020BC 40FCD7D5
020C0 414C2F72
020C4 414BD226
020C8 4156E539
020CC 40BC3BB2
020D0 415379CF
020D4 40C1A08F
020D8 4137BB2B
020DC 412F5FAC
020E0 41924ADA
020E4 41436082
020E8 41126AD3
020EC 4180A91E
020F0 40BDB7E2
020F4 40FEF9D6
020F8 417868FD
020FC 413CE0F8
02100 40849792
02104 41479AA4
02108 40EC6474
0210C 4111897F
02110 4195FA2A
02114 4010CA78
02118 4186ADB6
0211C 40888D22
02120 3FC76BFE
02124 41247EDA
02128 40E397C8
0212C 411FC33A
02130 40C9F67A
02134 407C235C
02138 40CA2E14
0213C 415EA404
02140 408E75F5
02144 4104594F
02148 40B323B8
0214C 4154D387
02150 4121C91E
02154 414DF233
02158 40725879
0215C 41009A9C
02160 41739BBC
02164 415405D8
02168 41494AA0
0216C 40E4110A
02170 4130057D
02174 410AF96E
02178 41460CF0
0217C 41186BA4
02180 41142FF4
02184 407669B4
02188 4141CC37
0218C 3F597D54
02190 41613FD0
02194 40646534
02198 412229AD
0219C 401AAA5C
021A0 411A2050
021A4 41162AD2
021A8 41371528
021AC 4111D0C4
021B0 412FAD7D
021B4 40C07DF2
021B8 40E36B70
021BC 410783E4
021C0 4147BA15
021C4 40F73595
021C8 41100297
021CC 40E79668
021D0 40C48E88
021D4 417790BE
021D8 4168A248
021DC 408F932A
021E0 4112599D
021E4 411CA9C5
021E8 4161CC4F
021EC 4007DB71
021F0 41384B72
021F4 414A2EA8
021F8 412A15B1
021FC 416B920C
02200 40B8C658
02204 412A210C
02208 41499C13
0220C 410C0739
02210 40867DA7
02214 41170E7F
02218 416DBF0E
0221C 409A9F5A
02220 4132896A
02224 412AC030
02228 401698A1
0222C 4158087E
02230 412A3335
02234 400CFBD6
02238 4126DC0B
0223C 40F1BBBA
02240 415606F8
02244 408F00A8
02248 41258A79
0224C 410F4FE0
02250 40EB9C47
02254 41554728
02258 40EC7BE9
0225C 40741D93
02260 40FD9D15
02264 4151664A
02268 4141D8E3
0226C 40FE844C
02270 412A6287
02274 4156862D
02278 41603474
0227C 40DDA4F6
02280 413137BD
02284 411D8BC0
02288 411B616E
0228C 4125A5E6
02290 4114BF76
02294 4111ABCD
02298 4085B3E8
0229C 41025626
022A0 4136BBD0
022A4 415104C3
022A8 4102C3B6
022AC 41153F65
022B0 40DC640A
022B4 40F020F6
022B8 418349E6
022BC 4166EC0B
022C0 40A07365
022C4 41076D52
022C8 41293531
022CC 41705C33
022D0 4182ACD2
022D4 40DCD74E
022D8 40FCB5C7
022DC 40F3F43C
022E0 41726EA1
022E4 4147AD5D
022E8 4158C7DF
022EC 418E4BC8
022F0 411F0D96
022F4 41687DED
022F8 415650F6
022FC 415114E4
02300 4125DE62
02304 411CE9BC
02308 408384AA
0230C 40CCAEC7
02310 41164E2F
02314 4117AF08
02318 4150C8EC
0231C 40426BAC
02320 41504A0A
02324 40CA1EC6
02328 412BDE9B
0232C 416649FC
02330 4125C2AF
02334 414091B6
02338 4135EA3A
0233C 40C59470
02340 40E13CD4
02344 40E4F1EE
02348 4129E7B0
0234C 418ABBC4
02350 410E93A4
02354 410A8668
02358 41666AA8
0235C 411B6862
02360 40AC138A
02364 40E7686D
02368 40F6E836
0236C 4107F611
02370 4189E552
02374 4135A184
02378 401CB468
0237C 410EEC16
02380 40FE201C
02384 40E11B5A
02388 411ED267
0238C 40A41CC1
02390 412884FE
02394 40E8B7D4
02398 41256008
0239C 416A3592
023A0 41152E8F
023A4 4115ABE8
023A8 4185075A
023AC 40EBF7B2
023B0 4110437C
023B4 40D849A2
023B8 4174BC16
023BC 40BEE76B
023C0 4102B241
023C4 41256D52
023C8 4029569F
023CC 40673140
023D0 41218CB2
023D4 40EB5D84
023D8 416AF920
023DC 4142FA92
023E0 41435E2C
023E4 409BD207
023E8 3FCC6D5E
023EC 41484A2E
023F0 40D58B5A
023F4 41868E51
023F8 40DCAD73
023FC 40E98F40
02400 412BAA07
02404 414BDDE2
02408 41469BE1
0240C 40DC09A4
02410 40FA7C56
02414 40BB0306
02418 4161EEAA
0241C 4087F870
02420 41969FEE
02424 4131B060
02428 40A6B669
0242C 415A2290
02430 4148EBC4
02434 40A27964
02438 4143F6D9
0243C 413DD48A
02440 4130CAEC
02444 41195571
02448 40A6EBAE
0244C 4187F5F9
02450 414A937C
02454 4170A396
02458 4132309E
0245C 4178FC12
02460 40F881F9
02464 41812C41
02468 414ECD26
0246C 411037B4
02470 4178BFA6
02474 410BE7FD
02478 410A9394
0247C 408410EC
02480 40A3DEFF
02484 40EC7218
02488 40B6C39C
0248C 41303E50
02490 4188ED42
02494 4130F6FE
02498 414E2E7C
0249C 414A580F
024A0 40A9F0EC
024A4 414B24BA
024A8 41438338
024AC 40ADECC2
024B0 4115CC7F
024B4 415BF166
024B8 4156E5A5
024BC 418E495A
024C0 40EFF1D3
024C4 411D9F82
024C8 412C24A9
024CC 40DFA33E
024D0 4124090A
024D4 418CE0BC
024D8 41948CEA
024DC 40C6CF64
024E0 417A712E
024E4 418556D0
024E8 406AD1DE
024EC 418D25CB
024F0 40E27958
024F4 3F2648D0
024F8 410F809B
024FC 4169C752
02500 41849765
02504 40B62BA8
02508 40B3881C
0250C 40FA82FA
02510 417C94B6
02514 403B9280
02518 40554298
0251C 410CCDAB
02520 4134F036
02524 416CA148
02528 412E744E
0252C 406BC8FA
02530 404AE185
02534 4129D912
02538 409B6EAA
0253C 412DAA7D
02540 412F8E95
02544 412D0C6E
02548 410C2976
0254C 415B3C72
02550 40CD9905
02554 410E9644
02558 40E6C10D
0255C 410CA0A2
02560 4037F1DC
02564 4140B6EF
02568 40B49A0A
0256C 410DA073
02570 412E4977
02574 4118F2A6
02578 405E6356
0257C 419DB790
02580 41462DF0
02584 40EBE5D6
02588 40ADEAA2
0258C 40E38E12
02590 4137A7C1
02594 40F637FA
02598 40DEDEB2
0259C 4183A48C
025A0 40F04221
025A4 410F8CD4
025A8 40D16D9A
025AC 4143DC50
025B0 410E19CC
025B4 4174B242
025B8 409E76C0
025BC 4126805A
025C0 40BA873E
025C4 413E8DEC
025C8 40F2D722
025CC 41333584
025D0 4105D547
025D4 416DD944
025D8 41059D77
025DC 410111DC
025E0 4159F4BC
025E4 4197B754
025E8 40AF0F1A
025EC 4125A196
025F0 4152643A
025F4 408F22D5
025F8 40FB8E7A
025FC 414563F5
02600 40D5334E
02604 40E8A9A8
02608 4110AD9C
0260C 418782A0
02610 41513A9F
02614 40E23DCA
02618 418064D7
0261C 417EA474
02620 4081DA68
02624 4073DFAE
02628 412B7CC2
0262C 415D2328
02630 41793654
02634 418838C8
02638 412DCAB5
0263C 4109645E
02640 4121FF76
02644 410A94C2
02648 409F2562
0264C 4152FFBB
02650 40EEECFB
02654 41100106
02658 40E5D767
0265C 3FC04400
02660 4100C1C3
02664 41185D46
02668 4103BE87
0266C 412C7510
02670 418C9582
02674 41694906
02678 408F301C
0267C 40C5B803
02680 414C6DAE
02684 417A7EBD
02688 4101FD9C
0268C 4126FE16
02690 40F2ABE9
02694 413869D6
02698 40E4723E
0269C 4129A1DD
026A0 413AB078
026A4 4084881F
026A8 40C2E71E
026AC 410752AE
026B0 414DFACC
026B4 412E6244
026B8 417D0D84
026BC 40A2FE49
026C0 4111CA73
026C4 4108E5E8
026C8 4157EBBC
026CC 41001879
026D0 413D93AE
026D4 4173E514
026D8 411C328B
026DC 40BB3801
026E0 40FED92F
026E4 40A01F02
026E8 410EE7A3
026EC 410A292C
026F0 41143394
026F4 40F2C29E
026F8 41130E2E
026FC 41076E50
02700 41228016
02704 412AE47C
02708 40DE6D24
0270C 410E772C
02710 41175713
02714 41871DD8
02718 41171D9A
0271C 40D3D03A
02720 410103D0
02724 41607E2D
02728 415CCDEB
0272C 41872994
02730 41665F34
02734 418C9629
02738 41260347
0273C 410362AC
02740 40F60095
02744 4164A0D7
02748 40CE6761
0274C 40BB5C5E
02750 40657604
02754 417A4DC1
02758 40DBDBAB
0275C 41466927
02760 41862A58
02764 40D4BCBA
02768 4153B570
0276C 411DDC97
02770 4146D164
02774 40648BA2
02778 40F6B06D
0277C 40BB5D12
02780 41613A72
02784 4172BB17
02788 40C2CBDF
0278C 40A16AA9
02790 415804D3
02794 4119CDA5
02798 404EE983
0279C 414E5513
027A0 411BF7B0
027A4 41512FB7
027A8 4163D5B9
027AC 410A4FDC
027B0 417297DE
027B4 41225ED4
027B8 414DA09A
027BC 411FEE32
027C0 418DC4E0
027C4 4083097E
027C8 4138E4CA
027CC 4126A930
027D0 41023B26
027D4 4155DEBC
027D8 4175B122
027DC 411C3B62
027E0 4169D0C0
027E4 4079EFA0
027E8 41367C83
027EC 413DA657
027F0 41876FF0
027F4 414CE940
027F8 40DD3A4E
027FC 3F8EB187
02800 40159CB8
02804 41833548
02808 413726C8
0280C 4144E599
02810 41039908
02814 40EF87B0
02818 413EE8F3
0281C 41695D48
02820 414065EA
02824 401C0959
02828 3F160FB8
0282C 411542C7
02830 414E275E
02834 408F1399
02838 415FFF84
0283C 407A9C86
02840 405A1168
02844 40D38D00
02848 40DD3828
0284C 403856F2
02850 4147AB5C
02854 410781D7
02858 41866375
0285C 416347C8
02860 40BF62BB
02864 4128FBCA
02868 4125D3A0
0286C 40816CE4
02870 41076024
02874 41067A7C
02878 41451118
0287C 41459132
02880 4181C242
02884 3F7DFCBA
02888 4108CD59
0288C 418B89BA
02890 40D7B409
02894 40E2E9E7
02898 40E47D8C
0289C 41393ABD
028A0 411F8A95
028A4 411C0E89
028A8 40DF8D29
028AC 415F1A65
028B0 415FDF34
028B4 415907E2
028B8 41107C3D
028BC 4129E543
028C0 4103159B
028C4 412B7AE0
028C8 411AEF7B
028CC 41943058
028D0 40178EA1
028D4 412221ED
028D8 40D0091C
028DC 415D461F
028E0 405DA5EA
028E4 41228C5B
028E8 40BC50E3
028EC 41694073
028F0 40068DD8
028F4 4007CD64
028F8 402DF8CE
028FC 3FDC846D
02900 41128AD8
02904 410570E0
02908 4162568B
0290C 4160773B
02910 40DA8FA8
02914 412C58DE
02918 4122F4CA
0291C 40D4E271
02920 40E370ED
02924 41144758
02928 41431726
0292C 40A74E96
02930 414A8500
02934 41122288
02938 4125DED8
0293C 4196C436
02940 40D360C9
02944 411D5AC7
02948 410AC6B4
0294C 4114CFC7
02950 40D8029A
02954 40A53762
02958 410E9F76
0295C 41130D71
02960 415F5376
02964 4109A886
02968 4192EC7A
0296C 413D3B73
02970 414D824D
02974 413139B3
02978 40CB523A
0297C 41017B05
02980 41037AD1
02984 412D72DC
02988 41583326
0298C 40A5BDB4
02990 41125309
02994 415EBBC0
02998 40BF9917
0299C 4007E0F2
029A0 41593B16
029A4 40BF1819
029A8 40A75806
029AC 413C19E1
029B0 40F59BE7
029B4 410590E4
029B8 41705E20
029BC 40E7CE70
029C0 412E7EEC
029C4 41728621
029C8 4121B600
029CC 40A93DD8
029D0 410C61F7
029D4 408AB25D
029D8 4112E2B0
029DC 3EBD26D0
029E0 416928F0
029E4 4080E4E2
029E8 410A9D08
029EC 417D629C
029F0 414A77D8
029F4 40DFFF76
029F8 416524B8
029FC 415B9634
02A00 41317DB5
02A04 412D6853
02A08 41234957
02A0C 403690D3
02A10 40A3A9D9
02A14 412ABEED
02A18 411D399B
02A1C 410DB9D6
02A20 41080ECD
02A24 40AE8FAE
02A28 41327195
02A2C 4135AE93
02A30 41397A68
02A34 412E14E9
02A38 418FFA7C
02A3C 41811395
02A40 41548498
02A44 411D495D
02A48 41007EC4
02A4C 40242406
02A50 40BF9C15
02A54 4117E32E
02A58 4132DBCA
02A5C 410CC9B4
02A60 411F3347
02A64 41832775
02A68 41210553
02A6C 41771C97
02A70 40EA875A
02A74 418B9778
02A78 418B648A
02A7C 40151230
02A80 4159F902
02A84 4180E757
02A88 41312070
02A8C 40EB60EC
02A90 41176209
02A94 4174EB2C
02A98 41453C97
02A9C 40D4FC44
02AA0 418A87A7
02AA4 410E206A
02AA8 41181F72
02AAC 416A0722
02AB0 41149D94
02AB4 41946DDC
02AB8 4154E078
02ABC 40F04410
02AC0 40D4A86C
02AC4 41670DF3
02AC8 4169B2B3
02ACC 4147CF08
02AD0 411796C8
02AD4 4145703C
02AD8 40D2E38E
02ADC 4119D06B
02AE0 410C77F9
02AE4 40F5B83B
02AE8 4145E7CB
02AEC 4108B0F3
02AF0 40EA49DF
02AF4 416B4B68
02AF8 40E5696C
02AFC 41013878
02B00 4130AE0B
02B04 413BB92C
02B08 415BE564
02B0C 414C6CF9
02B10 41947DE0
02B14 410931B6
02B18 4192B642
02B1C 415F4478
02B20 40F0C5C0
02B24 4194779F
02B28 41466179
02B2C 4184C510
02B30 41230298
02B34 410F9573
02B38 412AD2D7
02B3C 40E57887
02B40 4182E5DE
02B44 419BE896
02B48 417EC770
02B4C 40E1C496
02B50 4138134C
02B54 40DBCCD0
02B58 411A9204
02B5C 4104E1A4
02B60 40E9A45E
02B64 4177614B
02B68 41261B9E
02B6C 417971F9
02B70 41932DEE
02B74 4091B72E
02B78 40CD33A9
02B7C 40094982
02B80 40054C9C
02B84 3FD20D09
02B88 409DEFCA
02B8C 40E41724
02B90 409F12F5
02B94 41662D28
02B98 419412AC
02B9C 40CB960A
02BA0 40CA929E
02BA4 4154253A
02BA8 40E12202
02BAC 418100CE
02BB0 41282F5C
02BB4 40FECCA6
02BB8 4141BB52
02BBC 41348FE2
02BC0 40C5F016
02BC4 40EABD3E
02BC8 40E568F8
02BCC 410BB9F3
02BD0 418E6F54
02BD4 4122076B
02BD8 4136EE0A
02BDC 410D714E
02BE0 417D72B4
02BE4 41254E1C
02BE8 40BC6541
02BEC 4119C396
02BF0 4165FB98
02BF4 41761C00
02BF8 41786A47
02BFC 415DD159
02C00 3F9ABD3F
02C04 4124407B
02C08 41419224
02C0C 41051CED
02C10 4088BFE8
02C14 408AA582
02C18 40F8F5C2
02C1C 40CB2A8F
02C20 40F61C1C
02C24 416FC740
02C28 406C7986
02C2C 41820A43
02C30 413C9E0E
02C34 41202A36
02C38 415657BE
02C3C 4143AF19
02C40 4113DEBE
02C44 411D60CC
02C48 3FB531E0
02C4C 417073A7
02C50 4180AF2B
02C54 41437E6C
02C58 4131197C
02C5C 4120475E
02C60 4176F240
02C64 41059627
02C68 4107D656
02C6C 412A98A6
02C70 4123E812
02C74 4103BED8
02C78 40D4420A
02C7C 41721F2A
02C80 41153C15
02C84 40A76C4B
02C88 3FCB720E
02C8C 413E2538
02C90 4067D882
02C94 40800A4E
02C98 40EA5901
02C9C 417DDF4D
02CA0 411A497C
02CA4 4072533C
02CA8 41256BC6
02CAC 4115E39D
02CB0 4111DA4C
02CB4 40B98CA0
02CB8 4108BBE1
02CBC 414535F2
02CC0 41842B13
02CC4 40950C38
02CC8 40AD251A
02CCC 401287D9
02CD0 41862990
02CD4 41589C77
02CD8 418031A4
02CDC 416A98E8
02CE0 40DBCBC4
02CE4 4164E750
02CE8 41334B53
02CEC 410454B4
02CF0 40593D01
02CF4 40807202
02CF8 3F5F2138
02CFC 40FA5FA1
02D00 4120A364
02D04 40CFF1D8
02D08 41834412
02D0C 40B47E29
02D10 414F5BBE
02D14 40F20B65
02D18 4156D5F8
02D1C 40532FB2
02D20 40D28FAE
02D24 4132D955
02D28 413EFFD2
02D2C 41269380
02D30 412754D3
02D34 413B56F6
02D38 41342CDA
02D3C 405F3D46
02D40 410AF589
02D44 41023B81
02D48 4106FAFA
02D4C 40B8E984
02D50 4071CC17
02D54 412FA987
02D58 41708AF4
02D5C 4103CFA9
02D60 3FC57801
02D64 4129CF78
02D68 40D76CE2
02D6C 410A9429
02D70 406C1187
02D74 409A8978
02D78 4132D54E
02D7C 419A1DE3
02D80 414AE9BC
02D84 410B9859
02D88 41458DA7
02D8C 40AA5FDF
02D90 40E7ACB8
02D94 3FBB71B6
02D98 4185DAEB
02D9C 41697F33
02DA0 415E8F64
02DA4 41303692
02DA8 40D6ACF6
02DAC 415D8473
02DB0 414A227C
02DB4 415EC2A6
02DB8 41118101
02DBC 40C67D90
02DC0 40B09BB7
02DC4 4178A705
02DC8 4101F885
02DCC 40C5AB76
02DD0 4104BAF4
02DD4 4173BC2C
02DD8 40CA2040
02DDC 412DCBFB
02DE0 40F3B8DB
02DE4 40E59500
02DE8 3FD07284
02DEC 40165744
02DF0 40E48F21
02DF4 418471EA
02DF8 4000A469
02DFC 412F40B6
02E00 40A95B09
02E04 40B6B9EF
02E08 4121BF60
02E0C 409A1FC7
02E10 4156AB74
02E14 412F6258
02E18 40895361
02E1C 410729E4
02E20 3FCEDF2D
02E24 4126C9A1
02E28 40EA007A
02E2C 412E945E
02E30 40DADB06
02E34 410B4CE0
02E38 409B02F8
02E3C 40BEC7C5
02E40 413DC246
02E44 416C5978
02E48 40E2B720
02E4C 41855FC2
02E50 40BDAE9D
02E54 4180DF54
02E58 40F6D0B2
02E5C 411CB078
02E60 4169A60A
02E64 41431226
02E68 4098F0FC
02E6C 4192BE58
02E70 41084131
02E74 410C7928
02E78 411F68DA
02E7C 4108CAAD
02E80 41214A2A
02E84 416B5FAC
02E88 412EAEDD
02E8C 412AEBD2
02E90 413668C4
02E94 41294641
02E98 41080CE2
02E9C 4124220C
02EA0 41632A15
02EA4 41539F33
02EA8 41630F8D
02EAC 411C9411
02EB0 416828D0
02EB4 415A17A8
02EB8 40E89940
02EBC 4155E1AB
02EC0 40904CBE
02EC4 4127F4B3
02EC8 418A2380
02ECC 417CDD41
02ED0 416D300A
02ED4 410ABE4C
02ED8 412F5716
02EDC 40A5FDFC
02EE0 412A6ED6
02EE4 41117C3C
02EE8 41312F66
02EEC 413B0810
02EF0 41128CC4
02EF4 40EC40E6
02EF8 411B7B04
02EFC 40109456
02F00 4127CEA8
02F04 40E04DC9
02F08 3FA3CBE2
02F0C 4100482F
02F10 4121E3A0
02F14 41442883
02F18 4195029E
02F1C 40AC1536
02F20 411FD456
02F24 4141B11A
02F28 4190A086
02F2C 414A1B1C
02F30 4105B97A
02F34 4141CC82
02F38 40DB968D
02F3C 411F07C8
02F40 416BBEE8
02F44 40A10274
02F48 417799A4
02F4C 41135E6A
02F50 41802C86
02F54 4145ADB0
02F58 41575D94
02F5C 41124E05
02F60 401A10A8
02F64 4138AE7D
02F68 4112E680
02F6C 412EC7C4
02F70 4067EBE0
02F74 412ADFCA
02F78 411458B0
02F7C 4130B15C
02F80 41183F40
02F84 4037DCE3
02F88 41171F60
02F8C 4111DE6C
02F90 41189018
02F94 40E3E249
02F98 418C329D
02F9C 412503F4
02FA0 414A5437
02FA4 41128788
02FA8 4142C0B2
02FAC 40ACD127
02FB0 408CE2F7
02FB4 409EE423
02FB8 412D0459
02FBC 4174EB6D
02FC0 40C4487C
02FC4 4139BA0A
02FC8 40DA0D42
02FCC 418048C0
02FD0 4194BAD2
02FD4 40F0ADBB
02FD8 401AD8B0
02FDC 411CB66E
02FE0 4105B4A9
02FE4 4131D0D0
02FE8 414C9C24
02FEC 4169BA53
02FF0 4156B218
02FF4 404BD768
02FF8 41183101
02FFC 4146E2ED
03000 40F860E2
03004 4052C783
