00000 00000001
00004 00000002
00008 00000003
0000C 00000004
00010 00000005
00014 00000006
00018 00000007
0001C 00000008
00020 00000009
00024 0000000A
00028 0000000B
0002C 0000000C
00030 0000000D
00034 0000000E
00038 00000010
0003C 00000011
00040 00000012
00044 00000013
00048 00000014
0004C 00000015
00050 00000016
00054 00000017
00058 00000018
0005C 00000019
00060 0000001A
00064 0000001B
00068 0000001C
0006C 0000001D
00070 0000001E
00074 0000001F
00078 00000020
0007C 00000021
00080 134F80A8
00084 827DF1F7
00088 5D8CC00E
0008C 54D1ABD1
00090 5544C423
00094 F341AEA2
00098 8DF4802E
0009C 552C4DAD
000A0 B71EF362
000A4 A07C007A
000A8 0042DEA0
000AC 8F2CE2D2
000B0 86EA6144
000B4 0B57FAE8
000B8 019E3D18
000BC 2D77C7F2
000C0 0E56D556
000C4 3CEED8FD
000C8 55C4C7B0
000CC 23874693
000D0 13B85A77
000D4 62D75EA2
000D8 786AE950
000DC 1768CC46
000E0 0AE28557
000E4 BA08218F
000E8 87A856BC
000EC A5C59F69
000F0 5AE807E6
000F4 F5D682CE
000F8 4269C606
000FC 22E937DC
00100 CF11552C
00104 47AB0D4B
00108 9ED9738B
0010C 890DA732
00110 77DF6811
00114 48B69FCB
00118 1869A3FC
0011C B750DB04
00120 45470489
00124 C07EB5E1
00128 6EBFEC6F
0012C 3B4520FB
00130 EDDE8175
00134 2D9AB7B0
00138 485BBF34
0013C C7FD9FC5
00140 ADFCEEA7
00144 01A7EB1F
00148 40BCBB57
0014C DA515A45
00150 7D952BF7
00154 B62A0075
00158 301A1C6F
0015C 78CD1D3B
00160 78681E98
00164 894BDE4B
00168 49E2EB8B
0016C 3C00D96F
00170 132BDED4
00174 C7CFFCE8
00178 90DE8BAD
0017C 636BD054
00180 9E2887D2
00184 AB29DB4C
00188 A97E194F
0018C 3AE53E8C
00190 516232B1
00194 63F4D39D
00198 5C16D4C8
0019C 9748BB8B
001A0 BA46F8E8
001A4 14FA79E2
001A8 F61F3EE9
001AC 5A36067D
001B0 55B66EBD
001B4 4D1A9DB7
001B8 740A75F0
001BC 1D4CDC9D
001C0 E3AED1C7
001C4 6F39A5F3
001C8 2628EF82
001CC CFA16F4C
001D0 A1ACC5DE
001D4 A6C31FD7
001D8 5036890A
001DC 4E24684D
001E0 08596D2A
001E4 8D42ED03
001E8 878DF413
001EC 484D8922
001F0 744A352B
001F4 66AB2539
001F8 C35AC05A
001FC 88F18F66
00200 73449556
00204 6DC2CBDB
00208 1C96739B
0020C 63A5D786
00210 9666CF63
00214 2902B70C
00218 92EB898B
0021C AFB5EAEB
00220 21C6B5CE
00224 691B5006
00228 6DFE8B38
0022C E097E4C0
00230 695EB8EE
00234 F0248310
00238 631B7F3A
0023C 09D9BE42
00240 007028C1
00244 163480A5
00248 8C950DCF
0024C 4771633C
00250 D5D8B07C
00254 99EE8550
00258 166403B8
0025C 643F6CDB
00260 8A0961A3
00264 6467D765
00268 7E988F7B
0026C 26BE34B1
00270 4E64E9ED
00274 26F7ABF8
00278 FF87BCEB
0027C DC4268A4
00280 171AFC68
00284 13DBC450
00288 19E402F0
0028C 4814D6A9
00290 480B94D6
00294 0EF13D16
00298 46357547
0029C 850E2CD5
002A0 5E40F040
002A4 EE22E64E
002A8 72FCF012
002AC E5FEA644
002B0 7A9F2931
002B4 B854E2CD
002B8 370C03F7
002BC 8D3F8B16
002C0 FA21A38D
002C4 D5FA1EBC
002C8 0AE1AC46
002CC D12DEB1D
002D0 1EE3B609
002D4 5F6BE50A
002D8 62B409F1
002DC B5536564
002E0 912C1DF5
002E4 36DB3A3D
002E8 EE9ADB6E
002EC D37A4329
002F0 A2FD0111
002F4 30076069
002F8 548D33E6
002FC 1858693E
00300 294F7512
00304 4BEB3037
00308 5E1FEC73
0030C 61EAD9EE
00310 78A6325C
00314 96609EEB
00318 718C3053
0031C 36058AA0
00320 E1866197
00324 AF982256
00328 013F147B
0032C ACA60416
00330 1B9747CF
00334 5207B28D
00338 0FA536C1
0033C 6D4205EA
00340 A63DA550
00344 AFD79CFB
00348 BEF181E7
0034C F3E9BA57
00350 0F5EF6E4
00354 C6FF7E43
00358 FC2E8F8D
0035C 504F1604
00360 E06C3899
00364 C4D8703A
00368 838F130F
0036C 339FECFD
00370 5C6DA669
00374 76979139
00378 B345D5F1
0037C F2EE779E
00380 B8772539
00384 5F437D47
00388 EB2FA479
0038C 80E5F712
00390 F1CAF091
00394 B535EBE3
00398 07B08970
0039C 5BB7D3C3
003A0 90DFEA9D
003A4 6ED520D5
003A8 5450E9FD
003AC 36752F3E
003B0 E9793EAF
003B4 7ACD0721
003B8 F604B0E9
003BC DD639400
003C0 1F3E5EE0
003C4 553C01D7
003C8 23B6F9EA
003CC 8EECC44A
003D0 481C1E77
003D4 52962D79
003D8 3E384A32
003DC 167932CA
003E0 E818A177
003E4 F2941BB6
003E8 B7D124D0
003EC C0CD5065
003F0 24058D03
003F4 D01FEF3C
003F8 7425CA43
003FC D575955B
00400 FA92DD77
00404 93E8B79F
00408 9FBE8080
0040C 0DDDED5C
00410 1DDEFDBE
00414 1BF5819D
00418 3E6186E8
0041C 98337D27
00420 29C5D6B2
00424 864C7A11
00428 2FC8978C
0042C 04EA1ADE
00430 882ED5F8
00434 F41E34B8
00438 289EC79E
0043C CC030954
00440 E2568723
00444 64ACD5EF
00448 B595D9C6
0044C 3706A7EC
00450 F7EAB600
00454 0E2D4CED
00458 417BF4E8
0045C 69308DE6
00460 9BF84257
00464 9F401E8A
00468 0A6E98E8
0046C B00B558D
00470 E8CB354C
00474 1237B760
00478 8364A22C
0047C 74A3C982
00480 53668B6C
00484 370FDBE1
00488 8D010C49
0048C 032AAA80
00490 4B45362F
00494 3DAC022C
00498 8B4216D7
0049C 4CF74280
004A0 C20A31C6
004A4 37FAD1A2
004A8 A189DA3C
004AC E08DDDF2
004B0 C8038C44
004B4 79AD4BE3
004B8 A9496C2F
004BC 90BA6CAC
004C0 C0F8CF51
004C4 1043F839
004C8 571080DD
004CC 1B4BDC74
004D0 C1C2379E
004D4 E2EFDB53
004D8 9FEE7666
004DC A90AD3BA
004E0 07ECB735
004E4 D8BBD2BE
004E8 194930BC
004EC 6E1A1E72
004F0 E1851A4F
004F4 19BD875F
004F8 FC9BAE89
004FC BC607AAD
00500 55B51BAF
00504 235B06CC
00508 15437EE3
0050C 264BC86E
00510 18CE871F
00514 AC337426
00518 151C6195
0051C 024AA185
00520 DE960C9D
00524 D91EA448
00528 E14D91E7
0052C 6A7F4146
00530 0FF29AED
00534 2A9A7D34
00538 586B1BB2
0053C 3447D56B
00540 43BE235D
00544 C2EB91E7
00548 35C5098B
0054C 2D76D478
00550 1BA57E0F
00554 E9013A92
00558 755BBDCE
0055C 0BA3CC05
00560 867E550C
00564 5B15DA85
00568 C6ACFA73
0056C 96D83B6B
00570 B779D50F
00574 6B522549
00578 4700DC6D
0057C FE5C2B98
00580 8B3C8105
00584 20889464
00588 BCF5A9A8
0058C 8E076FE5
00590 A27FAC18
00594 59427C97
00598 81C97F26
0059C 49C6FDBF
005A0 0E64C84E
005A4 DA7146CD
005A8 91EE76A4
005AC 4C244B45
005B0 11A68BD1
005B4 73BC5882
005B8 62AC05AC
005BC D2AC4C8E
005C0 8B8914E4
005C4 2E383DB4
005C8 722714B1
005CC 740AE2EA
005D0 D1B5670C
005D4 7A87B4BF
005D8 BA9A5F60
005DC C68B6E79
005E0 757BA673
005E4 F6A5EE74
005E8 E0191853
005EC 6D791EEE
005F0 79ECC192
005F4 4190F90E
005F8 EC40C95E
005FC DBDFB812
00600 9FA7E731
00604 C13E3EE1
00608 6C8749C3
0060C 0FE5BD1E
00610 53176138
00614 79A6ED35
00618 EE9EAFE0
0061C 1497B8EB
00620 08BD16DC
00624 FE908870
00628 590B8ED9
0062C 7445BE53
00630 58B9AF66
00634 E52E6C15
00638 B5718DFB
0063C 5C49A721
00640 075BE895
00644 66E71DE3
00648 09F86813
0064C 72B4083C
00650 9A17687A
00654 E47E4F6F
00658 A64B641B
0065C 2AF5A48C
00660 712014DF
00664 DAA4E773
00668 5C6D8962
0066C 2969A9D1
00670 36FE6576
00674 80B7BBB2
00678 838E03FB
0067C 215C067A
00680 77A68F44
00684 68004199
00688 ED7AABAE
0068C A330C929
00690 0AC66609
00694 1A3220F5
00698 B3331D5D
0069C E8C53DC7
006A0 1108E5AE
006A4 979189FC
006A8 A57C3DC4
006AC 28D06378
006B0 D3A63D38
006B4 90CCB8DF
006B8 C7F8A626
006BC 23370A55
006C0 1D68EF69
006C4 DE7D0D98
006C8 96FC6EE5
006CC 86CB6C88
006D0 6992E143
006D4 EB4FBA58
006D8 43D4573F
006DC 59D87B4C
006E0 F6472250
006E4 45415830
006E8 9CC706B7
006EC EAD5331A
006F0 7AA377C3
006F4 893F30FF
006F8 3E9006D9
006FC 37A19CDE
00700 A5987A75
00704 A0F65977
00708 536B3A02
0070C A2290BAD
00710 605B3D12
00714 65D89C36
00718 A1CE27BB
0071C 8529E5C8
00720 91BB4140
00724 B8415B56
00728 2CCD2265
0072C 7DBA1A3C
00730 0017C6AA
00734 18A59449
00738 11849493
0073C 5BF100B6
00740 3DFC9D0C
00744 63AAA4E6
00748 7FF5469B
0074C 9CC26593
00750 D49B90A8
00754 94E40901
00758 AC73CB8E
0075C 7C65D561
00760 48A19420
00764 EBFD56F8
00768 58A2CC76
0076C 092B73EF
00770 82958281
00774 641E3511
00778 74B2E289
0077C 0011FB37
00780 BDF0E18D
00784 9C325F0F
00788 0914C58D
0078C C5972EE3
00790 B88A1545
00794 C6B06D65
00798 DE702DBE
0079C 1C574E2A
007A0 729CB63C
007A4 B61C4A74
007A8 7895090A
007AC 7EA406CE
007B0 E2D3A3E8
007B4 0573C871
007B8 4751A4E0
007BC ACE18E36
007C0 12B69121
007C4 78D3C86A
007C8 6F108418
007CC 97585BE0
007D0 F5B83AC8
007D4 470C2465
007D8 87437711
007DC CB7FAD3F
007E0 A831B283
007E4 2DA11914
007E8 686293FE
007EC C9F05C51
007F0 7D4FCFB3
007F4 F8A976E1
007F8 F24E6685
007FC 1DFECB6D
00800 7C878C68
00804 9352B314
00808 2A6B3734
0080C 3502CCAD
00810 F6D5B341
00814 ACE73046
00818 11154A9F
0081C 759926C2
00820 4238007F
00824 65F0AAE4
00828 4BF99489
0082C DB32673D
00830 858C6489
00834 DF92FA2A
00838 1554BE3E
0083C BDE62F7B
00840 5F2764B4
00844 3D27950B
00848 5002B60C
0084C 20CCAD95
00850 73B612BA
00854 9BB3AA07
00858 3D219299
0085C 537E349E
00860 6C0AC135
00864 1C245EF1
00868 58C3D9FC
0086C 5F89F3CD
00870 6D314D38
00874 BA7090A8
00878 B870FFEC
0087C 78D426D4
00880 936DC57B
00884 79364DD5
00888 6FE095F6
0088C 3AE37B64
00890 1EE372E3
00894 5E2F1A3E
00898 3B2B559A
0089C 560141A8
008A0 3F552EC2
008A4 0BFF5CE9
008A8 254E38AA
008AC 689817D2
008B0 600D5B81
008B4 7145E182
008B8 5EDDBCD4
008BC D013DEB6
008C0 A8C74BCE
008C4 ECC6A35E
008C8 29A39E17
008CC D9385B13
008D0 1769C1F9
008D4 EE738B20
008D8 8BAE411B
008DC 0754262C
008E0 41769E01
008E4 F6739D19
008E8 39EF82BC
008EC C5572C77
008F0 C16606D3
008F4 9B271392
008F8 4CA0817B
008FC 7D9E6CDB
00900 9872191D
00904 3642C1CA
00908 55D23D27
0090C 97D96907
00910 89E47F81
00914 B8601BF1
00918 DB6F33D0
0091C A6541797
00920 2243E9F4
00924 C914C6DF
00928 F91A1F49
0092C 93DA468E
00930 72736E18
00934 DE903B27
00938 28A8AEF2
0093C 55F59622
00940 1CCC299C
00944 AC8951D9
00948 7165C7DA
0094C 217C9AE7
00950 81B9B5C0
00954 A8A686CD
00958 0C2C46BB
0095C 898BCF76
00960 BFED65DC
00964 29300815
00968 D6757E07
0096C 4BCC4F8E
00970 6AB7796B
00974 193DA6F1
00978 1BBEFA02
0097C 595AF24F
00980 A4CA0B8F
00984 26B221EB
00988 8CBB49BB
0098C B129505D
00990 55429B40
00994 178FF9EE
00998 FEEF529D
0099C 45D6259D
009A0 51C6FFE0
009A4 63628B90
009A8 41DB1C5A
009AC C31EFDF7
009B0 6C674389
009B4 5711DD17
009B8 8A62CDAC
009BC B5C20736
009C0 888B4D3C
009C4 3E87D42A
009C8 81C7D517
009CC CCC07F6C
009D0 3F331E4F
009D4 A3488DB5
009D8 2111D8AE
009DC 6ED1ED76
009E0 40777668
009E4 7FF2217C
009E8 D75E2DEB
009EC CCEC2451
009F0 C45CB9C5
009F4 3BB02D30
009F8 C805817A
009FC 47E9C45B
00A00 AA19198D
00A04 69E284CC
00A08 A05CB56C
00A0C 1AD940EB
00A10 5E8F3283
00A14 B6841C21
00A18 D8EAB8B7
00A1C F7F5E520
00A20 459F9836
00A24 C94D1F42
00A28 76D3B587
00A2C 4D4148DD
00A30 251FDC78
00A34 4D45EC78
00A38 F3188E35
00A3C 0934E09B
00A40 A2F94C2E
00A44 8D80DFA2
00A48 C0CD4B19
00A4C 825A59F8
00A50 DCEE9F6A
00A54 8473BA33
00A58 D6ACE2A2
00A5C 8CB34BF4
00A60 5CA6EB8F
00A64 80CD1805
00A68 6DEBC000
00A6C 7B6C5C84
00A70 322AB5B4
00A74 4E6D9D82
00A78 C16363C9
00A7C 2AB13DCF
00A80 AFBE860C
00A84 02E3F3EF
00A88 080BF7F5
00A8C C14440F1
00A90 B1E6ED30
00A94 C70949BE
00A98 F9353F75
00A9C 9D9E209E
00AA0 80F30FB9
00AA4 44F17457
00AA8 DAA2C53C
00AAC 775E109D
00AB0 CFAEC571
00AB4 B5B110A9
00AB8 E16EC2AA
00ABC 180CE993
00AC0 488FA160
00AC4 49CF26D2
00AC8 672B1819
00ACC 067454BA
00AD0 4990FA6A
00AD4 7AD3C44A
00AD8 0059F826
00ADC 7DC9DBC6
00AE0 6BEF4C39
00AE4 3715FE04
00AE8 674368C7
00AEC ACD512CD
00AF0 FBB1CE2B
00AF4 2E707301
00AF8 1FAFC8FD
00AFC 8D085B4B
00B00 E58D621A
00B04 C3F50323
00B08 72E26558
00B0C A099A0BB
00B10 260BDD5E
00B14 C5BFC7E0
00B18 D02D8917
00B1C 80563386
00B20 1DB74892
00B24 5A42D117
00B28 B657490A
00B2C 15ED9B8C
00B30 7392E394
00B34 5B628511
00B38 524890C9
00B3C D557DABA
00B40 82F0E0DB
00B44 9D96A497
00B48 AB2DA888
00B4C 5856E010
00B50 D8480B79
00B54 11004397
00B58 AE5607DD
00B5C 1193E30F
00B60 2C116B1E
00B64 FF49A948
00B68 F2E5AE12
00B6C F774028F
00B70 4376F65B
00B74 B5DE9F1E
00B78 481928C9
00B7C CA4C8D79
00B80 D42E3BE4
00B84 10CE937D
00B88 B97425A9
00B8C D5103998
00B90 0040EF3A
00B94 55DDED5D
00B98 5CE7957E
00B9C A402DEBF
00BA0 6D04D590
00BA4 7A599A28
00BA8 80306CE9
00BAC 0E45F8C1
00BB0 ADA43889
00BB4 22C01379
00BB8 7E92A28D
00BBC 1DA4FA72
00BC0 08E67039
00BC4 92116557
00BC8 339861F6
00BCC CA9B6F5D
00BD0 D23D82F3
00BD4 7B27348B
00BD8 1DFA48FA
00BDC 30898D64
00BE0 445F6B7B
00BE4 A9591921
00BE8 B5798F7B
00BEC B03B63D1
00BF0 1C87454A
00BF4 C6D5E225
00BF8 7233A97B
00BFC E3DD1C5B
00C00 F1952896
00C04 B4EED9FF
00C08 D1AA4467
00C0C EC65E3A1
00C10 E953FD87
00C14 E69309DA
00C18 D0508293
00C1C CF8A70C0
00C20 9B37AD8A
00C24 497DF703
00C28 7C09A61B
00C2C 8DF58BF9
00C30 7B9771DF
00C34 291DD566
00C38 5E6AFC8C
00C3C 7E3A3D3A
00C40 66D6D375
00C44 36F02511
00C48 6F12EFD3
00C4C C4B424F2
00C50 839E2528
00C54 DDE91289
00C58 96F45760
00C5C 4C368088
00C60 7B6416C1
00C64 9A53A361
00C68 2BD2C728
00C6C 26232BFF
00C70 DCD5AEEC
00C74 FF871D6B
00C78 A3DA6824
00C7C 2674F8D2
00C80 A71C7D32
00C84 AB0A384C
00C88 F626FE72
00C8C 228F7799
00C90 516B0048
00C94 588339A6
00C98 5652C2A5
00C9C 0CC8FAE4
00CA0 B63CCA5D
00CA4 23A2D62C
00CA8 E1D30227
00CAC 44E1DB79
00CB0 3D41DECD
00CB4 63A209E4
00CB8 D7B4A685
00CBC 2EA44984
00CC0 E5CBBEE0
00CC4 5196ADE1
00CC8 E1AD13B7
00CCC E31D0DF8
00CD0 98CE212E
00CD4 CF3128EA
00CD8 E4B7DA1D
00CDC 0E08BC83
00CE0 2D352476
00CE4 84F8C1BD
00CE8 AC6989AB
00CEC CF212E7F
00CF0 E8FB9B1F
00CF4 D2030474
00CF8 8AAD6FB0
00CFC 47DC5C59
00D00 3529B089
00D04 0D1CB31A
00D08 9B53E625
00D0C F702A91F
00D10 6079BE2E
00D14 7F68252A
00D18 CECCFA6A
00D1C 75E00E15
00D20 20327E60
00D24 D54062E0
00D28 16592434
00D2C 0747C174
00D30 08CBA000
00D34 CC7608AB
00D38 A1E2AC59
00D3C 04878051
00D40 6FC68D9B
00D44 7C260159
00D48 42A189A7
00D4C 5A57A721
00D50 4AE0FCB6
00D54 CAB3EC57
00D58 F04C25B1
00D5C D825AC7A
00D60 9DB5B1E6
00D64 3334832F
00D68 BE6BDC07
00D6C 90A8D40E
00D70 1CCB4542
00D74 5551A387
00D78 A440361F
00D7C ACDEF3F8
00D80 65405231
00D84 64F52DB0
00D88 15FDC2ED
00D8C 4E85CBC6
00D90 C3CA3DFE
00D94 4F33713E
00D98 F92EC2F7
00D9C 368F24DF
00DA0 F7D91E9B
00DA4 5DCA4AAA
00DA8 3DC7297B
00DAC AEF9B722
00DB0 A7504BC0
00DB4 76859290
00DB8 BDBF5428
00DBC 01F4D436
00DC0 02E5EAEE
00DC4 9287D389
00DC8 86038BA0
00DCC 605E0557
00DD0 F3EA690E
00DD4 2C055AC5
00DD8 5DB09DDF
00DDC AF41649E
00DE0 675A53B8
00DE4 67683C04
00DE8 764DAF52
00DEC 1DB440C8
00DF0 AF1F0B0C
00DF4 F4CB18E3
00DF8 6733DF81
00DFC 5BC57211
00E00 7188F271
00E04 DAD215C5
00E08 D1DBF534
00E0C 30204E18
00E10 801EFAEF
00E14 DCD6F9FE
00E18 9AF762EE
00E1C 6D577BC5
00E20 25EEFD02
00E24 0E0C4866
00E28 B0E54772
00E2C C5FC71BE
00E30 3F10BE9E
00E34 4A07564A
00E38 EE72B18F
00E3C 006D5565
00E40 DE842B12
00E44 F640F03A
00E48 9B374558
00E4C 4AB59A10
00E50 EBD76D92
00E54 ABAB2D4B
00E58 D4D6EA2B
00E5C EA371010
00E60 0987A776
00E64 C665D191
00E68 E3C4CF89
00E6C 01941B8C
00E70 6A00912B
00E74 98BECCC1
00E78 7B282994
00E7C 4F683E58
00E80 DA4D89A9
00E84 AD022CC7
00E88 033A8EAD
00E8C 1D41CACE
00E90 E352E695
00E94 0387DFE9
00E98 0082B991
00E9C ACB85DC4
00EA0 E4A37B3E
00EA4 78588648
00EA8 CFFF1F44
00EAC D0A5F40A
00EB0 E0ED3AF3
00EB4 80029B82
00EB8 FB7B909D
00EBC 8031D74B
00EC0 077A3BBB
00EC4 8DBAE52E
00EC8 A768946C
00ECC F02D5362
00ED0 34861AC1
00ED4 7C0F9AD5
00ED8 F755E6BE
00EDC 51A01DFB
00EE0 ABE70092
00EE4 839ED2E8
00EE8 0FC5411B
00EEC C0627692
00EF0 427BE774
00EF4 43C6EA3B
00EF8 4D53CE32
00EFC CBFB7F1D
00F00 549EF09E
00F04 2844245E
00F08 2354A467
00F0C 9BAA8563
00F10 FD0A8AD4
00F14 EABB06EE
00F18 6FD09700
00F1C 34890893
00F20 2716BFE2
00F24 687AE33C
00F28 D4738B53
00F2C A8F97C66
00F30 86F3428E
00F34 A88455B0
00F38 F92C0975
00F3C 2C4C7750
00F40 E1AB0F4F
00F44 6FB186C8
00F48 A9682ED5
00F4C FF00D7F6
00F50 4453B698
00F54 2737441D
00F58 DDC6FE07
00F5C CD012268
00F60 88CB9658
00F64 80766364
00F68 9C6D04DE
00F6C C375E7D6
00F70 911D39F6
00F74 EF854B99
00F78 9BDA8EEC
00F7C 329D0AC7
00F80 A528F9EC
00F84 DAC2A6CB
00F88 66DDD3A6
00F8C D75C8F49
00F90 2CB42890
00F94 823C6BA4
00F98 5250C608
00F9C AEC2BF5C
00FA0 9BD3CEEC
00FA4 A2613582
00FA8 2F3E7AF7
00FAC C4C558C8
00FB0 E355A763
00FB4 30FCC69A
00FB8 C08FC201
00FBC 149886E8
00FC0 358D0F59
00FC4 628FE056
00FC8 DBCA1423
00FCC 2E6F21E9
00FD0 55338585
00FD4 270F160B
00FD8 B73A195D
00FDC 03346AD7
00FE0 9E11FAE4
00FE4 38207D27
00FE8 8F9D4FD2
00FEC 281C4DA2
00FF0 C0F7F635
00FF4 33F1B34D
00FF8 9154CF3A
00FFC 6F856C96
01000 00000001
01004 00000001
01008 00000001
0100C 00000001
01010 00000001
01014 00000001
01018 00000001
0101C 00000001
01020 00000001
01024 00000001
01028 00000001
0102C 00000001
01030 00000001
01034 00000001
01038 00000001
0103C 00000001
01040 00000001
01044 00000001
01048 00000001
0104C 00000001
01050 00000001
01054 00000001
01058 00000001
0105C 00000001
01060 00000001
01064 00000001
01068 00000001
0106C 00000001
01070 00000001
01074 00000001
01078 00000001
0107C 00000001
01080 00000001
01084 67338A0E
01088 90EB1C43
0108C 3CDCCC2E
01090 8AD0DCEB
01094 BDFF0F43
01098 E9ABD981
0109C 84F8BCFA
010A0 2BEA928C
010A4 DD251FF5
010A8 2150FC40
010AC 05078646
010B0 11DC3EAC
010B4 73F40847
010B8 FEB46D5E
010BC 1A2A5109
010C0 F11F9B83
010C4 8D16A7A9
010C8 A2BD220C
010CC EE962CE8
010D0 DBE43D2A
010D4 3EA67426
010D8 62987020
010DC 791F2780
010E0 F1B4B99C
010E4 C93A0270
010E8 F67E98A2
010EC 1D73ABB5
010F0 09955073
010F4 7B418FDC
010F8 02D89A35
010FC 7140B016
01100 26220F8A
01104 1E3542C3
01108 B0CC32DB
0110C B073F372
01110 7B9DAE9B
01114 E3604D47
01118 98A8559C
0111C 3B5F16DF
01120 87270DD1
01124 26487C81
01128 EA6AF43B
0112C 145C28E5
01130 59BCF377
01134 447EB148
01138 386F3456
0113C E6A16EEC
01140 FBE727A3
01144 7BC519EA
01148 9431742A
0114C 2C84E853
01150 CD8968F5
01154 81B39526
01158 B568ED1B
0115C B5434D63
01160 3E86AC34
01164 5891E3A3
01168 C84A01C0
0116C 79FA913D
01170 8EAB5BB2
01174 61966305
01178 8E350542
0117C 9BBEE07A
01180 1E3016AE
01184 3B2C6C50
01188 1E047E15
0118C 692CD0D8
01190 05A4A707
01194 F18B1159
01198 1ECBAA9D
0119C AE150367
011A0 F84B0090
011A4 C5ECF8FB
011A8 554DF13D
011AC 395D1781
011B0 3CC3B25D
011B4 0E8117D2
011B8 7E96DB7E
011BC 27FADC1E
011C0 57D8A0B5
011C4 57C63D06
011C8 E396BD0D
011CC D74A514A
011D0 348F30A5
011D4 3A38EE13
011D8 705968F0
011DC 2B589F02
011E0 64F0E96A
011E4 15603D9A
011E8 B43956D3
011EC EB6A05C1
011F0 0041B975
011F4 4D81ED44
011F8 1672A6E0
011FC 77406AE0
01200 64B01FF0
01204 8446619E
01208 5CF6EC90
0120C 0FC85E5A
01210 A1ECEDEE
01214 ADE47050
01218 9F9E4879
0121C 9DBE939E
01220 B8F8C7FF
01224 477F8DB6
01228 D318EE5B
0122C 078F9B5C
01230 B1674B79
01234 D87AFE5F
01238 869B076C
0123C 57B579E2
01240 8A368AE6
01244 C8DD7CAD
01248 580FE38E
0124C 784C8A3E
01250 8EFF0FE0
01254 4D8195FC
01258 DD93B5AF
0125C 9EAD08F3
01260 4F3951E4
01264 986211FD
01268 1EFDD500
0126C 857DFEED
01270 318C7F84
01274 336AE4EE
01278 EF3E4FFB
0127C D7207BD4
01280 9C1D7E7D
01284 F4FF4DAC
01288 308911BE
0128C 8056A903
01290 88F1F161
01294 5229DB77
01298 76B56655
0129C 1C041095
012A0 52B88D16
012A4 7C16B657
012A8 299C7AE3
012AC D0EA0DB3
012B0 EA6185FC
012B4 FBFCCCD4
012B8 47EE0A16
012BC B19BE20B
012C0 2A952CD9
012C4 F4E2D41C
012C8 066D3B0B
012CC A4FFA81A
012D0 8174077A
012D4 1F6470A7
012D8 9ABD8C5A
012DC 573A065B
012E0 3DABCE2A
012E4 B43422F5
012E8 2E1B87F5
012EC F89DCFC7
012F0 FD7533A7
012F4 C3195B45
012F8 A31C00CC
012FC 45D482CB
01300 9FD345B7
01304 E082AE2C
01308 574588A6
0130C 2664432C
01310 D7713DF8
01314 EF5A2F79
01318 771E023B
0131C D29A8499
01320 C5F08A30
01324 4242C86A
01328 ECDEC943
0132C A67C5CB9
01330 2ACA2F6B
01334 8A49E39D
01338 810A2515
0133C 76E8BBD7
01340 80BA0918
01344 C6E8F1B0
01348 8FFF433C
0134C F9F39BAD
01350 C940B368
01354 4318468D
01358 41E35024
0135C 77C5EE96
01360 05995BA7
01364 7D455E7E
01368 48A6A74E
0136C 8B67843F
01370 8D98BE30
01374 76C14267
01378 1D23E03B
0137C 458E46A8
01380 0C269859
01384 590C69C4
01388 00914939
0138C FB1B5D4D
01390 792AA45D
01394 FE0C03AB
01398 486F2AC3
0139C 96F4E0DA
013A0 A829EB1F
013A4 D635C026
013A8 150BA8C3
013AC 12BE3620
013B0 4F3EF955
013B4 1B15FF6B
013B8 E79DC547
013BC 6C12C6AC
013C0 CBEF3DBF
013C4 EA0A61BC
013C8 84001CF8
013CC 7D58EAF8
013D0 BA608664
013D4 AA762D75
013D8 59C0FFEB
013DC CBBA4F10
013E0 EAF7FAEC
013E4 399F3168
013E8 2C6BA2EA
013EC 5BEDBE23
013F0 4CEE5CB0
013F4 199D9BDC
013F8 18A01A07
013FC 4D444153
01400 06FA6763
01404 E8527C00
01408 A61BE937
0140C 40A1A435
01410 1D66E47C
01414 7E0D969E
01418 325724EA
0141C 1E6CAB8A
01420 DC09FF14
01424 9DA8DD22
01428 9D752161
0142C 2B924AEC
01430 642A1952
01434 0E4FD149
01438 BAFEAD37
0143C FE4D462A
01440 E8235D1B
01444 C6F81BDD
01448 4F014894
0144C 57A4E4C1
01450 2A1D8A39
01454 6406277F
01458 A5F498B7
0145C AF5E1B4F
01460 A43044D6
01464 E14FE3AC
01468 17D1E99E
0146C F5AC73C5
01470 8B60F882
01474 A815607E
01478 E0325882
0147C FD5F2783
01480 B7852E12
01484 20CAD2E9
01488 1EA4EFB5
0148C 3808EA90
01490 82B19083
01494 2A8BC567
01498 7984C214
0149C 8C894117
014A0 7E653A44
014A4 61E60B93
014A8 673A4BB2
014AC 847E1604
014B0 949D2163
014B4 F5C56609
014B8 43BCD0CC
014BC 91EBAE17
014C0 2E65B377
014C4 FE112900
014C8 F6CDFFCF
014CC 44318D7E
014D0 77EF2901
014D4 D02D5EE5
014D8 023E2F28
014DC 4ECF694C
014E0 3098E915
014E4 B82E15AB
014E8 FA9BF316
014EC 8B5FD548
014F0 1B1D11A7
014F4 3BACB296
014F8 89DBAE7D
014FC 6CBDE477
01500 CFE63BD0
01504 E50A8255
01508 2F48AA40
0150C 880A7112
01510 99C0BA3F
01514 0E156D68
01518 53F6A26F
0151C C356C953
01520 3EE5CEAA
01524 A8327838
01528 FEB81A9C
0152C 324F1E0D
01530 F99CFD60
01534 E9E6329F
01538 FF7CB3DF
0153C C7BA28F2
01540 705DB2FA
01544 055971EC
01548 507EBC57
0154C F09D14CA
01550 4E5931ED
01554 AD985B7E
01558 866B4DDC
0155C 84FAAB4C
01560 4DD4BF18
01564 6541D1DF
01568 E8DE4B37
0156C 24CEA63B
01570 A714D783
01574 3307DF54
01578 B30C7590
0157C BA64AA96
01580 CC3F209E
01584 297B73C1
01588 C79B7648
0158C 1A51AECC
01590 E9786388
01594 83F2C719
01598 613B3719
0159C ED7A9BC2
015A0 F3828DE7
015A4 0BBE3F41
015A8 AB0E59DB
015AC C713521F
015B0 53917E5D
015B4 C8D85FB8
015B8 9472EBE2
015BC B8FF323E
015C0 0C1CEA37
015C4 43E3FAB2
015C8 247C0DDD
015CC 720244CF
015D0 4C34C018
015D4 8F03F677
015D8 54163384
015DC 78E8A370
015E0 527C5EAE
015E4 BE29AF38
015E8 FE3DB959
015EC 6CFB49B3
015F0 517539E7
015F4 CA296BBE
015F8 021F7BC6
015FC 178C59F6
01600 400E4FEE
01604 7767CF0D
01608 48A8B7E4
0160C A497610B
01610 D8BADD62
01614 67D4C12A
01618 C4C87982
0161C AF9EE74E
01620 AE86F166
01624 1F9C8B64
01628 A915C200
0162C 8B2FD79F
01630 1F9E3360
01634 FC67B522
01638 774E1365
0163C 47BBAEFB
01640 9DA211B8
01644 D930194A
01648 3FFE87E3
0164C DA28626E
01650 0BB8A6D4
01654 CC870C4E
01658 7CC82CA7
0165C E7D3D839
01660 A1A8DA51
01664 05EBE529
01668 6742D21A
0166C 9D303F37
01670 7BF2D892
01674 9019693A
01678 902F80D9
0167C 1C73CCFE
01680 4C3A98B3
01684 A1D9465C
01688 A4227E11
0168C 86F21189
01690 06E0CBC8
01694 FA5D3EF0
01698 E6CF3630
0169C 55F4EDEB
016A0 C50E3C60
016A4 B384D181
016A8 9B368D45
016AC 28678889
016B0 69C750B6
016B4 19E6DDBE
016B8 540D7C43
016BC 76019165
016C0 93E6E740
016C4 2190CF20
016C8 905F8598
016CC A6623D49
016D0 E5FD3200
016D4 9615AF43
016D8 214CE9AA
016DC 1686AF69
016E0 8629EAF1
016E4 7328A2EA
016E8 F4491CFF
016EC 037F6A3B
016F0 813E6208
016F4 94290313
016F8 8FB5014F
016FC 6F4A0BB8
01700 AB4C14E8
01704 B76D75E1
01708 393BA07E
0170C 2D2FCA49
01710 4A370528
01714 1090B230
01718 9C718874
0171C DDFF506C
01720 7FBBAF6D
01724 5F680B14
01728 B7A895A7
0172C 0EE1B0D7
01730 6635D3D7
01734 E90EB99C
01738 ADA99684
0173C 08EE77E5
01740 213C9243
01744 20E7EBC7
01748 6E182C25
0174C A2E77714
01750 A329C37D
01754 C9429C20
01758 46721520
0175C D4C3FA8C
01760 044E0F77
01764 C1B62C7D
01768 47835B90
0176C AE6F2B16
01770 C170453A
01774 9ED64087
01778 842C1BAE
0177C DE964380
01780 109AC390
01784 5C02EF42
01788 902DDE2C
0178C 15C19CCF
01790 5A4204E3
01794 91624EB9
01798 3F8AF8AE
0179C C6BB43C9
017A0 23009B61
017A4 6D5AF541
017A8 E156BC1E
017AC 5E44274A
017B0 E50BD959
017B4 CA3B91E6
017B8 21E26DE3
017BC DE290C7D
017C0 FDA6F9C6
017C4 43BA203F
017C8 AC9A3BC6
017CC E3C2F868
017D0 0D71B150
017D4 33CDA0F2
017D8 769181B0
017DC 4AC7553D
017E0 1CCEC4FA
017E4 AE1DBCAC
017E8 C593B0AB
017EC 274CA04F
017F0 49E41C0F
017F4 E4636086
017F8 E93947B5
017FC 89B06B1D
01800 4270B84E
01804 0A9295C8
01808 CF473E7B
0180C E125A691
01810 C2FB3419
01814 AF693D17
01818 80A08BED
0181C 8EAD6524
01820 343C190E
01824 D2B6B2F4
01828 F7C56EBE
0182C A4B76895
01830 5B62E1FC
01834 C7451094
01838 AD6871AF
0183C 07CC274C
01840 9DF3EB46
01844 2663F470
01848 C618435A
0184C D870A10B
01850 75A63770
01854 96E35154
01858 0CE7B128
0185C 4E41B405
01860 0307C9F0
01864 710AF2E3
01868 EEBC026E
0186C 4756D0B6
01870 EA62D29E
01874 B932A697
01878 92746C58
0187C 35E5087D
01880 A2681FB2
01884 B9B7D7B9
01888 5B483056
0188C E3052011
01890 13B6A5EA
01894 19B2E790
01898 09E8A128
0189C 95A24767
018A0 B547E0A0
018A4 BD146BB9
018A8 6BD35C33
018AC 33B42CAF
018B0 4AE5ED32
018B4 25768F61
018B8 56FD628A
018BC 8C37FBBE
018C0 795DFADE
018C4 B01B7E1B
018C8 EC72AA27
018CC 6792396C
018D0 D740D846
018D4 70BACB98
018D8 D5C790CE
018DC C74B8841
018E0 2F7B09E8
018E4 7420FA65
018E8 6B9D2FB8
018EC F4DB81C3
018F0 D630D5E7
018F4 1DD65FF0
018F8 6F652082
018FC 32ED5177
01900 4C63091E
01904 C257322A
01908 B31FFE99
0190C 1978318E
01910 B089940A
01914 8329C272
01918 1BE88464
0191C F5B48CB5
01920 DFFC81F9
01924 DFB3468F
01928 693DE956
0192C 60DA38F6
01930 8D92B596
01934 D2C4EB66
01938 BA06FA20
0193C EE63D91F
01940 82BC39F7
01944 5A636061
01948 9B217CC5
0194C 4F959500
01950 2275B80C
01954 A53F338B
01958 9E68ABE3
0195C 591B7961
01960 C04C2F89
01964 77C09ADA
01968 09D82AB7
0196C 53756E8F
01970 49FC5DFF
01974 06F4C95F
01978 17018B09
0197C 06BADCC3
01980 3209F15E
01984 D9A9CDA3
01988 B3F8274B
0198C 9F8DF227
01990 DF29881C
01994 CE948A41
01998 732A70A5
0199C FF3724EE
019A0 9C124496
019A4 4C90954B
019A8 08A0D832
019AC E3E97545
019B0 1BA00DA7
019B4 D4D2A089
019B8 236DA5B1
019BC FFAF15D9
019C0 125D319F
019C4 F6302CB6
019C8 2FCB81B4
019CC 626540D0
019D0 E35C5BC2
019D4 CCB18404
019D8 C8F10DBB
019DC 6D65FC89
019E0 BD842930
019E4 9CE555FB
019E8 EC962F51
019EC 1DA0A562
019F0 14086A93
019F4 6A38979B
019F8 F6E89438
019FC 85B2B05D
01A00 A0C31A1D
01A04 06E1B4A9
01A08 B3BE3582
01A0C FA66C622
01A10 BF79AED5
01A14 C66DF011
01A18 4D7F800A
01A1C 4AB360CE
01A20 E3C76DA8
01A24 20D77AAA
01A28 D0389B75
01A2C 8ECCF759
01A30 E73D0BA6
01A34 5EB7F090
01A38 F3354FF8
01A3C 50F7CA47
01A40 8DD4690D
01A44 84757609
01A48 B509A4BA
01A4C 6416F37E
01A50 B73AC957
01A54 9026001E
01A58 14E76C30
01A5C A89D7EE7
01A60 1DB7F9D7
01A64 32645053
01A68 5ADDE86E
01A6C DBF6BDFF
01A70 C6754498
01A74 6DB65F33
01A78 5BE61E0D
01A7C CFC4A821
01A80 E5A72670
01A84 F22E0FC5
01A88 DBB5C7F8
01A8C 25CBAED3
01A90 330E9E3F
01A94 948CC432
01A98 A1CFDBD6
01A9C 25BEED8A
01AA0 3F9C785C
01AA4 5C5503CB
01AA8 D6CF3B1E
01AAC 3B199C34
01AB0 47A7CD90
01AB4 0CFCA55B
01AB8 B761E2AE
01ABC CB12F4B1
01AC0 DCD45A23
01AC4 C0543D9D
01AC8 5ACEFDB2
01ACC 04DD614D
01AD0 025613BE
01AD4 CC8D13BB
01AD8 FB341E59
01ADC A3D9DAC5
01AE0 9FCAEA0F
01AE4 6A738F5E
01AE8 38B33E1F
01AEC 520166E5
01AF0 F6F927E0
01AF4 104E18B0
01AF8 15BA29AD
01AFC 97EA297E
01B00 1BD15BEC
01B04 5B2EE4B6
01B08 C359D277
01B0C DDF7CF2D
01B10 29C9A926
01B14 766C6214
01B18 87077971
01B1C CD740A49
01B20 286D9910
01B24 7DC1414F
01B28 8DE335F4
01B2C 61ECACCF
01B30 C259443C
01B34 C972FDF0
01B38 309A654D
01B3C B2A4A6BB
01B40 02EC0049
01B44 3E8BC990
01B48 D36644CC
01B4C F3F45256
01B50 D15480C6
01B54 055789FD
01B58 E2393AA5
01B5C 1FAFDF80
01B60 3276AA20
01B64 A82F1B8C
01B68 BE0ACB33
01B6C 914E6929
01B70 71759ABD
01B74 833F9E44
01B78 B891FAE1
01B7C 7C705CB7
01B80 1431CD6E
01B84 FD7E65F8
01B88 E8584D8A
01B8C E3378B8F
01B90 E7C34DD8
01B94 06E5DB34
01B98 9FEEA4B6
01B9C BD954C11
01BA0 67A40A32
01BA4 A67664D3
01BA8 4F4EB425
01BAC 660D1B74
01BB0 915EB163
01BB4 AB6271D4
01BB8 78755D44
01BBC 45BBACDE
01BC0 1908F7BA
01BC4 80DF37F7
01BC8 D07F4518
01BCC D046D920
01BD0 7B0B78F3
01BD4 7FFFE1E9
01BD8 C23E0F74
01BDC 3308124D
01BE0 3C519AB0
01BE4 EC1C8585
01BE8 4E742EC0
01BEC BFD5B003
01BF0 283620C9
01BF4 ACD4D4AF
01BF8 3C6B43A0
01BFC 6B1DC9F5
01C00 E713671B
01C04 14BFAC97
01C08 C972D252
01C0C F1B439AF
01C10 F467315E
01C14 DCA8F39C
01C18 F851F81C
01C1C 34D8B3B3
01C20 0F83F2A7
01C24 17FC8014
01C28 940A558A
01C2C A2011CCF
01C30 4D34FAAF
01C34 68001396
01C38 AAEFA33C
01C3C 86F1D460
01C40 3186E13E
01C44 8F9FB65C
01C48 DDC25553
01C4C 825DEAD5
01C50 7DF7E5C5
01C54 259A5DED
01C58 51AEEDE6
01C5C 89BE94F0
01C60 75D29E74
01C64 1497C856
01C68 11ED21C5
01C6C 175FD719
01C70 7B77B894
01C74 95109DF9
01C78 93EB9687
01C7C 865D845C
01C80 D8AA28B6
01C84 ABEABA31
01C88 C0D2A42F
01C8C C7E48193
01C90 28FCDE95
01C94 5406DEBE
01C98 50897884
01C9C 0768611D
01CA0 33D3BA27
01CA4 661F8CE7
01CA8 72FC5A19
01CAC 5A288120
01CB0 1305BAE6
01CB4 363B85DB
01CB8 95415961
01CBC 5CAD4716
01CC0 9577C83A
01CC4 5D10EEA4
01CC8 959239BE
01CCC 32AA8781
01CD0 69AB2C35
01CD4 AE482DF5
01CD8 7764CC37
01CDC F0904BF7
01CE0 6CF8EEC7
01CE4 EF4C39E5
01CE8 D3263948
01CEC 6EE356E4
01CF0 4DDD11B9
01CF4 6F109000
01CF8 19BFED1E
01CFC 0C9B29FB
01D00 BDBF5ADF
01D04 555043CF
01D08 5A024617
01D0C 84EE1F0F
01D10 3C4A52D0
01D14 E4B23829
01D18 93E2FEA9
01D1C 0B710FA1
01D20 DF5117DA
01D24 79E2ACE4
01D28 9C3B3840
01D2C FE49CFC0
01D30 DBA909EC
01D34 DDE858B5
01D38 1C566480
01D3C 345B4703
01D40 E550F73A
01D44 761BEF6A
01D48 F2B890C4
01D4C 30B82038
01D50 1451F89A
01D54 2881A21D
01D58 1BB28E5A
01D5C EA524148
01D60 4585C9FD
01D64 43255F96
01D68 1545F8D8
01D6C A8C85BFA
01D70 8D3A0B51
01D74 061F9286
01D78 7A146101
01D7C 0E7CCF8C
01D80 A279D8D9
01D84 92CF7ADF
01D88 8F0ACFDD
01D8C 0A52B7B5
01D90 EBE22540
01D94 3253A18D
01D98 DCE43DDE
01D9C EC5FCFEB
01DA0 118F59AF
01DA4 02EDCE5D
01DA8 EE70C59E
01DAC A288B416
01DB0 B82EFD53
01DB4 CA96F4F2
01DB8 C16123F1
01DBC C22E35D4
01DC0 A0B96271
01DC4 80063360
01DC8 6D0E8A5A
01DCC D4247DD7
01DD0 054610F4
01DD4 1CD9C133
01DD8 D1C99289
01DDC D3B01308
01DE0 6A4F125F
01DE4 5ABCEC50
01DE8 A3426A6C
01DEC 20A9C1E7
01DF0 DC863CDB
01DF4 D6FF3863
01DF8 37B83B0F
01DFC 95DF2547
01E00 45B034AE
01E04 7C5663BF
01E08 7C8D3035
01E0C 5AE950D9
01E10 49CEE7CB
01E14 B7301F04
01E18 37C1AF2E
01E1C 1CC2343A
01E20 E4EF8332
01E24 4861AF47
01E28 E277F5D7
01E2C B6D4D12F
01E30 9857AACC
01E34 C46B146E
01E38 53C39B19
01E3C A27396A0
01E40 9D7E8DD2
01E44 BFF80387
01E48 C1AD1882
01E4C 555473EA
01E50 4262FB5D
01E54 FBE7A42D
01E58 A8A550BB
01E5C F3919DFD
01E60 3C5EDB04
01E64 5154B81F
01E68 278BA54C
01E6C E77E0A3A
01E70 C8F32760
01E74 E1923803
01E78 E591508A
01E7C B93E611D
01E80 37DF8398
01E84 7F723653
01E88 0BFF8FB5
01E8C 85A87547
01E90 49A682F1
01E94 5AD82034
01E98 9CC5DDE8
01E9C 52D455E8
01EA0 EBD77B12
01EA4 86B76E84
01EA8 130A44A9
01EAC 78CC147F
01EB0 4C38FCC5
01EB4 7AD65FCD
01EB8 AE4A6A33
01EBC 8D6F7D6A
01EC0 60C9B104
01EC4 EA2C3B52
01EC8 B4F9422E
01ECC 5B379647
01ED0 19446C15
01ED4 080B7A13
01ED8 A5E3762F
01EDC CCAEF5F6
01EE0 AFFAFE51
01EE4 86BBAAA0
01EE8 F5C94BDF
01EEC 0F3F0E20
01EF0 1E6BECE0
01EF4 F0819250
01EF8 1E0A021F
01EFC 39706AE7
01F00 328C9794
01F04 72BCCC67
01F08 6E3DB2AD
01F0C 416698FB
01F10 17048F6E
01F14 23847CFD
01F18 4F6E4674
01F1C 66FD0307
01F20 3BE6E4BF
01F24 E8C09FD6
01F28 A8EA3497
01F2C BAAE87C8
01F30 A707BED3
01F34 8AA1B621
01F38 73AEADEB
01F3C 5F2E5890
01F40 F19AA436
01F44 0726E389
01F48 DA4B1A25
01F4C D6296E50
01F50 5C8A93AB
01F54 E3D4CFE6
01F58 6F483AF0
01F5C F2D6C475
01F60 91EA15A1
01F64 5E45F296
01F68 2E0AE00C
01F6C 4E85673D
01F70 0F345F2F
01F74 32192037
01F78 5EA6F595
01F7C 1C589C70
01F80 D8FF8612
01F84 B76ECC73
01F88 9BCF4787
01F8C FD058C0A
01F90 472BB702
01F94 B1F7E93E
01F98 261A7412
01F9C 2A32D00F
01FA0 C0E1D04C
01FA4 2A1C6CE7
01FA8 99BD9D01
01FAC 85311777
01FB0 A8860BEF
01FB4 F7C5276F
01FB8 C44B623C
01FBC A3D2E046
01FC0 C1774D7D
01FC4 34ADDF84
01FC8 77C702BB
01FCC EA8A9F53
01FD0 FDF39CCA
01FD4 4671CDAC
01FD8 3FC09C8C
01FDC 37934268
01FE0 B67B37F7
01FE4 F93A1937
01FE8 A7F3BC86
01FEC D3EF8A81
01FF0 F651D89A
01FF4 3BB97184
01FF8 8933B897
01FFC 96B8CAB0
02000 00000222
02004 00000002
02008 00000007
0200C 00000004
02010 0000001A
02014 00000006
02018 0000000F
0201C 00000008
02020 00000066
02024 0000000A
02028 00000017
0202C 0000000C
02030 0000003C
02034 0000000E
02038 00000021
0203C 00000011
02040 00000198
02044 00000013
02048 00000029
0204C 00000015
02050 0000005E
02054 00000017
02058 00000031
0205C 00000019
02060 000000EC
02064 0000001B
02068 00000039
0206C 0000001D
02070 0000007E
02074 0000001F
02078 00000041
0207C 00000021
02080 00000000
02084 00000000
02088 00000000
0208C 00000000
02090 00000000
02094 06174AD2
02098 7332706E
0209C 9E73783B
020A0 A71847FF
020A4 3447E344
020A8 04380E4F
020AC 5948CD61
020B0 F32FCAA0
020B4 8E393BE8
020B8 331EFC74
020BC 6AF8525F
020C0 C1867E52
020C4 23E643C1
020C8 954BC4C2
020CC 605EFDAD
020D0 A2442157
020D4 0BCFAFF2
020D8 43ADEC46
020DC D31382DC
020E0 F602A5A7
020E4 B1D66268
020E8 B9BBDAEA
020EC DF41542B
020F0 35DFBB10
020F4 784C2001
020F8 5AD12059
020FC 56E9A310
02100 C1370A5E
02104 5D93BDA4
02108 BCA27D8D
0210C 451908FF
02110 4A407287
02114 27B135C9
02118 EDE966EA
0211C 2E3CB5E4
02120 5438708B
02124 C93F6581
02128 897F198C
0212C C5F0997A
02130 F16D750C
02134 E38FDCBA
02138 691E29A0
0213C 812FA0F1
02140 95FC6AA3
02144 DA31EC13
02148 A50F4890
0214C 2150BD50
02150 F2632864
02154 BDE736B5
02158 AE5A9309
0215C 49E52641
02160 7E533992
02164 B1D044E5
02168 ADC04289
0216C 8ECCD6A8
02170 2AF27CF7
02174 ECF0A195
02178 83F3876F
0217C 7FD6FC0F
02180 98DCF40B
02184 8B7C0BA6
02188 6E027818
0218C BBEB6E39
02190 C1FD65B8
02194 00000000
02198 00000000
0219C 00000000
021A0 00000000
021A4 00000000
021A8 00000000
021AC 00000000
021B0 00000000
021B4 00000000
021B8 00000000
021BC 00000000
021C0 00000000
021C4 00000000
021C8 00000000
021CC 00000000
021D0 00000000
021D4 00000000
021D8 00000000
021DC 00000000
021E0 00000000
021E4 00000000
021E8 00000000
021EC 00000000
021F0 00000000
021F4 00000000
021F8 00000000
021FC 00000000
02200 00000000
02204 00000000
02208 00000000
0220C 00000000
02210 00000000
02214 00000000
02218 00000000
0221C 00000000
02220 00000000
02224 00000000
02228 00000000
0222C 00000000
02230 00000000
02234 00000000
02238 00000000
0223C 00000000
02240 00000000
02244 00000000
02248 00000000
0224C 00000000
02250 00000000
02254 00000000
02258 00000000
0225C 00000000
02260 00000000
02264 00000000
02268 00000000
0226C 00000000
02270 00000000
02274 00000000
02278 00000000
0227C 00000000
02280 00000000
02284 00000000
02288 00000000
0228C 00000000
02290 00000000
02294 00000000
02298 00000000
0229C 00000000
022A0 00000000
022A4 00000000
022A8 00000000
022AC 00000000
022B0 00000000
022B4 00000000
022B8 00000000
022BC 00000000
022C0 00000000
022C4 00000000
022C8 00000000
022CC 00000000
022D0 00000000
022D4 00000000
022D8 00000000
022DC 00000000
022E0 00000000
022E4 00000000
022E8 00000000
022EC 00000000
022F0 00000000
022F4 00000000
022F8 00000000
022FC 00000000
02300 00000000
02304 00000000
02308 00000000
0230C 00000000
02310 00000000
02314 00000000
02318 00000000
0231C 00000000
02320 00000000
02324 00000000
02328 00000000
0232C 00000000
02330 00000000
02334 00000000
02338 00000000
0233C 00000000
02340 00000000
02344 00000000
02348 00000000
0234C 00000000
02350 00000000
02354 00000000
02358 00000000
0235C 00000000
02360 00000000
02364 00000000
02368 00000000
0236C 00000000
02370 00000000
02374 00000000
02378 00000000
0237C 00000000
02380 00000000
02384 00000000
02388 00000000
0238C 00000000
02390 00000000
02394 00000000
02398 00000000
0239C 00000000
023A0 00000000
023A4 00000000
023A8 00000000
023AC 00000000
023B0 00000000
023B4 00000000
023B8 00000000
023BC 00000000
023C0 00000000
023C4 00000000
023C8 00000000
023CC 00000000
023D0 00000000
023D4 00000000
023D8 00000000
023DC 00000000
023E0 00000000
023E4 00000000
023E8 00000000
023EC 00000000
023F0 00000000
023F4 00000000
023F8 00000000
023FC 00000000
02400 00000000
02404 00000000
02408 00000000
0240C 00000000
02410 00000000
02414 00000000
02418 00000000
0241C 00000000
02420 00000000
02424 00000000
02428 00000000
0242C 00000000
02430 00000000
02434 00000000
02438 00000000
0243C 00000000
02440 00000000
02444 00000000
02448 00000000
0244C 00000000
02450 00000000
02454 00000000
02458 00000000
0245C 00000000
02460 00000000
02464 00000000
02468 00000000
0246C 00000000
02470 00000000
02474 00000000
02478 00000000
0247C 00000000
02480 00000000
02484 00000000
02488 00000000
0248C 00000000
02490 00000000
02494 00000000
02498 00000000
0249C 00000000
024A0 00000000
024A4 00000000
024A8 00000000
024AC 00000000
024B0 00000000
024B4 00000000
024B8 00000000
024BC 00000000
024C0 00000000
024C4 00000000
024C8 00000000
024CC 00000000
024D0 00000000
024D4 00000000
024D8 00000000
024DC 00000000
024E0 00000000
024E4 00000000
024E8 00000000
024EC 00000000
024F0 00000000
024F4 00000000
024F8 00000000
024FC 00000000
02500 00000000
02504 00000000
02508 00000000
0250C 00000000
02510 00000000
02514 00000000
02518 00000000
0251C 00000000
02520 00000000
02524 00000000
02528 00000000
0252C 00000000
02530 00000000
02534 00000000
02538 00000000
0253C 00000000
02540 00000000
02544 00000000
02548 00000000
0254C 00000000
02550 00000000
02554 00000000
02558 00000000
0255C 00000000
02560 00000000
02564 00000000
02568 00000000
0256C 00000000
02570 00000000
02574 00000000
02578 00000000
0257C 00000000
02580 00000000
02584 00000000
02588 00000000
0258C 00000000
02590 00000000
02594 00000000
02598 00000000
0259C 00000000
025A0 00000000
025A4 00000000
025A8 00000000
025AC 00000000
025B0 00000000
025B4 00000000
025B8 00000000
025BC 00000000
025C0 00000000
025C4 00000000
025C8 00000000
025CC 00000000
025D0 00000000
025D4 00000000
025D8 00000000
025DC 00000000
025E0 00000000
025E4 00000000
025E8 00000000
025EC 00000000
025F0 00000000
025F4 00000000
025F8 00000000
025FC 00000000
02600 00000000
02604 00000000
02608 00000000
0260C 00000000
02610 00000000
02614 00000000
02618 00000000
0261C 00000000
02620 00000000
02624 00000000
02628 00000000
0262C 00000000
02630 00000000
02634 00000000
02638 00000000
0263C 00000000
02640 00000000
02644 00000000
02648 00000000
0264C 00000000
02650 00000000
02654 00000000
02658 00000000
0265C 00000000
02660 00000000
02664 00000000
02668 00000000
0266C 00000000
02670 00000000
02674 00000000
02678 00000000
0267C 00000000
02680 00000000
02684 00000000
02688 00000000
0268C 00000000
02690 00000000
02694 00000000
02698 00000000
0269C 00000000
026A0 00000000
026A4 00000000
026A8 00000000
026AC 00000000
026B0 00000000
026B4 00000000
026B8 00000000
026BC 00000000
026C0 00000000
026C4 00000000
026C8 00000000
026CC 00000000
026D0 00000000
026D4 00000000
026D8 00000000
026DC 00000000
026E0 00000000
026E4 00000000
026E8 00000000
026EC 00000000
026F0 00000000
026F4 00000000
026F8 00000000
026FC 00000000
02700 00000000
02704 00000000
02708 00000000
0270C 00000000
02710 00000000
02714 00000000
02718 00000000
0271C 00000000
02720 00000000
02724 00000000
02728 00000000
0272C 00000000
02730 00000000
02734 00000000
02738 00000000
0273C 00000000
02740 00000000
02744 00000000
02748 00000000
0274C 00000000
02750 00000000
02754 00000000
02758 00000000
0275C 00000000
02760 00000000
02764 00000000
02768 00000000
0276C 00000000
02770 00000000
02774 00000000
02778 00000000
0277C 00000000
02780 00000000
02784 00000000
02788 00000000
0278C 00000000
02790 00000000
02794 00000000
02798 00000000
0279C 00000000
027A0 00000000
027A4 00000000
027A8 00000000
027AC 00000000
027B0 00000000
027B4 00000000
027B8 00000000
027BC 00000000
027C0 00000000
027C4 00000000
027C8 00000000
027CC 00000000
027D0 00000000
027D4 00000000
027D8 00000000
027DC 00000000
027E0 00000000
027E4 00000000
027E8 00000000
027EC 00000000
027F0 00000000
027F4 00000000
027F8 00000000
027FC 00000000
02800 00000000
02804 00000000
02808 00000000
0280C 00000000
02810 00000000
02814 00000000
02818 00000000
0281C 00000000
02820 00000000
02824 00000000
02828 00000000
0282C 00000000
02830 00000000
02834 00000000
02838 00000000
0283C 00000000
02840 00000000
02844 00000000
02848 00000000
0284C 00000000
02850 00000000
02854 00000000
02858 00000000
0285C 00000000
02860 00000000
02864 00000000
02868 00000000
0286C 00000000
02870 00000000
02874 00000000
02878 00000000
0287C 00000000
02880 00000000
02884 00000000
02888 00000000
0288C 00000000
02890 00000000
02894 00000000
02898 00000000
0289C 00000000
028A0 00000000
028A4 00000000
028A8 00000000
028AC 00000000
028B0 00000000
028B4 00000000
028B8 00000000
028BC 00000000
028C0 00000000
028C4 00000000
028C8 00000000
028CC 00000000
028D0 00000000
028D4 00000000
028D8 00000000
028DC 00000000
028E0 00000000
028E4 00000000
028E8 00000000
028EC 00000000
028F0 00000000
028F4 00000000
028F8 00000000
028FC 00000000
02900 00000000
02904 00000000
02908 00000000
0290C 00000000
02910 00000000
02914 00000000
02918 00000000
0291C 00000000
02920 00000000
02924 00000000
02928 00000000
0292C 00000000
02930 00000000
02934 00000000
02938 00000000
0293C 00000000
02940 00000000
02944 00000000
02948 00000000
0294C 00000000
02950 00000000
02954 00000000
02958 00000000
0295C 00000000
02960 00000000
02964 00000000
02968 00000000
0296C 00000000
02970 00000000
02974 00000000
02978 00000000
0297C 00000000
02980 00000000
02984 00000000
02988 00000000
0298C 00000000
02990 00000000
02994 00000000
02998 00000000
0299C 00000000
029A0 00000000
029A4 00000000
029A8 00000000
029AC 00000000
029B0 00000000
029B4 00000000
029B8 00000000
029BC 00000000
029C0 00000000
029C4 00000000
029C8 00000000
029CC 00000000
029D0 00000000
029D4 00000000
029D8 00000000
029DC 00000000
029E0 00000000
029E4 00000000
029E8 00000000
029EC 00000000
029F0 00000000
029F4 00000000
029F8 00000000
029FC 00000000
02A00 00000000
02A04 00000000
02A08 00000000
02A0C 00000000
02A10 00000000
02A14 00000000
02A18 00000000
02A1C 00000000
02A20 00000000
02A24 00000000
02A28 00000000
02A2C 00000000
02A30 00000000
02A34 00000000
02A38 00000000
02A3C 00000000
02A40 00000000
02A44 00000000
02A48 00000000
02A4C 00000000
02A50 00000000
02A54 00000000
02A58 00000000
02A5C 00000000
02A60 00000000
02A64 00000000
02A68 00000000
02A6C 00000000
02A70 00000000
02A74 00000000
02A78 00000000
02A7C 00000000
02A80 00000000
02A84 00000000
02A88 00000000
02A8C 00000000
02A90 00000000
02A94 00000000
02A98 00000000
02A9C 00000000
02AA0 00000000
02AA4 00000000
02AA8 00000000
02AAC 00000000
02AB0 00000000
02AB4 00000000
02AB8 00000000
02ABC 00000000
02AC0 00000000
02AC4 00000000
02AC8 00000000
02ACC 00000000
02AD0 00000000
02AD4 00000000
02AD8 00000000
02ADC 00000000
02AE0 00000000
02AE4 00000000
02AE8 00000000
02AEC 00000000
02AF0 00000000
02AF4 00000000
02AF8 00000000
02AFC 00000000
02B00 00000000
02B04 00000000
02B08 00000000
02B0C 00000000
02B10 00000000
02B14 00000000
02B18 00000000
02B1C 00000000
02B20 00000000
02B24 00000000
02B28 00000000
02B2C 00000000
02B30 00000000
02B34 00000000
02B38 00000000
02B3C 00000000
02B40 00000000
02B44 00000000
02B48 00000000
02B4C 00000000
02B50 00000000
02B54 00000000
02B58 00000000
02B5C 00000000
02B60 00000000
02B64 00000000
02B68 00000000
02B6C 00000000
02B70 00000000
02B74 00000000
02B78 00000000
02B7C 00000000
02B80 00000000
02B84 00000000
02B88 00000000
02B8C 00000000
02B90 00000000
02B94 00000000
02B98 00000000
02B9C 00000000
02BA0 00000000
02BA4 00000000
02BA8 00000000
02BAC 00000000
02BB0 00000000
02BB4 00000000
02BB8 00000000
02BBC 00000000
02BC0 00000000
02BC4 00000000
02BC8 00000000
02BCC 00000000
02BD0 00000000
02BD4 00000000
02BD8 00000000
02BDC 00000000
02BE0 00000000
02BE4 00000000
02BE8 00000000
02BEC 00000000
02BF0 00000000
02BF4 00000000
02BF8 00000000
02BFC 00000000
02C00 00000000
02C04 00000000
02C08 00000000
02C0C 00000000
02C10 00000000
02C14 00000000
02C18 00000000
02C1C 00000000
02C20 00000000
02C24 00000000
02C28 00000000
02C2C 00000000
02C30 00000000
02C34 00000000
02C38 00000000
02C3C 00000000
02C40 00000000
02C44 00000000
02C48 00000000
02C4C 00000000
02C50 00000000
02C54 00000000
02C58 00000000
02C5C 00000000
02C60 00000000
02C64 00000000
02C68 00000000
02C6C 00000000
02C70 00000000
02C74 00000000
02C78 00000000
02C7C 00000000
02C80 00000000
02C84 00000000
02C88 00000000
02C8C 00000000
02C90 00000000
02C94 00000000
02C98 00000000
02C9C 00000000
02CA0 00000000
02CA4 00000000
02CA8 00000000
02CAC 00000000
02CB0 00000000
02CB4 00000000
02CB8 00000000
02CBC 00000000
02CC0 00000000
02CC4 00000000
02CC8 00000000
02CCC 00000000
02CD0 00000000
02CD4 00000000
02CD8 00000000
02CDC 00000000
02CE0 00000000
02CE4 00000000
02CE8 00000000
02CEC 00000000
02CF0 00000000
02CF4 00000000
02CF8 00000000
02CFC 00000000
02D00 00000000
02D04 00000000
02D08 00000000
02D0C 00000000
02D10 00000000
02D14 00000000
02D18 00000000
02D1C 00000000
02D20 00000000
02D24 00000000
02D28 00000000
02D2C 00000000
02D30 00000000
02D34 00000000
02D38 00000000
02D3C 00000000
02D40 00000000
02D44 00000000
02D48 00000000
02D4C 00000000
02D50 00000000
02D54 00000000
02D58 00000000
02D5C 00000000
02D60 00000000
02D64 00000000
02D68 00000000
02D6C 00000000
02D70 00000000
02D74 00000000
02D78 00000000
02D7C 00000000
02D80 00000000
02D84 00000000
02D88 00000000
02D8C 00000000
02D90 00000000
02D94 00000000
02D98 00000000
02D9C 00000000
02DA0 00000000
02DA4 00000000
02DA8 00000000
02DAC 00000000
02DB0 00000000
02DB4 00000000
02DB8 00000000
02DBC 00000000
02DC0 00000000
02DC4 00000000
02DC8 00000000
02DCC 00000000
02DD0 00000000
02DD4 00000000
02DD8 00000000
02DDC 00000000
02DE0 00000000
02DE4 00000000
02DE8 00000000
02DEC 00000000
02DF0 00000000
02DF4 00000000
02DF8 00000000
02DFC 00000000
02E00 00000000
02E04 00000000
02E08 00000000
02E0C 00000000
02E10 00000000
02E14 00000000
02E18 00000000
02E1C 00000000
02E20 00000000
02E24 00000000
02E28 00000000
02E2C 00000000
02E30 00000000
02E34 00000000
02E38 00000000
02E3C 00000000
02E40 00000000
02E44 00000000
02E48 00000000
02E4C 00000000
02E50 00000000
02E54 00000000
02E58 00000000
02E5C 00000000
02E60 00000000
02E64 00000000
02E68 00000000
02E6C 00000000
02E70 00000000
02E74 00000000
02E78 00000000
02E7C 00000000
02E80 00000000
02E84 00000000
02E88 00000000
02E8C 00000000
02E90 00000000
02E94 00000000
02E98 00000000
02E9C 00000000
02EA0 00000000
02EA4 00000000
02EA8 00000000
02EAC 00000000
02EB0 00000000
02EB4 00000000
02EB8 00000000
02EBC 00000000
02EC0 00000000
02EC4 00000000
02EC8 00000000
02ECC 00000000
02ED0 00000000
02ED4 00000000
02ED8 00000000
02EDC 00000000
02EE0 00000000
02EE4 00000000
02EE8 00000000
02EEC 00000000
02EF0 00000000
02EF4 00000000
02EF8 00000000
02EFC 00000000
02F00 00000000
02F04 00000000
02F08 00000000
02F0C 00000000
02F10 00000000
02F14 00000000
02F18 00000000
02F1C 00000000
02F20 00000000
02F24 00000000
02F28 00000000
02F2C 00000000
02F30 00000000
02F34 00000000
02F38 00000000
02F3C 00000000
02F40 00000000
02F44 00000000
02F48 00000000
02F4C 00000000
02F50 00000000
02F54 00000000
02F58 00000000
02F5C 00000000
02F60 00000000
02F64 00000000
02F68 00000000
02F6C 00000000
02F70 00000000
02F74 00000000
02F78 00000000
02F7C 00000000
02F80 00000000
02F84 00000000
02F88 00000000
02F8C 00000000
02F90 00000000
02F94 00000000
02F98 00000000
02F9C 00000000
02FA0 00000000
02FA4 00000000
02FA8 00000000
02FAC 00000000
02FB0 00000000
02FB4 00000000
02FB8 00000000
02FBC 00000000
02FC0 00000000
02FC4 00000000
02FC8 00000000
02FCC 00000000
02FD0 00000000
02FD4 00000000
02FD8 00000000
02FDC 00000000
02FE0 00000000
02FE4 00000000
02FE8 00000000
02FEC 00000000
02FF0 00000000
02FF4 00000000
02FF8 00000000
02FFC 00000000
03000 00000000
03004 00000000
