00000 3F842116
00004 3FA9DC8F
00008 3FEFC367
0000C 3FF589B9
00010 3FCE8E8C
00014 3FA1B9E5
00018 3FB727E6
0001C 3FED037F
00020 3FAC7433
00024 3F94DCD2
00028 3FD6B670
0002C 3FDA0308
00030 3FECCEA3
00034 3FA9BD47
00038 3F8914D9
0003C 3FF1EECC
00040 3FCAB0B3
00044 3FBE74EA
00048 3F903E9A
0004C 3FB28130
00050 3FF51C22
00054 3FBC5550
00058 3FAB6587
0005C 3F8790F4
00060 3F9834A9
00064 3FCB2245
00068 3F95A05A
0006C 3FCFE542
00070 3F9671B6
00074 3FE85F6E
00078 3F92142E
0007C 3F880D50
00080 00000000
00084 00000000
00088 00000000
0008C 00000000
00090 00000000
00094 00000000
00098 00000000
0009C 00000000
000A0 00000000
000A4 00000000
000A8 00000000
000AC 00000000
000B0 00000000
000B4 00000000
000B8 00000000
000BC 00000000
000C0 00000000
000C4 00000000
000C8 00000000
000CC 00000000
000D0 00000000
000D4 00000000
000D8 00000000
000DC 00000000
000E0 00000000
000E4 00000000
000E8 00000000
000EC 00000000
000F0 00000000
000F4 00000000
000F8 00000000
000FC 00000000
00100 00000000
00104 00000000
00108 00000000
0010C 00000000
00110 00000000
00114 00000000
00118 00000000
0011C 00000000
00120 00000000
00124 00000000
00128 00000000
0012C 00000000
00130 00000000
00134 00000000
00138 00000000
0013C 00000000
00140 00000000
00144 00000000
00148 00000000
0014C 00000000
00150 00000000
00154 00000000
00158 00000000
0015C 00000000
00160 00000000
00164 00000000
00168 00000000
0016C 00000000
00170 00000000
00174 00000000
00178 00000000
0017C 00000000
00180 00000000
00184 00000000
00188 00000000
0018C 00000000
00190 00000000
00194 00000000
00198 00000000
0019C 00000000
001A0 00000000
001A4 00000000
001A8 00000000
001AC 00000000
001B0 00000000
001B4 00000000
001B8 00000000
001BC 00000000
001C0 00000000
001C4 00000000
001C8 00000000
001CC 00000000
001D0 00000000
001D4 00000000
001D8 00000000
001DC 00000000
001E0 00000000
001E4 00000000
001E8 00000000
001EC 00000000
001F0 00000000
001F4 00000000
001F8 00000000
001FC 00000000
00200 00000000
00204 00000000
00208 00000000
0020C 00000000
00210 00000000
00214 00000000
00218 00000000
0021C 00000000
00220 00000000
00224 00000000
00228 00000000
0022C 00000000
00230 00000000
00234 00000000
00238 00000000
0023C 00000000
00240 00000000
00244 00000000
00248 00000000
0024C 00000000
00250 00000000
00254 00000000
00258 00000000
0025C 00000000
00260 00000000
00264 00000000
00268 00000000
0026C 00000000
00270 00000000
00274 00000000
00278 00000000
0027C 00000000
00280 00000000
00284 00000000
00288 00000000
0028C 00000000
00290 00000000
00294 00000000
00298 00000000
0029C 00000000
002A0 00000000
002A4 00000000
002A8 00000000
002AC 00000000
002B0 00000000
002B4 00000000
002B8 00000000
002BC 00000000
002C0 00000000
002C4 00000000
002C8 00000000
002CC 00000000
002D0 00000000
002D4 00000000
002D8 00000000
002DC 00000000
002E0 00000000
002E4 00000000
002E8 00000000
002EC 00000000
002F0 00000000
002F4 00000000
002F8 00000000
002FC 00000000
00300 00000000
00304 00000000
00308 00000000
0030C 00000000
00310 00000000
00314 00000000
00318 00000000
0031C 00000000
00320 00000000
00324 00000000
00328 00000000
0032C 00000000
00330 00000000
00334 00000000
00338 00000000
0033C 00000000
00340 00000000
00344 00000000
00348 00000000
0034C 00000000
00350 00000000
00354 00000000
00358 00000000
0035C 00000000
00360 00000000
00364 00000000
00368 00000000
0036C 00000000
00370 00000000
00374 00000000
00378 00000000
0037C 00000000
00380 00000000
00384 00000000
00388 00000000
0038C 00000000
00390 00000000
00394 00000000
00398 00000000
0039C 00000000
003A0 00000000
003A4 00000000
003A8 00000000
003AC 00000000
003B0 00000000
003B4 00000000
003B8 00000000
003BC 00000000
003C0 00000000
003C4 00000000
003C8 00000000
003CC 00000000
003D0 00000000
003D4 00000000
003D8 00000000
003DC 00000000
003E0 00000000
003E4 00000000
003E8 00000000
003EC 00000000
003F0 00000000
003F4 00000000
003F8 00000000
003FC 00000000
00400 00000000
00404 00000000
00408 00000000
0040C 00000000
00410 00000000
00414 00000000
00418 00000000
0041C 00000000
00420 00000000
00424 00000000
00428 00000000
0042C 00000000
00430 00000000
00434 00000000
00438 00000000
0043C 00000000
00440 00000000
00444 00000000
00448 00000000
0044C 00000000
00450 00000000
00454 00000000
00458 00000000
0045C 00000000
00460 00000000
00464 00000000
00468 00000000
0046C 00000000
00470 00000000
00474 00000000
00478 00000000
0047C 00000000
00480 00000000
00484 00000000
00488 00000000
0048C 00000000
00490 00000000
00494 00000000
00498 00000000
0049C 00000000
004A0 00000000
004A4 00000000
004A8 00000000
004AC 00000000
004B0 00000000
004B4 00000000
004B8 00000000
004BC 00000000
004C0 00000000
004C4 00000000
004C8 00000000
004CC 00000000
004D0 00000000
004D4 00000000
004D8 00000000
004DC 00000000
004E0 00000000
004E4 00000000
004E8 00000000
004EC 00000000
004F0 00000000
004F4 00000000
004F8 00000000
004FC 00000000
00500 00000000
00504 00000000
00508 00000000
0050C 00000000
00510 00000000
00514 00000000
00518 00000000
0051C 00000000
00520 00000000
00524 00000000
00528 00000000
0052C 00000000
00530 00000000
00534 00000000
00538 00000000
0053C 00000000
00540 00000000
00544 00000000
00548 00000000
0054C 00000000
00550 00000000
00554 00000000
00558 00000000
0055C 00000000
00560 00000000
00564 00000000
00568 00000000
0056C 00000000
00570 00000000
00574 00000000
00578 00000000
0057C 00000000
00580 00000000
00584 00000000
00588 00000000
0058C 00000000
00590 00000000
00594 00000000
00598 00000000
0059C 00000000
005A0 00000000
005A4 00000000
005A8 00000000
005AC 00000000
005B0 00000000
005B4 00000000
005B8 00000000
005BC 00000000
005C0 00000000
005C4 00000000
005C8 00000000
005CC 00000000
005D0 00000000
005D4 00000000
005D8 00000000
005DC 00000000
005E0 00000000
005E4 00000000
005E8 00000000
005EC 00000000
005F0 00000000
005F4 00000000
005F8 00000000
005FC 00000000
00600 00000000
00604 00000000
00608 00000000
0060C 00000000
00610 00000000
00614 00000000
00618 00000000
0061C 00000000
00620 00000000
00624 00000000
00628 00000000
0062C 00000000
00630 00000000
00634 00000000
00638 00000000
0063C 00000000
00640 00000000
00644 00000000
00648 00000000
0064C 00000000
00650 00000000
00654 00000000
00658 00000000
0065C 00000000
00660 00000000
00664 00000000
00668 00000000
0066C 00000000
00670 00000000
00674 00000000
00678 00000000
0067C 00000000
00680 00000000
00684 00000000
00688 00000000
0068C 00000000
00690 00000000
00694 00000000
00698 00000000
0069C 00000000
006A0 00000000
006A4 00000000
006A8 00000000
006AC 00000000
006B0 00000000
006B4 00000000
006B8 00000000
006BC 00000000
006C0 00000000
006C4 00000000
006C8 00000000
006CC 00000000
006D0 00000000
006D4 00000000
006D8 00000000
006DC 00000000
006E0 00000000
006E4 00000000
006E8 00000000
006EC 00000000
006F0 00000000
006F4 00000000
006F8 00000000
006FC 00000000
00700 00000000
00704 00000000
00708 00000000
0070C 00000000
00710 00000000
00714 00000000
00718 00000000
0071C 00000000
00720 00000000
00724 00000000
00728 00000000
0072C 00000000
00730 00000000
00734 00000000
00738 00000000
0073C 00000000
00740 00000000
00744 00000000
00748 00000000
0074C 00000000
00750 00000000
00754 00000000
00758 00000000
0075C 00000000
00760 00000000
00764 00000000
00768 00000000
0076C 00000000
00770 00000000
00774 00000000
00778 00000000
0077C 00000000
00780 00000000
00784 00000000
00788 00000000
0078C 00000000
00790 00000000
00794 00000000
00798 00000000
0079C 00000000
007A0 00000000
007A4 00000000
007A8 00000000
007AC 00000000
007B0 00000000
007B4 00000000
007B8 00000000
007BC 00000000
007C0 00000000
007C4 00000000
007C8 00000000
007CC 00000000
007D0 00000000
007D4 00000000
007D8 00000000
007DC 00000000
007E0 00000000
007E4 00000000
007E8 00000000
007EC 00000000
007F0 00000000
007F4 00000000
007F8 00000000
007FC 00000000
00800 00000000
00804 00000000
00808 00000000
0080C 00000000
00810 00000000
00814 00000000
00818 00000000
0081C 00000000
00820 00000000
00824 00000000
00828 00000000
0082C 00000000
00830 00000000
00834 00000000
00838 00000000
0083C 00000000
00840 00000000
00844 00000000
00848 00000000
0084C 00000000
00850 00000000
00854 00000000
00858 00000000
0085C 00000000
00860 00000000
00864 00000000
00868 00000000
0086C 00000000
00870 00000000
00874 00000000
00878 00000000
0087C 00000000
00880 00000000
00884 00000000
00888 00000000
0088C 00000000
00890 00000000
00894 00000000
00898 00000000
0089C 00000000
008A0 00000000
008A4 00000000
008A8 00000000
008AC 00000000
008B0 00000000
008B4 00000000
008B8 00000000
008BC 00000000
008C0 00000000
008C4 00000000
008C8 00000000
008CC 00000000
008D0 00000000
008D4 00000000
008D8 00000000
008DC 00000000
008E0 00000000
008E4 00000000
008E8 00000000
008EC 00000000
008F0 00000000
008F4 00000000
008F8 00000000
008FC 00000000
00900 00000000
00904 00000000
00908 00000000
0090C 00000000
00910 00000000
00914 00000000
00918 00000000
0091C 00000000
00920 00000000
00924 00000000
00928 00000000
0092C 00000000
00930 00000000
00934 00000000
00938 00000000
0093C 00000000
00940 00000000
00944 00000000
00948 00000000
0094C 00000000
00950 00000000
00954 00000000
00958 00000000
0095C 00000000
00960 00000000
00964 00000000
00968 00000000
0096C 00000000
00970 00000000
00974 00000000
00978 00000000
0097C 00000000
00980 00000000
00984 00000000
00988 00000000
0098C 00000000
00990 00000000
00994 00000000
00998 00000000
0099C 00000000
009A0 00000000
009A4 00000000
009A8 00000000
009AC 00000000
009B0 00000000
009B4 00000000
009B8 00000000
009BC 00000000
009C0 00000000
009C4 00000000
009C8 00000000
009CC 00000000
009D0 00000000
009D4 00000000
009D8 00000000
009DC 00000000
009E0 00000000
009E4 00000000
009E8 00000000
009EC 00000000
009F0 00000000
009F4 00000000
009F8 00000000
009FC 00000000
00A00 00000000
00A04 00000000
00A08 00000000
00A0C 00000000
00A10 00000000
00A14 00000000
00A18 00000000
00A1C 00000000
00A20 00000000
00A24 00000000
00A28 00000000
00A2C 00000000
00A30 00000000
00A34 00000000
00A38 00000000
00A3C 00000000
00A40 00000000
00A44 00000000
00A48 00000000
00A4C 00000000
00A50 00000000
00A54 00000000
00A58 00000000
00A5C 00000000
00A60 00000000
00A64 00000000
00A68 00000000
00A6C 00000000
00A70 00000000
00A74 00000000
00A78 00000000
00A7C 00000000
00A80 00000000
00A84 00000000
00A88 00000000
00A8C 00000000
00A90 00000000
00A94 00000000
00A98 00000000
00A9C 00000000
00AA0 00000000
00AA4 00000000
00AA8 00000000
00AAC 00000000
00AB0 00000000
00AB4 00000000
00AB8 00000000
00ABC 00000000
00AC0 00000000
00AC4 00000000
00AC8 00000000
00ACC 00000000
00AD0 00000000
00AD4 00000000
00AD8 00000000
00ADC 00000000
00AE0 00000000
00AE4 00000000
00AE8 00000000
00AEC 00000000
00AF0 00000000
00AF4 00000000
00AF8 00000000
00AFC 00000000
00B00 00000000
00B04 00000000
00B08 00000000
00B0C 00000000
00B10 00000000
00B14 00000000
00B18 00000000
00B1C 00000000
00B20 00000000
00B24 00000000
00B28 00000000
00B2C 00000000
00B30 00000000
00B34 00000000
00B38 00000000
00B3C 00000000
00B40 00000000
00B44 00000000
00B48 00000000
00B4C 00000000
00B50 00000000
00B54 00000000
00B58 00000000
00B5C 00000000
00B60 00000000
00B64 00000000
00B68 00000000
00B6C 00000000
00B70 00000000
00B74 00000000
00B78 00000000
00B7C 00000000
00B80 00000000
00B84 00000000
00B88 00000000
00B8C 00000000
00B90 00000000
00B94 00000000
00B98 00000000
00B9C 00000000
00BA0 00000000
00BA4 00000000
00BA8 00000000
00BAC 00000000
00BB0 00000000
00BB4 00000000
00BB8 00000000
00BBC 00000000
00BC0 00000000
00BC4 00000000
00BC8 00000000
00BCC 00000000
00BD0 00000000
00BD4 00000000
00BD8 00000000
00BDC 00000000
00BE0 00000000
00BE4 00000000
00BE8 00000000
00BEC 00000000
00BF0 00000000
00BF4 00000000
00BF8 00000000
00BFC 00000000
00C00 00000000
00C04 00000000
00C08 00000000
00C0C 00000000
00C10 00000000
00C14 00000000
00C18 00000000
00C1C 00000000
00C20 00000000
00C24 00000000
00C28 00000000
00C2C 00000000
00C30 00000000
00C34 00000000
00C38 00000000
00C3C 00000000
00C40 00000000
00C44 00000000
00C48 00000000
00C4C 00000000
00C50 00000000
00C54 00000000
00C58 00000000
00C5C 00000000
00C60 00000000
00C64 00000000
00C68 00000000
00C6C 00000000
00C70 00000000
00C74 00000000
00C78 00000000
00C7C 00000000
00C80 00000000
00C84 00000000
00C88 00000000
00C8C 00000000
00C90 00000000
00C94 00000000
00C98 00000000
00C9C 00000000
00CA0 00000000
00CA4 00000000
00CA8 00000000
00CAC 00000000
00CB0 00000000
00CB4 00000000
00CB8 00000000
00CBC 00000000
00CC0 00000000
00CC4 00000000
00CC8 00000000
00CCC 00000000
00CD0 00000000
00CD4 00000000
00CD8 00000000
00CDC 00000000
00CE0 00000000
00CE4 00000000
00CE8 00000000
00CEC 00000000
00CF0 00000000
00CF4 00000000
00CF8 00000000
00CFC 00000000
00D00 00000000
00D04 00000000
00D08 00000000
00D0C 00000000
00D10 00000000
00D14 00000000
00D18 00000000
00D1C 00000000
00D20 00000000
00D24 00000000
00D28 00000000
00D2C 00000000
00D30 00000000
00D34 00000000
00D38 00000000
00D3C 00000000
00D40 00000000
00D44 00000000
00D48 00000000
00D4C 00000000
00D50 00000000
00D54 00000000
00D58 00000000
00D5C 00000000
00D60 00000000
00D64 00000000
00D68 00000000
00D6C 00000000
00D70 00000000
00D74 00000000
00D78 00000000
00D7C 00000000
00D80 00000000
00D84 00000000
00D88 00000000
00D8C 00000000
00D90 00000000
00D94 00000000
00D98 00000000
00D9C 00000000
00DA0 00000000
00DA4 00000000
00DA8 00000000
00DAC 00000000
00DB0 00000000
00DB4 00000000
00DB8 00000000
00DBC 00000000
00DC0 00000000
00DC4 00000000
00DC8 00000000
00DCC 00000000
00DD0 00000000
00DD4 00000000
00DD8 00000000
00DDC 00000000
00DE0 00000000
00DE4 00000000
00DE8 00000000
00DEC 00000000
00DF0 00000000
00DF4 00000000
00DF8 00000000
00DFC 00000000
00E00 00000000
00E04 00000000
00E08 00000000
00E0C 00000000
00E10 00000000
00E14 00000000
00E18 00000000
00E1C 00000000
00E20 00000000
00E24 00000000
00E28 00000000
00E2C 00000000
00E30 00000000
00E34 00000000
00E38 00000000
00E3C 00000000
00E40 00000000
00E44 00000000
00E48 00000000
00E4C 00000000
00E50 00000000
00E54 00000000
00E58 00000000
00E5C 00000000
00E60 00000000
00E64 00000000
00E68 00000000
00E6C 00000000
00E70 00000000
00E74 00000000
00E78 00000000
00E7C 00000000
00E80 00000000
00E84 00000000
00E88 00000000
00E8C 00000000
00E90 00000000
00E94 00000000
00E98 00000000
00E9C 00000000
00EA0 00000000
00EA4 00000000
00EA8 00000000
00EAC 00000000
00EB0 00000000
00EB4 00000000
00EB8 00000000
00EBC 00000000
00EC0 00000000
00EC4 00000000
00EC8 00000000
00ECC 00000000
00ED0 00000000
00ED4 00000000
00ED8 00000000
00EDC 00000000
00EE0 00000000
00EE4 00000000
00EE8 00000000
00EEC 00000000
00EF0 00000000
00EF4 00000000
00EF8 00000000
00EFC 00000000
00F00 00000000
00F04 00000000
00F08 00000000
00F0C 00000000
00F10 00000000
00F14 00000000
00F18 00000000
00F1C 00000000
00F20 00000000
00F24 00000000
00F28 00000000
00F2C 00000000
00F30 00000000
00F34 00000000
00F38 00000000
00F3C 00000000
00F40 00000000
00F44 00000000
00F48 00000000
00F4C 00000000
00F50 00000000
00F54 00000000
00F58 00000000
00F5C 00000000
00F60 00000000
00F64 00000000
00F68 00000000
00F6C 00000000
00F70 00000000
00F74 00000000
00F78 00000000
00F7C 00000000
00F80 00000000
00F84 00000000
00F88 00000000
00F8C 00000000
00F90 00000000
00F94 00000000
00F98 00000000
00F9C 00000000
00FA0 00000000
00FA4 00000000
00FA8 00000000
00FAC 00000000
00FB0 00000000
00FB4 00000000
00FB8 00000000
00FBC 00000000
00FC0 00000000
00FC4 00000000
00FC8 00000000
00FCC 00000000
00FD0 00000000
00FD4 00000000
00FD8 00000000
00FDC 00000000
00FE0 00000000
00FE4 00000000
00FE8 00000000
00FEC 00000000
00FF0 00000000
00FF4 00000000
00FF8 00000000
00FFC 00000000
01000 3D3B96EA
01004 3ECE068A
01008 3F55B99F
0100C 3F5C26BF
01010 3F292856
01014 3EAB16D9
01018 3F01408F
0101C 3F5287FF
01020 3ED8B243
01024 3E5E2FC4
01028 3F355916
0102C 3F3A0AD4
01030 3F5249B4
01034 3ECD8465
01038 3DCA5D3D
0103C 3F582F1A
01040 3F23144A
01044 3F0E862A
01048 3E3013DC
0104C 3EF0C4DB
01050 3F5BB020
01054 3F0ABE68
01058 3ED45ED7
0105C 3DA9971F
01060 3E7E8ADC
01064 3F23C95F
01068 3E65A74F
0106C 3F2B3779
01070 3E6D996E
01074 3F4CF157
01078 3E429774
0107C 3DB423D3
01080 BF0A7FAC
01084 BF0A7FAC
01088 BF0A7FAC
0108C BF0A7FAC
01090 BF0A7FAC
01094 BF0A7FAC
01098 BF0A7FAC
0109C BF0A7FAC
010A0 BF0A7FAC
010A4 BF0A7FAC
010A8 BF0A7FAC
010AC BF0A7FAC
010B0 BF0A7FAC
010B4 BF0A7FAC
010B8 BF0A7FAC
010BC BF0A7FAC
010C0 BF0A7FAC
010C4 BF0A7FAC
010C8 BF0A7FAC
010CC BF0A7FAC
010D0 BF0A7FAC
010D4 BF0A7FAC
010D8 BF0A7FAC
010DC BF0A7FAC
010E0 BF0A7FAC
010E4 BF0A7FAC
010E8 BF0A7FAC
010EC BF0A7FAC
010F0 BF0A7FAC
010F4 BF0A7FAC
010F8 BF0A7FAC
010FC BF0A7FAC
01100 BF0A7FAC
01104 BF0A7FAC
01108 BF0A7FAC
0110C BF0A7FAC
01110 BF0A7FAC
01114 BF0A7FAC
01118 BF0A7FAC
0111C BF0A7FAC
01120 BF0A7FAC
01124 BF0A7FAC
01128 BF0A7FAC
0112C BF0A7FAC
01130 BF0A7FAC
01134 BF0A7FAC
01138 BF0A7FAC
0113C BF0A7FAC
01140 BF0A7FAC
01144 BF0A7FAC
01148 BF0A7FAC
0114C BF0A7FAC
01150 BF0A7FAC
01154 BF0A7FAC
01158 BF0A7FAC
0115C BF0A7FAC
01160 BF0A7FAC
01164 BF0A7FAC
01168 BF0A7FAC
0116C BF0A7FAC
01170 BF0A7FAC
01174 BF0A7FAC
01178 BF0A7FAC
0117C BF0A7FAC
01180 BF0A7FAC
01184 BF0A7FAC
01188 BF0A7FAC
0118C BF0A7FAC
01190 BF0A7FAC
01194 BF0A7FAC
01198 BF0A7FAC
0119C BF0A7FAC
011A0 BF0A7FAC
011A4 BF0A7FAC
011A8 BF0A7FAC
011AC BF0A7FAC
011B0 BF0A7FAC
011B4 BF0A7FAC
011B8 BF0A7FAC
011BC BF0A7FAC
011C0 BF0A7FAC
011C4 BF0A7FAC
011C8 BF0A7FAC
011CC BF0A7FAC
011D0 BF0A7FAC
011D4 BF0A7FAC
011D8 BF0A7FAC
011DC BF0A7FAC
011E0 BF0A7FAC
011E4 BF0A7FAC
011E8 BF0A7FAC
011EC BF0A7FAC
011F0 BF0A7FAC
011F4 BF0A7FAC
011F8 BF0A7FAC
011FC BF0A7FAC
01200 BF0A7FAC
01204 BF0A7FAC
01208 BF0A7FAC
0120C BF0A7FAC
01210 BF0A7FAC
01214 BF0A7FAC
01218 BF0A7FAC
0121C BF0A7FAC
01220 BF0A7FAC
01224 BF0A7FAC
01228 BF0A7FAC
0122C BF0A7FAC
01230 BF0A7FAC
01234 BF0A7FAC
01238 BF0A7FAC
0123C BF0A7FAC
01240 BF0A7FAC
01244 BF0A7FAC
01248 BF0A7FAC
0124C BF0A7FAC
01250 BF0A7FAC
01254 BF0A7FAC
01258 BF0A7FAC
0125C BF0A7FAC
01260 BF0A7FAC
01264 BF0A7FAC
01268 BF0A7FAC
0126C BF0A7FAC
01270 BF0A7FAC
01274 BF0A7FAC
01278 BF0A7FAC
0127C BF0A7FAC
01280 BF0A7FAC
01284 BF0A7FAC
01288 BF0A7FAC
0128C BF0A7FAC
01290 BF0A7FAC
01294 BF0A7FAC
01298 BF0A7FAC
0129C BF0A7FAC
012A0 BF0A7FAC
012A4 BF0A7FAC
012A8 BF0A7FAC
012AC BF0A7FAC
012B0 BF0A7FAC
012B4 BF0A7FAC
012B8 BF0A7FAC
012BC BF0A7FAC
012C0 BF0A7FAC
012C4 BF0A7FAC
012C8 BF0A7FAC
012CC BF0A7FAC
012D0 BF0A7FAC
012D4 BF0A7FAC
012D8 BF0A7FAC
012DC BF0A7FAC
012E0 BF0A7FAC
012E4 BF0A7FAC
012E8 BF0A7FAC
012EC BF0A7FAC
012F0 BF0A7FAC
012F4 BF0A7FAC
012F8 BF0A7FAC
012FC BF0A7FAC
01300 BF0A7FAC
01304 BF0A7FAC
01308 BF0A7FAC
0130C BF0A7FAC
01310 BF0A7FAC
01314 BF0A7FAC
01318 BF0A7FAC
0131C BF0A7FAC
01320 BF0A7FAC
01324 BF0A7FAC
01328 BF0A7FAC
0132C BF0A7FAC
01330 BF0A7FAC
01334 BF0A7FAC
01338 BF0A7FAC
0133C BF0A7FAC
01340 BF0A7FAC
01344 BF0A7FAC
01348 BF0A7FAC
0134C BF0A7FAC
01350 BF0A7FAC
01354 BF0A7FAC
01358 BF0A7FAC
0135C BF0A7FAC
01360 BF0A7FAC
01364 BF0A7FAC
01368 BF0A7FAC
0136C BF0A7FAC
01370 BF0A7FAC
01374 BF0A7FAC
01378 BF0A7FAC
0137C BF0A7FAC
01380 BF0A7FAC
01384 BF0A7FAC
01388 BF0A7FAC
0138C BF0A7FAC
01390 BF0A7FAC
01394 BF0A7FAC
01398 BF0A7FAC
0139C BF0A7FAC
013A0 BF0A7FAC
013A4 BF0A7FAC
013A8 BF0A7FAC
013AC BF0A7FAC
013B0 BF0A7FAC
013B4 BF0A7FAC
013B8 BF0A7FAC
013BC BF0A7FAC
013C0 BF0A7FAC
013C4 BF0A7FAC
013C8 BF0A7FAC
013CC BF0A7FAC
013D0 BF0A7FAC
013D4 BF0A7FAC
013D8 BF0A7FAC
013DC BF0A7FAC
013E0 BF0A7FAC
013E4 BF0A7FAC
013E8 BF0A7FAC
013EC BF0A7FAC
013F0 BF0A7FAC
013F4 BF0A7FAC
013F8 BF0A7FAC
013FC BF0A7FAC
01400 BF0A7FAC
01404 BF0A7FAC
01408 BF0A7FAC
0140C BF0A7FAC
01410 BF0A7FAC
01414 BF0A7FAC
01418 BF0A7FAC
0141C BF0A7FAC
01420 BF0A7FAC
01424 BF0A7FAC
01428 BF0A7FAC
0142C BF0A7FAC
01430 BF0A7FAC
01434 BF0A7FAC
01438 BF0A7FAC
0143C BF0A7FAC
01440 BF0A7FAC
01444 BF0A7FAC
01448 BF0A7FAC
0144C BF0A7FAC
01450 BF0A7FAC
01454 BF0A7FAC
01458 BF0A7FAC
0145C BF0A7FAC
01460 BF0A7FAC
01464 BF0A7FAC
01468 BF0A7FAC
0146C BF0A7FAC
01470 BF0A7FAC
01474 BF0A7FAC
01478 BF0A7FAC
0147C BF0A7FAC
01480 BF0A7FAC
01484 BF0A7FAC
01488 BF0A7FAC
0148C BF0A7FAC
01490 BF0A7FAC
01494 BF0A7FAC
01498 BF0A7FAC
0149C BF0A7FAC
014A0 BF0A7FAC
014A4 BF0A7FAC
014A8 BF0A7FAC
014AC BF0A7FAC
014B0 BF0A7FAC
014B4 BF0A7FAC
014B8 BF0A7FAC
014BC BF0A7FAC
014C0 BF0A7FAC
014C4 BF0A7FAC
014C8 BF0A7FAC
014CC BF0A7FAC
014D0 BF0A7FAC
014D4 BF0A7FAC
014D8 BF0A7FAC
014DC BF0A7FAC
014E0 BF0A7FAC
014E4 BF0A7FAC
014E8 BF0A7FAC
014EC BF0A7FAC
014F0 BF0A7FAC
014F4 BF0A7FAC
014F8 BF0A7FAC
014FC BF0A7FAC
01500 BF0A7FAC
01504 BF0A7FAC
01508 BF0A7FAC
0150C BF0A7FAC
01510 BF0A7FAC
01514 BF0A7FAC
01518 BF0A7FAC
0151C BF0A7FAC
01520 BF0A7FAC
01524 BF0A7FAC
01528 BF0A7FAC
0152C BF0A7FAC
01530 BF0A7FAC
01534 BF0A7FAC
01538 BF0A7FAC
0153C BF0A7FAC
01540 BF0A7FAC
01544 BF0A7FAC
01548 BF0A7FAC
0154C BF0A7FAC
01550 BF0A7FAC
01554 BF0A7FAC
01558 BF0A7FAC
0155C BF0A7FAC
01560 BF0A7FAC
01564 BF0A7FAC
01568 BF0A7FAC
0156C BF0A7FAC
01570 BF0A7FAC
01574 BF0A7FAC
01578 BF0A7FAC
0157C BF0A7FAC
01580 BF0A7FAC
01584 BF0A7FAC
01588 BF0A7FAC
0158C BF0A7FAC
01590 BF0A7FAC
01594 BF0A7FAC
01598 BF0A7FAC
0159C BF0A7FAC
015A0 BF0A7FAC
015A4 BF0A7FAC
015A8 BF0A7FAC
015AC BF0A7FAC
015B0 BF0A7FAC
015B4 BF0A7FAC
015B8 BF0A7FAC
015BC BF0A7FAC
015C0 BF0A7FAC
015C4 BF0A7FAC
015C8 BF0A7FAC
015CC BF0A7FAC
015D0 BF0A7FAC
015D4 BF0A7FAC
015D8 BF0A7FAC
015DC BF0A7FAC
015E0 BF0A7FAC
015E4 BF0A7FAC
015E8 BF0A7FAC
015EC BF0A7FAC
015F0 BF0A7FAC
015F4 BF0A7FAC
015F8 BF0A7FAC
015FC BF0A7FAC
01600 BF0A7FAC
01604 BF0A7FAC
01608 BF0A7FAC
0160C BF0A7FAC
01610 BF0A7FAC
01614 BF0A7FAC
01618 BF0A7FAC
0161C BF0A7FAC
01620 BF0A7FAC
01624 BF0A7FAC
01628 BF0A7FAC
0162C BF0A7FAC
01630 BF0A7FAC
01634 BF0A7FAC
01638 BF0A7FAC
0163C BF0A7FAC
01640 BF0A7FAC
01644 BF0A7FAC
01648 BF0A7FAC
0164C BF0A7FAC
01650 BF0A7FAC
01654 BF0A7FAC
01658 BF0A7FAC
0165C BF0A7FAC
01660 BF0A7FAC
01664 BF0A7FAC
01668 BF0A7FAC
0166C BF0A7FAC
01670 BF0A7FAC
01674 BF0A7FAC
01678 BF0A7FAC
0167C BF0A7FAC
01680 BF0A7FAC
01684 BF0A7FAC
01688 BF0A7FAC
0168C BF0A7FAC
01690 BF0A7FAC
01694 BF0A7FAC
01698 BF0A7FAC
0169C BF0A7FAC
016A0 BF0A7FAC
016A4 BF0A7FAC
016A8 BF0A7FAC
016AC BF0A7FAC
016B0 BF0A7FAC
016B4 BF0A7FAC
016B8 BF0A7FAC
016BC BF0A7FAC
016C0 BF0A7FAC
016C4 BF0A7FAC
016C8 BF0A7FAC
016CC BF0A7FAC
016D0 BF0A7FAC
016D4 BF0A7FAC
016D8 BF0A7FAC
016DC BF0A7FAC
016E0 BF0A7FAC
016E4 BF0A7FAC
016E8 BF0A7FAC
016EC BF0A7FAC
016F0 BF0A7FAC
016F4 BF0A7FAC
016F8 BF0A7FAC
016FC BF0A7FAC
01700 BF0A7FAC
01704 BF0A7FAC
01708 BF0A7FAC
0170C BF0A7FAC
01710 BF0A7FAC
01714 BF0A7FAC
01718 BF0A7FAC
0171C BF0A7FAC
01720 BF0A7FAC
01724 BF0A7FAC
01728 BF0A7FAC
0172C BF0A7FAC
01730 BF0A7FAC
01734 BF0A7FAC
01738 BF0A7FAC
0173C BF0A7FAC
01740 BF0A7FAC
01744 BF0A7FAC
01748 BF0A7FAC
0174C BF0A7FAC
01750 BF0A7FAC
01754 BF0A7FAC
01758 BF0A7FAC
0175C BF0A7FAC
01760 BF0A7FAC
01764 BF0A7FAC
01768 BF0A7FAC
0176C BF0A7FAC
01770 BF0A7FAC
01774 BF0A7FAC
01778 BF0A7FAC
0177C BF0A7FAC
01780 BF0A7FAC
01784 BF0A7FAC
01788 BF0A7FAC
0178C BF0A7FAC
01790 BF0A7FAC
01794 BF0A7FAC
01798 BF0A7FAC
0179C BF0A7FAC
017A0 BF0A7FAC
017A4 BF0A7FAC
017A8 BF0A7FAC
017AC BF0A7FAC
017B0 BF0A7FAC
017B4 BF0A7FAC
017B8 BF0A7FAC
017BC BF0A7FAC
017C0 BF0A7FAC
017C4 BF0A7FAC
017C8 BF0A7FAC
017CC BF0A7FAC
017D0 BF0A7FAC
017D4 BF0A7FAC
017D8 BF0A7FAC
017DC BF0A7FAC
017E0 BF0A7FAC
017E4 BF0A7FAC
017E8 BF0A7FAC
017EC BF0A7FAC
017F0 BF0A7FAC
017F4 BF0A7FAC
017F8 BF0A7FAC
017FC BF0A7FAC
01800 BF0A7FAC
01804 BF0A7FAC
01808 BF0A7FAC
0180C BF0A7FAC
01810 BF0A7FAC
01814 BF0A7FAC
01818 BF0A7FAC
0181C BF0A7FAC
01820 BF0A7FAC
01824 BF0A7FAC
01828 BF0A7FAC
0182C BF0A7FAC
01830 BF0A7FAC
01834 BF0A7FAC
01838 BF0A7FAC
0183C BF0A7FAC
01840 BF0A7FAC
01844 BF0A7FAC
01848 BF0A7FAC
0184C BF0A7FAC
01850 BF0A7FAC
01854 BF0A7FAC
01858 BF0A7FAC
0185C BF0A7FAC
01860 BF0A7FAC
01864 BF0A7FAC
01868 BF0A7FAC
0186C BF0A7FAC
01870 BF0A7FAC
01874 BF0A7FAC
01878 BF0A7FAC
0187C BF0A7FAC
01880 BF0A7FAC
01884 BF0A7FAC
01888 BF0A7FAC
0188C BF0A7FAC
01890 BF0A7FAC
01894 BF0A7FAC
01898 BF0A7FAC
0189C BF0A7FAC
018A0 BF0A7FAC
018A4 BF0A7FAC
018A8 BF0A7FAC
018AC BF0A7FAC
018B0 BF0A7FAC
018B4 BF0A7FAC
018B8 BF0A7FAC
018BC BF0A7FAC
018C0 BF0A7FAC
018C4 BF0A7FAC
018C8 BF0A7FAC
018CC BF0A7FAC
018D0 BF0A7FAC
018D4 BF0A7FAC
018D8 BF0A7FAC
018DC BF0A7FAC
018E0 BF0A7FAC
018E4 BF0A7FAC
018E8 BF0A7FAC
018EC BF0A7FAC
018F0 BF0A7FAC
018F4 BF0A7FAC
018F8 BF0A7FAC
018FC BF0A7FAC
01900 BF0A7FAC
01904 BF0A7FAC
01908 BF0A7FAC
0190C BF0A7FAC
01910 BF0A7FAC
01914 BF0A7FAC
01918 BF0A7FAC
0191C BF0A7FAC
01920 BF0A7FAC
01924 BF0A7FAC
01928 BF0A7FAC
0192C BF0A7FAC
01930 BF0A7FAC
01934 BF0A7FAC
01938 BF0A7FAC
0193C BF0A7FAC
01940 BF0A7FAC
01944 BF0A7FAC
01948 BF0A7FAC
0194C BF0A7FAC
01950 BF0A7FAC
01954 BF0A7FAC
01958 BF0A7FAC
0195C BF0A7FAC
01960 BF0A7FAC
01964 BF0A7FAC
01968 BF0A7FAC
0196C BF0A7FAC
01970 BF0A7FAC
01974 BF0A7FAC
01978 BF0A7FAC
0197C BF0A7FAC
01980 BF0A7FAC
01984 BF0A7FAC
01988 BF0A7FAC
0198C BF0A7FAC
01990 BF0A7FAC
01994 BF0A7FAC
01998 BF0A7FAC
0199C BF0A7FAC
019A0 BF0A7FAC
019A4 BF0A7FAC
019A8 BF0A7FAC
019AC BF0A7FAC
019B0 BF0A7FAC
019B4 BF0A7FAC
019B8 BF0A7FAC
019BC BF0A7FAC
019C0 BF0A7FAC
019C4 BF0A7FAC
019C8 BF0A7FAC
019CC BF0A7FAC
019D0 BF0A7FAC
019D4 BF0A7FAC
019D8 BF0A7FAC
019DC BF0A7FAC
019E0 BF0A7FAC
019E4 BF0A7FAC
019E8 BF0A7FAC
019EC BF0A7FAC
019F0 BF0A7FAC
019F4 BF0A7FAC
019F8 BF0A7FAC
019FC BF0A7FAC
01A00 BF0A7FAC
01A04 BF0A7FAC
01A08 BF0A7FAC
01A0C BF0A7FAC
01A10 BF0A7FAC
01A14 BF0A7FAC
01A18 BF0A7FAC
01A1C BF0A7FAC
01A20 BF0A7FAC
01A24 BF0A7FAC
01A28 BF0A7FAC
01A2C BF0A7FAC
01A30 BF0A7FAC
01A34 BF0A7FAC
01A38 BF0A7FAC
01A3C BF0A7FAC
01A40 BF0A7FAC
01A44 BF0A7FAC
01A48 BF0A7FAC
01A4C BF0A7FAC
01A50 BF0A7FAC
01A54 BF0A7FAC
01A58 BF0A7FAC
01A5C BF0A7FAC
01A60 BF0A7FAC
01A64 BF0A7FAC
01A68 BF0A7FAC
01A6C BF0A7FAC
01A70 BF0A7FAC
01A74 BF0A7FAC
01A78 BF0A7FAC
01A7C BF0A7FAC
01A80 BF0A7FAC
01A84 BF0A7FAC
01A88 BF0A7FAC
01A8C BF0A7FAC
01A90 BF0A7FAC
01A94 BF0A7FAC
01A98 BF0A7FAC
01A9C BF0A7FAC
01AA0 BF0A7FAC
01AA4 BF0A7FAC
01AA8 BF0A7FAC
01AAC BF0A7FAC
01AB0 BF0A7FAC
01AB4 BF0A7FAC
01AB8 BF0A7FAC
01ABC BF0A7FAC
01AC0 BF0A7FAC
01AC4 BF0A7FAC
01AC8 BF0A7FAC
01ACC BF0A7FAC
01AD0 BF0A7FAC
01AD4 BF0A7FAC
01AD8 BF0A7FAC
01ADC BF0A7FAC
01AE0 BF0A7FAC
01AE4 BF0A7FAC
01AE8 BF0A7FAC
01AEC BF0A7FAC
01AF0 BF0A7FAC
01AF4 BF0A7FAC
01AF8 BF0A7FAC
01AFC BF0A7FAC
01B00 BF0A7FAC
01B04 BF0A7FAC
01B08 BF0A7FAC
01B0C BF0A7FAC
01B10 BF0A7FAC
01B14 BF0A7FAC
01B18 BF0A7FAC
01B1C BF0A7FAC
01B20 BF0A7FAC
01B24 BF0A7FAC
01B28 BF0A7FAC
01B2C BF0A7FAC
01B30 BF0A7FAC
01B34 BF0A7FAC
01B38 BF0A7FAC
01B3C BF0A7FAC
01B40 BF0A7FAC
01B44 BF0A7FAC
01B48 BF0A7FAC
01B4C BF0A7FAC
01B50 BF0A7FAC
01B54 BF0A7FAC
01B58 BF0A7FAC
01B5C BF0A7FAC
01B60 BF0A7FAC
01B64 BF0A7FAC
01B68 BF0A7FAC
01B6C BF0A7FAC
01B70 BF0A7FAC
01B74 BF0A7FAC
01B78 BF0A7FAC
01B7C BF0A7FAC
01B80 BF0A7FAC
01B84 BF0A7FAC
01B88 BF0A7FAC
01B8C BF0A7FAC
01B90 BF0A7FAC
01B94 BF0A7FAC
01B98 BF0A7FAC
01B9C BF0A7FAC
01BA0 BF0A7FAC
01BA4 BF0A7FAC
01BA8 BF0A7FAC
01BAC BF0A7FAC
01BB0 BF0A7FAC
01BB4 BF0A7FAC
01BB8 BF0A7FAC
01BBC BF0A7FAC
01BC0 BF0A7FAC
01BC4 BF0A7FAC
01BC8 BF0A7FAC
01BCC BF0A7FAC
01BD0 BF0A7FAC
01BD4 BF0A7FAC
01BD8 BF0A7FAC
01BDC BF0A7FAC
01BE0 BF0A7FAC
01BE4 BF0A7FAC
01BE8 BF0A7FAC
01BEC BF0A7FAC
01BF0 BF0A7FAC
01BF4 BF0A7FAC
01BF8 BF0A7FAC
01BFC BF0A7FAC
01C00 BF0A7FAC
01C04 BF0A7FAC
01C08 BF0A7FAC
01C0C BF0A7FAC
01C10 BF0A7FAC
01C14 BF0A7FAC
01C18 BF0A7FAC
01C1C BF0A7FAC
01C20 BF0A7FAC
01C24 BF0A7FAC
01C28 BF0A7FAC
01C2C BF0A7FAC
01C30 BF0A7FAC
01C34 BF0A7FAC
01C38 BF0A7FAC
01C3C BF0A7FAC
01C40 BF0A7FAC
01C44 BF0A7FAC
01C48 BF0A7FAC
01C4C BF0A7FAC
01C50 BF0A7FAC
01C54 BF0A7FAC
01C58 BF0A7FAC
01C5C BF0A7FAC
01C60 BF0A7FAC
01C64 BF0A7FAC
01C68 BF0A7FAC
01C6C BF0A7FAC
01C70 BF0A7FAC
01C74 BF0A7FAC
01C78 BF0A7FAC
01C7C BF0A7FAC
01C80 BF0A7FAC
01C84 BF0A7FAC
01C88 BF0A7FAC
01C8C BF0A7FAC
01C90 BF0A7FAC
01C94 BF0A7FAC
01C98 BF0A7FAC
01C9C BF0A7FAC
01CA0 BF0A7FAC
01CA4 BF0A7FAC
01CA8 BF0A7FAC
01CAC BF0A7FAC
01CB0 BF0A7FAC
01CB4 BF0A7FAC
01CB8 BF0A7FAC
01CBC BF0A7FAC
01CC0 BF0A7FAC
01CC4 BF0A7FAC
01CC8 BF0A7FAC
01CCC BF0A7FAC
01CD0 BF0A7FAC
01CD4 BF0A7FAC
01CD8 BF0A7FAC
01CDC BF0A7FAC
01CE0 BF0A7FAC
01CE4 BF0A7FAC
01CE8 BF0A7FAC
01CEC BF0A7FAC
01CF0 BF0A7FAC
01CF4 BF0A7FAC
01CF8 BF0A7FAC
01CFC BF0A7FAC
01D00 BF0A7FAC
01D04 BF0A7FAC
01D08 BF0A7FAC
01D0C BF0A7FAC
01D10 BF0A7FAC
01D14 BF0A7FAC
01D18 BF0A7FAC
01D1C BF0A7FAC
01D20 BF0A7FAC
01D24 BF0A7FAC
01D28 BF0A7FAC
01D2C BF0A7FAC
01D30 BF0A7FAC
01D34 BF0A7FAC
01D38 BF0A7FAC
01D3C BF0A7FAC
01D40 BF0A7FAC
01D44 BF0A7FAC
01D48 BF0A7FAC
01D4C BF0A7FAC
01D50 BF0A7FAC
01D54 BF0A7FAC
01D58 BF0A7FAC
01D5C BF0A7FAC
01D60 BF0A7FAC
01D64 BF0A7FAC
01D68 BF0A7FAC
01D6C BF0A7FAC
01D70 BF0A7FAC
01D74 BF0A7FAC
01D78 BF0A7FAC
01D7C BF0A7FAC
01D80 BF0A7FAC
01D84 BF0A7FAC
01D88 BF0A7FAC
01D8C BF0A7FAC
01D90 BF0A7FAC
01D94 BF0A7FAC
01D98 BF0A7FAC
01D9C BF0A7FAC
01DA0 BF0A7FAC
01DA4 BF0A7FAC
01DA8 BF0A7FAC
01DAC BF0A7FAC
01DB0 BF0A7FAC
01DB4 BF0A7FAC
01DB8 BF0A7FAC
01DBC BF0A7FAC
01DC0 BF0A7FAC
01DC4 BF0A7FAC
01DC8 BF0A7FAC
01DCC BF0A7FAC
01DD0 BF0A7FAC
01DD4 BF0A7FAC
01DD8 BF0A7FAC
01DDC BF0A7FAC
01DE0 BF0A7FAC
01DE4 BF0A7FAC
01DE8 BF0A7FAC
01DEC BF0A7FAC
01DF0 BF0A7FAC
01DF4 BF0A7FAC
01DF8 BF0A7FAC
01DFC BF0A7FAC
01E00 BF0A7FAC
01E04 BF0A7FAC
01E08 BF0A7FAC
01E0C BF0A7FAC
01E10 BF0A7FAC
01E14 BF0A7FAC
01E18 BF0A7FAC
01E1C BF0A7FAC
01E20 BF0A7FAC
01E24 BF0A7FAC
01E28 BF0A7FAC
01E2C BF0A7FAC
01E30 BF0A7FAC
01E34 BF0A7FAC
01E38 BF0A7FAC
01E3C BF0A7FAC
01E40 BF0A7FAC
01E44 BF0A7FAC
01E48 BF0A7FAC
01E4C BF0A7FAC
01E50 BF0A7FAC
01E54 BF0A7FAC
01E58 BF0A7FAC
01E5C BF0A7FAC
01E60 BF0A7FAC
01E64 BF0A7FAC
01E68 BF0A7FAC
01E6C BF0A7FAC
01E70 BF0A7FAC
01E74 BF0A7FAC
01E78 BF0A7FAC
01E7C BF0A7FAC
01E80 BF0A7FAC
01E84 BF0A7FAC
01E88 BF0A7FAC
01E8C BF0A7FAC
01E90 BF0A7FAC
01E94 BF0A7FAC
01E98 BF0A7FAC
01E9C BF0A7FAC
01EA0 BF0A7FAC
01EA4 BF0A7FAC
01EA8 BF0A7FAC
01EAC BF0A7FAC
01EB0 BF0A7FAC
01EB4 BF0A7FAC
01EB8 BF0A7FAC
01EBC BF0A7FAC
01EC0 BF0A7FAC
01EC4 BF0A7FAC
01EC8 BF0A7FAC
01ECC BF0A7FAC
01ED0 BF0A7FAC
01ED4 BF0A7FAC
01ED8 BF0A7FAC
01EDC BF0A7FAC
01EE0 BF0A7FAC
01EE4 BF0A7FAC
01EE8 BF0A7FAC
01EEC BF0A7FAC
01EF0 BF0A7FAC
01EF4 BF0A7FAC
01EF8 BF0A7FAC
01EFC BF0A7FAC
01F00 BF0A7FAC
01F04 BF0A7FAC
01F08 BF0A7FAC
01F0C BF0A7FAC
01F10 BF0A7FAC
01F14 BF0A7FAC
01F18 BF0A7FAC
01F1C BF0A7FAC
01F20 BF0A7FAC
01F24 BF0A7FAC
01F28 BF0A7FAC
01F2C BF0A7FAC
01F30 BF0A7FAC
01F34 BF0A7FAC
01F38 BF0A7FAC
01F3C BF0A7FAC
01F40 BF0A7FAC
01F44 BF0A7FAC
01F48 BF0A7FAC
01F4C BF0A7FAC
01F50 BF0A7FAC
01F54 BF0A7FAC
01F58 BF0A7FAC
01F5C BF0A7FAC
01F60 BF0A7FAC
01F64 BF0A7FAC
01F68 BF0A7FAC
01F6C BF0A7FAC
01F70 BF0A7FAC
01F74 BF0A7FAC
01F78 BF0A7FAC
01F7C BF0A7FAC
01F80 BF0A7FAC
01F84 BF0A7FAC
01F88 BF0A7FAC
01F8C BF0A7FAC
01F90 BF0A7FAC
01F94 BF0A7FAC
01F98 BF0A7FAC
01F9C BF0A7FAC
01FA0 BF0A7FAC
01FA4 BF0A7FAC
01FA8 BF0A7FAC
01FAC BF0A7FAC
01FB0 BF0A7FAC
01FB4 BF0A7FAC
01FB8 BF0A7FAC
01FBC BF0A7FAC
01FC0 BF0A7FAC
01FC4 BF0A7FAC
01FC8 BF0A7FAC
01FCC BF0A7FAC
01FD0 BF0A7FAC
01FD4 BF0A7FAC
01FD8 BF0A7FAC
01FDC BF0A7FAC
01FE0 BF0A7FAC
01FE4 BF0A7FAC
01FE8 BF0A7FAC
01FEC BF0A7FAC
01FF0 BF0A7FAC
01FF4 BF0A7FAC
01FF8 BF0A7FAC
01FFC BF0A7FAC
02000 00000000
02004 00000000
02008 00000000
0200C 00000000
02010 00000000
02014 00000000
02018 00000000
0201C 00000000
02020 00000000
02024 00000000
02028 00000000
0202C 00000000
02030 00000000
02034 00000000
02038 00000000
0203C 00000000
02040 00000000
02044 00000000
02048 00000000
0204C 00000000
02050 00000000
02054 00000000
02058 00000000
0205C 00000000
02060 00000000
02064 00000000
02068 00000000
0206C 00000000
02070 00000000
02074 00000000
02078 00000000
0207C 00000000
02080 00000000
02084 00000000
02088 00000000
0208C 00000000
02090 00000000
02094 00000000
02098 00000000
0209C 00000000
020A0 00000000
020A4 00000000
020A8 00000000
020AC 00000000
020B0 00000000
020B4 00000000
020B8 00000000
020BC 00000000
020C0 00000000
020C4 00000000
020C8 00000000
020CC 00000000
020D0 00000000
020D4 00000000
020D8 00000000
020DC 00000000
020E0 00000000
020E4 00000000
020E8 00000000
020EC 00000000
020F0 00000000
020F4 00000000
020F8 00000000
020FC 00000000
02100 00000000
02104 00000000
02108 00000000
0210C 00000000
02110 00000000
02114 00000000
02118 00000000
0211C 00000000
02120 00000000
02124 00000000
02128 00000000
0212C 00000000
02130 00000000
02134 00000000
02138 00000000
0213C 00000000
02140 00000000
02144 00000000
02148 00000000
0214C 00000000
02150 00000000
02154 00000000
02158 00000000
0215C 00000000
02160 00000000
02164 00000000
02168 00000000
0216C 00000000
02170 00000000
02174 00000000
02178 00000000
0217C 00000000
02180 00000000
02184 00000000
02188 00000000
0218C 00000000
02190 00000000
02194 00000000
02198 00000000
0219C 00000000
021A0 00000000
021A4 00000000
021A8 00000000
021AC 00000000
021B0 00000000
021B4 00000000
021B8 00000000
021BC 00000000
021C0 00000000
021C4 00000000
021C8 00000000
021CC 00000000
021D0 00000000
021D4 00000000
021D8 00000000
021DC 00000000
021E0 00000000
021E4 00000000
021E8 00000000
021EC 00000000
021F0 00000000
021F4 00000000
021F8 00000000
021FC 00000000
02200 00000000
02204 00000000
02208 00000000
0220C 00000000
02210 00000000
02214 00000000
02218 00000000
0221C 00000000
02220 00000000
02224 00000000
02228 00000000
0222C 00000000
02230 00000000
02234 00000000
02238 00000000
0223C 00000000
02240 00000000
02244 00000000
02248 00000000
0224C 00000000
02250 00000000
02254 00000000
02258 00000000
0225C 00000000
02260 00000000
02264 00000000
02268 00000000
0226C 00000000
02270 00000000
02274 00000000
02278 00000000
0227C 00000000
02280 00000000
02284 00000000
02288 00000000
0228C 00000000
02290 00000000
02294 00000000
02298 00000000
0229C 00000000
022A0 00000000
022A4 00000000
022A8 00000000
022AC 00000000
022B0 00000000
022B4 00000000
022B8 00000000
022BC 00000000
022C0 00000000
022C4 00000000
022C8 00000000
022CC 00000000
022D0 00000000
022D4 00000000
022D8 00000000
022DC 00000000
022E0 00000000
022E4 00000000
022E8 00000000
022EC 00000000
022F0 00000000
022F4 00000000
022F8 00000000
022FC 00000000
02300 00000000
02304 00000000
02308 00000000
0230C 00000000
02310 00000000
02314 00000000
02318 00000000
0231C 00000000
02320 00000000
02324 00000000
02328 00000000
0232C 00000000
02330 00000000
02334 00000000
02338 00000000
0233C 00000000
02340 00000000
02344 00000000
02348 00000000
0234C 00000000
02350 00000000
02354 00000000
02358 00000000
0235C 00000000
02360 00000000
02364 00000000
02368 00000000
0236C 00000000
02370 00000000
02374 00000000
02378 00000000
0237C 00000000
02380 00000000
02384 00000000
02388 00000000
0238C 00000000
02390 00000000
02394 00000000
02398 00000000
0239C 00000000
023A0 00000000
023A4 00000000
023A8 00000000
023AC 00000000
023B0 00000000
023B4 00000000
023B8 00000000
023BC 00000000
023C0 00000000
023C4 00000000
023C8 00000000
023CC 00000000
023D0 00000000
023D4 00000000
023D8 00000000
023DC 00000000
023E0 00000000
023E4 00000000
023E8 00000000
023EC 00000000
023F0 00000000
023F4 00000000
023F8 00000000
023FC 00000000
02400 00000000
02404 00000000
02408 00000000
0240C 00000000
02410 00000000
02414 00000000
02418 00000000
0241C 00000000
02420 00000000
02424 00000000
02428 00000000
0242C 00000000
02430 00000000
02434 00000000
02438 00000000
0243C 00000000
02440 00000000
02444 00000000
02448 00000000
0244C 00000000
02450 00000000
02454 00000000
02458 00000000
0245C 00000000
02460 00000000
02464 00000000
02468 00000000
0246C 00000000
02470 00000000
02474 00000000
02478 00000000
0247C 00000000
02480 00000000
02484 00000000
02488 00000000
0248C 00000000
02490 00000000
02494 00000000
02498 00000000
0249C 00000000
024A0 00000000
024A4 00000000
024A8 00000000
024AC 00000000
024B0 00000000
024B4 00000000
024B8 00000000
024BC 00000000
024C0 00000000
024C4 00000000
024C8 00000000
024CC 00000000
024D0 00000000
024D4 00000000
024D8 00000000
024DC 00000000
024E0 00000000
024E4 00000000
024E8 00000000
024EC 00000000
024F0 00000000
024F4 00000000
024F8 00000000
024FC 00000000
02500 00000000
02504 00000000
02508 00000000
0250C 00000000
02510 00000000
02514 00000000
02518 00000000
0251C 00000000
02520 00000000
02524 00000000
02528 00000000
0252C 00000000
02530 00000000
02534 00000000
02538 00000000
0253C 00000000
02540 00000000
02544 00000000
02548 00000000
0254C 00000000
02550 00000000
02554 00000000
02558 00000000
0255C 00000000
02560 00000000
02564 00000000
02568 00000000
0256C 00000000
02570 00000000
02574 00000000
02578 00000000
0257C 00000000
02580 00000000
02584 00000000
02588 00000000
0258C 00000000
02590 00000000
02594 00000000
02598 00000000
0259C 00000000
025A0 00000000
025A4 00000000
025A8 00000000
025AC 00000000
025B0 00000000
025B4 00000000
025B8 00000000
025BC 00000000
025C0 00000000
025C4 00000000
025C8 00000000
025CC 00000000
025D0 00000000
025D4 00000000
025D8 00000000
025DC 00000000
025E0 00000000
025E4 00000000
025E8 00000000
025EC 00000000
025F0 00000000
025F4 00000000
025F8 00000000
025FC 00000000
02600 00000000
02604 00000000
02608 00000000
0260C 00000000
02610 00000000
02614 00000000
02618 00000000
0261C 00000000
02620 00000000
02624 00000000
02628 00000000
0262C 00000000
02630 00000000
02634 00000000
02638 00000000
0263C 00000000
02640 00000000
02644 00000000
02648 00000000
0264C 00000000
02650 00000000
02654 00000000
02658 00000000
0265C 00000000
02660 00000000
02664 00000000
02668 00000000
0266C 00000000
02670 00000000
02674 00000000
02678 00000000
0267C 00000000
02680 00000000
02684 00000000
02688 00000000
0268C 00000000
02690 00000000
02694 00000000
02698 00000000
0269C 00000000
026A0 00000000
026A4 00000000
026A8 00000000
026AC 00000000
026B0 00000000
026B4 00000000
026B8 00000000
026BC 00000000
026C0 00000000
026C4 00000000
026C8 00000000
026CC 00000000
026D0 00000000
026D4 00000000
026D8 00000000
026DC 00000000
026E0 00000000
026E4 00000000
026E8 00000000
026EC 00000000
026F0 00000000
026F4 00000000
026F8 00000000
026FC 00000000
02700 00000000
02704 00000000
02708 00000000
0270C 00000000
02710 00000000
02714 00000000
02718 00000000
0271C 00000000
02720 00000000
02724 00000000
02728 00000000
0272C 00000000
02730 00000000
02734 00000000
02738 00000000
0273C 00000000
02740 00000000
02744 00000000
02748 00000000
0274C 00000000
02750 00000000
02754 00000000
02758 00000000
0275C 00000000
02760 00000000
02764 00000000
02768 00000000
0276C 00000000
02770 00000000
02774 00000000
02778 00000000
0277C 00000000
02780 00000000
02784 00000000
02788 00000000
0278C 00000000
02790 00000000
02794 00000000
02798 00000000
0279C 00000000
027A0 00000000
027A4 00000000
027A8 00000000
027AC 00000000
027B0 00000000
027B4 00000000
027B8 00000000
027BC 00000000
027C0 00000000
027C4 00000000
027C8 00000000
027CC 00000000
027D0 00000000
027D4 00000000
027D8 00000000
027DC 00000000
027E0 00000000
027E4 00000000
027E8 00000000
027EC 00000000
027F0 00000000
027F4 00000000
027F8 00000000
027FC 00000000
02800 00000000
02804 00000000
02808 00000000
0280C 00000000
02810 00000000
02814 00000000
02818 00000000
0281C 00000000
02820 00000000
02824 00000000
02828 00000000
0282C 00000000
02830 00000000
02834 00000000
02838 00000000
0283C 00000000
02840 00000000
02844 00000000
02848 00000000
0284C 00000000
02850 00000000
02854 00000000
02858 00000000
0285C 00000000
02860 00000000
02864 00000000
02868 00000000
0286C 00000000
02870 00000000
02874 00000000
02878 00000000
0287C 00000000
02880 00000000
02884 00000000
02888 00000000
0288C 00000000
02890 00000000
02894 00000000
02898 00000000
0289C 00000000
028A0 00000000
028A4 00000000
028A8 00000000
028AC 00000000
028B0 00000000
028B4 00000000
028B8 00000000
028BC 00000000
028C0 00000000
028C4 00000000
028C8 00000000
028CC 00000000
028D0 00000000
028D4 00000000
028D8 00000000
028DC 00000000
028E0 00000000
028E4 00000000
028E8 00000000
028EC 00000000
028F0 00000000
028F4 00000000
028F8 00000000
028FC 00000000
02900 00000000
02904 00000000
02908 00000000
0290C 00000000
02910 00000000
02914 00000000
02918 00000000
0291C 00000000
02920 00000000
02924 00000000
02928 00000000
0292C 00000000
02930 00000000
02934 00000000
02938 00000000
0293C 00000000
02940 00000000
02944 00000000
02948 00000000
0294C 00000000
02950 00000000
02954 00000000
02958 00000000
0295C 00000000
02960 00000000
02964 00000000
02968 00000000
0296C 00000000
02970 00000000
02974 00000000
02978 00000000
0297C 00000000
02980 00000000
02984 00000000
02988 00000000
0298C 00000000
02990 00000000
02994 00000000
02998 00000000
0299C 00000000
029A0 00000000
029A4 00000000
029A8 00000000
029AC 00000000
029B0 00000000
029B4 00000000
029B8 00000000
029BC 00000000
029C0 00000000
029C4 00000000
029C8 00000000
029CC 00000000
029D0 00000000
029D4 00000000
029D8 00000000
029DC 00000000
029E0 00000000
029E4 00000000
029E8 00000000
029EC 00000000
029F0 00000000
029F4 00000000
029F8 00000000
029FC 00000000
02A00 00000000
02A04 00000000
02A08 00000000
02A0C 00000000
02A10 00000000
02A14 00000000
02A18 00000000
02A1C 00000000
02A20 00000000
02A24 00000000
02A28 00000000
02A2C 00000000
02A30 00000000
02A34 00000000
02A38 00000000
02A3C 00000000
02A40 00000000
02A44 00000000
02A48 00000000
02A4C 00000000
02A50 00000000
02A54 00000000
02A58 00000000
02A5C 00000000
02A60 00000000
02A64 00000000
02A68 00000000
02A6C 00000000
02A70 00000000
02A74 00000000
02A78 00000000
02A7C 00000000
02A80 00000000
02A84 00000000
02A88 00000000
02A8C 00000000
02A90 00000000
02A94 00000000
02A98 00000000
02A9C 00000000
02AA0 00000000
02AA4 00000000
02AA8 00000000
02AAC 00000000
02AB0 00000000
02AB4 00000000
02AB8 00000000
02ABC 00000000
02AC0 00000000
02AC4 00000000
02AC8 00000000
02ACC 00000000
02AD0 00000000
02AD4 00000000
02AD8 00000000
02ADC 00000000
02AE0 00000000
02AE4 00000000
02AE8 00000000
02AEC 00000000
02AF0 00000000
02AF4 00000000
02AF8 00000000
02AFC 00000000
02B00 00000000
02B04 00000000
02B08 00000000
02B0C 00000000
02B10 00000000
02B14 00000000
02B18 00000000
02B1C 00000000
02B20 00000000
02B24 00000000
02B28 00000000
02B2C 00000000
02B30 00000000
02B34 00000000
02B38 00000000
02B3C 00000000
02B40 00000000
02B44 00000000
02B48 00000000
02B4C 00000000
02B50 00000000
02B54 00000000
02B58 00000000
02B5C 00000000
02B60 00000000
02B64 00000000
02B68 00000000
02B6C 00000000
02B70 00000000
02B74 00000000
02B78 00000000
02B7C 00000000
02B80 00000000
02B84 00000000
02B88 00000000
02B8C 00000000
02B90 00000000
02B94 00000000
02B98 00000000
02B9C 00000000
02BA0 00000000
02BA4 00000000
02BA8 00000000
02BAC 00000000
02BB0 00000000
02BB4 00000000
02BB8 00000000
02BBC 00000000
02BC0 00000000
02BC4 00000000
02BC8 00000000
02BCC 00000000
02BD0 00000000
02BD4 00000000
02BD8 00000000
02BDC 00000000
02BE0 00000000
02BE4 00000000
02BE8 00000000
02BEC 00000000
02BF0 00000000
02BF4 00000000
02BF8 00000000
02BFC 00000000
02C00 00000000
02C04 00000000
02C08 00000000
02C0C 00000000
02C10 00000000
02C14 00000000
02C18 00000000
02C1C 00000000
02C20 00000000
02C24 00000000
02C28 00000000
02C2C 00000000
02C30 00000000
02C34 00000000
02C38 00000000
02C3C 00000000
02C40 00000000
02C44 00000000
02C48 00000000
02C4C 00000000
02C50 00000000
02C54 00000000
02C58 00000000
02C5C 00000000
02C60 00000000
02C64 00000000
02C68 00000000
02C6C 00000000
02C70 00000000
02C74 00000000
02C78 00000000
02C7C 00000000
02C80 00000000
02C84 00000000
02C88 00000000
02C8C 00000000
02C90 00000000
02C94 00000000
02C98 00000000
02C9C 00000000
02CA0 00000000
02CA4 00000000
02CA8 00000000
02CAC 00000000
02CB0 00000000
02CB4 00000000
02CB8 00000000
02CBC 00000000
02CC0 00000000
02CC4 00000000
02CC8 00000000
02CCC 00000000
02CD0 00000000
02CD4 00000000
02CD8 00000000
02CDC 00000000
02CE0 00000000
02CE4 00000000
02CE8 00000000
02CEC 00000000
02CF0 00000000
02CF4 00000000
02CF8 00000000
02CFC 00000000
02D00 00000000
02D04 00000000
02D08 00000000
02D0C 00000000
02D10 00000000
02D14 00000000
02D18 00000000
02D1C 00000000
02D20 00000000
02D24 00000000
02D28 00000000
02D2C 00000000
02D30 00000000
02D34 00000000
02D38 00000000
02D3C 00000000
02D40 00000000
02D44 00000000
02D48 00000000
02D4C 00000000
02D50 00000000
02D54 00000000
02D58 00000000
02D5C 00000000
02D60 00000000
02D64 00000000
02D68 00000000
02D6C 00000000
02D70 00000000
02D74 00000000
02D78 00000000
02D7C 00000000
02D80 00000000
02D84 00000000
02D88 00000000
02D8C 00000000
02D90 00000000
02D94 00000000
02D98 00000000
02D9C 00000000
02DA0 00000000
02DA4 00000000
02DA8 00000000
02DAC 00000000
02DB0 00000000
02DB4 00000000
02DB8 00000000
02DBC 00000000
02DC0 00000000
02DC4 00000000
02DC8 00000000
02DCC 00000000
02DD0 00000000
02DD4 00000000
02DD8 00000000
02DDC 00000000
02DE0 00000000
02DE4 00000000
02DE8 00000000
02DEC 00000000
02DF0 00000000
02DF4 00000000
02DF8 00000000
02DFC 00000000
02E00 00000000
02E04 00000000
02E08 00000000
02E0C 00000000
02E10 00000000
02E14 00000000
02E18 00000000
02E1C 00000000
02E20 00000000
02E24 00000000
02E28 00000000
02E2C 00000000
02E30 00000000
02E34 00000000
02E38 00000000
02E3C 00000000
02E40 00000000
02E44 00000000
02E48 00000000
02E4C 00000000
02E50 00000000
02E54 00000000
02E58 00000000
02E5C 00000000
02E60 00000000
02E64 00000000
02E68 00000000
02E6C 00000000
02E70 00000000
02E74 00000000
02E78 00000000
02E7C 00000000
02E80 00000000
02E84 00000000
02E88 00000000
02E8C 00000000
02E90 00000000
02E94 00000000
02E98 00000000
02E9C 00000000
02EA0 00000000
02EA4 00000000
02EA8 00000000
02EAC 00000000
02EB0 00000000
02EB4 00000000
02EB8 00000000
02EBC 00000000
02EC0 00000000
02EC4 00000000
02EC8 00000000
02ECC 00000000
02ED0 00000000
02ED4 00000000
02ED8 00000000
02EDC 00000000
02EE0 00000000
