00000 41146484
00004 3F01D466
00008 402B078F
0000C 40B493BF
00010 411EA278
00014 4098D7D0
00018 40C26D05
0001C 41008A42
00020 4112D0E0
00024 41116C1F
00028 40B47E71
0002C 40ED88F8
00030 41102300
00034 403C3242
00038 40FC7B44
0003C 40215DF1
00040 40F4E391
00044 3F1F8F4B
00048 4105C4DE
0004C 3FE525C8
00050 4006267A
00054 40C182BD
00058 3F1B6686
0005C 3FC331B6
00060 401A47B1
00064 400A97CB
00068 4114E0D9
0006C 3EAA324E
00070 411AB398
00074 40EEAB59
00078 407CB9A6
0007C 41063592
00080 3F342B5D
00084 40841D33
00088 41114F10
0008C 3F9BAAD8
00090 40C14B0B
00094 40974A19
00098 3F081BF4
0009C 3F29FAD7
000A0 3FBD9D5B
000A4 40AB380F
000A8 41114E42
000AC 40915CF9
000B0 3EB95146
000B4 401CF59F
000B8 40CF91C9
000BC 40F229EB
000C0 4080EEEE
000C4 4056DE32
000C8 411C336D
000CC 3E4C1948
000D0 40851D2A
000D4 3FA3B388
000D8 40B50614
000DC 40A78554
000E0 410EF54C
000E4 40B52ECD
000E8 3F2DD065
000EC 40E8068D
000F0 3F27B5CF
000F4 3FDBCE76
000F8 40C1B610
000FC 40FA6C6F
00100 40098A65
00104 403383DE
00108 3F0A56CF
0010C 4083E325
00110 4118F94C
00114 3FDEDDAD
00118 410F2444
0011C 4002D4BD
00120 3E1D357A
00124 40FE3FA6
00128 403792D7
0012C 3EDB48F4
00130 40872E5C
00134 40641A27
00138 402B774D
0013C 40B98640
00140 3DDF9B53
00144 40808BB1
00148 40895B2C
0014C 406D1280
00150 40688BC6
00154 405538DD
00158 3FACB982
0015C 409B95EF
00160 410B3DF7
00164 40C0238B
00168 4107863A
0016C 409A85A5
00170 40E117FB
00174 40EFA99B
00178 4105AEAD
0017C 40584821
00180 411131E6
00184 3F302627
00188 40DE22FB
0018C 3E832F82
00190 40E803CF
00194 40511464
00198 400AEEA1
0019C 3F5D5E9E
001A0 3F8F55A9
001A4 4024BDCA
001A8 40985C6E
001AC 406B2691
001B0 411A9D87
001B4 40B31F6A
001B8 40B6D6B1
001BC 40C48B78
001C0 411B437C
001C4 3E7EAC86
001C8 3F879B9E
001CC 40E5B71F
001D0 3E3E5D72
001D4 41004A01
001D8 410EBC25
001DC 3E58342B
001E0 40C828F1
001E4 401C43ED
001E8 40D9EA57
001EC 3FA64D05
001F0 40967B5B
001F4 4028C26A
001F8 408DBA52
001FC 41094CDF
00200 404822AC
00204 40B15779
00208 406474FD
0020C 40E313AE
00210 3ED779C5
00214 41000166
00218 4103E3AE
0021C 40706840
00220 4066A5A8
00224 404E066C
00228 40085B93
0022C 410E899F
00230 410CFA59
00234 3F822BBA
00238 411C5358
0023C 40358B7D
00240 4103C11B
00244 3F593327
00248 3F5123F4
0024C 3ECB62AD
00250 40BA8A05
00254 41149DE2
00258 40751DF4
0025C 40016EB3
00260 3F7ADC17
00264 40EA7BA5
00268 4053A233
0026C 40C13D23
00270 411BE77E
00274 4111956D
00278 40F49335
0027C 403962DD
00280 40A8A56F
00284 4098C66C
00288 40276CD6
0028C 409AE010
00290 402290E4
00294 40A97B53
00298 407B31EB
0029C 409A9532
002A0 41099FC9
002A4 405127FC
002A8 40D978F6
002AC 3E030BCE
002B0 4049BC5A
002B4 401A0321
002B8 41185C1C
002BC 409F8C8E
002C0 3F9BF8D2
002C4 40EF360F
002C8 40F0579D
002CC 40C3309C
002D0 4103BB9B
002D4 4066BD40
002D8 3E4F4984
002DC 3FE30793
002E0 41111A89
002E4 411E0D9C
002E8 40680229
002EC 41097846
002F0 40B4EF43
002F4 40EB8939
002F8 40DB9BAF
002FC 409A4612
00300 410A931E
00304 40C8D635
00308 3FC0E2A7
0030C 40C1D78D
00310 405B5B67
00314 40D81C2B
00318 4116D45D
0031C 3F729DE2
00320 41045E6E
00324 40B599B1
00328 407B3188
0032C 410E0BFC
00330 409C15C5
00334 40B357CC
00338 40A32BB1
0033C 3FABF758
00340 3FA65C2B
00344 408AE7D8
00348 4093A26A
0034C 4105D00F
00350 3F2528BE
00354 3ECD41FD
00358 40C41E61
0035C 408295C7
00360 4086EA98
00364 40CEEABC
00368 40A0992D
0036C 408411D8
00370 411C0DA1
00374 40D7BA81
00378 3FB139FB
0037C 40F9189C
00380 4042CDA3
00384 40821A15
00388 40778EC6
0038C 3FE61541
00390 41100D3D
00394 409E8B52
00398 3F16B32B
0039C 409A5E0F
003A0 40399DE7
003A4 4110161C
003A8 40FFA764
003AC 3FDD70C8
003B0 40BB53BE
003B4 3FFECF3C
003B8 41108296
003BC 40A85E32
003C0 40FB28BB
003C4 40F8981C
003C8 3FA08AA5
003CC 402FC1E5
003D0 410F0BD5
003D4 40960E68
003D8 4102641F
003DC 40B1A006
003E0 4072BF53
003E4 40844D67
003E8 3F656A07
003EC 40B775B5
003F0 40BF968E
003F4 411DF74C
003F8 40AD86CD
003FC 40907AD8
00400 4070C567
00404 40C65813
00408 4090046F
0040C 401543AD
00410 40B0DA6B
00414 4095C12B
00418 40BC98EB
0041C 4014CE92
00420 411B98B4
00424 40CC1C92
00428 4096F32B
0042C 40FADF80
00430 411F0692
00434 3E6781D9
00438 40A7A496
0043C 40E3B3D4
00440 4095BA7E
00444 4046A0AB
00448 400ABCC4
0044C 4111667E
00450 40B45060
00454 411D2C41
00458 40B828B5
0045C 410E1744
00460 40E6FDD6
00464 410D8F18
00468 409EEE33
0046C 410E258C
00470 410AF8A4
00474 4096F5F3
00478 40FDE6A8
0047C 401B2285
00480 400AD390
00484 40DE5C84
00488 3EA35F3F
0048C 40844CE3
00490 41080600
00494 40E5C6FE
00498 411820F8
0049C 40EACED6
004A0 4056652B
004A4 410456A2
004A8 40DE6E0F
004AC 3FF417C9
004B0 4103CD6B
004B4 41049ED0
004B8 410BEF43
004BC 4102C703
004C0 40CD7436
004C4 4021DC62
004C8 40AEE407
004CC 3ECAC376
004D0 3F83BEF0
004D4 40FBAD4E
004D8 41158B1B
004DC 3FC98565
004E0 411DEC04
004E4 40FD59F2
004E8 3FE288E5
004EC 410EA976
004F0 40D0DBF6
004F4 3F1C79A4
004F8 4082B438
004FC 411ADA47
00500 40E93A16
00504 409238CF
00508 402DAEC6
0050C 40310E52
00510 40D78BC6
00514 3FD631BE
00518 3F47B062
0051C 40661539
00520 410E6BED
00524 40BDBB6D
00528 410B277E
0052C 400DFB1C
00530 3FCE24AB
00534 3FA61004
00538 3FF9E531
0053C 3FDA06C1
00540 411A83E1
00544 4027DCBD
00548 3FBA8A37
0054C 410128BA
00550 3EBB980E
00554 3DA9AE04
00558 40D6D7BC
0055C 3EA52B92
00560 40081B7E
00564 403E5B87
00568 401E90DC
0056C 4042A3D1
00570 411AAB9A
00574 404ADD13
00578 3F012589
0057C 411D9FB0
00580 409E53BB
00584 40000045
00588 4043A631
0058C 409FED7D
00590 40008BA1
00594 40D5F855
00598 3E249BC9
0059C 4114D5F5
005A0 3FA8A5DC
005A4 4089DA00
005A8 400A1FC6
005AC 40589823
005B0 4108ED2F
005B4 411FD648
005B8 406BCFE5
005BC 40AC37CA
005C0 3FD4B343
005C4 40B21025
005C8 404C4CAE
005CC 40E58039
005D0 41007712
005D4 4110DE92
005D8 40CA1171
005DC 40E1E600
005E0 40BD4943
005E4 411BB9C3
005E8 4008EFFB
005EC 3FA77290
005F0 40814468
005F4 4030B5D4
005F8 3FFEB6A6
005FC 40510C5D
00600 408D6053
00604 40831B86
00608 40CD7BE2
0060C 41046325
00610 40E8C226
00614 3FE514A1
00618 4115A798
0061C 40FB1C83
00620 40798613
00624 3FA33769
00628 40CD436A
0062C 40895895
00630 40C3296B
00634 411E80B4
00638 400D1AA9
0063C 4008C70A
00640 40E9D2DB
00644 3EB4ED63
00648 40480E26
0064C 411DB777
00650 400C866C
00654 402816D4
00658 3E4D4981
0065C 3FBD282B
00660 402123ED
00664 40EA72EB
00668 3F23B81F
0066C 40A5A16B
00670 41104859
00674 410C4168
00678 3F6F3C12
0067C 4098E792
00680 40ACF0C8
00684 410A6658
00688 3E8EB2CE
0068C 3F3DDB69
00690 3E4B9241
00694 406CFAFD
00698 40839B22
0069C 40A422AC
006A0 40C007FE
006A4 3FC97A40
006A8 40B44889
006AC 40CEF9DD
006B0 40F58FC1
006B4 40F921AE
006B8 411CD547
006BC 409DB03E
006C0 3D09E566
006C4 40F86C75
006C8 40FCC24C
006CC 40CF51FF
006D0 409FFA4C
006D4 4102DA2E
006D8 4108A1BD
006DC 3F963D2F
006E0 3FE17DAB
006E4 403CFD6F
006E8 4091A19E
006EC 40F60785
006F0 3F9CECA6
006F4 3F2F0BA3
006F8 4066ACE8
006FC 404D9FD5
00700 4057868E
00704 40737D6C
00708 4099A18F
0070C 408E46B6
00710 40FA9564
00714 410FB8A1
00718 40E2D0FE
0071C 409F5099
00720 405B7E94
00724 40A2EBDE
00728 4083DE42
0072C 40F6066D
00730 40EEACDF
00734 41111AFA
00738 4075AE9D
0073C 406C40D2
00740 3E894833
00744 4090F770
00748 4084AE6B
0074C 409AA5A6
00750 3FE386FD
00754 40B645C4
00758 4055EB90
0075C 40AAC2C7
00760 410A333F
00764 409029C0
00768 410FC58E
0076C 40ED5E6C
00770 40AB9923
00774 3F43A18B
00778 409C5E38
0077C 40987AAA
00780 40C5DF50
00784 40B87A38
00788 40588C00
0078C 3F3A1757
00790 408B0CF2
00794 408085D1
00798 3F8A902C
0079C 4106D7AA
007A0 41000139
007A4 41117AF0
007A8 41057A76
007AC 3F9F5DFB
007B0 410F31CE
007B4 408B7B6E
007B8 40D9D415
007BC 40FC5FCA
007C0 411BEECD
007C4 3F466C71
007C8 40A812A9
007CC 3FEBF91F
007D0 4016C03A
007D4 4064EF98
007D8 40EB1046
007DC 40A7EC2B
007E0 40A3B492
007E4 40564CF4
007E8 41133D13
007EC 40A5E169
007F0 40FE095F
007F4 4110B9D8
007F8 4060DE37
007FC 3D16088D
00800 3FF0787D
00804 4114D6C3
00808 40C95AA8
0080C 40C508E9
00810 406904FA
00814 40DE80C1
00818 4089CACA
0081C 41168B16
00820 40DAA607
00824 3F68569F
00828 3ED3343C
0082C 410D56A5
00830 407E081C
00834 3FFF78AD
00838 40A8B87D
0083C 3F92B797
00840 3EBE4C54
00844 3FAD18BE
00848 40680624
0084C 3FCBB3B1
00850 40D51319
00854 405AC06C
00858 40E98F19
0085C 40A91FA5
00860 402A8152
00864 40DC7A8C
00868 402CB22B
0086C 3F89E6AA
00870 4074E53B
00874 4002B50A
00878 40F70FB5
0087C 40958538
00880 40E13FEE
00884 3EB8C60D
00888 4108835E
0088C 410FB984
00890 3F2CCA87
00894 3F4C71E2
00898 40BC40D2
0089C 4103FC32
008A0 400B0B66
008A4 4034F81C
008A8 40CA369B
008AC 410A4845
008B0 40D00524
008B4 411A344E
008B8 40E9643A
008BC 40445D7E
008C0 40C0AE75
008C4 3FE8B8B4
008C8 3FFA15B2
008CC 4111CD82
008D0 3F05926D
008D4 40E7E136
008D8 406EE0B7
008DC 4107662E
008E0 3F3FA632
008E4 4007F61C
008E8 4083BE9B
008EC 40F00023
008F0 3FB82A73
008F4 3DF79E36
008F8 3FF1A851
008FC 3F9F8725
00900 3F9D0F7D
00904 40D5B8A1
00908 41188FA1
0090C 40E312A2
00910 3CEA42BB
00914 40432213
00918 4002AE3A
0091C 409FBFFB
00920 40C9DF32
00924 40DFA8CC
00928 401F6528
0092C 407FE006
00930 4088C944
00934 40465F50
00938 40E21824
0093C 4116656A
00940 4041726E
00944 409ECC2D
00948 3F636A3C
0094C 40999F0F
00950 40D3D234
00954 408306A8
00958 410DCFC9
0095C 40ED5F0B
00960 409434C8
00964 40839788
00968 4112B648
0096C 40E52EB3
00970 40A38265
00974 40B15FEF
00978 3F41BC3E
0097C 3F06F84D
00980 40C716E7
00984 40900179
00988 40963CDD
0098C 406563ED
00990 40ACBAA3
00994 40D321D0
00998 4016A5D9
0099C 3FB77EA2
009A0 40C53D95
009A4 4049855A
009A8 3EA074CA
009AC 410FF15E
009B0 400CFD56
009B4 3F970088
009B8 40E51860
009BC 3F1CA044
009C0 40FA9B38
009C4 40D9D58C
009C8 3F02EEC1
009CC 4077AD69
009D0 4052CB16
009D4 3FB1FC30
009D8 4024623C
009DC 3E4FD190
009E0 409DD003
009E4 3EB79E60
009E8 40F95981
009EC 4106D52C
009F0 40CBB17D
009F4 40DCF286
009F8 40A9C67E
009FC 41123473
00A00 40902EF1
00A04 40CA4C0E
00A08 40B6E82C
00A0C 3F8766F2
00A10 3F4BBCDA
00A14 3F907C03
00A18 40C6B9C0
00A1C 404F9A82
00A20 40F02EB6
00A24 40A656EB
00A28 40D82769
00A2C 409FFAEF
00A30 411AD5F8
00A34 40FC76F0
00A38 41003B63
00A3C 41046BF7
00A40 40D0429A
00A44 408DAEEB
00A48 4047C2BA
00A4C 3F2B92DC
00A50 3FD20EA8
00A54 406F35AF
00A58 40C93DF6
00A5C 401C9C99
00A60 41189875
00A64 40D8E3D3
00A68 411E4A59
00A6C 4112D981
00A70 40C1C5AA
00A74 40F94F9F
00A78 411159F7
00A7C 3EE04E58
00A80 410CB3F7
00A84 40E1D68C
00A88 40BEA1EE
00A8C 4040EC61
00A90 3EEC1539
00A94 40CCD759
00A98 40AD57E6
00A9C 40012817
00AA0 411B0099
00AA4 3F44C2AB
00AA8 4074B02E
00AAC 41091C25
00AB0 40F164E5
00AB4 410CB3B7
00AB8 40567526
00ABC 40B90494
00AC0 401D6A97
00AC4 40904C92
00AC8 40DA9B81
00ACC 41186525
00AD0 4102231D
00AD4 40FD8E4E
00AD8 40731493
00ADC 3FEFF478
00AE0 40F95BE0
00AE4 4091344C
00AE8 40B6E5F2
00AEC 3F736ED8
00AF0 400786BE
00AF4 40A8B2C7
00AF8 4052F001
00AFC 40AA97FD
00B00 411CDBBD
00B04 410FA572
00B08 4108EA34
00B0C 408BE24C
00B10 4113E8D3
00B14 40D65D95
00B18 4119B6FF
00B1C 40B07B70
00B20 408ABC10
00B24 410AED64
00B28 404435F7
00B2C 4103C422
00B30 40FE47D6
00B34 409DA6BB
00B38 4070E55D
00B3C 408BE7CA
00B40 41198751
00B44 41185ECB
00B48 410F7EB0
00B4C 40B614CE
00B50 40875D51
00B54 40B17072
00B58 404144E0
00B5C 40BF051E
00B60 40128507
00B64 4105A4BC
00B68 40FC65E3
00B6C 4110E08E
00B70 4117FB30
00B74 40865C7C
00B78 40665913
00B7C 3F85CF1B
00B80 3FE50D7D
00B84 3F3FD315
00B88 402928BA
00B8C 40D713B8
00B90 3FB0BB25
00B94 410BCC3A
00B98 411513D5
00B9C 401727FB
00BA0 406297DB
00BA4 410EBE88
00BA8 404C8EF1
00BAC 410B30D3
00BB0 40B60ECB
00BB4 40147366
00BB8 40C0EE11
00BBC 411D72A3
00BC0 40565DE6
00BC4 3ED1AC3B
00BC8 40DA185D
00BCC 3FF532CF
00BD0 4102E1E7
00BD4 40D7BA3C
00BD8 40FE8FD9
00BDC 40E7B609
00BE0 40DA29B5
00BE4 40BA6321
00BE8 4042907A
00BEC 40F8EAD6
00BF0 410A882E
00BF4 40E64933
00BF8 40E7F5AC
00BFC 4096D1D2
00C00 3F0C73A7
00C04 40E89B59
00C08 4113B766
00C0C 40FC814E
00C10 40821652
00C14 4001CC41
00C18 40AFCC61
00C1C 4060FD03
00C20 40A26BBA
00C24 40F583B1
00C28 4040BEBA
00C2C 40D2FF5A
00C30 41067778
00C34 40A79661
00C38 40F0DD32
00C3C 402780D0
00C40 4096599B
00C44 3EB11140
00C48 3E82A024
00C4C 40F24E4A
00C50 41063826
00C54 410630BC
00C58 40CD34BF
00C5C 40A1C24E
00C60 411EAB40
00C64 4032765D
00C68 40F3CD0B
00C6C 40BA5EB1
00C70 411EFF89
00C74 40A56633
00C78 406B2A6F
00C7C 41026B43
00C80 40FB8301
00C84 40A6E5E8
00C88 3FAC66A8
00C8C 40F5CE75
00C90 3FD8DE72
00C94 3F805A6A
00C98 3E2F0A4A
00C9C 41126A0C
00CA0 3FC589E4
00CA4 40507085
00CA8 405550B8
00CAC 407901A7
00CB0 3FCD76B9
00CB4 3FFB6542
00CB8 4031EE7E
00CBC 40EAD015
00CC0 40D90D13
00CC4 408DB4B0
00CC8 400F4CBC
00CCC 3E9F82AE
00CD0 40E44D83
00CD4 411C3A01
00CD8 40D56426
00CDC 41072252
00CE0 401F001C
00CE4 40B8FAB3
00CE8 407301A2
00CEC 40389FBF
00CF0 4033C720
00CF4 3FC32B96
00CF8 3E9500E9
00CFC 3F28BB86
00D00 40D05549
00D04 4033284B
00D08 411775A7
00D0C 3FFAE2A7
00D10 4118E041
00D14 40964636
00D18 4107157F
00D1C 3FCFFF81
00D20 3DE72763
00D24 40686543
00D28 41020D77
00D2C 4093E887
00D30 3F8B7F17
00D34 4027C29A
00D38 403AB6C2
00D3C 40492B89
00D40 3FDE0966
00D44 4055FE47
00D48 40902B63
00D4C 3F90F98D
00D50 3EC79182
00D54 41061578
00D58 40B676EA
00D5C 4007EFD1
00D60 3E43C08F
00D64 411D89A5
00D68 408AA8AB
00D6C 40EC29B9
00D70 3F363D15
00D74 4093D2AB
00D78 402D7A78
00D7C 4117C801
00D80 40F96A78
00D84 40908FA2
00D88 4115D918
00D8C 4094087A
00D90 40150AF5
00D94 3F84C89A
00D98 411ABC9C
00D9C 4101A4EB
00DA0 40B3FE4C
00DA4 41011F1B
00DA8 3FA61A72
00DAC 41198712
00DB0 40D8DFD1
00DB4 407F62AB
00DB8 40E9DBB8
00DBC 40B42474
00DC0 4038B3B3
00DC4 410458C0
00DC8 40F876D6
00DCC 3E2A3815
00DD0 400EE04E
00DD4 410FCE60
00DD8 40A1FCB0
00DDC 41018B04
00DE0 3F2D3869
00DE4 401879DA
00DE8 3FA60E0B
00DEC 3FF642A3
00DF0 40B498B0
00DF4 41115661
00DF8 3F9EAF5C
00DFC 40A44F1D
00E00 405D7C86
00E04 3FA87EC4
00E08 40A34D47
00E0C 408F5C89
00E10 40B23B03
00E14 40A64050
00E18 403B4194
00E1C 40B0357F
00E20 3FC64229
00E24 4106665C
00E28 407D65FD
00E2C 3F9F4BB5
00E30 4070ACAE
00E34 40CAEB0D
00E38 409890E7
00E3C 3F2ED586
00E40 4078B5C0
00E44 41172B95
00E48 4083831C
00E4C 411DD573
00E50 3F5C309F
00E54 40D7BD42
00E58 40CA7F74
00E5C 3FE2A35B
00E60 40C77F88
00E64 411BBBED
00E68 40495391
00E6C 4119205B
00E70 41002A41
00E74 40B834CF
00E78 40A73F58
00E7C 40909893
00E80 4062FB0A
00E84 40DBE990
00E88 40961570
00E8C 40FE94BD
00E90 403A82D7
00E94 404E4505
00E98 40A84FAC
00E9C 40ADF67C
00EA0 40ABB474
00EA4 40F521FF
00EA8 40E3C63F
00EAC 40E4D746
00EB0 40F1680B
00EB4 40BFCF77
00EB8 3F26C6E0
00EBC 40A67574
00EC0 3F849ADF
00EC4 411A9561
00EC8 40F889F2
00ECC 40D73E66
00ED0 40F7FBC3
00ED4 40B4CE73
00ED8 40B751C8
00EDC 3F7F97F2
00EE0 408EBA9D
00EE4 40802F51
00EE8 3FFD0C4D
00EEC 4109B33A
00EF0 40F57A02
00EF4 40268BAF
00EF8 40323125
00EFC 3FA64982
00F00 40E883BF
00F04 40105B10
00F08 3F904652
00F0C 3FB0A1BA
00F10 40C2484C
00F14 40F01E08
00F18 411627A9
00F1C 3FAC6A05
00F20 4093F6A9
00F24 408308A8
00F28 411304BE
00F2C 409E8F31
00F30 4083B586
00F34 40C1DFF7
00F38 3F068E2E
00F3C 4098F59A
00F40 4111D1C8
00F44 3F641266
00F48 410946A4
00F4C 3F96684A
00F50 41199F86
00F54 4017401D
00F58 40752501
00F5C 40BE8579
00F60 3F6F498B
00F64 404AFDE3
00F68 40C09CD1
00F6C 411A065C
00F70 3FF4D504
00F74 40C3D3CF
00F78 3FFFB3C6
00F7C 3FB5F269
00F80 40812A2F
00F84 3F3420C0
00F88 3F16BAEC
00F8C 4036BC2F
00F90 4006D012
00F94 409AA16F
00F98 410603B0
00F9C 40AE352D
00FA0 40A58D88
00FA4 40DA8D0E
00FA8 40848D5C
00FAC 408BD944
00FB0 3FAE8D6D
00FB4 405DAFAF
00FB8 4053ACA4
00FBC 41145316
00FC0 3EC382E1
00FC4 40E635BA
00FC8 40529926
00FCC 410C6661
00FD0 410ECA61
00FD4 3DF66C70
00FD8 4015A777
00FDC 411B5327
00FE0 40A1A3EA
00FE4 40A14368
00FE8 4106CE0C
00FEC 40E841CC
00FF0 40C6C0CC
00FF4 3F89E0BF
00FF8 40C46042
00FFC 40FCB13C
01000 4046E4A1
01004 3F6F7644
01008 3FBE9A41
0100C 40871978
01010 40163FFC
01014 40713C4E
01018 411620DD
0101C 409BB182
01020 4107E686
01024 3F97CD66
01028 3FBF76BF
0102C 3FE1A5C1
01030 40F99C6F
01034 410B64DA
01038 4001289A
0103C 4090C384
01040 3EA069C3
01044 410E2489
01048 40E6A694
0104C 40D3C4DB
01050 411E585E
01054 3FD030ED
01058 41179EB1
0105C 4111833D
01060 4087D6C1
01064 3FE2AB14
01068 408BD434
0106C 40402DFD
01070 3FED728E
01074 40450C21
01078 40C61DBD
0107C 3E56C3B3
01080 40C53C15
01084 3FC0D7E5
01088 3FCACDC1
0108C 3EA7B943
01090 40773803
01094 40A9356D
01098 410FAC11
0109C 4060E296
010A0 4112162A
010A4 40B53611
010A8 41118778
010AC 4108CB75
010B0 4082346A
010B4 40D2735C
010B8 3F8E1084
010BC 3EAADE9D
010C0 410BB7FB
010C4 41161A99
010C8 406AC730
010CC 40B5DAE8
010D0 4110EB3A
010D4 4098B3AD
010D8 40BA7042
010DC 40B73A03
010E0 4115A069
010E4 40D19238
010E8 41078DCD
010EC 410D4EF5
010F0 40A8C128
010F4 40C80638
010F8 41178DF5
010FC 407EAB01
01100 3FFF497F
01104 411AB9AD
01108 40DB199A
0110C 409F2FD9
01110 4112FB09
01114 3F056E84
01118 40FC6E52
0111C 400E4586
01120 3FB3C54F
01124 40157C1E
01128 4087CE5D
0112C 4118E8F2
01130 4005903C
01134 3EC049AD
01138 4068E4DA
0113C 4101E0E4
01140 408AF788
01144 408826ED
01148 3FA72231
0114C 41198EE7
01150 40CF4C59
01154 4118A3FC
01158 401BFBB8
0115C 404B3E92
01160 40D0BB8A
01164 40E7E825
01168 408388CB
0116C 401316CA
01170 407DE5FF
01174 3F992502
01178 4080BC86
0117C 40C4B337
01180 3E3F8364
01184 404A602A
01188 40A57573
0118C 3F17E593
01190 40DA7BD2
01194 3E9A8683
01198 40FEDC09
0119C 3FC6A56A
011A0 4108359B
011A4 40D9F6C0
011A8 40D5CDE3
011AC 40AE0E3F
011B0 3FA87FB0
011B4 3ED5E87C
011B8 3FB252FB
011BC 4014F8A2
011C0 4031DA63
011C4 40EF4031
011C8 40FE1E47
011CC 3D6FA4C1
011D0 40BE9B9D
011D4 40EE8D7B
011D8 40B3CC46
011DC 4088D189
011E0 40391492
011E4 40EB3193
011E8 40E9AE47
011EC 3F52D3BA
011F0 40DA1B89
011F4 411FFE0D
011F8 40C67110
011FC 40C48A5A
01200 40296A05
01204 40A2EA9E
01208 41107ED4
0120C 3FD3EB0E
01210 40720C15
01214 3FB868C8
01218 40D3B6C0
0121C 3F89ACE6
01220 40F1C001
01224 40EE7D29
01228 3E63D0DE
0122C 4092FDBD
01230 3FE9C6E1
01234 3F97CBF2
01238 3F288B33
0123C 4096F5FC
01240 40A48BBB
01244 4067B487
01248 4118783A
0124C 4108F4CB
01250 3FC44908
01254 4081528D
01258 4063D9DE
0125C 3FE55DC0
01260 40DE4192
01264 40B850EE
01268 410CF056
0126C 3FF51CA5
01270 3F67B093
01274 4089E180
01278 40CBD5B2
0127C 4080F387
01280 40B9CA0B
01284 40A25113
01288 40E30C71
0128C 40B06BBB
01290 40D8367B
01294 4073B88F
01298 3E81AF2B
0129C 40542E34
012A0 4034701C
012A4 411CBAC4
012A8 3FB039DA
012AC 41133336
012B0 406F0BBA
012B4 40A31F66
012B8 40DC6F5E
012BC 411725C4
012C0 4072EA61
012C4 3F7D24A6
012C8 4044258B
012CC 410EC3E5
012D0 41019E09
012D4 4052F15D
012D8 40F63B7B
012DC 40BB3257
012E0 40C2A830
012E4 40267F03
012E8 411EC755
012EC 41131F4A
012F0 40892BEA
012F4 40E572A1
012F8 40D1063D
012FC 4103F1DB
01300 3FDA5A25
01304 4061FA88
01308 40269800
0130C 3EAD739E
01310 40BEEEAB
01314 402E83CC
01318 4067D23A
0131C 4005C433
01320 4097D739
01324 3F2428A6
01328 40DA2472
0132C 40B07C00
01330 40AF6F99
01334 40CDCB9F
01338 40C8A8C2
0133C 409A969A
01340 40B7A5C9
01344 4034142B
01348 40C02CF6
0134C 410FA778
01350 41044118
01354 41041C58
01358 41045B78
0135C 40B43AFE
01360 3F94A3C6
01364 3F43ED8A
01368 402C9E12
0136C 408BDA4A
01370 40EF7A05
01374 40938887
01378 3F882ED5
0137C 3F92FE42
01380 409CB94B
01384 403E028B
01388 40C1DD6B
0138C 40552EE2
01390 3FC3BE0C
01394 40145905
01398 411BF4D6
0139C 411D068A
013A0 40CD8E2A
013A4 3EB2B992
013A8 410A3B02
013AC 40B49B80
013B0 404A6672
013B4 409895D3
013B8 40C87300
013BC 3F3449C8
013C0 3EA3BC71
013C4 4024850E
013C8 3FB22299
013CC 3F5DBD6A
013D0 3F9406E4
013D4 402A9E38
013D8 40D12A03
013DC 40D4551F
013E0 4106AE57
013E4 3F3C24FE
013E8 3F3370B4
013EC 40D91EA7
013F0 3F2FA65C
013F4 40DE4AAD
013F8 3FBC9A99
013FC 403228CF
01400 40DEF15A
01404 40D163B2
01408 40FD3353
0140C 409167CD
01410 401343D7
01414 3F95076B
01418 4103A235
0141C 3FF6449C
01420 4111A727
01424 4097442D
01428 3EFC33DD
0142C 40B965A0
01430 402794CA
01434 409B3D55
01438 40E0491C
0143C 4097F540
01440 40CBDB5A
01444 40CF5A8C
01448 40431A97
0144C 40FD0AE8
01450 40E0D697
01454 40A6EEA9
01458 40AC3886
0145C 40D5C99D
01460 3F0C2117
01464 40E992D3
01468 40FEAC1A
0146C 3E048A24
01470 40DB8E05
01474 4080DA07
01478 3F3A040A
0147C 3FD9FEA5
01480 403CEA6E
01484 3EE15944
01488 40AC8DA8
0148C 40DC2FBD
01490 4109D485
01494 40784DFC
01498 40583610
0149C 40A9E148
014A0 3FFAF959
014A4 408D9C2F
014A8 40A89862
014AC 4061CDA0
014B0 3F8FF8A1
014B4 40AEA52B
014B8 4095ECC4
014BC 4119CBB0
014C0 3F89F673
014C4 40EA50D4
014C8 40A9654B
014CC 40D2F707
014D0 4113912C
014D4 411BEAD2
014D8 41138EBA
014DC 40946E0B
014E0 40B90A55
014E4 410C00A6
014E8 3FF31AD6
014EC 410BA220
014F0 3F0CEB12
014F4 3D1CF2C8
014F8 409C4CFE
014FC 409DDA17
01500 411491BF
01504 3F8FCB65
01508 40396173
0150C 40A1FBD1
01510 4110CED3
01514 3FA0F341
01518 40235680
0151C 40A690BA
01520 401A1124
01524 410DC392
01528 400D3341
0152C 3FBB9BBC
01530 3FC79E5F
01534 41151712
01538 4039EABC
0153C 411269A5
01540 3FA855A3
01544 4103153F
01548 40E9B05E
0154C 40B4276F
01550 40C1DF84
01554 410D42E8
01558 3EFE950E
0155C 41077745
01560 3F3F5979
01564 4111200D
01568 404AA338
0156C 40B9EEFE
01570 3F9CEEE7
01574 40CC76C2
01578 403E19F4
0157C 411DCF71
01580 40EE0824
01584 40ABE5B4
01588 40182F12
0158C 4007412A
01590 411784D9
01594 3F80FE95
01598 40D9B9D4
0159C 40E4E644
015A0 40C618AA
015A4 40953FA9
015A8 408C5DB7
015AC 410DB647
015B0 3EA59394
015B4 40A9B7F5
015B8 3FA23B38
015BC 40A0C8E9
015C0 40855A6D
015C4 40CB0BB2
015C8 408CB0CB
015CC 4080EACE
015D0 3EABC6AB
015D4 40B9F563
015D8 400252FA
015DC 3F80F6E4
015E0 40F6A035
015E4 4113B4E4
015E8 40552E39
015EC 4110B344
015F0 4111C206
015F4 3FDB1FAC
015F8 40BBE0D1
015FC 411120DE
01600 400FA5F7
01604 404B1C43
01608 4027BEAC
0160C 410AA21C
01610 40B9B318
01614 40A8F8A2
01618 40D6442D
0161C 41011633
01620 3E22EBD5
01624 402243F9
01628 4089B61B
0162C 411876DD
01630 4117A19F
01634 40E3E1B7
01638 410A840B
0163C 40CE6536
01640 40345821
01644 4104ED57
01648 3FEC793D
0164C 40552111
01650 40A8A9C5
01654 40CBF6A2
01658 40DF6D1B
0165C 3CC6F566
01660 40B0F190
01664 400C8F41
01668 40F3060B
0166C 40B348B5
01670 4108E2AC
01674 40BA0F3C
01678 40629134
0167C 3FB341C5
01680 40EBEA95
01684 40E030CA
01688 40FB100C
0168C 411B2060
01690 40EC4F57
01694 40FA562E
01698 4041AE39
0169C 40AF210E
016A0 40B558F3
016A4 4024531E
016A8 3EE9E94F
016AC 3FFEADFD
016B0 40A665D6
016B4 404745B5
016B8 40C07079
016BC 3E29C165
016C0 4111408E
016C4 3F4AFAE3
016C8 40B3152C
016CC 3FC37BCD
016D0 40DB2D0F
016D4 40E215CB
016D8 3F9C866E
016DC 4095A8B5
016E0 40C679C4
016E4 40034095
016E8 408C2DA8
016EC 3F725699
016F0 410095FF
016F4 40DCE12A
016F8 40B2C5E8
016FC 40A80CB5
01700 40D93CE4
01704 40DC0A42
01708 40099729
0170C 408EA7A1
01710 3FD06306
01714 40FD061C
01718 4016D46A
0171C 3FD1FE86
01720 40944856
01724 410F083E
01728 411ADECA
0172C 41134FF2
01730 40DE1189
01734 41081158
01738 40D12F40
0173C 4090A4F0
01740 40ED6C12
01744 411C251F
01748 401371EC
0174C 3F82DAE0
01750 3FE7650A
01754 411F2ADF
01758 4061CBC6
0175C 40E20F87
01760 41022172
01764 400925F4
01768 4087DFC5
0176C 401CB584
01770 40E209A6
01774 4033A33F
01778 4034A46A
0177C 3F8B89A0
01780 40FC9594
01784 41167DFB
01788 402D0BBE
0178C 408A27BE
01790 41127E5A
01794 40B31579
01798 4009A16D
0179C 408EFAD2
017A0 3FDFB3B5
017A4 407ED31D
017A8 40BCB686
017AC 40ECC83A
017B0 40C6CC20
017B4 40B94239
017B8 40C16D1E
017BC 4006F934
017C0 40FF35E8
017C4 405477E0
017C8 40C9B6EA
017CC 41092A0C
017D0 40B91630
017D4 411CA2D6
017D8 410028FF
017DC 40908A9A
017E0 4117F677
017E4 3F0E8AB2
017E8 400CFDC0
017EC 40D56B45
017F0 410FDB31
017F4 4070BDA1
017F8 40599665
017FC 3F8A0143
01800 3EEB03C9
01804 40E3279A
01808 40A4F2E9
0180C 40C4C249
01810 4092AF93
01814 3F083777
01818 40F4071C
0181C 40A5A463
01820 40A625CC
01824 3FC3E762
01828 3E31D667
0182C 3EFD843E
01830 410EA557
01834 401E6ADB
01838 410BA346
0183C 403140BB
01840 404247DD
01844 40A846D0
01848 40526A2C
0184C 3FA4FA32
01850 40BA439E
01854 40A1A378
01858 4117FF5D
0185C 410EB7F5
01860 40544424
01864 406AFA11
01868 40F54E2B
0186C 403DE674
01870 40944DAA
01874 40CB9A72
01878 4093127C
0187C 40F59D2B
01880 4112E48D
01884 3F2199B4
01888 3C93F652
0188C 410759F1
01890 40C21AB8
01894 40C95BAB
01898 3FA0F2E8
0189C 4054FA2C
018A0 40F98F77
018A4 40DDA104
018A8 3F2AB472
018AC 40A9A440
018B0 40EFB943
018B4 407B4E52
018B8 3FDE5101
018BC 40F19BC7
018C0 400AF982
018C4 410E63CA
018C8 40F75989
018CC 4116932D
018D0 3FEC540B
018D4 4038C549
018D8 40313182
018DC 40ABBFE2
018E0 402DBC5E
018E4 41008ED4
018E8 3FE24921
018EC 40E280C3
018F0 3F29E279
018F4 40001072
018F8 3F549295
018FC 3EF3F520
01900 40FDD1D1
01904 3FD4A47E
01908 40938DD4
0190C 40DDDBD4
01910 40D9A566
01914 40F720B2
01918 4102493C
0191C 3FD489D7
01920 3F4C8DDA
01924 4011CBC8
01928 411B3DDC
0192C 3F9D7A4B
01930 4106205E
01934 40C11567
01938 40534B17
0193C 41172302
01940 40654F24
01944 409BE961
01948 40F92021
0194C 4090007F
01950 3E060CD3
01954 3F88C2E7
01958 3D4FAD25
0195C 3FE2EF5A
01960 41153912
01964 408FB984
01968 411322AC
0196C 40954833
01970 40F78235
01974 40B11377
01978 40B31AB2
0197C 40F21701
01980 3FFF7AEF
01984 40CAE440
01988 410D14B7
0198C 3FCC2EF7
01990 406FD6DE
01994 40EA55B1
01998 40688C55
0199C 3F308683
019A0 40ED3896
019A4 4034AAD8
019A8 409D50B9
019AC 4030A20D
019B0 40AF1D3C
019B4 40E561A6
019B8 40FBA3E0
019BC 40D43A67
019C0 4044C53F
019C4 41059B5B
019C8 41198714
019CC 3FB59C8C
019D0 40AF5E63
019D4 403C66A2
019D8 40D39443
019DC 3E2A7C0F
019E0 411A40EE
019E4 406AD5F7
019E8 3F5F047F
019EC 40ED1AE1
019F0 40C93E33
019F4 3DC33BE7
019F8 41104179
019FC 4092C383
01A00 40D2CC79
01A04 40908498
01A08 408FAA82
01A0C 3FE5BAB4
01A10 408A323E
01A14 4118AF6D
01A18 406772EB
01A1C 40B3A66A
01A20 3F7F7720
01A24 3E838C2B
01A28 408CBBC1
01A2C 40CB6237
01A30 3FF5237C
01A34 403F65C5
01A38 411FB994
01A3C 40FB7665
01A40 40D8C696
01A44 40ACE3CF
01A48 409D1C2A
01A4C 3FF27E9E
01A50 408B186B
01A54 40B82B85
01A58 409C799F
01A5C 40CB451B
01A60 3ED35A46
01A64 4119DD00
01A68 3E2EBE93
01A6C 40C8862C
01A70 3FA306C0
01A74 411A8721
01A78 41056F1D
01A7C 3FF210C9
01A80 409A8A17
01A84 4110E368
01A88 40A39EF1
01A8C 408AEABB
01A90 4110015F
01A94 410E7F7F
01A98 40DD2148
01A9C 40946838
01AA0 40F41D6A
01AA4 4101D440
01AA8 40B5E6CD
01AAC 40C1D5FB
01AB0 3FDF590A
01AB4 411C2802
01AB8 411F432E
01ABC 3FDCFDF2
01AC0 4085F321
01AC4 411EE7AA
01AC8 40F8C9E5
01ACC 403DA78C
01AD0 3FAB9D5A
01AD4 408D522B
01AD8 4032B289
01ADC 40F7A3B8
01AE0 3F7CA08E
01AE4 404907DE
01AE8 40D4E9A4
01AEC 40F2F40B
01AF0 40A68680
01AF4 4116F205
01AF8 4077E2D8
01AFC 402FB1E7
01B00 3F9E9270
01B04 40304EEA
01B08 40A5F661
01B0C 41067BD3
01B10 411512ED
01B14 3FF0175D
01B18 410BB585
01B1C 410706C0
01B20 404C135F
01B24 411E01DA
01B28 411553FB
01B2C 4105C5FF
01B30 400F7AB5
01B34 4081842B
01B38 40DD32FF
01B3C 4033217A
01B40 40D888D5
01B44 411F7261
01B48 40DE9181
01B4C 3FAEBF1E
01B50 40E8C946
01B54 3FA97177
01B58 40D48199
01B5C 40157C52
01B60 40A061DA
01B64 40E3791E
01B68 401FA2B4
01B6C 40D122D6
01B70 410E60AD
01B74 3EB5AB27
01B78 40340E3F
01B7C 3F8CC3E9
01B80 3E962EEC
01B84 3F6446FD
01B88 4012B6D9
01B8C 3ED036BB
01B90 4065C857
01B94 40B4C1DB
01B98 41131184
01B9C 4080020D
01BA0 40328D60
01BA4 408ACD65
01BA8 4075B513
01BAC 40EDA192
01BB0 409A4FEC
01BB4 40B492F3
01BB8 40C28893
01BBC 3FB8E9FA
01BC0 40358245
01BC4 40DDA27A
01BC8 3EB509AB
01BCC 40DA2732
01BD0 4119FCC2
01BD4 4058A934
01BD8 405E9874
01BDC 3FCCB250
01BE0 41105DD9
01BE4 40903916
01BE8 40363A08
01BEC 3FEA7157
01BF0 40B6E6D3
01BF4 4102F767
01BF8 41046F71
01BFC 41126870
01C00 3F2906D7
01C04 403FCB3B
01C08 40376AFA
01C0C 3EDB88BF
01C10 3E5532B0
01C14 40137EC4
01C18 401252C3
01C1C 4035581B
01C20 402760C4
01C24 40EA0AD0
01C28 3F2EEB30
01C2C 411A94D9
01C30 40589A56
01C34 4098BE0C
01C38 40BBD24B
01C3C 4119CEE5
01C40 409163E0
01C44 4117D842
01C48 3F9489D7
01C4C 40EE9904
01C50 40F64C61
01C54 407536BE
01C58 4094FE39
01C5C 409ECC6F
01C60 40B08DFF
01C64 40B1F120
01C68 3F5EFD03
01C6C 409AD29A
01C70 3E9D1110
01C74 40442EFA
01C78 403D59A5
01C7C 40DF67CF
01C80 3FBBD4A4
01C84 3C8662E5
01C88 3E785B2F
01C8C 40867BFA
01C90 3FF6D293
01C94 403FE767
01C98 40E4E0AF
01C9C 40D6EA82
01CA0 4101983F
01CA4 3F078ADB
01CA8 40E02F2F
01CAC 40AF4667
01CB0 40F056EA
01CB4 4075669E
01CB8 40B88083
01CBC 409F9BCF
01CC0 411BCF9C
01CC4 3E6AF0F2
01CC8 404AFD77
01CCC 3FFD2F07
01CD0 411A2C5E
01CD4 407189D8
01CD8 4115B136
01CDC 40C6ED2D
01CE0 408C4BB6
01CE4 410869F7
01CE8 40ED15D5
01CEC 40AC5988
01CF0 3F15D783
01CF4 401F4E38
01CF8 3F14A0C4
01CFC 40E54830
01D00 4061E2FD
01D04 406CBB66
01D08 40DE24FA
01D0C 406B8AFE
01D10 4059EDF2
01D14 40378A5E
01D18 409F80F1
01D1C 3FD65FE2
01D20 40CEF310
01D24 40F18009
01D28 4073C96E
01D2C 40B93E79
01D30 4115E4F0
01D34 4111664F
01D38 41057F2A
01D3C 3EB08DE4
01D40 40DE68B9
01D44 409977DE
01D48 407B9523
01D4C 4094AB21
01D50 4058D9E7
01D54 4026503D
01D58 41154F7F
01D5C 40C3A769
01D60 3FACFFEF
01D64 3F445D38
01D68 4019886F
01D6C 3FA3FA67
01D70 403E8242
01D74 3E56D9A8
01D78 410776B0
01D7C 411C73C5
01D80 409C68FF
01D84 4086A110
01D88 403ED23C
01D8C 3F32BB2A
01D90 409D273E
01D94 3EDAA470
01D98 40E1F274
01D9C 40CFB490
01DA0 4104903E
01DA4 403C5DDC
01DA8 40AD265A
01DAC 4087FAC2
01DB0 40BB6527
01DB4 411EE9FB
01DB8 3FE4992A
01DBC 3F12C8DC
01DC0 402883BB
01DC4 40E89C8A
01DC8 3EB7A33D
01DCC 40C059B5
01DD0 40C205C1
01DD4 40C7DB99
01DD8 3FA08E42
01DDC 403103DD
01DE0 40DE11CE
01DE4 40995813
01DE8 3EA991E4
01DEC 3ED9AF93
01DF0 3FBFD9C3
01DF4 40EF1AE4
01DF8 3F4532ED
01DFC 40BA3250
01E00 3FEA7318
01E04 408C9A3E
01E08 40A03178
01E0C 3EAC33E2
01E10 40FB1BE5
01E14 40B88461
01E18 3FAECA5D
01E1C 403C3C93
01E20 3D89D044
01E24 40018D13
01E28 40569AF8
01E2C 411AAAE7
01E30 4045095E
01E34 40175D65
01E38 3D9C8463
01E3C 40A8ED14
01E40 40FF29AB
01E44 40AA5BC5
01E48 403E6809
01E4C 40D9D421
01E50 40A22889
01E54 4115E008
01E58 3FB144F9
01E5C 41005C0D
01E60 4105E646
01E64 401D58E4
01E68 3FD11CCD
01E6C 410C5C56
01E70 3F016F06
01E74 40417B04
01E78 4097925B
01E7C 4080FCC7
01E80 40D116CE
01E84 40FAD5C9
01E88 40C7484A
01E8C 402E85CD
01E90 4107C80E
01E94 40EB6A00
01E98 404F9432
01E9C 409A4D9B
01EA0 410D4FDB
01EA4 40B21C67
01EA8 40E258DB
01EAC 4028A1B7
01EB0 40DEE994
01EB4 40F45FDA
01EB8 40D3C064
01EBC 4102A6F1
01EC0 405E4C0D
01EC4 3F55F51D
01EC8 41180206
01ECC 41113E0E
01ED0 40E26450
01ED4 40415C4B
01ED8 40A75C65
01EDC 40860AFE
01EE0 40C6230F
01EE4 40A2C927
01EE8 41118DDD
01EEC 40455357
01EF0 3FBE7E16
01EF4 4098FB0E
01EF8 40DDDD75
01EFC 3F75BE56
01F00 404E3320
01F04 40982041
01F08 3E1C2C7C
01F0C 40D467EF
01F10 40817EF5
01F14 409832FE
01F18 4113DD94
01F1C 4080FAB5
01F20 40ABB203
01F24 41002CC6
01F28 410E3C4D
01F2C 40F5A708
01F30 4087BD6D
01F34 40C1B90C
01F38 40CAC4C7
01F3C 40A519F7
01F40 40B3DA40
01F44 40848027
01F48 40DCA601
01F4C 41009161
01F50 40CD730C
01F54 411FDDA9
01F58 411A1454
01F5C 404C2D23
01F60 3FBC7C8B
01F64 4105EF04
01F68 404A6060
01F6C 3FA60B45
01F70 3FDB02BB
01F74 4091EBC4
01F78 40E8C46E
01F7C 4119F30F
01F80 40AF5451
01F84 400AD4B3
01F88 410DB3B1
01F8C 40C85EC0
01F90 40EDB828
01F94 401281B4
01F98 4112618A
01F9C 409BD2BA
01FA0 40EF1AE6
01FA4 40150404
01FA8 41007A04
01FAC 3F83DF8C
01FB0 40427F38
01FB4 3FC0312F
01FB8 40F03260
01FBC 40C130AE
01FC0 40B8104E
01FC4 408D3E5A
01FC8 4061815D
01FCC 40E85640
01FD0 411AAB44
01FD4 40ECD409
01FD8 3DA6272E
01FDC 3DB1A369
01FE0 40538AD0
01FE4 40C25E37
01FE8 408B9C2F
01FEC 40EB32DA
01FF0 40E6A365
01FF4 4006E709
01FF8 40580381
01FFC 4091149E
02000 815B4925
02004 7E714AAA
02008 7FE9A1D0
0200C 813BAD37
02010 8134E274
02014 810A141E
02018 81D88DE2
0201C 819C3BC4
02020 821AB766
02024 80A93985
02028 8073F530
0202C 80CF2EB9
02030 8209BF6F
02034 8147971C
02038 80FDA3DE
0203C 80B22175
02040 7F954D54
02044 802DB3D4
02048 81EC6B72
0204C 80B8EAA3
02050 81247ED8
02054 8091B3AA
02058 80330537
0205C 80D4B4F3
02060 80A21E72
02064 7FED42DF
02068 81A0B50D
0206C 7EEA604B
02070 81082626
02074 8133B77A
02078 8142D763
0207C 7F5CF945
02080 7FF96772
02084 8044F518
02088 80DC1CD1
0208C 7E43641B
02090 8138830E
02094 81407F86
02098 8017C805
0209C 7F8ADD6D
020A0 80CFB385
020A4 81606E20
020A8 8222D5BA
020AC 819A286E
020B0 7F3B85B0
020B4 80EF68FB
020B8 805DA24D
020BC 7F9D0888
020C0 818CA6E9
020C4 816CF8CB
020C8 8186FA9D
020CC 7F01F430
020D0 81960864
020D4 803C6735
020D8 816F7656
020DC 815EBF57
020E0 822495B5
020E4 8186C105
020E8 80355E32
020EC 81F55582
020F0 7FD076F7
020F4 80A3D4AE
020F8 81D94405
020FC 81791770
02100 8008D3E4
02104 814E3D8B
02108 7FE57069
0210C 812312FE
02110 822BF455
02114 7EE44C31
02118 820B9296
0211C 80111A43
02120 7DD0FAC9
02124 8113BBC4
02128 80BF6134
0212C 7FF431E6
02130 808CBE98
02134 7F2463D4
02138 80945C27
0213C 81BB6724
02140 7E6A92DB
02144 8108B29E
02148 80307D5D
0214C 8186A167
02150 8137D81F
02154 816DDCD9
02158 7FC8B53A
0215C 80E6D481
02160 81DBF981
02164 81A80BB0
02168 818B0F05
0216C 80AD9C6F
02170 815EFDFA
02174 8088CE9D
02178 81866B33
0217C 811CFB58
02180 7F50B54A
02184 7F7A8651
02188 8183986E
0218C 7D9B1515
02190 81C27FA1
02194 7EEB9AE7
02198 8109CAAA
0219C 7F240408
021A0 80978B44
021A4 80FEB48A
021A8 816E2A51
021AC 811934D0
021B0 80C31D37
021B4 7F8907E6
021B8 806929AC
021BC 80D9841A
021C0 814D1DDF
021C4 7F6DECB7
021C8 8085B9E5
021CC 7E555BE0
021D0 7EFCF90F
021D4 81EED77C
021D8 81C2886B
021DC 7EE105B4
021E0 81013D83
021E4 81077580
021E8 81C3989E
021EC 7EF920BF
021F0 817096E4
021F4 8148C077
021F8 81542B62
021FC 81CDD739
02200 80718CB1
02204 81544217
02208 8174F3D1
0220C 80B6FEBC
02210 7F4985DA
02214 80B86A2E
02218 81D79A6E
0221C 7FFA1526
02220 815865A9
02224 813C8395
02228 7E6C2C71
0222C 81A1875C
02230 80F6C13A
02234 7F19F7AC
02238 8044DE8B
0223C 80CC8179
02240 81A84CD6
02244 7FC0E7AE
02248 80699C2E
0224C 7FD45778
02250 807ED30D
02254 8195F06F
02258 80D8F7D2
0225C 7FE6CC73
02260 80591DA9
02264 81A2CC93
02268 81609289
0226C 80B659C8
02270 80839811
02274 819B76ED
02278 81C068E7
0227C 80BA5664
02280 81626F7A
02284 813B177F
02288 810A7947
0228C 814B4BCB
02290 80FAC75F
02294 811D33E2
02298 7EFCE116
0229C 80EEC366
022A0 813E0FE5
022A4 816DE2C0
022A8 8089B2D0
022AC 7F163F04
022B0 80B8C814
022B4 80BD2287
022B8 81F4CB7A
022BC 81B6B252
022C0 800EE333
022C4 806C5AB5
022C8 81347D28
022CC 81D1F481
022D0 820559A4
022D4 80B9AE9D
022D8 7F4584FF
022DC 809E39EA
022E0 81D3C2B9
022E4 81448C9F
022E8 8186C97E
022EC 821C9790
022F0 813E1B2D
022F4 81D0FBDA
022F8 81ACA1EC
022FC 819E37ED
02300 80E4ED43
02304 812AD0BD
02308 7FE77AA7
0230C 7F6F4B2B
02310 811A4A12
02314 81069FF7
02318 817EA697
0231C 7F786215
02320 819C35A7
02324 7FD9C257
02328 815555FA
0232C 81BE87FC
02330 814B855E
02334 8181236B
02338 816BD473
0233C 80468DF2
02340 805E01F4
02344 80BEFC03
02348 8153CF60
0234C 82157787
02350 802969D6
02354 7FD15E55
02358 81C879D9
0235C 8136D0C5
02360 801B8E5E
02364 8012D846
02368 80CD373F
0236C 810FEC22
02370 820B87A6
02374 816B4308
02378 7F3968D0
0237C 808C16DE
02380 80DF86EE
02384 80C01CA0
02388 81396C31
0238C 803B4423
02390 80D3CB49
02394 80B2E457
02398 8032A801
0239C 81B76499
023A0 81072C11
023A4 7FC2CFAE
023A8 8209E266
023AC 80920C48
023B0 8105BA30
023B4 8097650F
023B8 81D8F596
023BC 7FDCA7FA
023C0 7F9EE52C
023C4 811D1D2A
023C8 7F52AD3E
023CC 7F8D7F4F
023D0 80A312B9
023D4 80C0ACA0
023D8 81D38E22
023DC 8185F525
023E0 81796DAA
023E4 7FC07265
023E8 7E98DABB
023EC 8190945C
023F0 7FEF3CEA
023F4 81FC41F9
023F8 806A2166
023FC 80C2A3A7
02400 814FB6C1
02404 8197BBC5
02408 818D37C2
0240C 80A6AB7A
02410 80C41E42
02414 802AC896
02418 81C03B20
0241C 800B132E
02420 822D3FDB
02424 816360BF
02428 7F932708
0242C 81B44520
02430 81469B5C
02434 7F02BF2E
02438 8187EDB2
0243C 817BA914
02440 816195D8
02444 8115FB37
02448 804DD75B
0244C 820E7166
02450 819526F7
02454 81C41AEA
02458 8164613B
0245C 81E3E0E1
02460 7FF31EED
02464 81F721EB
02468 819D9A4D
0246C 7F12AFB0
02470 81E686A9
02474 8117CFFA
02478 8037EAB2
0247C 7FF5212A
02480 8047BDFE
02484 7FBFB5C8
02488 7F4FECE7
0248C 81607CA0
02490 8211DA85
02494 815E14FA
02498 81705708
0249C 8194B01E
024A0 80515E84
024A4 8191F2D1
024A8 81870671
024AC 8055E569
024B0 8093C60C
024B4 81B343FB
024B8 81A1DC07
024BC 821C92B3
024C0 80576AA9
024C4 810C2D36
024C8 81584952
024CC 7F9DBA7D
024D0 8097501C
024D4 82179820
024D8 822919D5
024DC 805DF370
024E0 81D6F659
024E4 82095A98
024E8 7FD5A3BB
024EC 821A4B96
024F0 7FDDC708
024F4 7C396C6C
024F8 811F0136
024FC 81B8B45E
02500 81FDCBD5
02504 80220434
02508 80671039
0250C 80D30A23
02510 81E85A99
02514 7F7724FF
02518 7F6B06E2
0251C 810CA5F3
02520 81287D11
02524 81CB7EFF
02528 81185ABF
0252C 7FC996D8
02530 7F95C30A
02534 80BB2716
02538 8033CFED
0253C 80EC7066
02540 80C2D984
02544 812AF1FC
02548 80A43A95
0254C 81B55029
02550 7F7D7792
02554 7EB6F0EC
02558 7FD56CCA
0255C 7FACA2D7
02560 7F4774F7
02564 814F7B94
02568 80693414
0256C 80FC92CF
02570 80B79A81
02574 811753D5
02578 7F3F3F7D
0257C 823B6F21
02580 818C5BDF
02584 80ABE5F9
02588 805BD543
0258C 80A72EA7
02590 8118107A
02594 8056F6EA
02598 7EFE559D
0259C 81F9BC39
025A0 806EBE86
025A4 811F19A9
025A8 80967D7D
025AC 81664E6A
025B0 7FAE80C3
025B4 81C98E3D
025B8 800E0B1D
025BC 814D00B3
025C0 805A0DB0
025C4 817D1BD7
025C8 80D8FD79
025CC 81666B07
025D0 7FAC3DBD
025D4 81CAD3F5
025D8 80CC646B
025DC 8062DCE4
025E0 81B3E978
025E4 822F6EA7
025E8 805E1E34
025EC 80B825D4
025F0 8193066E
025F4 800BD580
025F8 80BA9777
025FC 81622D3B
02600 809D064A
02604 80CE37C9
02608 80F53A8E
0260C 820F0541
02610 81A2753E
02614 808E0D43
02618 81EBEBC5
0261C 81FC32B6
02620 7E9C71E8
02624 7FC57B62
02628 8156F985
0262C 81A1CF72
02630 81DACB0A
02634 8202626B
02638 81179EB4
0263C 80D72C40
02640 811E2AFC
02644 7FB9DABA
02648 80348763
0264C 8172D888
02650 80B53031
02654 80F40D76
02658 7F2CB69C
0265C 7C841D91
02660 80D2157D
02664 80F7022C
02668 8016BE2A
0266C 8158EA20
02670 82192B05
02674 81C650A4
02678 7FD1CD46
0267C 804C2957
02680 8198DB5D
02684 81EA9722
02688 7F89C2DA
0268C 8058FBC9
02690 7F37E198
02694 8167512B
02698 80C5495B
0269C 815343BA
026A0 817560F1
026A4 7FEDCD5E
026A8 7F9E31D8
026AC 80CDA7DA
026B0 819BF597
026B4 81406763
026B8 81DD45C0
026BC 7EC771A3
026C0 7E1B25F4
026C4 80436758
026C8 81AFD778
026CC 8092CDCC
026D0 817B275B
026D4 81E4EFF9
026D8 80A5282B
026DC 802BE5E4
026E0 80A7F76F
026E4 80403E04
026E8 811DCF46
026EC 80685E1E
026F0 809D82A5
026F4 800BECCD
026F8 811972D0
026FC 80F5AC8A
02700 8130C372
02704 814F87AE
02708 80A338B8
0270C 811CEE57
02710 80CAF86A
02714 820CBEBD
02718 80F9A568
0271C 80714F1F
02720 80EFC6EA
02724 81B1F41C
02728 819EBD0C
0272C 8209565F
02730 81CCBE68
02734 82192C52
02738 8146DDDD
0273C 80FCE5C2
02740 7F76B445
02744 81AD1C8F
02748 80982057
0274C 801D8086
02750 7FCAEC07
02754 81D570A3
02758 80B7B756
0275C 818CD24E
02760 820C54B1
02764 80994FB4
02768 8197A553
0276C 810A13F0
02770 818DA2C9
02774 7F7744CA
02778 80D102A2
0277C 8024044A
02780 81C274E4
02784 81CEF833
02788 808597BE
0278C 7FC43F15
02790 819D8B4C
02794 81339B4A
02798 7F943199
0279C 8195D27C
027A0 80DFB4EE
027A4 81904E0D
027A8 81C230FC
027AC 808C2635
027B0 81D5FDEE
027B4 8144BDA7
027B8 819B4133
027BC 810358FE
027C0 821B24B5
027C4 7F9AE451
027C8 8171C993
027CC 80F5232B
027D0 80CFD66A
027D4 8181926E
027D8 81EB3945
027DC 813876C5
027E0 81BBAB09
027E4 7F64D7A6
027E8 81203AD3
027EC 817B4CAE
027F0 820DE490
027F4 81817779
027F8 80BA749C
027FC 7CA009D0
02800 7EDB7C46
02804 81F7FE5D
02808 816E4D91
0280C 8189CB32
02810 80FBB48D
02814 7FE6B838
02818 817DD1E6
0281C 81BC2F79
02820 8180CBD3
02824 7F2C3E01
02828 7D050AA3
0282C 800ADAE3
02830 818CAD73
02834 801DE388
02838 81B45BC3
0283C 7FC3F852
02840 7F009431
02844 80555F8E
02848 80BA7050
0284C 7F70ADE3
02850 818F56B7
02854 80FC63E4
02858 82018E76
0285C 81B7D79A
02860 807EC576
02864 8147749D
02868 81220056
0286C 7FC7CD1E
02870 810932E5
02874 80CE4F7C
02878 818A2231
0287C 818B2263
02880 81F4247B
02884 7DDA5FC1
02888 7D9C79B0
0288C 82171375
02890 7FEEE53F
02894 8015CD8D
02898 805D33BA
0289C 8158F65E
028A0 81049ADD
028A4 81129920
028A8 7FF4EB0D
028AC 81B3EC85
028B0 81BFBE67
028B4 819582A0
028B8 80C7B53B
028BC 8135F945
028C0 80CBA7F7
028C4 80F71C7E
028C8 80F16F3B
028CC 822860AF
028D0 7EF1E678
028D4 8120A67F
028D8 80A01239
028DC 81B32610
028E0 7F6D6290
028E4 810884F0
028E8 806607BC
028EC 81D280E6
028F0 7EE20CEC
028F4 7DF7AEA8
028F8 7F463AE6
028FC 7E937C45
02900 809AE14E
02904 80AA5D1F
02908 81AC1D75
0290C 81C0EE76
02910 7DC3E821
02914 813A42C5
02918 8104F776
0291C 807449D2
02920 80166D0C
02924 80F17494
02928 813AA304
0292C 801D5A51
02930 818EE9A2
02934 810774B7
02938 8135633B
0293C 822D886C
02940 80A6C192
02944 813AB58E
02948 805C8A5D
0294C 81299F8E
02950 7ED9DF07
02954 800BC98F
02958 7E5D7CEE
0295C 80D04E65
02960 81A96DDA
02964 8113510C
02968 8225D8F4
0296C 817A76E6
02970 819B049A
02974 81627366
02978 7FF4D6F0
0297C 7FF90F4E
02980 80C691D6
02984 815AE5B9
02988 81A35194
0298C 803192E4
02990 811C9181
02994 81BD7781
02998 807F322E
0299C 7EE80525
029A0 81B2762B
029A4 807E3032
029A8 7F3DC583
029AC 8140936B
029B0 80BC1A92
029B4 807C622E
029B8 81E0BC40
029BC 7FF0DAAB
029C0 813F6077
029C4 81DF70E7
029C8 801C75D5
029CC 802D49F5
029D0 81022979
029D4 7FEE62D2
029D8 80F7F67F
029DC 7C7A4D9F
029E0 81B810F1
029E4 7F227457
029E8 80585E00
029EC 81F3F00D
029F0 8194EFB0
029F4 7EA02E6D
029F8 81BA07F7
029FC 81A4F7F6
02A00 8162FB6A
02A04 815AD0A6
02A08 814692AE
02A0C 7F6D21A6
02A10 7FD5EF18
02A14 80A92B70
02A18 812E2CAB
02A1C 810340EC
02A20 806FA5D6
02A24 7F29E316
02A28 8164E32A
02A2C 816B5D26
02A30 810FF974
02A34 813BDCB5
02A38 821FF4F7
02A3C 81FFE25C
02A40 81A90930
02A44 813A92BA
02A48 80E4DEE4
02A4C 7F1E117A
02A50 805D2713
02A54 81276134
02A58 8165B795
02A5C 80E7E1B4
02A60 7FEBF2BB
02A64 81F2C0D3
02A68 7F4D08EC
02A6C 81DB5FAD
02A70 8064CC6A
02A74 8213D6C0
02A78 8216C914
02A7C 7ED25F21
02A80 81A73E0E
02A84 81F2B9F4
02A88 816240DF
02A8C 80CBD71C
02A90 7FFC1698
02A94 81DB56D8
02A98 818A792E
02A9C 8095904F
02AA0 820F1E03
02AA4 804696EB
02AA8 812A96FB
02AAC 81CAF220
02AB0 80D0BDEF
02AB4 8228DBB9
02AB8 8175B854
02ABC 80960286
02AC0 80A35DB8
02AC4 81AF343C
02AC8 81D36566
02ACC 81560CB1
02AD0 80ADC077
02AD4 818AE079
02AD8 80A5C71C
02ADC 80E79830
02AE0 8075FC6E
02AE4 80DA3C2A
02AE8 818BCF96
02AEC 806662E3
02AF0 80AE0D3E
02AF4 81BFA4CC
02AF8 80CAD2D9
02AFC 80DA49E4
02B00 80BB6E2D
02B04 813FF45C
02B08 81AEE095
02B0C 81925E1F
02B10 8228FBC0
02B14 80C674F2
02B18 82256C84
02B1C 81B78230
02B20 80D6CF6F
02B24 8228EF3E
02B28 815989F2
02B2C 82098A21
02B30 810DC28B
02B34 811F2AE6
02B38 814E185C
02B3C 80BF0944
02B40 81F21026
02B44 8237D12C
02B48 81EE1031
02B4C 8064D3EC
02B50 81702697
02B54 805AE1E9
02B58 8115C679
02B5C 80D48170
02B60 80B2E6E1
02B64 81E91DDA
02B68 811C0897
02B6C 81E20364
02B70 82265BDD
02B74 7F3C07A3
02B78 809A6752
02B7C 7F129304
02B80 7E7B3C69
02B84 7EA41A12
02B88 803BDF93
02B8C 7FA74A73
02B90 8016837C
02B94 81C08E15
02B98 82282559
02B9C 80972A08
02BA0 8095253B
02BA4 81998BED
02BA8 80C24404
02BAC 81F8D265
02BB0 81505EB7
02BB4 80C90659
02BB8 818376A4
02BBC 80D65C9D
02BC0 808BE02B
02BC4 7FAF4EB5
02BC8 7F8F2208
02BCC 80CF5A01
02BD0 821CDEA9
02BD4 81306370
02BD8 815D284D
02BDC 80B46859
02BE0 81EA878E
02BE4 814A9C37
02BE8 8078CA82
02BEC 80E35C2D
02BF0 81C16F01
02BF4 81E9409A
02BF8 81EC651D
02BFC 81A93A42
02C00 7E357A7E
02C04 81286694
02C08 814B2260
02C0C 7FD80A0D
02C10 7ED74902
02C14 80154B05
02C18 80C21F24
02C1C 8096551E
02C20 80C9CC7E
02C24 81DF8E81
02C28 7F6FA9EA
02C2C 81ED9433
02C30 815F11CE
02C34 8140546D
02C38 81ACAF7D
02C3C 81414FB5
02C40 8127BD7B
02C44 7FC8E982
02C48 7E1729FB
02C4C 81E0E74E
02C50 81FC8487
02C54 817B677A
02C58 816232F8
02C5C 81408EBD
02C60 81CF393F
02C64 80E4677D
02C68 8052CA0E
02C6C 8155314B
02C70 7FBC1099
02C74 80E9952D
02C78 80A88414
02C7C 81E1D312
02C80 80B757A5
02C84 7D2D48CD
02C88 7E24C1D7
02C8C 817C4A6F
02C90 7FCFB105
02C94 7FC041D1
02C98 7F13EAF9
02C9C 81E9548E
02CA0 80C72223
02CA4 7F57FB60
02CA8 81357FE7
02CAC 8128480E
02CB0 80BDCDA3
02CB4 8070CBE0
02CB8 80EA6F01
02CBC 818A6BE4
02CC0 81F4DCAF
02CC4 7EF8A5A2
02CC8 805A4A33
02CCC 7E9CB1B5
02CD0 81FE79E1
02CD4 818DC3D9
02CD8 81EB155C
02CDC 81CE0F7F
02CE0 80AB4BD2
02CE4 81C164AA
02CE8 81601777
02CEC 80E4F947
02CF0 7F499EA3
02CF4 7FE279CE
02CF8 7DA9A1AD
02CFC 800E03B6
02D00 81323846
02D04 809FE3B1
02D08 81F59AA1
02D0C 80666DA5
02D10 8172CE33
02D14 80CDD094
02D18 81A69670
02D1C 7FA65F63
02D20 7EB61A73
02D24 8159E54C
02D28 8175D6E5
02D2C 814D2700
02D30 80A16407
02D34 813928E9
02D38 814035EC
02D3C 7EF9B96D
02D40 80BC721F
02D44 80EF7625
02D48 810BC086
02D4C 8025A4AE
02D50 7F206B69
02D54 812C65B5
02D58 81CBC669
02D5C 80CB973A
02D60 7DF0C07E
02D64 8061E6DD
02D68 80A4311A
02D6C 80902420
02D70 7F74BF57
02D74 7EEAAC53
02D78 8134F128
02D7C 82343BC6
02D80 8195D377
02D84 811730B2
02D88 8154AB54
02D8C 7FC6C3A4
02D90 80B23233
02D94 7E5F6D0A
02D98 81FCAF10
02D9C 81D1597B
02DA0 81B88E8A
02DA4 813D7CF7
02DA8 805340CC
02DAC 81A181D4
02DB0 819444F8
02DB4 819E4CA6
02DB8 80CE74E2
02DBC 7FC6ED50
02DC0 8061376E
02DC4 81ECF54A
02DC8 7FB01A13
02DCC 7EEA91CA
02DD0 80D0E60F
02DD4 81D7A9F9
02DD8 80428AF2
02DDC 81328EE1
02DE0 800B4A37
02DE4 80B1D1ED
02DE8 7E4F9FEF
02DEC 7ECFF236
02DF0 80747273
02DF4 82007145
02DF8 7EE3E249
02DFC 815E816D
02E00 8047EF9E
02E04 80351902
02E08 81437EBF
02E0C 7F3B906B
02E10 81AD56E8
02E14 815EC4B1
02E18 7FEA0BF1
02E1C 80EC7212
02E20 7D50126D
02E24 8107F36F
02E28 80D400F5
02E2C 80B9F69C
02E30 80B5B60C
02E34 80E24872
02E38 7E35154A
02E3C 7FD7C29A
02E40 8177DF6B
02E44 81C1875A
02E48 80C1EB25
02E4C 81F7A994
02E50 7FFE5928
02E54 81ED9D4A
02E58 807BC46D
02E5C 80E2FF68
02E60 81CD65CE
02E64 813914D1
02E68 801A705E
02E6C 82257CB1
02E70 80019947
02E74 80F9AFD3
02E78 813ED1B3
02E7C 8111955A
02E80 813411D8
02E84 81D6BF59
02E88 815D5DBA
02E8C 812D1A8A
02E90 81424AE5
02E94 8139AF05
02E98 80F7E3DE
02E9C 81484417
02EA0 81B9044F
02EA4 81A73E66
02EA8 81C61F1A
02EAC 810D78FD
02EB0 81D0519F
02EB4 81B42F51
02EB8 7FFA8744
02EBC 81A91C65
02EC0 7FE2E6EC
02EC4 80708A7E
02EC8 82108BF8
02ECC 81E87C74
02ED0 81DA6013
02ED4 80F62ABE
02ED8 815EAE2D
02EDC 8005A2F0
02EE0 8154DDAC
02EE4 8122F878
02EE8 810E9A2A
02EEC 814F0691
02EF0 80B3F818
02EF4 80BF86BD
02EF8 81100E9A
02EFC 7F1C07D8
02F00 8136B6DF
02F04 80A87B51
02F08 7DAC72CE
02F0C 808509A9
02F10 8143C741
02F14 81885106
02F18 822A053D
02F1C 802D64BA
02F20 813FA8AC
02F24 8183356E
02F28 8221410B
02F2C 81943639
02F30 810B72F3
02F34 81839903
02F38 7FD152F5
02F3C 813E0F91
02F40 81C5AC08
02F44 7FE8928D
02F48 81E5ECA5
02F4C 8096F9AB
02F50 81E71292
02F54 81371DC6
02F58 818F3955
02F5C 810AB29C
02F60 7F2BC616
02F64 8150ECE7
02F68 810AFD31
02F6C 80C011A1
02F70 7FCFD7BF
02F74 8155BF93
02F78 80E87834
02F7C 80CFE578
02F80 81307E80
02F84 7F3EF573
02F88 80246E9D
02F8C 80FF1AEF
02F90 80F4883A
02F94 80AD2323
02F98 8218653A
02F9C 814A07E7
02FA0 8194A86E
02FA4 80EF9112
02FA8 81850760
02FAC 800FB8D0
02FB0 7FF10CA5
02FB4 801DE0DE
02FB8 8143DF04
02FBC 81D583C4
02FC0 7F7B932F
02FC4 81737414
02FC8 80B41A83
02FCC 81F4BCA1
02FD0 822975A5
02FD4 7EE34079
02FD8 7DBBCEA5
02FDC 7ECCF690
02FE0 80F52EBA
02FE4 8163A19F
02FE8 81926A3B
02FEC 81D374A6
02FF0 81AD6431
02FF4 7F90C7C8
02FF8 811C63C3
02FFC 818DC5DA
03000 40F860E2
03004 4052C783
