00000 C17B538F
00004 C17B538F
00008 C17A583B
0000C C17A583B
00010 C1795CE8
00014 C1795CE8
00018 C1786194
0001C C1786194
00020 C1776641
00024 C1776641
00028 C1766AED
0002C C1766AED
00030 C1756F9A
00034 C1756F9A
00038 C1747446
0003C C1747446
00040 C17378F2
00044 C17378F2
00048 C1727D9F
0004C C1727D9F
00050 C171824B
00054 C171824B
00058 C17086F8
0005C C17086F8
00060 C16F8BA4
00064 C16F8BA4
00068 C16E9051
0006C C16E9051
00070 C16D94FD
00074 C16D94FD
00078 C16C99AA
0007C C16C99AA
00080 C16B9E56
00084 C16B9E56
00088 C16AA302
0008C C16AA302
00090 C169A7AF
00094 C169A7AF
00098 C168AC5B
0009C C168AC5B
000A0 C167B108
000A4 C167B108
000A8 C166B5B4
000AC C166B5B4
000B0 C165BA61
000B4 C165BA61
000B8 C164BF0D
000BC C164BF0D
000C0 C163C3BA
000C4 C163C3BA
000C8 C162C866
000CC C162C866
000D0 C161CD12
000D4 C161CD12
000D8 C160D1BF
000DC C160D1BF
000E0 C15FD66B
000E4 C15FD66B
000E8 C15EDB18
000EC C15EDB18
000F0 C15DDFC4
000F4 C15DDFC4
000F8 C15CE471
000FC C15CE471
00100 C15BE91D
00104 C15BE91D
00108 C15AEDCA
0010C C15AEDCA
00110 C159F276
00114 C159F276
00118 C158F722
0011C C158F722
00120 C157FBCF
00124 C157FBCF
00128 C157007B
0012C C157007B
00130 C1560528
00134 C1560528
00138 C15509D4
0013C C15509D4
00140 C1540E81
00144 C1540E81
00148 C153132D
0014C C153132D
00150 C15217D9
00154 C15217D9
00158 C1511C86
0015C C1511C86
00160 C1502132
00164 C1502132
00168 C14F25DF
0016C C14F25DF
00170 C14E2A8B
00174 C14E2A8B
00178 C14D2F38
0017C C14D2F38
00180 C14C33E4
00184 C14C33E4
00188 C14B3891
0018C C14B3891
00190 C14A3D3D
00194 C14A3D3D
00198 C14941E9
0019C C14941E9
001A0 C1484696
001A4 C1484696
001A8 C1474B42
001AC C1474B42
001B0 C1464FEF
001B4 C1464FEF
001B8 C145549B
001BC C145549B
001C0 C1445948
001C4 C1445948
001C8 C1435DF4
001CC C1435DF4
001D0 C14262A1
001D4 C14262A1
001D8 C141674D
001DC C141674D
001E0 C1406BF9
001E4 C1406BF9
001E8 C13F70A6
001EC C13F70A6
001F0 C13E7552
001F4 C13E7552
001F8 C13D79FF
001FC C13D79FF
00200 C13C7EAB
00204 C13C7EAB
00208 C13B8358
0020C C13B8358
00210 C13A8804
00214 C13A8804
00218 C1398CB1
0021C C1398CB1
00220 C138915D
00224 C138915D
00228 C1379609
0022C C1379609
00230 C1369AB6
00234 C1369AB6
00238 C1359F62
0023C C1359F62
00240 C134A40F
00244 C134A40F
00248 C133A8BB
0024C C133A8BB
00250 C132AD68
00254 C132AD68
00258 C131B214
0025C C131B214
00260 C130B6C1
00264 C130B6C1
00268 C12FBB6D
0026C C12FBB6D
00270 C12EC019
00274 C12EC019
00278 C12DC4C6
0027C C12DC4C6
00280 C12CC972
00284 C12CC972
00288 C12BCE1F
0028C C12BCE1F
00290 C12AD2CB
00294 C12AD2CB
00298 C129D778
0029C C129D778
002A0 C128DC24
002A4 C128DC24
002A8 C127E0D0
002AC C127E0D0
002B0 C126E57D
002B4 C126E57D
002B8 C125EA29
002BC C125EA29
002C0 C124EED6
002C4 C124EED6
002C8 C123F382
002CC C123F382
002D0 C122F82F
002D4 C122F82F
002D8 C121FCDB
002DC C121FCDB
002E0 C1210188
002E4 C1210188
002E8 C1200634
002EC C1200634
002F0 C11F0AE0
002F4 C11F0AE0
002F8 C11E0F8D
002FC C11E0F8D
00300 C11D1439
00304 C11D1439
00308 C11C18E6
0030C C11C18E6
00310 C11B1D92
00314 C11B1D92
00318 C11A223F
0031C C11A223F
00320 C11926EB
00324 C11926EB
00328 C1182B98
0032C C1182B98
00330 C1173044
00334 C1173044
00338 C11634F0
0033C C11634F0
00340 C115399D
00344 C115399D
00348 C1143E49
0034C C1143E49
00350 C11342F6
00354 C11342F6
00358 C11247A2
0035C C11247A2
00360 C1114C4F
00364 C1114C4F
00368 C11050FB
0036C C11050FB
00370 C10F55A8
00374 C10F55A8
00378 C10E5A54
0037C C10E5A54
00380 C10D5F00
00384 C10D5F00
00388 C10C63AD
0038C C10C63AD
00390 C10B6859
00394 C10B6859
00398 C10A6D06
0039C C10A6D06
003A0 C10971B2
003A4 C10971B2
003A8 C108765F
003AC C108765F
003B0 C1077B0B
003B4 C1077B0B
003B8 C1067FB8
003BC C1067FB8
003C0 C1058464
003C4 C1058464
003C8 C1048910
003CC C1048910
003D0 C1038DBD
003D4 C1038DBD
003D8 C1029269
003DC C1029269
003E0 C1019716
003E4 C1019716
003E8 C1009BC2
003EC C1009BC2
003F0 C0FF40DD
003F4 C0FF40DD
003F8 C0FD4A36
003FC C0FD4A36
00400 C0FB538F
00404 C0FB538F
00408 C0F95CE8
0040C C0F95CE8
00410 C0F76641
00414 C0F76641
00418 C0F56F9A
0041C C0F56F9A
00420 C0F378F2
00424 C0F378F2
00428 C0F1824B
0042C C0F1824B
00430 C0EF8BA4
00434 C0EF8BA4
00438 C0ED94FD
0043C C0ED94FD
00440 C0EB9E56
00444 C0EB9E56
00448 C0E9A7AF
0044C C0E9A7AF
00450 C0E7B108
00454 C0E7B108
00458 C0E5BA61
0045C C0E5BA61
00460 C0E3C3BA
00464 C0E3C3BA
00468 C0E1CD12
0046C C0E1CD12
00470 C0DFD66B
00474 C0DFD66B
00478 C0DDDFC4
0047C C0DDDFC4
00480 C0DBE91D
00484 C0DBE91D
00488 C0D9F276
0048C C0D9F276
00490 C0D7FBCF
00494 C0D7FBCF
00498 C0D60528
0049C C0D60528
004A0 C0D40E81
004A4 C0D40E81
004A8 C0D217D9
004AC C0D217D9
004B0 C0D02132
004B4 C0D02132
004B8 C0CE2A8B
004BC C0CE2A8B
004C0 C0CC33E4
004C4 C0CC33E4
004C8 C0CA3D3D
004CC C0CA3D3D
004D0 C0C84696
004D4 C0C84696
004D8 C0C64FEF
004DC C0C64FEF
004E0 C0C45948
004E4 C0C45948
004E8 C0C262A1
004EC C0C262A1
004F0 C0C06BF9
004F4 C0C06BF9
004F8 C0BE7552
004FC C0BE7552
00500 C0BC7EAB
00504 C0BC7EAB
00508 C0BA8804
0050C C0BA8804
00510 C0B8915D
00514 C0B8915D
00518 C0B69AB6
0051C C0B69AB6
00520 C0B4A40F
00524 C0B4A40F
00528 C0B2AD68
0052C C0B2AD68
00530 C0B0B6C1
00534 C0B0B6C1
00538 C0AEC019
0053C C0AEC019
00540 C0ACC972
00544 C0ACC972
00548 C0AAD2CB
0054C C0AAD2CB
00550 C0A8DC24
00554 C0A8DC24
00558 C0A6E57D
0055C C0A6E57D
00560 C0A4EED6
00564 C0A4EED6
00568 C0A2F82F
0056C C0A2F82F
00570 C0A10188
00574 C0A10188
00578 C09F0AE0
0057C C09F0AE0
00580 C09D1439
00584 C09D1439
00588 C09B1D92
0058C C09B1D92
00590 C09926EB
00594 C09926EB
00598 C0973044
0059C C0973044
005A0 C095399D
005A4 C095399D
005A8 C09342F6
005AC C09342F6
005B0 C0914C4F
005B4 C0914C4F
005B8 C08F55A8
005BC C08F55A8
005C0 C08D5F00
005C4 C08D5F00
005C8 C08B6859
005CC C08B6859
005D0 C08971B2
005D4 C08971B2
005D8 C0877B0B
005DC C0877B0B
005E0 C0858464
005E4 C0858464
005E8 C0838DBD
005EC C0838DBD
005F0 C0819716
005F4 C0819716
005F8 C07F40DD
005FC C07F40DD
00600 C07B538F
00604 C07B538F
00608 C0776641
0060C C0776641
00610 C07378F2
00614 C07378F2
00618 C06F8BA4
0061C C06F8BA4
00620 C06B9E56
00624 C06B9E56
00628 C067B108
0062C C067B108
00630 C063C3BA
00634 C063C3BA
00638 C05FD66B
0063C C05FD66B
00640 C05BE91D
00644 C05BE91D
00648 C057FBCF
0064C C057FBCF
00650 C0540E81
00654 C0540E81
00658 C0502132
0065C C0502132
00660 C04C33E4
00664 C04C33E4
00668 C0484696
0066C C0484696
00670 C0445948
00674 C0445948
00678 C0406BF9
0067C C0406BF9
00680 C03C7EAB
00684 C03C7EAB
00688 C038915D
0068C C038915D
00690 C034A40F
00694 C034A40F
00698 C030B6C1
0069C C030B6C1
006A0 C02CC972
006A4 C02CC972
006A8 C028DC24
006AC C028DC24
006B0 C024EED6
006B4 C024EED6
006B8 C0210188
006BC C0210188
006C0 C01D1439
006C4 C01D1439
006C8 C01926EB
006CC C01926EB
006D0 C015399D
006D4 C015399D
006D8 C0114C4F
006DC C0114C4F
006E0 C00D5F00
006E4 C00D5F00
006E8 C00971B2
006EC C00971B2
006F0 C0058464
006F4 C0058464
006F8 C0019716
006FC C0019716
00700 BFFB538F
00704 BFFB538F
00708 BFF378F2
0070C BFF378F2
00710 BFEB9E56
00714 BFEB9E56
00718 BFE3C3BA
0071C BFE3C3BA
00720 BFDBE91D
00724 BFDBE91D
00728 BFD40E81
0072C BFD40E81
00730 BFCC33E4
00734 BFCC33E4
00738 BFC45948
0073C BFC45948
00740 BFBC7EAB
00744 BFBC7EAB
00748 BFB4A40F
0074C BFB4A40F
00750 BFACC972
00754 BFACC972
00758 BFA4EED6
0075C BFA4EED6
00760 BF9D1439
00764 BF9D1439
00768 BF95399D
0076C BF95399D
00770 BF8D5F00
00774 BF8D5F00
00778 BF858464
0077C BF858464
00780 BF7B538F
00784 BF7B538F
00788 BF6B9E56
0078C BF6B9E56
00790 BF5BE91D
00794 BF5BE91D
00798 BF4C33E4
0079C BF4C33E4
007A0 BF3C7EAB
007A4 BF3C7EAB
007A8 BF2CC972
007AC BF2CC972
007B0 BF1D1439
007B4 BF1D1439
007B8 BF0D5F00
007BC BF0D5F00
007C0 BEFB538F
007C4 BEFB538F
007C8 BEDBE91D
007CC BEDBE91D
007D0 BEBC7EAB
007D4 BEBC7EAB
007D8 BE9D1439
007DC BE9D1439
007E0 BE7B538F
007E4 BE7B538F
007E8 BE3C7EAB
007EC BE3C7EAB
007F0 BDFB538F
007F4 BDFB538F
007F8 BD7B538F
007FC BD7B538F
00800 A90F7000
00804 A90F7000
00808 3D7B538F
0080C 3D7B538F
00810 3DFB538F
00814 3DFB538F
00818 3E3C7EAB
0081C 3E3C7EAB
00820 3E7B538F
00824 3E7B538F
00828 3E9D1439
0082C 3E9D1439
00830 3EBC7EAB
00834 3EBC7EAB
00838 3EDBE91D
0083C 3EDBE91D
00840 3EFB538F
00844 3EFB538F
00848 3F0D5F00
0084C 3F0D5F00
00850 3F1D1439
00854 3F1D1439
00858 3F2CC972
0085C 3F2CC972
00860 3F3C7EAB
00864 3F3C7EAB
00868 3F4C33E4
0086C 3F4C33E4
00870 3F5BE91D
00874 3F5BE91D
00878 3F6B9E56
0087C 3F6B9E56
00880 3F7B538F
00884 3F7B538F
00888 3F858464
0088C 3F858464
00890 3F8D5F00
00894 3F8D5F00
00898 3F95399D
0089C 3F95399D
008A0 3F9D1439
008A4 3F9D1439
008A8 3FA4EED6
008AC 3FA4EED6
008B0 3FACC972
008B4 3FACC972
008B8 3FB4A40F
008BC 3FB4A40F
008C0 3FBC7EAB
008C4 3FBC7EAB
008C8 3FC45948
008CC 3FC45948
008D0 3FCC33E4
008D4 3FCC33E4
008D8 3FD40E81
008DC 3FD40E81
008E0 3FDBE91D
008E4 3FDBE91D
008E8 3FE3C3BA
008EC 3FE3C3BA
008F0 3FEB9E56
008F4 3FEB9E56
008F8 3FF378F2
008FC 3FF378F2
00900 3FFB538F
00904 3FFB538F
00908 40019716
0090C 40019716
00910 40058464
00914 40058464
00918 400971B2
0091C 400971B2
00920 400D5F00
00924 400D5F00
00928 40114C4F
0092C 40114C4F
00930 4015399D
00934 4015399D
00938 401926EB
0093C 401926EB
00940 401D1439
00944 401D1439
00948 40210188
0094C 40210188
00950 4024EED6
00954 4024EED6
00958 4028DC24
0095C 4028DC24
00960 402CC972
00964 402CC972
00968 4030B6C1
0096C 4030B6C1
00970 4034A40F
00974 4034A40F
00978 4038915D
0097C 4038915D
00980 403C7EAB
00984 403C7EAB
00988 40406BF9
0098C 40406BF9
00990 40445948
00994 40445948
00998 40484696
0099C 40484696
009A0 404C33E4
009A4 404C33E4
009A8 40502132
009AC 40502132
009B0 40540E81
009B4 40540E81
009B8 4057FBCF
009BC 4057FBCF
009C0 405BE91D
009C4 405BE91D
009C8 405FD66B
009CC 405FD66B
009D0 4063C3BA
009D4 4063C3BA
009D8 4067B108
009DC 4067B108
009E0 406B9E56
009E4 406B9E56
009E8 406F8BA4
009EC 406F8BA4
009F0 407378F2
009F4 407378F2
009F8 40776641
009FC 40776641
00A00 407B538F
00A04 407B538F
00A08 407F40DD
00A0C 407F40DD
00A10 40819716
00A14 40819716
00A18 40838DBD
00A1C 40838DBD
00A20 40858464
00A24 40858464
00A28 40877B0B
00A2C 40877B0B
00A30 408971B2
00A34 408971B2
00A38 408B6859
00A3C 408B6859
00A40 408D5F00
00A44 408D5F00
00A48 408F55A8
00A4C 408F55A8
00A50 40914C4F
00A54 40914C4F
00A58 409342F6
00A5C 409342F6
00A60 4095399D
00A64 4095399D
00A68 40973044
00A6C 40973044
00A70 409926EB
00A74 409926EB
00A78 409B1D92
00A7C 409B1D92
00A80 409D1439
00A84 409D1439
00A88 409F0AE0
00A8C 409F0AE0
00A90 40A10188
00A94 40A10188
00A98 40A2F82F
00A9C 40A2F82F
00AA0 40A4EED6
00AA4 40A4EED6
00AA8 40A6E57D
00AAC 40A6E57D
00AB0 40A8DC24
00AB4 40A8DC24
00AB8 40AAD2CB
00ABC 40AAD2CB
00AC0 40ACC972
00AC4 40ACC972
00AC8 40AEC019
00ACC 40AEC019
00AD0 40B0B6C1
00AD4 40B0B6C1
00AD8 40B2AD68
00ADC 40B2AD68
00AE0 40B4A40F
00AE4 40B4A40F
00AE8 40B69AB6
00AEC 40B69AB6
00AF0 40B8915D
00AF4 40B8915D
00AF8 40BA8804
00AFC 40BA8804
00B00 40BC7EAB
00B04 40BC7EAB
00B08 40BE7552
00B0C 40BE7552
00B10 40C06BF9
00B14 40C06BF9
00B18 40C262A1
00B1C 40C262A1
00B20 40C45948
00B24 40C45948
00B28 40C64FEF
00B2C 40C64FEF
00B30 40C84696
00B34 40C84696
00B38 40CA3D3D
00B3C 40CA3D3D
00B40 40CC33E4
00B44 40CC33E4
00B48 40CE2A8B
00B4C 40CE2A8B
00B50 40D02132
00B54 40D02132
00B58 40D217D9
00B5C 40D217D9
00B60 40D40E81
00B64 40D40E81
00B68 40D60528
00B6C 40D60528
00B70 40D7FBCF
00B74 40D7FBCF
00B78 40D9F276
00B7C 40D9F276
00B80 40DBE91D
00B84 40DBE91D
00B88 40DDDFC4
00B8C 40DDDFC4
00B90 40DFD66B
00B94 40DFD66B
00B98 40E1CD12
00B9C 40E1CD12
00BA0 40E3C3BA
00BA4 40E3C3BA
00BA8 40E5BA61
00BAC 40E5BA61
00BB0 40E7B108
00BB4 40E7B108
00BB8 40E9A7AF
00BBC 40E9A7AF
00BC0 40EB9E56
00BC4 40EB9E56
00BC8 40ED94FD
00BCC 40ED94FD
00BD0 40EF8BA4
00BD4 40EF8BA4
00BD8 40F1824B
00BDC 40F1824B
00BE0 40F378F2
00BE4 40F378F2
00BE8 40F56F9A
00BEC 40F56F9A
00BF0 40F76641
00BF4 40F76641
00BF8 40F95CE8
00BFC 40F95CE8
00C00 40FB538F
00C04 40FB538F
00C08 40FD4A36
00C0C 40FD4A36
00C10 40FF40DD
00C14 40FF40DD
00C18 41009BC2
00C1C 41009BC2
00C20 41019716
00C24 41019716
00C28 41029269
00C2C 41029269
00C30 41038DBD
00C34 41038DBD
00C38 41048910
00C3C 41048910
00C40 41058464
00C44 41058464
00C48 41067FB8
00C4C 41067FB8
00C50 41077B0B
00C54 41077B0B
00C58 4108765F
00C5C 4108765F
00C60 410971B2
00C64 410971B2
00C68 410A6D06
00C6C 410A6D06
00C70 410B6859
00C74 410B6859
00C78 410C63AD
00C7C 410C63AD
00C80 410D5F00
00C84 410D5F00
00C88 410E5A54
00C8C 410E5A54
00C90 410F55A8
00C94 410F55A8
00C98 411050FB
00C9C 411050FB
00CA0 41114C4F
00CA4 41114C4F
00CA8 411247A2
00CAC 411247A2
00CB0 411342F6
00CB4 411342F6
00CB8 41143E49
00CBC 41143E49
00CC0 4115399D
00CC4 4115399D
00CC8 411634F0
00CCC 411634F0
00CD0 41173044
00CD4 41173044
00CD8 41182B98
00CDC 41182B98
00CE0 411926EB
00CE4 411926EB
00CE8 411A223F
00CEC 411A223F
00CF0 411B1D92
00CF4 411B1D92
00CF8 411C18E6
00CFC 411C18E6
00D00 411D1439
00D04 411D1439
00D08 411E0F8D
00D0C 411E0F8D
00D10 411F0AE0
00D14 411F0AE0
00D18 41200634
00D1C 41200634
00D20 41210188
00D24 41210188
00D28 4121FCDB
00D2C 4121FCDB
00D30 4122F82F
00D34 4122F82F
00D38 4123F382
00D3C 4123F382
00D40 4124EED6
00D44 4124EED6
00D48 4125EA29
00D4C 4125EA29
00D50 4126E57D
00D54 4126E57D
00D58 4127E0D0
00D5C 4127E0D0
00D60 4128DC24
00D64 4128DC24
00D68 4129D778
00D6C 4129D778
00D70 412AD2CB
00D74 412AD2CB
00D78 412BCE1F
00D7C 412BCE1F
00D80 412CC972
00D84 412CC972
00D88 412DC4C6
00D8C 412DC4C6
00D90 412EC019
00D94 412EC019
00D98 412FBB6D
00D9C 412FBB6D
00DA0 4130B6C1
00DA4 4130B6C1
00DA8 4131B214
00DAC 4131B214
00DB0 4132AD68
00DB4 4132AD68
00DB8 4133A8BB
00DBC 4133A8BB
00DC0 4134A40F
00DC4 4134A40F
00DC8 41359F62
00DCC 41359F62
00DD0 41369AB6
00DD4 41369AB6
00DD8 41379609
00DDC 41379609
00DE0 4138915D
00DE4 4138915D
00DE8 41398CB1
00DEC 41398CB1
00DF0 413A8804
00DF4 413A8804
00DF8 413B8358
00DFC 413B8358
00E00 413C7EAB
00E04 413C7EAB
00E08 413D79FF
00E0C 413D79FF
00E10 413E7552
00E14 413E7552
00E18 413F70A6
00E1C 413F70A6
00E20 41406BF9
00E24 41406BF9
00E28 4141674D
00E2C 4141674D
00E30 414262A1
00E34 414262A1
00E38 41435DF4
00E3C 41435DF4
00E40 41445948
00E44 41445948
00E48 4145549B
00E4C 4145549B
00E50 41464FEF
00E54 41464FEF
00E58 41474B42
00E5C 41474B42
00E60 41484696
00E64 41484696
00E68 414941E9
00E6C 414941E9
00E70 414A3D3D
00E74 414A3D3D
00E78 414B3891
00E7C 414B3891
00E80 414C33E4
00E84 414C33E4
00E88 414D2F38
00E8C 414D2F38
00E90 414E2A8B
00E94 414E2A8B
00E98 414F25DF
00E9C 414F25DF
00EA0 41502132
00EA4 41502132
00EA8 41511C86
00EAC 41511C86
00EB0 415217D9
00EB4 415217D9
00EB8 4153132D
00EBC 4153132D
00EC0 41540E81
00EC4 41540E81
00EC8 415509D4
00ECC 415509D4
00ED0 41560528
00ED4 41560528
00ED8 4157007B
00EDC 4157007B
00EE0 4157FBCF
00EE4 4157FBCF
00EE8 4158F722
00EEC 4158F722
00EF0 4159F276
00EF4 4159F276
00EF8 415AEDCA
00EFC 415AEDCA
00F00 415BE91D
00F04 415BE91D
00F08 415CE471
00F0C 415CE471
00F10 415DDFC4
00F14 415DDFC4
00F18 415EDB18
00F1C 415EDB18
00F20 415FD66B
00F24 415FD66B
00F28 4160D1BF
00F2C 4160D1BF
00F30 4161CD12
00F34 4161CD12
00F38 4162C866
00F3C 4162C866
00F40 4163C3BA
00F44 4163C3BA
00F48 4164BF0D
00F4C 4164BF0D
00F50 4165BA61
00F54 4165BA61
00F58 4166B5B4
00F5C 4166B5B4
00F60 4167B108
00F64 4167B108
00F68 4168AC5B
00F6C 4168AC5B
00F70 4169A7AF
00F74 4169A7AF
00F78 416AA302
00F7C 416AA302
00F80 416B9E56
00F84 416B9E56
00F88 416C99AA
00F8C 416C99AA
00F90 416D94FD
00F94 416D94FD
00F98 416E9051
00F9C 416E9051
00FA0 416F8BA4
00FA4 416F8BA4
00FA8 417086F8
00FAC 417086F8
00FB0 4171824B
00FB4 4171824B
00FB8 41727D9F
00FBC 41727D9F
00FC0 417378F2
00FC4 417378F2
00FC8 41747446
00FCC 41747446
00FD0 41756F9A
00FD4 41756F9A
00FD8 41766AED
00FDC 41766AED
00FE0 41776641
00FE4 41776641
00FE8 41786194
00FEC 41786194
00FF0 41795CE8
00FF4 41795CE8
00FF8 417A583B
00FFC 417A583B
01000 379CB9F0
01004 379CB9F0
01008 37A3893C
0100C 37A3893C
01010 37AAA438
01014 37AAA438
01018 37B20E3C
0101C 37B20E3C
01020 37B9CAA9
01024 37B9CAA9
01028 37C1DD21
0102C 37C1DD21
01030 37CA4950
01034 37CA4950
01038 37D3132E
0103C 37D3132E
01040 37DC3EC2
01044 37DC3EC2
01048 37E5D040
0104C 37E5D040
01050 37EFCC6B
01054 37EFCC6B
01058 37FA37D8
0105C 37FA37D8
01060 38028B97
01064 38028B97
01068 380837AE
0106C 380837AE
01070 380E22DE
01074 380E22DE
01078 38144FD8
0107C 38144FD8
01080 381AC183
01084 381AC183
01088 38217AD4
0108C 38217AD4
01090 38287EE1
01094 38287EE1
01098 382FD0F8
0109C 382FD0F8
010A0 3837746B
010A4 3837746B
010A8 383F6CD2
010AC 383F6CD2
010B0 3847BDCF
010B4 3847BDCF
010B8 38506B4A
010BC 38506B4A
010C0 38597997
010C4 38597997
010C8 3862ECBA
010CC 3862ECBA
010D0 386CC8F1
010D4 386CC8F1
010D8 387712C2
010DC 387712C2
010E0 3880E79E
010E4 3880E79E
010E8 3886814C
010EC 3886814C
010F0 388C5963
010F4 388C5963
010F8 3892726E
010FC 3892726E
01100 3898CF4C
01104 3898CF4C
01108 389F72E2
0110C 389F72E2
01110 38A6604F
01114 38A6604F
01118 38AD9AC2
0111C 38AD9AC2
01120 38B5258A
01124 38B5258A
01128 38BD0440
0112C 38BD0440
01130 38C53ACF
01134 38C53ACF
01138 38CDCCBB
0113C 38CDCCBB
01140 38D6BDEA
01144 38D6BDEA
01148 38E01290
0114C 38E01290
01150 38E9CEF8
01154 38E9CEF8
01158 38F3F795
0115C 38F3F795
01160 38FE9132
01164 38FE9132
01168 3904D050
0116C 3904D050
01170 390A9589
01174 390A9589
01178 39109AE5
0117C 39109AE5
01180 3916E338
01184 3916E338
01188 391D715E
0118C 391D715E
01190 3924486D
01194 3924486D
01198 392B6BAE
0119C 392B6BAE
011A0 3932DE7F
011A4 3932DE7F
011A8 393AA42C
011AC 393AA42C
011B0 3942C03E
011B4 3942C03E
011B8 394B3684
011BC 394B3684
011C0 39540AD9
011C4 39540AD9
011C8 395D4164
011CC 395D4164
011D0 3966DE55
011D4 3966DE55
011D8 3970E633
011DC 3970E633
011E0 397B5D98
011E4 397B5D98
011E8 398324A9
011EC 398324A9
011F0 3988D740
011F4 3988D740
011F8 398EC92A
011FC 398EC92A
01200 3994FD33
01204 3994FD33
01208 399B766C
0120C 399B766C
01210 39A237C0
01214 39A237C0
01218 39A9442A
0121C 39A9442A
01220 39B09EFC
01224 39B09EFC
01228 39B84B96
0122C 39B84B96
01230 39C04D7C
01234 39C04D7C
01238 39C8A874
0123C 39C8A874
01240 39D1604A
01244 39D1604A
01248 39DA7918
0124C 39DA7918
01250 39E3F702
01254 39E3F702
01258 39EDDE7D
0125C 39EDDE7D
01260 39F8340D
01264 39F8340D
01268 3A017E46
0126C 3A017E46
01270 3A071E78
01274 3A071E78
01278 3A0CFD7E
0127C 3A0CFD7E
01280 3A131DD4
01284 3A131DD4
01288 3A198242
0128C 3A198242
01290 3A202DCB
01294 3A202DCB
01298 3A272378
0129C 3A272378
012A0 3A2E668F
012A4 3A2E668F
012A8 3A35FA65
012AC 3A35FA65
012B0 3A3DE273
012B4 3A3DE273
012B8 3A462273
012BC 3A462273
012C0 3A4EBE24
012C4 3A4EBE24
012C8 3A57B993
012CC 3A57B993
012D0 3A6118D6
012D4 3A6118D6
012D8 3A6AE056
012DC 3A6AE056
012E0 3A7514B2
012E4 3A7514B2
012E8 3A7FBAEF
012EC 3A7FBAEF
012F0 3A856BCB
012F4 3A856BCB
012F8 3A8B37E1
012FC 3A8B37E1
01300 3A914472
01304 3A914472
01308 3A979441
0130C 3A979441
01310 3A9E2A44
01314 3A9E2A44
01318 3AA5097B
0131C 3AA5097B
01320 3AAC3521
01324 3AAC3521
01328 3AB3B079
0132C 3AB3B079
01330 3ABB7F0A
01334 3ABB7F0A
01338 3AC3A466
0133C 3AC3A466
01340 3ACC244B
01344 3ACC244B
01348 3AD502B8
0134C 3AD502B8
01350 3ADE4405
01354 3ADE4405
01358 3AE7EC75
0135C 3AE7EC75
01360 3AF2003D
01364 3AF2003D
01368 3AFC841F
0136C 3AFC841F
01370 3B03BE71
01374 3B03BE71
01378 3B0977D8
0137C 3B0977D8
01380 3B0F70E5
01384 3B0F70E5
01388 3B15AC54
0138C 3B15AC54
01390 3B1C2D16
01394 3B1C2D16
01398 3B22F61E
0139C 3B22F61E
013A0 3B2A0A9E
013A4 3B2A0A9E
013A8 3B316DCE
013AC 3B316DCE
013B0 3B392328
013B4 3B392328
013B8 3B412E2D
013BC 3B412E2D
013C0 3B499311
013C4 3B499311
013C8 3B525553
013CC 3B525553
013D0 3B5B78F1
013D4 3B5B78F1
013D8 3B650238
013DC 3B650238
013E0 3B6EF57E
013E4 3B6EF57E
013E8 3B795772
013EC 3B795772
013F0 3B821669
013F4 3B821669
013F8 3B87BD54
013FC 3B87BD54
01400 3B8DA316
01404 3B8DA316
01408 3B93CA6A
0140C 3B93CA6A
01410 3B9A3629
01414 3B9A3629
01418 3BA0E94C
0141C 3BA0E94C
01420 3BA7E6EF
01424 3BA7E6EF
01428 3BAF3260
0142C 3BAF3260
01430 3BB6CF38
01434 3BB6CF38
01438 3BBEC0B6
0143C 3BBEC0B6
01440 3BC70A89
01444 3BC70A89
01448 3BCFB084
0144C 3BCFB084
01450 3BD8B6AA
01454 3BD8B6AA
01458 3BE22127
0145C 3BE22127
01460 3BEBF455
01464 3BEBF455
01468 3BF634C7
0146C 3BF634C7
01470 3C0073CF
01474 3C0073CF
01478 3C060843
0147C 3C060843
01480 3C0BDAFB
01484 3C0BDAFB
01488 3C11EE70
0148C 3C11EE70
01490 3C184573
01494 3C184573
01498 3C1EE323
0149C 3C1EE323
014A0 3C25CA8D
014A4 3C25CA8D
014A8 3C2CFEC0
014AC 3C2CFEC0
014B0 3C348309
014B4 3C348309
014B8 3C3C5AE8
014BC 3C3C5AE8
014C0 3C4489FC
014C4 3C4489FC
014C8 3C4D140F
014CC 3C4D140F
014D0 3C55FD16
014D4 3C55FD16
014D8 3C5F492E
014DC 3C5F492E
014E0 3C68FCA6
014E4 3C68FCA6
014E8 3C731BF9
014EC 3C731BF9
014F0 3C7DABDD
014F4 3C7DABDD
014F8 3C845894
014FC 3C845894
01500 3C8A187D
01504 3C8A187D
01508 3C901898
0150C 3C901898
01510 3C965B78
01514 3C965B78
01518 3C9CE3F7
0151C 3C9CE3F7
01520 3CA3B51C
01524 3CA3B51C
01528 3CAAD20D
0152C 3CAAD20D
01530 3CB23E15
01534 3CB23E15
01538 3CB9FCA8
0153C 3CB9FCA8
01540 3CC21152
01544 3CC21152
01548 3CCA7FD5
0154C 3CCA7FD5
01550 3CD34C19
01554 3CD34C19
01558 3CDC7A2D
0155C 3CDC7A2D
01560 3CE60E51
01564 3CE60E51
01568 3CF00CF4
0156C 3CF00CF4
01570 3CFA7ACD
01574 3CFA7ACD
01578 3D02AE8D
0157C 3D02AE8D
01580 3D085C33
01584 3D085C33
01588 3D0E48FE
0158C 3D0E48FE
01590 3D1477AB
01594 3D1477AB
01598 3D1AEB16
0159C 3D1AEB16
015A0 3D21A63B
015A4 3D21A63B
015A8 3D28AC38
015AC 3D28AC38
015B0 3D30004C
015B4 3D30004C
015B8 3D37A5DC
015BC 3D37A5DC
015C0 3D3FA073
015C4 3D3FA073
015C8 3D47F3BE
015CC 3D47F3BE
015D0 3D50A398
015D4 3D50A398
015D8 3D59B406
015DC 3D59B406
015E0 3D632977
015E4 3D632977
015E8 3D6D0859
015EC 3D6D0859
015F0 3D7754FE
015F4 3D7754FE
015F8 3D810A2B
015FC 3D810A2B
01600 3D86A56B
01604 3D86A56B
01608 3D8C7F18
0160C 3D8C7F18
01610 3D9299D3
01614 3D9299D3
01618 3D98F86C
0161C 3D98F86C
01620 3D9F9DD8
01624 3D9F9DD8
01628 3DA68D28
0162C 3DA68D28
01630 3DADC994
01634 3DADC994
01638 3DB55675
0163C 3DB55675
01640 3DBD3746
01644 3DBD3746
01648 3DC56FAD
0164C 3DC56FAD
01650 3DCE03D1
01654 3DCE03D1
01658 3DD6F778
0165C 3DD6F778
01660 3DE04EA6
01664 3DE04EA6
01668 3DEA0DB1
0166C 3DEA0DB1
01670 3DF4391B
01674 3DF4391B
01678 3DFED59C
0167C 3DFED59C
01680 3E04F40B
01684 3E04F40B
01688 3E0ABAD6
0168C 3E0ABAD6
01690 3E10C1DC
01694 3E10C1DC
01698 3E170BE6
0169C 3E170BE6
016A0 3E1D9BDE
016A4 3E1D9BDE
016A8 3E2474CA
016AC 3E2474CA
016B0 3E2B99D8
016B4 3E2B99D8
016B8 3E330E5C
016BC 3E330E5C
016C0 3E3AD625
016C4 3E3AD625
016C8 3E42F471
016CC 3E42F471
016D0 3E4B6D02
016D4 3E4B6D02
016D8 3E5443C6
016DC 3E5443C6
016E0 3E5D7CD3
016E4 3E5D7CD3
016E8 3E671C6C
016EC 3E671C6C
016F0 3E712704
016F4 3E712704
016F8 3E7BA142
016FC 3E7BA142
01700 3E834801
01704 3E834801
01708 3E88FC27
0170C 3E88FC27
01710 3E8EEFB6
01714 3E8EEFB6
01718 3E952571
0171C 3E952571
01720 3E9BA037
01724 3E9BA037
01728 3EA26329
0172C 3EA26329
01730 3EA97184
01734 3EA97184
01738 3EB0CE55
0173C 3EB0CE55
01740 3EB87D04
01744 3EB87D04
01748 3EC0811F
0174C 3EC0811F
01750 3EC8DE5D
01754 3EC8DE5D
01758 3ED1989A
0175C 3ED1989A
01760 3EDAB3E3
01764 3EDAB3E3
01768 3EE4346C
0176C 3EE4346C
01770 3EEE1E9B
01774 3EEE1E9B
01778 3EF87707
0177C 3EF87707
01780 3F01A13C
01784 3F01A13C
01788 3F0742F7
0178C 3F0742F7
01790 3F0D234F
01794 3F0D234F
01798 3F134535
0179C 3F134535
017A0 3F19AB65
017A4 3F19AB65
017A8 3F2058BD
017AC 3F2058BD
017B0 3F275055
017B4 3F275055
017B8 3F2E9565
017BC 3F2E9565
017C0 3F362B4B
017C4 3F362B4B
017C8 3F3E1587
017CC 3F3E1587
017D0 3F4657C7
017D4 3F4657C7
017D8 3F4EF5D8
017DC 3F4EF5D8
017E0 3F57F3BC
017E4 3F57F3BC
017E8 3F615597
017EC 3F615597
017F0 3F6B1FC4
017F4 3F6B1FC4
017F8 3F7556C6
017FC 3F7556C6
01800 3F800000
01804 3F800000
01808 3F858F83
0180C 3F858F83
01810 3F8B5D30
01814 3F8B5D30
01818 3F916B66
0181C 3F916B66
01820 3F97BCF2
01824 3F97BCF2
01828 3F9E54C0
0182C 3F9E54C0
01830 3FA535DB
01834 3FA535DB
01838 3FAC6376
0183C 3FAC6376
01840 3FB3E0DF
01844 3FB3E0DF
01848 3FBBB191
0184C 3FBBB191
01850 3FC3D926
01854 3FC3D926
01858 3FCC5B66
0185C 3FCC5B66
01860 3FD53C3F
01864 3FD53C3F
01868 3FDE7FCF
0186C 3FDE7FCF
01870 3FE82A85
01874 3FE82A85
01878 3FF24114
0187C 3FF24114
01880 3FFCC7CF
01884 3FFCC7CF
01888 4003E1CC
0188C 4003E1CC
01890 40099CC0
01894 40099CC0
01898 400F976D
0189C 400F976D
018A0 4015D495
018A4 4015D495
018A8 401C571C
018AC 401C571C
018B0 40232204
018B4 40232204
018B8 402A3873
018BC 402A3873
018C0 40319DAE
018C4 40319DAE
018C8 40395524
018CC 40395524
018D0 40416264
018D4 40416264
018D8 4049C92A
018DC 4049C92A
018E0 40528D9F
018E4 40528D9F
018E8 405BB3C1
018EC 405BB3C1
018F0 40653F9D
018F4 40653F9D
018F8 406F35A0
018FC 406F35A0
01900 40799A67
01904 40799A67
01908 40823960
0190C 40823960
01910 4087E1D7
01914 4087E1D7
01918 408DC937
0191C 408DC937
01920 4093F23B
01924 4093F23B
01928 409A5FBF
0192C 409A5FBF
01930 40A114B9
01934 40A114B9
01938 40A81445
0193C 40A81445
01940 40AF619F
01944 40AF619F
01948 40B7002A
0194C 40B7002A
01950 40BEF3CA
01954 40BEF3CA
01958 40C73FE0
0195C 40C73FE0
01960 40CFE838
01964 40CFE838
01968 40D8F0D7
0196C 40D8F0D7
01970 40E25DE7
01974 40E25DE7
01978 40EC33C7
0197C 40EC33C7
01980 40F67702
01984 40F67702
01988 4100965C
0198C 4100965C
01990 41062C61
01994 41062C61
01998 410C00B2
0199C 410C00B2
019A0 411215D3
019A4 411215D3
019A8 41186E94
019AC 41186E94
019B0 411F0DE8
019B4 411F0DE8
019B8 4125F6ED
019BC 4125F6ED
019C0 412D2D14
019C4 412D2D14
019C8 4134B36A
019CC 4134B36A
019D0 413C8D6F
019D4 413C8D6F
019D8 4144BEC0
019DC 4144BEC0
019E0 414D4B29
019E4 414D4B29
019E8 415636A0
019EC 415636A0
019F0 415F8545
019F4 415F8545
019F8 41693B68
019FC 41693B68
01A00 41735D82
01A04 41735D82
01A08 417DF048
01A0C 417DF048
01A10 41847C4F
01A14 41847C4F
01A18 418A3DCD
01A1C 418A3DCD
01A20 41903F49
01A24 41903F49
01A28 419683B8
01A2C 419683B8
01A30 419D0DFF
01A34 419D0DFF
01A38 41A3E100
01A3C 41A3E100
01A40 41AAFFE3
01A44 41AAFFE3
01A48 41B26DF6
01A4C 41B26DF6
01A50 41BA2EA4
01A54 41BA2EA4
01A58 41C24585
01A5C 41C24585
01A60 41CAB658
01A64 41CAB658
01A68 41D38505
01A6C 41D38505
01A70 41DCB59E
01A74 41DCB59E
01A78 41E64C64
01A7C 41E64C64
01A80 41F04DC7
01A84 41F04DC7
01A88 41FABE66
01A8C 41FABE66
01A90 4202D18F
01A94 4202D18F
01A98 420880B6
01A9C 420880B6
01AA0 420E6F1F
01AA4 420E6F1F
01AA8 42149F7C
01AAC 42149F7C
01AB0 421B14AA
01AB4 421B14AA
01AB8 4221D1A7
01ABC 4221D1A7
01AC0 4228D98F
01AC4 4228D98F
01AC8 42302FA6
01ACC 42302FA6
01AD0 4237D752
01AD4 4237D752
01AD8 423FD416
01ADC 423FD416
01AE0 424829AA
01AE4 424829AA
01AE8 4250DBE7
01AEC 4250DBE7
01AF0 4259EED4
01AF4 4259EED4
01AF8 426366A3
01AFC 426366A3
01B00 426D47C8
01B04 426D47C8
01B08 4277973C
01B0C 4277973C
01B10 42812CB7
01B14 42812CB7
01B18 4286C98B
01B1C 4286C98B
01B20 428CA4D1
01B24 428CA4D1
01B28 4292C136
01B2C 4292C136
01B30 4299218E
01B34 4299218E
01B38 429FC8CC
01B3C 429FC8CC
01B40 42A6BA03
01B44 42A6BA03
01B48 42ADF86B
01B4C 42ADF86B
01B50 42B5875D
01B54 42B5875D
01B58 42BD6A58
01B5C 42BD6A58
01B60 42C5A506
01B64 42C5A506
01B68 42CE3B2E
01B6C 42CE3B2E
01B70 42D73102
01B74 42D73102
01B78 42E08ABC
01B7C 42E08ABC
01B80 42EA4C71
01B84 42EA4C71
01B88 42F47AA2
01B8C 42F47AA2
01B90 42FF1A07
01B94 42FF1A07
01B98 430517C4
01B9C 430517C4
01BA0 430AE028
01BA4 430AE028
01BA8 4310E8D4
01BAC 4310E8D4
01BB0 43173497
01BB4 43173497
01BB8 431DC65B
01BBC 431DC65B
01BC0 4324A129
01BC4 4324A129
01BC8 432BC82D
01BCC 432BC82D
01BD0 43333EB6
01BD4 43333EB6
01BD8 433B0839
01BDC 433B0839
01BE0 434328A2
01BE4 434328A2
01BE8 434BA387
01BEC 434BA387
01BF0 43547CB4
01BF4 43547CB4
01BF8 435DB844
01BFC 435DB844
01C00 43675A7E
01C04 43675A7E
01C08 437167D6
01C0C 437167D6
01C10 437BE4F3
01C14 437BE4F3
01C18 43836B58
01C1C 43836B58
01C20 43892111
01C24 43892111
01C28 438F1640
01C2C 438F1640
01C30 43954DB2
01C34 43954DB2
01C38 439BCA3D
01C3C 439BCA3D
01C40 43A28EEB
01C44 43A28EEB
01C48 43A99EE0
01C4C 43A99EE0
01C50 43B0FDAE
01C54 43B0FDAE
01C58 43B8AE7A
01C5C 43B8AE7A
01C60 43C0B4C0
01C64 43C0B4C0
01C68 43C9144B
01C6C 43C9144B
01C70 43D1D0E7
01C74 43D1D0E7
01C78 43DAEEB1
01C7C 43DAEEB1
01C80 43E471D0
01C84 43E471D0
01C88 43EE5EBB
01C8C 43EE5EBB
01C90 43F8BA02
01C94 43F8BA02
01C98 4401C432
01C9C 4401C432
01CA0 4407677C
01CA4 4407677C
01CA8 440D496E
01CAC 440D496E
01CB0 44136CCE
01CB4 44136CCE
01CB8 4419D484
01CBC 4419D484
01CC0 442083B2
01CC4 442083B2
01CC8 44277D2C
01CCC 44277D2C
01CD0 442EC43C
01CD4 442EC43C
01CD8 44365C37
01CDC 44365C37
01CE0 443E489A
01CE4 443E489A
01CE8 44468D20
01CEC 44468D20
01CF0 444F2D8A
01CF4 444F2D8A
01CF8 44582DE8
01CFC 44582DE8
01D00 44619251
01D04 44619251
01D08 446B5F32
01D0C 446B5F32
01D10 447598FE
01D14 447598FE
01D18 4480228D
01D1C 4480228D
01D20 4485B358
01D24 4485B358
01D28 448B827F
01D2C 448B827F
01D30 4491925E
01D34 4491925E
01D38 4497E5A0
01D3C 4497E5A0
01D40 449E7F3E
01D44 449E7F3E
01D48 44A56237
01D4C 44A56237
01D50 44AC91CC
01D54 44AC91CC
01D58 44B4113E
01D5C 44B4113E
01D60 44BBE417
01D64 44BBE417
01D68 44C40DED
01D6C 44C40DED
01D70 44CC927E
01D74 44CC927E
01D78 44D575CC
01D7C 44D575CC
01D80 44DEBBE2
01D84 44DEBBE2
01D88 44E8691E
01D8C 44E8691E
01D90 44F281E4
01D94 44F281E4
01D98 44FD0B80
01D9C 44FD0B80
01DA0 45040526
01DA4 45040526
01DA8 4509C1A8
01DAC 4509C1A8
01DB0 450FBDFA
01DB4 450FBDFA
01DB8 4515FCD3
01DBC 4515FCD3
01DC0 451C8125
01DC4 451C8125
01DC8 45234DE6
01DCC 45234DE6
01DD0 452A6649
01DD4 452A6649
01DD8 4531CD88
01DDC 4531CD88
01DE0 4539871F
01DE4 4539871F
01DE8 4541969A
01DEC 4541969A
01DF0 4549FFA9
01DF4 4549FFA9
01DF8 4552C645
01DFC 4552C645
01E00 455BEE8A
01E04 455BEE8A
01E08 45657D06
01E0C 45657D06
01E10 456F75BC
01E14 456F75BC
01E18 4579DD5D
01E1C 4579DD5D
01E20 45825C53
01E24 45825C53
01E28 45880659
01E2C 45880659
01E30 458DEF5A
01E34 458DEF5A
01E38 45941A0B
01E3C 45941A0B
01E40 459A8954
01E44 459A8954
01E48 45A14022
01E4C 45A14022
01E50 45A8419D
01E54 45A8419D
01E58 45AF90F6
01E5C 45AF90F6
01E60 45B7319B
01E64 45B7319B
01E68 45BF2705
01E6C 45BF2705
01E70 45C77536
01E74 45C77536
01E78 45D01FEF
01E7C 45D01FEF
01E80 45D92AFF
01E84 45D92AFF
01E88 45E29AA7
01E8C 45E29AA7
01E90 45EC7331
01E94 45EC7331
01E98 45F6B941
01E9C 45F6B941
01EA0 4600B8E8
01EA4 4600B8E8
01EA8 4606507F
01EAC 4606507F
01EB0 460C2666
01EB4 460C2666
01EB8 46123D35
01EBC 46123D35
01EC0 461897B8
01EC4 461897B8
01EC8 461F38D9
01ECC 461F38D9
01ED0 462623B4
01ED4 462623B4
01ED8 462D5B70
01EDC 462D5B70
01EE0 4634E3CE
01EE4 4634E3CE
01EE8 463CBFF1
01EEC 463CBFF1
01EF0 4644F383
01EF4 4644F383
01EF8 464D8247
01EFC 464D8247
01F00 4656702A
01F04 4656702A
01F08 465FC15F
01F0C 465FC15F
01F10 46697A24
01F14 46697A24
01F18 46739F0B
01F1C 46739F0B
01F20 467E34B1
01F24 467E34B1
01F28 4684A009
01F2C 4684A009
01F30 468A6319
01F34 468A6319
01F38 4690663F
01F3C 4690663F
01F40 4696AC3E
01F44 4696AC3E
01F48 469D3806
01F4C 469D3806
01F50 46A40CE7
01F54 46A40CE7
01F58 46AB2DB8
01F5C 46AB2DB8
01F60 46B29DD2
01F64 46B29DD2
01F68 46BA609B
01F6C 46BA609B
01F70 46C279B6
01F74 46C279B6
01F78 46CAECD4
01F7C 46CAECD4
01F80 46D3BDEF
01F84 46D3BDEF
01F88 46DCF112
01F8C 46DCF112
01F90 46E68A76
01F94 46E68A76
01F98 46F08E9D
01F9C 46F08E9D
01FA0 46FB0216
01FA4 46FB0216
01FA8 4702F4E7
01FAC 4702F4E7
01FB0 4708A55B
01FB4 4708A55B
01FB8 470E953F
01FBC 470E953F
01FC0 4714C749
01FC4 4714C749
01FC8 471B3E3D
01FCC 471B3E3D
01FD0 4721FD15
01FD4 4721FD15
01FD8 472906E6
01FDC 472906E6
01FE0 47305F02
01FE4 47305F02
01FE8 473808BF
01FEC 473808BF
01FF0 474007B7
01FF4 474007B7
01FF8 47485F90
01FFC 47485F90
02000 00000000
02004 00000000
02008 00000000
0200C 00000000
02010 00000000
02014 00000000
02018 00000000
0201C 00000000
02020 00000000
02024 00000000
02028 00000000
0202C 00000000
02030 00000000
02034 00000000
02038 00000000
0203C 00000000
02040 00000000
02044 00000000
02048 00000000
0204C 00000000
02050 00000000
02054 00000000
02058 00000000
0205C 00000000
02060 00000000
02064 00000000
02068 00000000
0206C 00000000
02070 00000000
02074 00000000
02078 00000000
0207C 00000000
02080 00000000
02084 00000000
02088 00000000
0208C 00000000
02090 00000000
02094 00000000
02098 00000000
0209C 00000000
020A0 00000000
020A4 00000000
020A8 00000000
020AC 00000000
020B0 00000000
020B4 00000000
020B8 00000000
020BC 00000000
020C0 00000000
020C4 00000000
020C8 00000000
020CC 00000000
020D0 00000000
020D4 00000000
020D8 00000000
020DC 00000000
020E0 00000000
020E4 00000000
020E8 00000000
020EC 00000000
020F0 00000000
020F4 00000000
020F8 00000000
020FC 00000000
02100 00000000
02104 00000000
02108 00000000
0210C 00000000
02110 00000000
02114 00000000
02118 00000000
0211C 00000000
02120 00000000
02124 00000000
02128 00000000
0212C 00000000
02130 00000000
02134 00000000
02138 00000000
0213C 00000000
02140 00000000
02144 00000000
02148 00000000
0214C 00000000
02150 00000000
02154 00000000
02158 00000000
0215C 00000000
02160 00000000
02164 00000000
02168 00000000
0216C 00000000
02170 00000000
02174 00000000
02178 00000000
0217C 00000000
02180 00000000
02184 00000000
02188 00000000
0218C 00000000
02190 00000000
02194 00000000
02198 00000000
0219C 00000000
021A0 00000000
021A4 00000000
021A8 00000000
021AC 00000000
021B0 00000000
021B4 00000000
021B8 00000000
021BC 00000000
021C0 00000000
021C4 00000000
021C8 00000000
021CC 00000000
021D0 00000000
021D4 00000000
021D8 00000000
021DC 00000000
021E0 00000000
021E4 00000000
021E8 00000000
021EC 00000000
021F0 00000000
021F4 00000000
021F8 00000000
021FC 00000000
02200 00000000
02204 00000000
02208 00000000
0220C 00000000
02210 00000000
02214 00000000
02218 00000000
0221C 00000000
02220 00000000
02224 00000000
02228 00000000
0222C 00000000
02230 00000000
02234 00000000
02238 00000000
0223C 00000000
02240 00000000
02244 00000000
02248 00000000
0224C 00000000
02250 00000000
02254 00000000
02258 00000000
0225C 00000000
02260 00000000
02264 00000000
02268 00000000
0226C 00000000
02270 00000000
02274 00000000
02278 00000000
0227C 00000000
02280 00000000
02284 00000000
02288 00000000
0228C 00000000
02290 00000000
02294 00000000
02298 00000000
0229C 00000000
022A0 00000000
022A4 00000000
022A8 00000000
022AC 00000000
022B0 00000000
022B4 00000000
022B8 00000000
022BC 00000000
022C0 00000000
022C4 00000000
022C8 00000000
022CC 00000000
022D0 00000000
022D4 00000000
022D8 00000000
022DC 00000000
022E0 00000000
022E4 00000000
022E8 00000000
022EC 00000000
022F0 00000000
022F4 00000000
022F8 00000000
022FC 00000000
02300 00000000
02304 00000000
02308 00000000
0230C 00000000
02310 00000000
02314 00000000
02318 00000000
0231C 00000000
02320 00000000
02324 00000000
02328 00000000
0232C 00000000
02330 00000000
02334 00000000
02338 00000000
0233C 00000000
02340 00000000
02344 00000000
02348 00000000
0234C 00000000
02350 00000000
02354 00000000
02358 00000000
0235C 00000000
02360 00000000
02364 00000000
02368 00000000
0236C 00000000
02370 00000000
02374 00000000
02378 00000000
0237C 00000000
02380 00000000
02384 00000000
02388 00000000
0238C 00000000
02390 00000000
02394 00000000
02398 00000000
0239C 00000000
023A0 00000000
023A4 00000000
023A8 00000000
023AC 00000000
023B0 00000000
023B4 00000000
023B8 00000000
023BC 00000000
023C0 00000000
023C4 00000000
023C8 00000000
023CC 00000000
023D0 00000000
023D4 00000000
023D8 00000000
023DC 00000000
023E0 00000000
023E4 00000000
023E8 00000000
023EC 00000000
023F0 00000000
023F4 00000000
023F8 00000000
023FC 00000000
02400 00000000
02404 00000000
02408 00000000
0240C 00000000
02410 00000000
02414 00000000
02418 00000000
0241C 00000000
02420 00000000
02424 00000000
02428 00000000
0242C 00000000
02430 00000000
02434 00000000
02438 00000000
0243C 00000000
02440 00000000
02444 00000000
02448 00000000
0244C 00000000
02450 00000000
02454 00000000
02458 00000000
0245C 00000000
02460 00000000
02464 00000000
02468 00000000
0246C 00000000
02470 00000000
02474 00000000
02478 00000000
0247C 00000000
02480 00000000
02484 00000000
02488 00000000
0248C 00000000
02490 00000000
02494 00000000
02498 00000000
0249C 00000000
024A0 00000000
024A4 00000000
024A8 00000000
024AC 00000000
024B0 00000000
024B4 00000000
024B8 00000000
024BC 00000000
024C0 00000000
024C4 00000000
024C8 00000000
024CC 00000000
024D0 00000000
024D4 00000000
024D8 00000000
024DC 00000000
024E0 00000000
024E4 00000000
024E8 00000000
024EC 00000000
024F0 00000000
024F4 00000000
024F8 00000000
024FC 00000000
02500 00000000
02504 00000000
02508 00000000
0250C 00000000
02510 00000000
02514 00000000
02518 00000000
0251C 00000000
02520 00000000
02524 00000000
02528 00000000
0252C 00000000
02530 00000000
02534 00000000
02538 00000000
0253C 00000000
02540 00000000
02544 00000000
02548 00000000
0254C 00000000
02550 00000000
02554 00000000
02558 00000000
0255C 00000000
02560 00000000
02564 00000000
02568 00000000
0256C 00000000
02570 00000000
02574 00000000
02578 00000000
0257C 00000000
02580 00000000
02584 00000000
02588 00000000
0258C 00000000
02590 00000000
02594 00000000
02598 00000000
0259C 00000000
025A0 00000000
025A4 00000000
025A8 00000000
025AC 00000000
025B0 00000000
025B4 00000000
025B8 00000000
025BC 00000000
025C0 00000000
025C4 00000000
025C8 00000000
025CC 00000000
025D0 00000000
025D4 00000000
025D8 00000000
025DC 00000000
025E0 00000000
025E4 00000000
025E8 00000000
025EC 00000000
025F0 00000000
025F4 00000000
025F8 00000000
025FC 00000000
02600 00000000
02604 00000000
02608 00000000
0260C 00000000
02610 00000000
02614 00000000
02618 00000000
0261C 00000000
02620 00000000
02624 00000000
02628 00000000
0262C 00000000
02630 00000000
02634 00000000
02638 00000000
0263C 00000000
02640 00000000
02644 00000000
02648 00000000
0264C 00000000
02650 00000000
02654 00000000
02658 00000000
0265C 00000000
02660 00000000
02664 00000000
02668 00000000
0266C 00000000
02670 00000000
02674 00000000
02678 00000000
0267C 00000000
02680 00000000
02684 00000000
02688 00000000
0268C 00000000
02690 00000000
02694 00000000
02698 00000000
0269C 00000000
026A0 00000000
026A4 00000000
026A8 00000000
026AC 00000000
026B0 00000000
026B4 00000000
026B8 00000000
026BC 00000000
026C0 00000000
026C4 00000000
026C8 00000000
026CC 00000000
026D0 00000000
026D4 00000000
026D8 00000000
026DC 00000000
026E0 00000000
026E4 00000000
026E8 00000000
026EC 00000000
026F0 00000000
026F4 00000000
026F8 00000000
026FC 00000000
02700 00000000
02704 00000000
02708 00000000
0270C 00000000
02710 00000000
02714 00000000
02718 00000000
0271C 00000000
02720 00000000
02724 00000000
02728 00000000
0272C 00000000
02730 00000000
02734 00000000
02738 00000000
0273C 00000000
02740 00000000
02744 00000000
02748 00000000
0274C 00000000
02750 00000000
02754 00000000
02758 00000000
0275C 00000000
02760 00000000
02764 00000000
02768 00000000
0276C 00000000
02770 00000000
02774 00000000
02778 00000000
0277C 00000000
02780 00000000
02784 00000000
02788 00000000
0278C 00000000
02790 00000000
02794 00000000
02798 00000000
0279C 00000000
027A0 00000000
027A4 00000000
027A8 00000000
027AC 00000000
027B0 00000000
027B4 00000000
027B8 00000000
027BC 00000000
027C0 00000000
027C4 00000000
027C8 00000000
027CC 00000000
027D0 00000000
027D4 00000000
027D8 00000000
027DC 00000000
027E0 00000000
027E4 00000000
027E8 00000000
027EC 00000000
027F0 00000000
027F4 00000000
027F8 00000000
027FC 00000000
02800 00000000
02804 00000000
02808 00000000
0280C 00000000
02810 00000000
02814 00000000
02818 00000000
0281C 00000000
02820 00000000
02824 00000000
02828 00000000
0282C 00000000
02830 00000000
02834 00000000
02838 00000000
0283C 00000000
02840 00000000
02844 00000000
02848 00000000
0284C 00000000
02850 00000000
02854 00000000
02858 00000000
0285C 00000000
02860 00000000
02864 00000000
02868 00000000
0286C 00000000
02870 00000000
02874 00000000
02878 00000000
0287C 00000000
02880 00000000
02884 00000000
02888 00000000
0288C 00000000
02890 00000000
02894 00000000
02898 00000000
0289C 00000000
028A0 00000000
028A4 00000000
028A8 00000000
028AC 00000000
028B0 00000000
028B4 00000000
028B8 00000000
028BC 00000000
028C0 00000000
028C4 00000000
028C8 00000000
028CC 00000000
028D0 00000000
028D4 00000000
028D8 00000000
028DC 00000000
028E0 00000000
028E4 00000000
028E8 00000000
028EC 00000000
028F0 00000000
028F4 00000000
028F8 00000000
028FC 00000000
02900 00000000
02904 00000000
02908 00000000
0290C 00000000
02910 00000000
02914 00000000
02918 00000000
0291C 00000000
02920 00000000
02924 00000000
02928 00000000
0292C 00000000
02930 00000000
02934 00000000
02938 00000000
0293C 00000000
02940 00000000
02944 00000000
02948 00000000
0294C 00000000
02950 00000000
02954 00000000
02958 00000000
0295C 00000000
02960 00000000
02964 00000000
02968 00000000
0296C 00000000
02970 00000000
02974 00000000
02978 00000000
0297C 00000000
02980 00000000
02984 00000000
02988 00000000
0298C 00000000
02990 00000000
02994 00000000
02998 00000000
0299C 00000000
029A0 00000000
029A4 00000000
029A8 00000000
029AC 00000000
029B0 00000000
029B4 00000000
029B8 00000000
029BC 00000000
029C0 00000000
029C4 00000000
029C8 00000000
029CC 00000000
029D0 00000000
029D4 00000000
029D8 00000000
029DC 00000000
029E0 00000000
029E4 00000000
029E8 00000000
029EC 00000000
029F0 00000000
029F4 00000000
029F8 00000000
029FC 00000000
02A00 00000000
02A04 00000000
02A08 00000000
02A0C 00000000
02A10 00000000
02A14 00000000
02A18 00000000
02A1C 00000000
02A20 00000000
02A24 00000000
02A28 00000000
02A2C 00000000
02A30 00000000
02A34 00000000
02A38 00000000
02A3C 00000000
02A40 00000000
02A44 00000000
02A48 00000000
02A4C 00000000
02A50 00000000
02A54 00000000
02A58 00000000
02A5C 00000000
02A60 00000000
02A64 00000000
02A68 00000000
02A6C 00000000
02A70 00000000
02A74 00000000
02A78 00000000
02A7C 00000000
02A80 00000000
02A84 00000000
02A88 00000000
02A8C 00000000
02A90 00000000
02A94 00000000
02A98 00000000
02A9C 00000000
02AA0 00000000
02AA4 00000000
02AA8 00000000
02AAC 00000000
02AB0 00000000
02AB4 00000000
02AB8 00000000
02ABC 00000000
02AC0 00000000
02AC4 00000000
02AC8 00000000
02ACC 00000000
02AD0 00000000
02AD4 00000000
02AD8 00000000
02ADC 00000000
02AE0 00000000
02AE4 00000000
02AE8 00000000
02AEC 00000000
02AF0 00000000
02AF4 00000000
02AF8 00000000
02AFC 00000000
02B00 00000000
02B04 00000000
02B08 00000000
02B0C 00000000
02B10 00000000
02B14 00000000
02B18 00000000
02B1C 00000000
02B20 00000000
02B24 00000000
02B28 00000000
02B2C 00000000
02B30 00000000
02B34 00000000
02B38 00000000
02B3C 00000000
02B40 00000000
02B44 00000000
02B48 00000000
02B4C 00000000
02B50 00000000
02B54 00000000
02B58 00000000
02B5C 00000000
02B60 00000000
02B64 00000000
02B68 00000000
02B6C 00000000
02B70 00000000
02B74 00000000
02B78 00000000
02B7C 00000000
02B80 00000000
02B84 00000000
02B88 00000000
02B8C 00000000
02B90 00000000
02B94 00000000
02B98 00000000
02B9C 00000000
02BA0 00000000
02BA4 00000000
02BA8 00000000
02BAC 00000000
02BB0 00000000
02BB4 00000000
02BB8 00000000
02BBC 00000000
02BC0 00000000
02BC4 00000000
02BC8 00000000
02BCC 00000000
02BD0 00000000
02BD4 00000000
02BD8 00000000
02BDC 00000000
02BE0 00000000
02BE4 00000000
02BE8 00000000
02BEC 00000000
02BF0 00000000
02BF4 00000000
02BF8 00000000
02BFC 00000000
02C00 00000000
02C04 00000000
02C08 00000000
02C0C 00000000
02C10 00000000
02C14 00000000
02C18 00000000
02C1C 00000000
02C20 00000000
02C24 00000000
02C28 00000000
02C2C 00000000
02C30 00000000
02C34 00000000
02C38 00000000
02C3C 00000000
02C40 00000000
02C44 00000000
02C48 00000000
02C4C 00000000
02C50 00000000
02C54 00000000
02C58 00000000
02C5C 00000000
02C60 00000000
02C64 00000000
02C68 00000000
02C6C 00000000
02C70 00000000
02C74 00000000
02C78 00000000
02C7C 00000000
02C80 00000000
02C84 00000000
02C88 00000000
02C8C 00000000
02C90 00000000
02C94 00000000
02C98 00000000
02C9C 00000000
02CA0 00000000
02CA4 00000000
02CA8 00000000
02CAC 00000000
02CB0 00000000
02CB4 00000000
02CB8 00000000
02CBC 00000000
02CC0 00000000
02CC4 00000000
02CC8 00000000
02CCC 00000000
02CD0 00000000
02CD4 00000000
02CD8 00000000
02CDC 00000000
02CE0 00000000
02CE4 00000000
02CE8 00000000
02CEC 00000000
02CF0 00000000
02CF4 00000000
02CF8 00000000
02CFC 00000000
02D00 00000000
02D04 00000000
02D08 00000000
02D0C 00000000
02D10 00000000
02D14 00000000
02D18 00000000
02D1C 00000000
02D20 00000000
02D24 00000000
02D28 00000000
02D2C 00000000
02D30 00000000
02D34 00000000
02D38 00000000
02D3C 00000000
02D40 00000000
02D44 00000000
02D48 00000000
02D4C 00000000
02D50 00000000
02D54 00000000
02D58 00000000
02D5C 00000000
02D60 00000000
02D64 00000000
02D68 00000000
02D6C 00000000
02D70 00000000
02D74 00000000
02D78 00000000
02D7C 00000000
02D80 00000000
02D84 00000000
02D88 00000000
02D8C 00000000
02D90 00000000
02D94 00000000
02D98 00000000
02D9C 00000000
02DA0 00000000
02DA4 00000000
02DA8 00000000
02DAC 00000000
02DB0 00000000
02DB4 00000000
02DB8 00000000
02DBC 00000000
02DC0 00000000
02DC4 00000000
02DC8 00000000
02DCC 00000000
02DD0 00000000
02DD4 00000000
02DD8 00000000
02DDC 00000000
02DE0 00000000
02DE4 00000000
02DE8 00000000
02DEC 00000000
02DF0 00000000
02DF4 00000000
02DF8 00000000
02DFC 00000000
02E00 00000000
02E04 00000000
02E08 00000000
02E0C 00000000
02E10 00000000
02E14 00000000
02E18 00000000
02E1C 00000000
02E20 00000000
02E24 00000000
02E28 00000000
02E2C 00000000
02E30 00000000
02E34 00000000
02E38 00000000
02E3C 00000000
02E40 00000000
02E44 00000000
02E48 00000000
02E4C 00000000
02E50 00000000
02E54 00000000
02E58 00000000
02E5C 00000000
02E60 00000000
02E64 00000000
02E68 00000000
02E6C 00000000
02E70 00000000
02E74 00000000
02E78 00000000
02E7C 00000000
02E80 00000000
02E84 00000000
02E88 00000000
02E8C 00000000
02E90 00000000
02E94 00000000
02E98 00000000
02E9C 00000000
02EA0 00000000
02EA4 00000000
02EA8 00000000
02EAC 00000000
02EB0 00000000
02EB4 00000000
02EB8 00000000
02EBC 00000000
02EC0 00000000
02EC4 00000000
02EC8 00000000
02ECC 00000000
02ED0 00000000
02ED4 00000000
02ED8 00000000
02EDC 00000000
02EE0 00000000
