00000 00000000
00004 00000000
00008 00000000
0000C 3C050505
00010 4645433D
00014 46403F4D
00018 39353030
0001C 14143D3A
00020 00000015
00024 00000000
00028 00000000
0002C 00000000
00030 00000000
00034 00000000
00038 00000000
0003C 3F433D3C
00040 41404742
00044 3C323046
00048 2A352725
0004C 3C3B392C
00050 0E0D0D41
00054 00000000
00058 00000000
0005C 00000000
00060 00000000
00064 00000000
00068 05050500
0006C 3A413D3B
00070 1F1B423C
00074 5D727030
00078 4C719798
0007C 1E1A464D
00080 1B19182E
00084 00000000
00088 00000000
0008C 00000000
00090 00000000
00094 00000000
00098 07070700
0009C 13302421
000A0 30312D1B
000A4 99EAF234
000A8 FFB6FFFF
000AC 585DA7FD
000B0 130E0C4A
000B4 00000000
000B8 00000000
000BC 00000000
000C0 00000000
000C4 00000000
000C8 06030000
000CC D9667B81
000D0 E7FF74B8
000D4 9AE8FF95
000D8 FF8BD5FC
000DC C6CF9AF4
000E0 0E070284
000E4 00000000
000E8 00000000
000EC 00000000
000F0 00000000
000F4 00000000
000F8 01071300
000FC FFACEFFF
00100 D0FF8CE8
00104 5BC4FB74
00108 FF56C3FA
0010C AFE959CE
00110 080F1F4F
00114 00000000
00118 00000000
0011C 00000000
00120 00000000
00124 00000000
00128 00000000
0012C F986D0FF
00130 B0F849B9
00134 3EB3FA3A
00138 FF40B3F9
0013C A1F247C3
00140 02071B37
00144 00000000
00148 00000000
0014C 00000000
00150 00000000
00154 00000000
00158 00000000
0015C FF2569C0
00160 A6FC4CBF
00164 3AAAFA2B
00168 FF3AABFA
0016C 326E27AE
00170 00000008
00174 00000000
00178 00000000
0017C 00000000
00180 00000000
00184 00000000
00188 05010000
0018C FF676D7C
00190 8AF07BC3
00194 0A87FD19
00198 FD0281F4
0019C 939D55A9
001A0 1813099B
001A4 00000000
001A8 00000000
001AC 00000000
001B0 00000000
001B4 0A0A0000
001B8 736F6D0C
001BC FFFFFFFF
001C0 D8F6FDFE
001C4 A4BBD5CA
001C8 FFBACFED
001CC FFFFFFFF
001D0 50494AFF
001D4 00181514
001D8 00000000
001DC 00000000
001E0 05000000
001E4 75760706
001E8 7F7B7A7A
001EC FF7D7978
001F0 ECC2FFFF
001F4 FFCE56FF
001F8 FFFFF4BE
001FC 9392F5F8
00200 322A2998
00204 14433E3D
00208 00001715
0020C 00000000
00210 2B070606
00214 9696302C
00218 352F2F9A
0021C 712A2524
00220 FFFF706E
00224 EBC170FF
00228 96FFFFFF
0022C 1A1A9693
00230 45403F21
00234 2A494443
00238 0909302B
0023C 0000000A
00240 74242220
00244 56547A76
00248 3733305C
0024C 55322C2A
00250 FFFC5753
00254 E4AF55FF
00258 84FFFFFA
0025C 2221807F
00260 403B3927
00264 34423D3B
00268 19173A37
0026C 0000001B
00270 763A3736
00274 38367E79
00278 3935333E
0027C 4336302E
00280 EFD43B3D
00284 D4901DFD
00288 6CFFF9D4
0028C 1E1B6366
00290 3E383624
00294 393E3937
00298 1B193F3D
0029C 0000001E
002A0 512F2D2B
002A4 312F5553
002A8 38343235
002AC 383C3634
002B0 EEC6272B
002B4 EB8B00FF
002B8 87FFEA9A
002BC 201B6D75
002C0 38343225
002C4 29332F2D
002C8 18172E2A
002CC 0000001C
002D0 03010101
002D4 0B0B0303
002D8 1513130E
002DC 171D1917
002E0 54441211
002E4 522F005D
002E8 37634C2E
002EC 0C0C2B2E
002F0 13111010
002F4 050B0909
002F8 03030604
002FC 00000003
00300 00000000
00304 00000000
00308 00000000
0030C 00000000
00310 00000000
00314 00000000
00318 00000000
0031C 00000000
00320 00000000
00324 00000000
00328 00000000
0032C 00000000
00330 00000000
00334 00000000
00338 00000000
0033C 00000000
00340 00000000
00344 00000000
00348 00000000
0034C 00000000
00350 00000000
00354 00000000
00358 00000000
0035C 00000000
00360 00000000
00364 00000000
00368 00000000
0036C 00000000
00370 00000000
00374 00000000
00378 00000000
0037C 00000000
00380 00000000
00384 00000000
00388 00000000
0038C 00000000
00390 00000000
00394 00000000
00398 00000000
0039C 00000000
003A0 00000000
003A4 00000000
003A8 00000000
003AC 00000000
003B0 00000000
003B4 00000000
003B8 00000000
003BC 00000000
003C0 00000000
003C4 00000000
003C8 00000000
003CC 00000000
003D0 00000000
003D4 00000000
003D8 00000000
003DC 00000000
003E0 00000000
003E4 00000000
003E8 00000000
003EC 00000000
003F0 00000000
003F4 00000000
003F8 00000000
003FC 00000000
00400 00000000
00404 3C423803
00408 0011372D
0040C 00000000
00410 00000000
00414 2F3E3D38
00418 0B382924
0041C 00000000
00420 03000000
00424 691D3838
00428 161B488D
0042C 00000000
00430 06000000
00434 DC2D1721
00438 0C53ECEE
0043C 00000000
00440 01000000
00444 DFDDB475
00448 05BAE6D2
0044C 00000000
00450 09000000
00454 C4CEDEE4
00458 11B0CAC2
0045C 00000000
00460 00000000
00464 B7B5BBCF
00468 0CAAC3B7
0046C 00000000
00470 00000000
00474 B1AFC178
00478 003DB4B2
0047C 00000000
00480 00000000
00484 9A99C76B
00488 0E8FB493
0048C 00000000
00490 69070000
00494 B8D5F3F3
00498 45F3F3CC
0049C 00000012
004A0 756F0400
004A4 A3D5F373
004A8 278CEFD9
004AC 0000123A
004B0 2C8F2804
004B4 A3F36922
004B8 3C188DF3
004BC 00072840
004C0 2F516F1E
004C4 8FF24F28
004C8 371E7AF1
004CC 00153338
004D0 32347334
004D4 6BDD3B2C
004D8 341B62E3
004DC 00183835
004E0 302D4E29
004E4 62D82B32
004E8 301C74C9
004EC 0016272B
004F0 110A0100
004F4 214B1016
004F8 0E0B2E40
004FC 00010307
00500 00000000
00504 00000000
00508 00000000
0050C 00000000
00510 00000000
00514 D1548295
00518 00000000
0051C 00000000
00520 00000000
00524 00005479
00528 B4FDE702
0052C 00000000
00530 00000000
00534 00000000
00538 D57A8906
0053C 00000000
00540 00000000
00544 1A39EBC4
00548 FDCDEC60
0054C 00000000
00550 00000000
00554 6941111D
00558 C8FB4B79
0055C 00000000
00560 00000000
00564 8C928AF7
00568 D0A15299
0056C 00000000
00570 00000000
00574 888E724C
00578 009B217F
0057C 00000000
00580 00000000
00584 E2E53E93
00588 000F731A
0058C 00000000
00590 00000000
00594 8FFDD092
00598 ED08DB56
0059C 000000B8
005A0 00000000
005A4 00000000
005A8 00EAC357
005AC 0000B83C
005B0 00000000
005B4 00000000
005B8 0000D39A
005BC 00E47962
005C0 C17ABDF7
005C4 000000D1
005C8 7ED7C3A9
005CC 00B37193
005D0 9BB3D7A3
005D4 000000B3
005D8 82E60DC7
005DC 00B56B9C
005E0 9FB068AA
005E4 0000008F
005E8 90DBAE33
005EC 00C0B2B0
005F0 00000000
005F4 000000B8
005F8 F8E2532E
005FC 00FCF5E7
00600 00000000
00604 00000000
00608 00000000
0060C 00000000
00610 00000000
00614 00000000
00618 00000000
0061C 00000000
00620 00000000
00624 00000000
00628 00000000
0062C 00000000
00630 00000000
00634 00000000
00638 00000000
0063C 00000000
00640 00000000
00644 00000000
00648 00000000
0064C 00000000
00650 00000000
00654 00000000
00658 00000000
0065C 00000000
00660 00000000
00664 00000000
00668 00000000
0066C 00000000
00670 00000000
00674 00000000
00678 00000000
0067C 00000000
00680 00000000
00684 00000000
00688 00000000
0068C 00000000
00690 00000000
00694 00000000
00698 00000000
0069C 00000000
006A0 00000000
006A4 00000000
006A8 00000000
006AC 00000000
006B0 00000000
006B4 00000000
006B8 00000000
006BC 00000000
006C0 00000000
006C4 00000000
006C8 00000000
006CC 00000000
006D0 00000000
006D4 00000000
006D8 00000000
006DC 00000000
006E0 00000000
006E4 00000000
006E8 00000000
006EC 00000000
006F0 00000000
006F4 00000000
006F8 00000000
006FC 00000000
00700 00000000
00704 00000000
00708 00000000
