00000 00000001
00004 00000001
00008 00000001
0000C 00000001
00010 00000001
00014 00000002
00018 00000002
0001C 00000002
00020 00000002
00024 00000002
00028 00000003
0002C 00000003
00030 00000003
00034 00000003
00038 00000003
0003C 00000003
00040 00000004
00044 00000004
00048 00000004
0004C 00000004
00050 00000004
00054 00000005
00058 00000005
0005C 00000005
00060 00000006
00064 00000006
00068 00000006
0006C 00000006
00070 00000007
00074 00000007
00078 00000007
0007C 00000007
00080 00000008
00084 00000008
00088 00000008
0008C 00000008
00090 00000009
00094 00000009
00098 00000009
0009C 00000009
000A0 0000000A
000A4 0000000A
000A8 0000000A
000AC 0000000A
000B0 0000000B
000B4 0000000B
000B8 0000000B
000BC 0000000B
000C0 0000000C
000C4 0000000D
000C8 0000000E
000CC 0000000F
000D0 00000010
000D4 00000011
000D8 00000012
000DC 00000013
000E0 00000014
000E4 00000015
000E8 00000016
000EC 00000017
000F0 00000018
000F4 00000019
000F8 0000001A
000FC 0000001B
00100 0000001C
00104 0000001D
00108 0000001E
0010C 0000001F
00110 00000020
00114 00000020
00118 00000021
0011C 00000022
00120 00000022
00124 00000023
00128 00000024
0012C 00000024
00130 00000025
00134 00000026
00138 00000026
0013C 00000027
00140 00000028
00144 00000028
00148 00000029
0014C 0000002B
00150 0000002C
00154 0000002C
00158 0000002D
0015C 0000002F
00160 00000030
00164 00000031
00168 00000032
0016C 00000033
00170 00000034
00174 00000035
00178 00000036
0017C 00000037
00180 00000038
00184 00000039
00188 0000003A
0018C 0000003B
00190 0000003C
00194 0000003D
00198 0000003E
0019C 0000003F
001A0 00000040
001A4 00000D0F
001A8 00000D0F
001AC 00000D0F
001B0 00004453
001B4 00004453
001B8 00004453
001BC 00005501
001C0 00007809
001C4 00007809
001C8 00007809
001CC 00007890
001D0 00007890
001D4 00007890
001D8 00008D3B
001DC 000097F4
001E0 0000BC7C
001E4 0000BC7C
001E8 0000BC7C
001EC 0000EAB9
001F0 0000EE3F
001F4 0000F558
001F8 0000F558
001FC 0000F558
00200 00002538
00204 00003797
00208 0000269F
0020C 00008C32
00210 0000A188
00214 0000EEE0
00218 00000A11
0021C 00002310
00220 00003D31
00224 000090E0
00228 000058BC
0022C 0000E8EB
00230 0000543B
00234 00009D1B
00238 00000442
0023C 0000A293
00240 000091E6
00244 0000598F
00248 000062EC
0024C 0000207D
00250 0000ECE2
00254 000063A4
00258 000060EB
0025C 00001509
00260 00008D2D
00264 00003F20
00268 00007DFE
0026C 0000443B
00270 0000DCFE
00274 0000A54C
00278 00007453
0027C 0000430F
00280 00006C52
00284 0000B2E4
00288 0000DA8A
0028C 0000B973
00290 0000519A
00294 0000B528
00298 000028F7
0029C 00005DA3
002A0 0000FA2A
002A4 0000195C
002A8 00004A28
002AC 000080F5
002B0 00007DF0
002B4 0000B324
002B8 000052EF
002BC 000006CD
002C0 00001A08
002C4 00002326
002C8 00008F08
002CC 0000681B
002D0 0000F2C5
002D4 000049B0
002D8 000093C0
002DC 00007543
002E0 00009E77
002E4 0000A159
002E8 00006072
002EC 00009D7F
002F0 00006B89
002F4 0000BAAB
002F8 00003AFA
002FC 00006E33
00300 0000FAF9
00304 0000D572
00308 0000CAD2
0030C 000094AA
00310 0000C0E9
00314 0000FC88
00318 0000494B
0031C 00008258
00320 0000D887
00324 00002913
00328 00000393
0032C 000001A4
00330 0000C671
00334 0000BC40
00338 0000CF3E
0033C 00008B41
00340 0000C572
00344 0000418D
00348 000077B8
0034C 00004DB2
00350 0000BEFE
00354 00009AC9
00358 000017B1
0035C 0000A6D1
00360 0000F295
00364 0000811D
00368 0000E74B
0036C 00000700
00370 000015AD
00374 0000647E
00378 0000A13F
0037C 00008C42
00380 000019AA
00384 0000F23A
00388 00001761
0038C 000076AB
00390 0000DE56
00394 0000659E
00398 0000A5E0
0039C 00001BE2
003A0 0000D6D6
003A4 00006CC3
003A8 00007EA1
003AC 0000591D
003B0 00006DCF
003B4 0000E9E0
003B8 0000B5B5
003BC 0000ED26
003C0 0000A144
003C4 000091B0
003C8 0000D428
003CC 00009394
003D0 0000F4DB
003D4 000013A2
003D8 00004CC2
003DC 00003FD2
003E0 00008108
003E4 000050A0
003E8 00003F3C
003EC 0000C3CA
003F0 00007690
003F4 00003690
003F8 00009E88
003FC 0000D191
00400 00002015
00404 00009FA8
00408 000031B7
0040C 00009F20
00410 0000C506
00414 000086E5
00418 00006692
0041C 00000793
00420 0000CC9C
00424 0000191C
00428 00006F66
0042C 00002BC6
00430 0000B4D1
00434 000097A6
00438 000056C6
0043C 000017E5
00440 0000EE44
00444 0000F33E
00448 00003967
0044C 0000012F
00450 0000F9D4
00454 00001998
00458 00005005
0045C 0000B04C
00460 00000F79
00464 0000F93A
00468 0000FA79
0046C 00008C06
00470 00002D24
00474 0000120C
00478 000009E9
0047C 000091B8
00480 00001FC3
00484 00002AFA
00488 000006DE
0048C 0000BF5B
00490 00006D33
00494 00003A23
00498 00000B4C
0049C 0000AF4D
004A0 0000986C
004A4 0000338A
004A8 00000749
004AC 0000F6D4
004B0 0000EE8A
004B4 0000DA32
004B8 0000D036
004BC 00003259
004C0 0000EB53
004C4 00007DD6
004C8 00002595
004CC 00002AF1
004D0 0000CE66
004D4 0000C516
004D8 00003D33
004DC 0000B71D
004E0 0000B6B6
004E4 00009854
004E8 00007B25
004EC 000079F6
004F0 000053E7
004F4 00002048
004F8 0000EEFB
004FC 000042D2
00500 00009F52
00504 00002F82
00508 0000FFDE
0050C 000008AD
00510 00009E56
00514 0000D3F9
00518 00005091
0051C 00004052
00520 000021A1
00524 0000E792
00528 00005A38
0052C 00009908
00530 0000661C
00534 0000F951
00538 000093F0
0053C 00003C03
00540 000096F1
00544 0000ED96
00548 0000604D
0054C 0000B787
00550 000082E4
00554 0000700C
00558 0000F99E
0055C 0000D4B2
00560 0000B311
00564 000061B4
00568 0000E260
0056C 0000EDA7
00570 0000A979
00574 00003341
00578 0000FF99
0057C 0000B2B7
00580 000081F8
00584 00007343
00588 0000C3FB
0058C 000066D8
00590 0000DFCF
00594 00004944
00598 00008433
0059C 000019BA
005A0 0000EC8D
005A4 0000EE83
005A8 00002BD8
005AC 0000E7EF
005B0 000069D8
005B4 0000307C
005B8 00005882
005BC 00002536
005C0 0000BD8D
005C4 0000B17F
005C8 00007EBF
005CC 0000B2BE
005D0 0000D4FA
005D4 00005CD1
005D8 00009445
005DC 0000EE22
005E0 00008F23
005E4 0000E0D9
005E8 0000FAE8
005EC 0000242D
005F0 00001C8F
005F4 00006C51
005F8 00004434
005FC 00009782
00600 0000CB52
00604 000088BF
00608 0000CDF5
0060C 00000760
00610 00001B85
00614 00006C22
00618 0000C6F4
0061C 00004C64
00620 0000ECD4
00624 0000DD3C
00628 0000790B
0062C 0000225F
00630 00008701
00634 00002425
00638 0000181C
0063C 00002FDE
00640 0000A478
00644 0000D68A
00648 00006F92
0064C 0000F2E6
00650 000097EB
00654 000067F7
00658 0000A8C9
0065C 0000810E
00660 00006C3F
00664 00001FFB
00668 00007149
0066C 0000F428
00670 0000D720
00674 000032AA
00678 0000B1F4
0067C 0000200D
00680 00004EFB
00684 0000D4B1
00688 000018CC
0068C 000002F0
00690 0000F0CB
00694 0000E5FF
00698 0000ACC8
0069C 00000147
006A0 0000A7FF
006A4 00009323
006A8 0000E0D0
006AC 0000EC40
006B0 0000616D
006B4 0000D1AE
006B8 0000ED43
006BC 00008B04
006C0 0000E420
006C4 00000300
006C8 000030F5
006CC 0000E4DD
006D0 00002E29
006D4 0000D940
006D8 0000BA99
006DC 0000943F
006E0 00009AE7
006E4 0000F603
006E8 0000A049
006EC 00007067
006F0 000033A7
006F4 00008624
006F8 0000898C
006FC 0000A0C8
00700 00001C0C
00704 00000CF7
00708 00008074
0070C 00009A6A
00710 0000DA94
00714 0000B3EC
00718 00002240
0071C 000022B8
00720 0000D944
00724 000025DF
00728 0000468C
0072C 00004C79
00730 0000DE2F
00734 00007119
00738 0000D5AF
0073C 000039CF
00740 00000055
00744 000085DF
00748 00004BC9
0074C 00008AA7
00750 00005B69
00754 0000D7D1
00758 00004353
0075C 0000A78D
00760 0000D8A4
00764 000085E3
00768 00008B40
0076C 0000AD66
00770 00009FCC
00774 0000983D
00778 00000824
0077C 000065DA
00780 000065F9
00784 00008390
00788 0000F956
0078C 0000FA74
00790 000033E9
00794 0000397B
00798 000010F6
0079C 0000A195
007A0 000088BE
007A4 000074F3
007A8 00005EF6
007AC 0000339C
007B0 00006108
007B4 00008485
007B8 000049C4
007BC 0000CAFC
007C0 00009259
007C4 00002A96
007C8 0000569F
007CC 0000CAAE
007D0 00004EE8
007D4 0000D2F7
007D8 0000083D
007DC 0000EA4B
007E0 00002953
007E4 000039F8
007E8 000075DB
007EC 00004B25
007F0 0000113C
007F4 0000DD6B
007F8 0000663E
007FC 0000E99F
00800 00002E77
00804 00000A2D
00808 00003BBE
0080C 000048E1
00810 00003040
00814 0000E9D5
00818 00007056
0081C 00006B4E
00820 00007BE7
00824 0000713E
00828 00002529
0082C 000031DA
00830 0000BEEC
00834 0000E025
00838 00001DA4
0083C 00004E25
00840 00006995
00844 000048A7
00848 00000AD4
0084C 00003CE2
00850 00004751
00854 00007B85
00858 0000FBA0
0085C 00007EF0
00860 000016C7
00864 000072A2
00868 00007794
0086C 00004314
00870 000011C3
00874 00004AE7
00878 00009428
0087C 0000BA4A
00880 0000C482
00884 0000DB5B
00888 00005810
0088C 0000628F
00890 000009D0
00894 0000C424
00898 0000E2DE
0089C 0000C5F1
008A0 0000F829
008A4 0000FC42
008A8 0000E929
008AC 00006491
008B0 000087A7
008B4 00005DA9
008B8 00004E72
008BC 0000B631
008C0 00008170
008C4 0000679D
008C8 0000DC3E
008CC 0000448C
008D0 000045FE
008D4 00005423
008D8 0000A3AF
008DC 0000B14A
008E0 000002A0
008E4 00003CDC
008E8 0000A42D
008EC 00006E2C
008F0 0000B767
008F4 0000C990
008F8 00001395
008FC 0000BCBD
00900 00007D69
00904 0000851E
00908 00002A10
0090C 0000E755
00910 0000E11C
